<?xml version="1.0" encoding="UTF-8"?>
<testsuites name="5 Sec" time="1177.151" tests="30" failures="17" errors="0">
   <testsuite name="5 Sec" tests="30" failures="17" errors="0" time="1177.151" skipped="0" timestamp="12-09-2024T15:28:49" hostname="Elite66 - DEV66" id="Test Suites/5 Sec">
      <properties>
         <property name="deviceName" value="emulator-5554 (sdk_gphone64_x86_64 - Android 13)"/>
         <property name="devicePlatform" value="Android"/>
         <property name="logFolder" value="C:\\Users\\Elite66\\git\\Space-Visual\\Reports\\20240912_152843\\5 Sec\\20240912_152843"/>
         <property name="logFiles" value="C:\\Users\\Elite66\\git\\Space-Visual\\Reports\\20240912_152843\\5 Sec\\20240912_152843\\appium.log, C:\\Users\\Elite66\\git\\Space-Visual\\Reports\\20240912_152843\\5 Sec\\20240912_152843\\appium_error.log, C:\\Users\\Elite66\\git\\Space-Visual\\Reports\\20240912_152843\\5 Sec\\20240912_152843\\execution0.log"/>
         <property name="attachments" value="C:\\Users\\Elite66\\git\\Space-Visual\\Reports\\20240912_152843\\5 Sec\\20240912_152843\\1726135177481.png, C:\\Users\\Elite66\\git\\Space-Visual\\Reports\\20240912_152843\\5 Sec\\20240912_152843\\1726135178120.png, C:\\Users\\Elite66\\git\\Space-Visual\\Reports\\20240912_152843\\5 Sec\\20240912_152843\\1726135222796.png, C:\\Users\\Elite66\\git\\Space-Visual\\Reports\\20240912_152843\\5 Sec\\20240912_152843\\1726135223289.png, C:\\Users\\Elite66\\git\\Space-Visual\\Reports\\20240912_152843\\5 Sec\\20240912_152843\\1726135272560.png, C:\\Users\\Elite66\\git\\Space-Visual\\Reports\\20240912_152843\\5 Sec\\20240912_152843\\1726135273100.png, C:\\Users\\Elite66\\git\\Space-Visual\\Reports\\20240912_152843\\5 Sec\\20240912_152843\\1726135308217.png, C:\\Users\\Elite66\\git\\Space-Visual\\Reports\\20240912_152843\\5 Sec\\20240912_152843\\1726135308713.png, C:\\Users\\Elite66\\git\\Space-Visual\\Reports\\20240912_152843\\5 Sec\\20240912_152843\\1726135343360.png, C:\\Users\\Elite66\\git\\Space-Visual\\Reports\\20240912_152843\\5 Sec\\20240912_152843\\1726135343708.png, C:\\Users\\Elite66\\git\\Space-Visual\\Reports\\20240912_152843\\5 Sec\\20240912_152843\\1726135377127.png, C:\\Users\\Elite66\\git\\Space-Visual\\Reports\\20240912_152843\\5 Sec\\20240912_152843\\1726135377616.png, C:\\Users\\Elite66\\git\\Space-Visual\\Reports\\20240912_152843\\5 Sec\\20240912_152843\\1726135438070.png, C:\\Users\\Elite66\\git\\Space-Visual\\Reports\\20240912_152843\\5 Sec\\20240912_152843\\1726135438592.png, C:\\Users\\Elite66\\git\\Space-Visual\\Reports\\20240912_152843\\5 Sec\\20240912_152843\\1726135614796.png, C:\\Users\\Elite66\\git\\Space-Visual\\Reports\\20240912_152843\\5 Sec\\20240912_152843\\1726135615198.png, C:\\Users\\Elite66\\git\\Space-Visual\\Reports\\20240912_152843\\5 Sec\\20240912_152843\\1726135811401.png, C:\\Users\\Elite66\\git\\Space-Visual\\Reports\\20240912_152843\\5 Sec\\20240912_152843\\1726135811830.png, C:\\Users\\Elite66\\git\\Space-Visual\\Reports\\20240912_152843\\5 Sec\\20240912_152843\\1726135887270.png, C:\\Users\\Elite66\\git\\Space-Visual\\Reports\\20240912_152843\\5 Sec\\20240912_152843\\1726135887793.png, C:\\Users\\Elite66\\git\\Space-Visual\\Reports\\20240912_152843\\5 Sec\\20240912_152843\\1726135927925.png, C:\\Users\\Elite66\\git\\Space-Visual\\Reports\\20240912_152843\\5 Sec\\20240912_152843\\1726135928403.png, C:\\Users\\Elite66\\git\\Space-Visual\\Reports\\20240912_152843\\5 Sec\\20240912_152843\\1726136046246.png, C:\\Users\\Elite66\\git\\Space-Visual\\Reports\\20240912_152843\\5 Sec\\20240912_152843\\1726136046758.png, C:\\Users\\Elite66\\git\\Space-Visual\\Reports\\20240912_152843\\5 Sec\\20240912_152843\\1726136088562.png, C:\\Users\\Elite66\\git\\Space-Visual\\Reports\\20240912_152843\\5 Sec\\20240912_152843\\1726136089111.png, C:\\Users\\Elite66\\git\\Space-Visual\\Reports\\20240912_152843\\5 Sec\\20240912_152843\\1726136129423.png, C:\\Users\\Elite66\\git\\Space-Visual\\Reports\\20240912_152843\\5 Sec\\20240912_152843\\1726136129794.png, C:\\Users\\Elite66\\git\\Space-Visual\\Reports\\20240912_152843\\5 Sec\\20240912_152843\\1726136171255.png, C:\\Users\\Elite66\\git\\Space-Visual\\Reports\\20240912_152843\\5 Sec\\20240912_152843\\1726136171773.png, C:\\Users\\Elite66\\git\\Space-Visual\\Reports\\20240912_152843\\5 Sec\\20240912_152843\\1726136214092.png, C:\\Users\\Elite66\\git\\Space-Visual\\Reports\\20240912_152843\\5 Sec\\20240912_152843\\1726136214458.png, C:\\Users\\Elite66\\git\\Space-Visual\\Reports\\20240912_152843\\5 Sec\\20240912_152843\\1726136258930.png, C:\\Users\\Elite66\\git\\Space-Visual\\Reports\\20240912_152843\\5 Sec\\20240912_152843\\1726136259302.png"/>
         <property name="hostName" value="Elite66 - DEV66"/>
         <property name="os" value="Windows 11 64bit"/>
         <property name="appiumServerStatus" value="{&quot;value&quot;:{&quot;build&quot;:{&quot;version&quot;:&quot;1.22.3&quot;}},&quot;sessionId&quot;:null,&quot;status&quot;:0}"/>
         <property name="katalonVersion" value="9.6.0.217"/>
         <property name="deviceOS" value="Android"/>
         <property name="appiumVersion" value="1.22.3"/>
         <property name="deviceModel" value="sdk_gphone64_x86_64"/>
         <property name="hostAddress" value="192.168.157.29"/>
         <property name="deviceManufacturer" value="Google"/>
         <property name="deviceId" value="emulator-5554"/>
         <property name="deviceName" value="emulator-5554 (sdk_gphone64_x86_64 - Android 13)"/>
         <property name="deviceOSVersion" value="13"/>
      </properties>
      <testcase name="Test Cases/Ledger Report/View Ledger Commodity 2024-25" time="49.241" classname="Test Cases/Ledger Report/View Ledger Commodity 2024-25" status="FAILED">
         <failure type="FAILED" message="Test Cases/Ledger Report/View Ledger Commodity 2024-25 FAILED.&#xa;Reason:&#xa;com.kms.katalon.core.exception.StepFailedException: Failed to get text from element&#xa;	at com.kms.katalon.core.mobile.keyword.internal.MobileKeywordMain.stepFailed(MobileKeywordMain.groovy:38)&#xa;	at com.kms.katalon.core.mobile.keyword.internal.MobileKeywordMain.runKeyword(MobileKeywordMain.groovy:21)&#xa;	at com.kms.katalon.core.mobile.keyword.builtin.GetTextKeyword.getText(GetTextKeyword.groovy:51)&#xa;	at com.kms.katalon.core.mobile.keyword.builtin.GetTextKeyword.execute(GetTextKeyword.groovy:35)&#xa;	at com.kms.katalon.core.keyword.internal.KeywordExecutor.executeKeywordForPlatform(KeywordExecutor.groovy:74)&#xa;	at com.kms.katalon.core.mobile.keyword.MobileBuiltInKeywords.getText(MobileBuiltInKeywords.groovy:1274)&#xa;	at View Ledger Commodity 2024-25.run(View Ledger Commodity 2024-25:37)&#xa;	at com.kms.katalon.core.main.ScriptEngine.run(ScriptEngine.java:194)&#xa;	at com.kms.katalon.core.main.ScriptEngine.runScriptAsRawText(ScriptEngine.java:119)&#xa;	at com.kms.katalon.core.main.TestCaseExecutor.runScript(TestCaseExecutor.java:448)&#xa;	at com.kms.katalon.core.main.TestCaseExecutor.doExecute(TestCaseExecutor.java:439)&#xa;	at com.kms.katalon.core.main.TestCaseExecutor.processExecutionPhase(TestCaseExecutor.java:418)&#xa;	at com.kms.katalon.core.main.TestCaseExecutor.accessMainPhase(TestCaseExecutor.java:410)&#xa;	at com.kms.katalon.core.main.TestCaseExecutor.execute(TestCaseExecutor.java:285)&#xa;	at com.kms.katalon.core.common.CommonExecutor.accessTestCaseMainPhase(CommonExecutor.java:65)&#xa;	at com.kms.katalon.core.main.TestSuiteExecutor.accessTestSuiteMainPhase(TestSuiteExecutor.java:150)&#xa;	at com.kms.katalon.core.main.TestSuiteExecutor.execute(TestSuiteExecutor.java:106)&#xa;	at com.kms.katalon.core.main.TestCaseMain.startTestSuite(TestCaseMain.java:180)&#xa;	at TempTestSuite1726135123204.run(TempTestSuite1726135123204.groovy:35)&#xa;	at java.base/jdk.internal.reflect.NativeMethodAccessorImpl.invoke0(Native Method)&#xa;	at java.base/jdk.internal.reflect.NativeMethodAccessorImpl.invoke(NativeMethodAccessorImpl.java:77)&#xa;	at java.base/jdk.internal.reflect.DelegatingMethodAccessorImpl.invoke(DelegatingMethodAccessorImpl.java:43)&#xa;Caused by: com.kms.katalon.core.exception.StepFailedException: Object Object Repository/LoginRepo/Wait-Element Identify not found&#xa;	at com.kms.katalon.core.mobile.keyword.internal.MobileKeywordMain.stepFailed(MobileKeywordMain.groovy:38)&#xa;	at com.kms.katalon.core.mobile.keyword.builtin.GetTextKeyword$_getText_closure1.doCall(GetTextKeyword.groovy:45)&#xa;	at com.kms.katalon.core.mobile.keyword.builtin.GetTextKeyword$_getText_closure1.call(GetTextKeyword.groovy)&#xa;	at com.kms.katalon.core.mobile.keyword.internal.MobileKeywordMain.runKeyword(MobileKeywordMain.groovy:19)&#xa;	... 20 more&#xa;"/>
         <system-out><![CDATA[12-09-2024T15:28:49 - [TEST_CASE][FAILED] - Test Cases/Ledger Report/View Ledger Commodity 2024-25: Test Cases/Ledger Report/View Ledger Commodity 2024-25 FAILED.
Reason:
com.kms.katalon.core.exception.StepFailedException: Failed to get text from element
	at com.kms.katalon.core.mobile.keyword.internal.MobileKeywordMain.stepFailed(MobileKeywordMain.groovy:38)
	at com.kms.katalon.core.mobile.keyword.internal.MobileKeywordMain.runKeyword(MobileKeywordMain.groovy:21)
	at com.kms.katalon.core.mobile.keyword.builtin.GetTextKeyword.getText(GetTextKeyword.groovy:51)
	at com.kms.katalon.core.mobile.keyword.builtin.GetTextKeyword.execute(GetTextKeyword.groovy:35)
	at com.kms.katalon.core.keyword.internal.KeywordExecutor.executeKeywordForPlatform(KeywordExecutor.groovy:74)
	at com.kms.katalon.core.mobile.keyword.MobileBuiltInKeywords.getText(MobileBuiltInKeywords.groovy:1274)
	at View Ledger Commodity 2024-25.run(View Ledger Commodity 2024-25:37)
	at com.kms.katalon.core.main.ScriptEngine.run(ScriptEngine.java:194)
	at com.kms.katalon.core.main.ScriptEngine.runScriptAsRawText(ScriptEngine.java:119)
	at com.kms.katalon.core.main.TestCaseExecutor.runScript(TestCaseExecutor.java:448)
	at com.kms.katalon.core.main.TestCaseExecutor.doExecute(TestCaseExecutor.java:439)
	at com.kms.katalon.core.main.TestCaseExecutor.processExecutionPhase(TestCaseExecutor.java:418)
	at com.kms.katalon.core.main.TestCaseExecutor.accessMainPhase(TestCaseExecutor.java:410)
	at com.kms.katalon.core.main.TestCaseExecutor.execute(TestCaseExecutor.java:285)
	at com.kms.katalon.core.common.CommonExecutor.accessTestCaseMainPhase(CommonExecutor.java:65)
	at com.kms.katalon.core.main.TestSuiteExecutor.accessTestSuiteMainPhase(TestSuiteExecutor.java:150)
	at com.kms.katalon.core.main.TestSuiteExecutor.execute(TestSuiteExecutor.java:106)
	at com.kms.katalon.core.main.TestCaseMain.startTestSuite(TestCaseMain.java:180)
	at TempTestSuite1726135123204.run(TempTestSuite1726135123204.groovy:35)
	at java.base/jdk.internal.reflect.NativeMethodAccessorImpl.invoke0(Native Method)
	at java.base/jdk.internal.reflect.NativeMethodAccessorImpl.invoke(NativeMethodAccessorImpl.java:77)
	at java.base/jdk.internal.reflect.DelegatingMethodAccessorImpl.invoke(DelegatingMethodAccessorImpl.java:43)
Caused by: com.kms.katalon.core.exception.StepFailedException: Object Object Repository/LoginRepo/Wait-Element Identify not found
	at com.kms.katalon.core.mobile.keyword.internal.MobileKeywordMain.stepFailed(MobileKeywordMain.groovy:38)
	at com.kms.katalon.core.mobile.keyword.builtin.GetTextKeyword$_getText_closure1.doCall(GetTextKeyword.groovy:45)
	at com.kms.katalon.core.mobile.keyword.builtin.GetTextKeyword$_getText_closure1.call(GetTextKeyword.groovy)
	at com.kms.katalon.core.mobile.keyword.internal.MobileKeywordMain.runKeyword(MobileKeywordMain.groovy:19)
	... 20 more


12-09-2024T15:28:49 - [TEST_STEP][PASSED] - callTestCase(findTestCase("Test Cases/Login/Login"), null, STOP_ON_FAILURE): Call Test Case 'Test Cases/Login/Login' successfully

12-09-2024T15:28:49 - [TEST_CASE][PASSED] - Test Cases/Login/Login: Test Cases/Login/Login

12-09-2024T15:28:49 - [TEST_STEP][PASSED] - projectDir = getProjectDir(): null

12-09-2024T15:28:49 - [TEST_STEP][PASSED] - startApplication(projectDir + "/SpaceApp/SpaceApp_1.0.34.55_LIVE.apk", true): Started application: 'C:\Users\Elite66\git\Space-Visual\SpaceApp\SpaceApp_1.0.34.55_LIVE.apk'

12-09-2024T15:28:49 - [MESSAGE][INFO] - Starting application: 'C:\Users\Elite66\git\Space-Visual\SpaceApp\SpaceApp_1.0.34.55_LIVE.apk'

12-09-2024T15:28:49 - [MESSAGE][INFO] - Detected NodeJS location: "C:\Program Files\nodejs\node.exe"

12-09-2024T15:28:55 - [MESSAGE][INFO] - PATH: C:\Program Files\nodejs;

12-09-2024T15:28:55 - [MESSAGE][INFO] - APPIUM_HOME: C:\Users\Elite66\AppData\Roaming\npm\node_modules\appium\build\lib\main.js

12-09-2024T15:28:55 - [MESSAGE][INFO] - appium outlog: C:\Users\Elite66\git\Space-Visual\Reports\20240912_152843\5 Sec\20240912_152843\appium.log

12-09-2024T15:28:55 - [MESSAGE][INFO] - appium errlog: C:\Users\Elite66\git\Space-Visual\Reports\20240912_152843\5 Sec\20240912_152843\appium_error.log

12-09-2024T15:28:56 - [MESSAGE][INFO] - Appium server started on port 60,535

12-09-2024T15:29:08 - [MESSAGE][PASSED] - Started application: 'C:\Users\Elite66\git\Space-Visual\SpaceApp\SpaceApp_1.0.34.55_LIVE.apk'

12-09-2024T15:29:08 - [TEST_STEP][PASSED] - delay(5): Delayed 5 second(s)

12-09-2024T15:29:13 - [MESSAGE][PASSED] - Delayed 5 second(s)

12-09-2024T15:29:13 - [TEST_STEP][PASSED] - tap(findTestObject("Object Repository/LoginRepo/click button"), 0): Tapped on element 'Object Repository/LoginRepo/click button'

12-09-2024T15:29:13 - [MESSAGE][WARNING] - Timeout '0' is invalid. Using default page load timeout: '5'

12-09-2024T15:29:14 - [MESSAGE][PASSED] - Tapped on element 'Object Repository/LoginRepo/click button'

12-09-2024T15:29:14 - [TEST_STEP][PASSED] - setText(findTestObject("Object Repository/LoginRepo/Enter id"), "m3903", 0): Text 'm3903' has been set to element 'Object Repository/LoginRepo/Enter id'

12-09-2024T15:29:14 - [MESSAGE][WARNING] - Timeout '0' is invalid. Using default page load timeout: '5'

12-09-2024T15:29:16 - [MESSAGE][PASSED] - Text 'm3903' has been set to element 'Object Repository/LoginRepo/Enter id'

12-09-2024T15:29:16 - [TEST_STEP][PASSED] - setText(findTestObject("Object Repository/LoginRepo/Enter pass"), "Nirav@789", 0): Text 'Nirav@789' has been set to element 'Object Repository/LoginRepo/Enter pass'

12-09-2024T15:29:16 - [MESSAGE][WARNING] - Timeout '0' is invalid. Using default page load timeout: '5'

12-09-2024T15:29:17 - [MESSAGE][PASSED] - Text 'Nirav@789' has been set to element 'Object Repository/LoginRepo/Enter pass'

12-09-2024T15:29:17 - [TEST_STEP][PASSED] - tap(findTestObject("Object Repository/LoginRepo/click login"), 0): Tapped on element 'Object Repository/LoginRepo/click login'

12-09-2024T15:29:17 - [MESSAGE][WARNING] - Timeout '0' is invalid. Using default page load timeout: '5'

12-09-2024T15:29:19 - [MESSAGE][PASSED] - Tapped on element 'Object Repository/LoginRepo/click login'

12-09-2024T15:29:19 - [TEST_STEP][PASSED] - tap(findTestObject("Object Repository/LoginRepo/Enter Pin"), 0): Tapped on element 'Object Repository/LoginRepo/Enter Pin'

12-09-2024T15:29:19 - [MESSAGE][WARNING] - Timeout '0' is invalid. Using default page load timeout: '5'

12-09-2024T15:29:19 - [MESSAGE][PASSED] - Tapped on element 'Object Repository/LoginRepo/Enter Pin'

12-09-2024T15:29:19 - [TEST_STEP][PASSED] - setText(findTestObject("Object Repository/LoginRepo/Enter Pin"), "1234", 0): Text '1234' has been set to element 'Object Repository/LoginRepo/Enter Pin'

12-09-2024T15:29:19 - [MESSAGE][WARNING] - Timeout '0' is invalid. Using default page load timeout: '5'

12-09-2024T15:29:22 - [MESSAGE][PASSED] - Text '1234' has been set to element 'Object Repository/LoginRepo/Enter Pin'

12-09-2024T15:29:22 - [MESSAGE][PASSED] - Call Test Case 'Test Cases/Login/Login' successfully

12-09-2024T15:29:22 - [TEST_STEP][PASSED] - tap(findTestObject("Object Repository/LoginRepo/Report Click"), 0): Tapped on element 'Object Repository/LoginRepo/Report Click'

12-09-2024T15:29:22 - [MESSAGE][WARNING] - Timeout '0' is invalid. Using default page load timeout: '5'

12-09-2024T15:29:23 - [MESSAGE][PASSED] - Tapped on element 'Object Repository/LoginRepo/Report Click'

12-09-2024T15:29:23 - [TEST_STEP][PASSED] - tap(findTestObject("Object Repository/LoginRepo/Ledger Click"), 0, CONTINUE_ON_FAILURE): Tapped on element 'Object Repository/LoginRepo/Ledger Click'

12-09-2024T15:29:23 - [MESSAGE][WARNING] - Timeout '0' is invalid. Using default page load timeout: '5'

12-09-2024T15:29:25 - [MESSAGE][PASSED] - Tapped on element 'Object Repository/LoginRepo/Ledger Click'

12-09-2024T15:29:25 - [TEST_STEP][PASSED] - tap(findTestObject("Object Repository/LoginRepo/Segment Click"), 0): Tapped on element 'Object Repository/LoginRepo/Segment Click'

12-09-2024T15:29:25 - [MESSAGE][WARNING] - Timeout '0' is invalid. Using default page load timeout: '5'

12-09-2024T15:29:25 - [MESSAGE][PASSED] - Tapped on element 'Object Repository/LoginRepo/Segment Click'

12-09-2024T15:29:25 - [TEST_STEP][PASSED] - tap(findTestObject("Object Repository/LoginRepo/Commodity Report"), 0): Tapped on element 'Object Repository/LoginRepo/Commodity Report'

12-09-2024T15:29:25 - [MESSAGE][WARNING] - Timeout '0' is invalid. Using default page load timeout: '5'

12-09-2024T15:29:27 - [MESSAGE][PASSED] - Tapped on element 'Object Repository/LoginRepo/Commodity Report'

12-09-2024T15:29:27 - [TEST_STEP][PASSED] - tap(findTestObject("Object Repository/LoginRepo/View Ledger"), 0, CONTINUE_ON_FAILURE): Tapped on element 'Object Repository/LoginRepo/View Ledger'

12-09-2024T15:29:27 - [MESSAGE][WARNING] - Timeout '0' is invalid. Using default page load timeout: '5'

12-09-2024T15:29:28 - [MESSAGE][PASSED] - Tapped on element 'Object Repository/LoginRepo/View Ledger'

12-09-2024T15:29:28 - [TEST_STEP][PASSED] - getText(findTestObject("Object Repository/LoginRepo/Wait-Element Identify"), 0): Text of element 'Object Repository/LoginRepo/Wait-Element Identify' is: ''

12-09-2024T15:29:28 - [MESSAGE][WARNING] - Timeout '0' is invalid. Using default page load timeout: '5'

12-09-2024T15:29:31 - [MESSAGE][PASSED] - Text of element 'Object Repository/LoginRepo/Wait-Element Identify' is: ''

12-09-2024T15:29:31 - [TEST_STEP][PASSED] - tap(findTestObject("Object Repository/LoginRepo/Ledger-7days"), 0, CONTINUE_ON_FAILURE): Tapped on element 'Object Repository/LoginRepo/Ledger-7days'

12-09-2024T15:29:31 - [MESSAGE][WARNING] - Timeout '0' is invalid. Using default page load timeout: '5'

12-09-2024T15:29:32 - [MESSAGE][PASSED] - Tapped on element 'Object Repository/LoginRepo/Ledger-7days'

12-09-2024T15:29:32 - [TEST_STEP][FAILED] - getText(findTestObject("Object Repository/LoginRepo/Wait-Element Identify"), 0): Failed to get text from element (Root cause: com.kms.katalon.core.exception.StepFailedException: Failed to get text from element
	at com.kms.katalon.core.mobile.keyword.internal.MobileKeywordMain.stepFailed(MobileKeywordMain.groovy:38)
	at com.kms.katalon.core.mobile.keyword.internal.MobileKeywordMain.runKeyword(MobileKeywordMain.groovy:21)
	at com.kms.katalon.core.mobile.keyword.builtin.GetTextKeyword.getText(GetTextKeyword.groovy:51)
	at com.kms.katalon.core.mobile.keyword.builtin.GetTextKeyword.execute(GetTextKeyword.groovy:35)
	at com.kms.katalon.core.keyword.internal.KeywordExecutor.executeKeywordForPlatform(KeywordExecutor.groovy:74)
	at com.kms.katalon.core.mobile.keyword.MobileBuiltInKeywords.getText(MobileBuiltInKeywords.groovy:1274)
	at View Ledger Commodity 2024-25.run(View Ledger Commodity 2024-25:37)
	at com.kms.katalon.core.main.ScriptEngine.run(ScriptEngine.java:194)
	at com.kms.katalon.core.main.ScriptEngine.runScriptAsRawText(ScriptEngine.java:119)
	at com.kms.katalon.core.main.TestCaseExecutor.runScript(TestCaseExecutor.java:448)
	at com.kms.katalon.core.main.TestCaseExecutor.doExecute(TestCaseExecutor.java:439)
	at com.kms.katalon.core.main.TestCaseExecutor.processExecutionPhase(TestCaseExecutor.java:418)
	at com.kms.katalon.core.main.TestCaseExecutor.accessMainPhase(TestCaseExecutor.java:410)
	at com.kms.katalon.core.main.TestCaseExecutor.execute(TestCaseExecutor.java:285)
	at com.kms.katalon.core.common.CommonExecutor.accessTestCaseMainPhase(CommonExecutor.java:65)
	at com.kms.katalon.core.main.TestSuiteExecutor.accessTestSuiteMainPhase(TestSuiteExecutor.java:150)
	at com.kms.katalon.core.main.TestSuiteExecutor.execute(TestSuiteExecutor.java:106)
	at com.kms.katalon.core.main.TestCaseMain.startTestSuite(TestCaseMain.java:180)
	at TempTestSuite1726135123204.run(TempTestSuite1726135123204.groovy:35)
	at java.base/jdk.internal.reflect.NativeMethodAccessorImpl.invoke0(Native Method)
	at java.base/jdk.internal.reflect.NativeMethodAccessorImpl.invoke(NativeMethodAccessorImpl.java:77)
	at java.base/jdk.internal.reflect.DelegatingMethodAccessorImpl.invoke(DelegatingMethodAccessorImpl.java:43)
Caused by: com.kms.katalon.core.exception.StepFailedException: Object Object Repository/LoginRepo/Wait-Element Identify not found
	at com.kms.katalon.core.mobile.keyword.internal.MobileKeywordMain.stepFailed(MobileKeywordMain.groovy:38)
	at com.kms.katalon.core.mobile.keyword.builtin.GetTextKeyword$_getText_closure1.doCall(GetTextKeyword.groovy:45)
	at com.kms.katalon.core.mobile.keyword.builtin.GetTextKeyword$_getText_closure1.call(GetTextKeyword.groovy)
	at com.kms.katalon.core.mobile.keyword.internal.MobileKeywordMain.runKeyword(MobileKeywordMain.groovy:19)
	... 20 more
)

12-09-2024T15:29:32 - [MESSAGE][WARNING] - Timeout '0' is invalid. Using default page load timeout: '5'

12-09-2024T15:29:38 - [MESSAGE][FAILED] - Object Object Repository/LoginRepo/Wait-Element Identify not found (Root cause: com.kms.katalon.core.exception.StepFailedException: Object Object Repository/LoginRepo/Wait-Element Identify not found
	at com.kms.katalon.core.mobile.keyword.internal.MobileKeywordMain.stepFailed(MobileKeywordMain.groovy:38)
	at com.kms.katalon.core.mobile.keyword.builtin.GetTextKeyword$_getText_closure1.doCall(GetTextKeyword.groovy:45)
	at com.kms.katalon.core.mobile.keyword.builtin.GetTextKeyword$_getText_closure1.call(GetTextKeyword.groovy)
	at com.kms.katalon.core.mobile.keyword.internal.MobileKeywordMain.runKeyword(MobileKeywordMain.groovy:19)
	at com.kms.katalon.core.mobile.keyword.builtin.GetTextKeyword.getText(GetTextKeyword.groovy:51)
	at com.kms.katalon.core.mobile.keyword.builtin.GetTextKeyword.execute(GetTextKeyword.groovy:35)
	at com.kms.katalon.core.keyword.internal.KeywordExecutor.executeKeywordForPlatform(KeywordExecutor.groovy:74)
	at com.kms.katalon.core.mobile.keyword.MobileBuiltInKeywords.getText(MobileBuiltInKeywords.groovy:1274)
	at View Ledger Commodity 2024-25.run(View Ledger Commodity 2024-25:37)
	at com.kms.katalon.core.main.ScriptEngine.run(ScriptEngine.java:194)
	at com.kms.katalon.core.main.ScriptEngine.runScriptAsRawText(ScriptEngine.java:119)
	at com.kms.katalon.core.main.TestCaseExecutor.runScript(TestCaseExecutor.java:448)
	at com.kms.katalon.core.main.TestCaseExecutor.doExecute(TestCaseExecutor.java:439)
	at com.kms.katalon.core.main.TestCaseExecutor.processExecutionPhase(TestCaseExecutor.java:418)
	at com.kms.katalon.core.main.TestCaseExecutor.accessMainPhase(TestCaseExecutor.java:410)
	at com.kms.katalon.core.main.TestCaseExecutor.execute(TestCaseExecutor.java:285)
	at com.kms.katalon.core.common.CommonExecutor.accessTestCaseMainPhase(CommonExecutor.java:65)
	at com.kms.katalon.core.main.TestSuiteExecutor.accessTestSuiteMainPhase(TestSuiteExecutor.java:150)
	at com.kms.katalon.core.main.TestSuiteExecutor.execute(TestSuiteExecutor.java:106)
	at com.kms.katalon.core.main.TestCaseMain.startTestSuite(TestCaseMain.java:180)
	at TempTestSuite1726135123204.run(TempTestSuite1726135123204.groovy:35)
	at java.base/jdk.internal.reflect.NativeMethodAccessorImpl.invoke0(Native Method)
	at java.base/jdk.internal.reflect.NativeMethodAccessorImpl.invoke(NativeMethodAccessorImpl.java:77)
	at java.base/jdk.internal.reflect.DelegatingMethodAccessorImpl.invoke(DelegatingMethodAccessorImpl.java:43)
)
[[ATTACHMENT|C:\\Users\\Elite66\\git\\Space-Visual\\Reports\\20240912_152843\\5 Sec\\20240912_152843\\1726135177481.png]]

12-09-2024T15:29:38 - [MESSAGE][FAILED] - Failed to get text from element (Root cause: com.kms.katalon.core.exception.StepFailedException: Failed to get text from element
	at com.kms.katalon.core.mobile.keyword.internal.MobileKeywordMain.stepFailed(MobileKeywordMain.groovy:38)
	at com.kms.katalon.core.mobile.keyword.internal.MobileKeywordMain.runKeyword(MobileKeywordMain.groovy:21)
	at com.kms.katalon.core.mobile.keyword.builtin.GetTextKeyword.getText(GetTextKeyword.groovy:51)
	at com.kms.katalon.core.mobile.keyword.builtin.GetTextKeyword.execute(GetTextKeyword.groovy:35)
	at com.kms.katalon.core.keyword.internal.KeywordExecutor.executeKeywordForPlatform(KeywordExecutor.groovy:74)
	at com.kms.katalon.core.mobile.keyword.MobileBuiltInKeywords.getText(MobileBuiltInKeywords.groovy:1274)
	at View Ledger Commodity 2024-25.run(View Ledger Commodity 2024-25:37)
	at com.kms.katalon.core.main.ScriptEngine.run(ScriptEngine.java:194)
	at com.kms.katalon.core.main.ScriptEngine.runScriptAsRawText(ScriptEngine.java:119)
	at com.kms.katalon.core.main.TestCaseExecutor.runScript(TestCaseExecutor.java:448)
	at com.kms.katalon.core.main.TestCaseExecutor.doExecute(TestCaseExecutor.java:439)
	at com.kms.katalon.core.main.TestCaseExecutor.processExecutionPhase(TestCaseExecutor.java:418)
	at com.kms.katalon.core.main.TestCaseExecutor.accessMainPhase(TestCaseExecutor.java:410)
	at com.kms.katalon.core.main.TestCaseExecutor.execute(TestCaseExecutor.java:285)
	at com.kms.katalon.core.common.CommonExecutor.accessTestCaseMainPhase(CommonExecutor.java:65)
	at com.kms.katalon.core.main.TestSuiteExecutor.accessTestSuiteMainPhase(TestSuiteExecutor.java:150)
	at com.kms.katalon.core.main.TestSuiteExecutor.execute(TestSuiteExecutor.java:106)
	at com.kms.katalon.core.main.TestCaseMain.startTestSuite(TestCaseMain.java:180)
	at TempTestSuite1726135123204.run(TempTestSuite1726135123204.groovy:35)
	at java.base/jdk.internal.reflect.NativeMethodAccessorImpl.invoke0(Native Method)
	at java.base/jdk.internal.reflect.NativeMethodAccessorImpl.invoke(NativeMethodAccessorImpl.java:77)
	at java.base/jdk.internal.reflect.DelegatingMethodAccessorImpl.invoke(DelegatingMethodAccessorImpl.java:43)
Caused by: com.kms.katalon.core.exception.StepFailedException: Object Object Repository/LoginRepo/Wait-Element Identify not found
	at com.kms.katalon.core.mobile.keyword.internal.MobileKeywordMain.stepFailed(MobileKeywordMain.groovy:38)
	at com.kms.katalon.core.mobile.keyword.builtin.GetTextKeyword$_getText_closure1.doCall(GetTextKeyword.groovy:45)
	at com.kms.katalon.core.mobile.keyword.builtin.GetTextKeyword$_getText_closure1.call(GetTextKeyword.groovy)
	at com.kms.katalon.core.mobile.keyword.internal.MobileKeywordMain.runKeyword(MobileKeywordMain.groovy:19)
	... 20 more
)
[[ATTACHMENT|C:\\Users\\Elite66\\git\\Space-Visual\\Reports\\20240912_152843\\5 Sec\\20240912_152843\\1726135178120.png]]]]></system-out>
         <system-err><![CDATA[12-09-2024T15:28:49 - [TEST_CASE][FAILED] - Test Cases/Ledger Report/View Ledger Commodity 2024-25: Test Cases/Ledger Report/View Ledger Commodity 2024-25 FAILED.
Reason:
com.kms.katalon.core.exception.StepFailedException: Failed to get text from element
	at com.kms.katalon.core.mobile.keyword.internal.MobileKeywordMain.stepFailed(MobileKeywordMain.groovy:38)
	at com.kms.katalon.core.mobile.keyword.internal.MobileKeywordMain.runKeyword(MobileKeywordMain.groovy:21)
	at com.kms.katalon.core.mobile.keyword.builtin.GetTextKeyword.getText(GetTextKeyword.groovy:51)
	at com.kms.katalon.core.mobile.keyword.builtin.GetTextKeyword.execute(GetTextKeyword.groovy:35)
	at com.kms.katalon.core.keyword.internal.KeywordExecutor.executeKeywordForPlatform(KeywordExecutor.groovy:74)
	at com.kms.katalon.core.mobile.keyword.MobileBuiltInKeywords.getText(MobileBuiltInKeywords.groovy:1274)
	at View Ledger Commodity 2024-25.run(View Ledger Commodity 2024-25:37)
	at com.kms.katalon.core.main.ScriptEngine.run(ScriptEngine.java:194)
	at com.kms.katalon.core.main.ScriptEngine.runScriptAsRawText(ScriptEngine.java:119)
	at com.kms.katalon.core.main.TestCaseExecutor.runScript(TestCaseExecutor.java:448)
	at com.kms.katalon.core.main.TestCaseExecutor.doExecute(TestCaseExecutor.java:439)
	at com.kms.katalon.core.main.TestCaseExecutor.processExecutionPhase(TestCaseExecutor.java:418)
	at com.kms.katalon.core.main.TestCaseExecutor.accessMainPhase(TestCaseExecutor.java:410)
	at com.kms.katalon.core.main.TestCaseExecutor.execute(TestCaseExecutor.java:285)
	at com.kms.katalon.core.common.CommonExecutor.accessTestCaseMainPhase(CommonExecutor.java:65)
	at com.kms.katalon.core.main.TestSuiteExecutor.accessTestSuiteMainPhase(TestSuiteExecutor.java:150)
	at com.kms.katalon.core.main.TestSuiteExecutor.execute(TestSuiteExecutor.java:106)
	at com.kms.katalon.core.main.TestCaseMain.startTestSuite(TestCaseMain.java:180)
	at TempTestSuite1726135123204.run(TempTestSuite1726135123204.groovy:35)
	at java.base/jdk.internal.reflect.NativeMethodAccessorImpl.invoke0(Native Method)
	at java.base/jdk.internal.reflect.NativeMethodAccessorImpl.invoke(NativeMethodAccessorImpl.java:77)
	at java.base/jdk.internal.reflect.DelegatingMethodAccessorImpl.invoke(DelegatingMethodAccessorImpl.java:43)
Caused by: com.kms.katalon.core.exception.StepFailedException: Object Object Repository/LoginRepo/Wait-Element Identify not found
	at com.kms.katalon.core.mobile.keyword.internal.MobileKeywordMain.stepFailed(MobileKeywordMain.groovy:38)
	at com.kms.katalon.core.mobile.keyword.builtin.GetTextKeyword$_getText_closure1.doCall(GetTextKeyword.groovy:45)
	at com.kms.katalon.core.mobile.keyword.builtin.GetTextKeyword$_getText_closure1.call(GetTextKeyword.groovy)
	at com.kms.katalon.core.mobile.keyword.internal.MobileKeywordMain.runKeyword(MobileKeywordMain.groovy:19)
	... 20 more]]></system-err>
      </testcase>
      <testcase name="Test Cases/Ledger Report/View Ledger Currency 2024-25" time="45.153" classname="Test Cases/Ledger Report/View Ledger Currency 2024-25" status="FAILED">
         <failure type="FAILED" message="Test Cases/Ledger Report/View Ledger Currency 2024-25 FAILED.&#xa;Reason:&#xa;com.kms.katalon.core.exception.StepFailedException: Failed to get text from element&#xa;	at com.kms.katalon.core.mobile.keyword.internal.MobileKeywordMain.stepFailed(MobileKeywordMain.groovy:38)&#xa;	at com.kms.katalon.core.mobile.keyword.internal.MobileKeywordMain.runKeyword(MobileKeywordMain.groovy:21)&#xa;	at com.kms.katalon.core.mobile.keyword.builtin.GetTextKeyword.getText(GetTextKeyword.groovy:51)&#xa;	at com.kms.katalon.core.mobile.keyword.builtin.GetTextKeyword.execute(GetTextKeyword.groovy:35)&#xa;	at com.kms.katalon.core.keyword.internal.KeywordExecutor.executeKeywordForPlatform(KeywordExecutor.groovy:74)&#xa;	at com.kms.katalon.core.mobile.keyword.MobileBuiltInKeywords.getText(MobileBuiltInKeywords.groovy:1274)&#xa;	at View Ledger Currency 2024-25.run(View Ledger Currency 2024-25:37)&#xa;	at com.kms.katalon.core.main.ScriptEngine.run(ScriptEngine.java:194)&#xa;	at com.kms.katalon.core.main.ScriptEngine.runScriptAsRawText(ScriptEngine.java:119)&#xa;	at com.kms.katalon.core.main.TestCaseExecutor.runScript(TestCaseExecutor.java:448)&#xa;	at com.kms.katalon.core.main.TestCaseExecutor.doExecute(TestCaseExecutor.java:439)&#xa;	at com.kms.katalon.core.main.TestCaseExecutor.processExecutionPhase(TestCaseExecutor.java:418)&#xa;	at com.kms.katalon.core.main.TestCaseExecutor.accessMainPhase(TestCaseExecutor.java:410)&#xa;	at com.kms.katalon.core.main.TestCaseExecutor.execute(TestCaseExecutor.java:285)&#xa;	at com.kms.katalon.core.common.CommonExecutor.accessTestCaseMainPhase(CommonExecutor.java:65)&#xa;	at com.kms.katalon.core.main.TestSuiteExecutor.accessTestSuiteMainPhase(TestSuiteExecutor.java:150)&#xa;	at com.kms.katalon.core.main.TestSuiteExecutor.execute(TestSuiteExecutor.java:106)&#xa;	at com.kms.katalon.core.main.TestCaseMain.startTestSuite(TestCaseMain.java:180)&#xa;	at TempTestSuite1726135123204.run(TempTestSuite1726135123204.groovy:35)&#xa;	at java.base/jdk.internal.reflect.NativeMethodAccessorImpl.invoke0(Native Method)&#xa;	at java.base/jdk.internal.reflect.NativeMethodAccessorImpl.invoke(NativeMethodAccessorImpl.java:77)&#xa;	at java.base/jdk.internal.reflect.DelegatingMethodAccessorImpl.invoke(DelegatingMethodAccessorImpl.java:43)&#xa;Caused by: com.kms.katalon.core.exception.StepFailedException: Object Object Repository/LoginRepo/Wait-Element Identify not found&#xa;	at com.kms.katalon.core.mobile.keyword.internal.MobileKeywordMain.stepFailed(MobileKeywordMain.groovy:38)&#xa;	at com.kms.katalon.core.mobile.keyword.builtin.GetTextKeyword$_getText_closure1.doCall(GetTextKeyword.groovy:45)&#xa;	at com.kms.katalon.core.mobile.keyword.builtin.GetTextKeyword$_getText_closure1.call(GetTextKeyword.groovy)&#xa;	at com.kms.katalon.core.mobile.keyword.internal.MobileKeywordMain.runKeyword(MobileKeywordMain.groovy:19)&#xa;	... 20 more&#xa;"/>
         <system-out><![CDATA[12-09-2024T15:29:38 - [TEST_CASE][FAILED] - Test Cases/Ledger Report/View Ledger Currency 2024-25: Test Cases/Ledger Report/View Ledger Currency 2024-25 FAILED.
Reason:
com.kms.katalon.core.exception.StepFailedException: Failed to get text from element
	at com.kms.katalon.core.mobile.keyword.internal.MobileKeywordMain.stepFailed(MobileKeywordMain.groovy:38)
	at com.kms.katalon.core.mobile.keyword.internal.MobileKeywordMain.runKeyword(MobileKeywordMain.groovy:21)
	at com.kms.katalon.core.mobile.keyword.builtin.GetTextKeyword.getText(GetTextKeyword.groovy:51)
	at com.kms.katalon.core.mobile.keyword.builtin.GetTextKeyword.execute(GetTextKeyword.groovy:35)
	at com.kms.katalon.core.keyword.internal.KeywordExecutor.executeKeywordForPlatform(KeywordExecutor.groovy:74)
	at com.kms.katalon.core.mobile.keyword.MobileBuiltInKeywords.getText(MobileBuiltInKeywords.groovy:1274)
	at View Ledger Currency 2024-25.run(View Ledger Currency 2024-25:37)
	at com.kms.katalon.core.main.ScriptEngine.run(ScriptEngine.java:194)
	at com.kms.katalon.core.main.ScriptEngine.runScriptAsRawText(ScriptEngine.java:119)
	at com.kms.katalon.core.main.TestCaseExecutor.runScript(TestCaseExecutor.java:448)
	at com.kms.katalon.core.main.TestCaseExecutor.doExecute(TestCaseExecutor.java:439)
	at com.kms.katalon.core.main.TestCaseExecutor.processExecutionPhase(TestCaseExecutor.java:418)
	at com.kms.katalon.core.main.TestCaseExecutor.accessMainPhase(TestCaseExecutor.java:410)
	at com.kms.katalon.core.main.TestCaseExecutor.execute(TestCaseExecutor.java:285)
	at com.kms.katalon.core.common.CommonExecutor.accessTestCaseMainPhase(CommonExecutor.java:65)
	at com.kms.katalon.core.main.TestSuiteExecutor.accessTestSuiteMainPhase(TestSuiteExecutor.java:150)
	at com.kms.katalon.core.main.TestSuiteExecutor.execute(TestSuiteExecutor.java:106)
	at com.kms.katalon.core.main.TestCaseMain.startTestSuite(TestCaseMain.java:180)
	at TempTestSuite1726135123204.run(TempTestSuite1726135123204.groovy:35)
	at java.base/jdk.internal.reflect.NativeMethodAccessorImpl.invoke0(Native Method)
	at java.base/jdk.internal.reflect.NativeMethodAccessorImpl.invoke(NativeMethodAccessorImpl.java:77)
	at java.base/jdk.internal.reflect.DelegatingMethodAccessorImpl.invoke(DelegatingMethodAccessorImpl.java:43)
Caused by: com.kms.katalon.core.exception.StepFailedException: Object Object Repository/LoginRepo/Wait-Element Identify not found
	at com.kms.katalon.core.mobile.keyword.internal.MobileKeywordMain.stepFailed(MobileKeywordMain.groovy:38)
	at com.kms.katalon.core.mobile.keyword.builtin.GetTextKeyword$_getText_closure1.doCall(GetTextKeyword.groovy:45)
	at com.kms.katalon.core.mobile.keyword.builtin.GetTextKeyword$_getText_closure1.call(GetTextKeyword.groovy)
	at com.kms.katalon.core.mobile.keyword.internal.MobileKeywordMain.runKeyword(MobileKeywordMain.groovy:19)
	... 20 more


12-09-2024T15:29:38 - [TEST_STEP][PASSED] - callTestCase(findTestCase("Test Cases/Login/Login"), null, STOP_ON_FAILURE): Call Test Case 'Test Cases/Login/Login' successfully

12-09-2024T15:29:38 - [TEST_CASE][PASSED] - Test Cases/Login/Login: Test Cases/Login/Login

12-09-2024T15:29:38 - [TEST_STEP][PASSED] - projectDir = getProjectDir(): null

12-09-2024T15:29:38 - [TEST_STEP][PASSED] - startApplication(projectDir + "/SpaceApp/SpaceApp_1.0.34.55_LIVE.apk", true): Started application: 'C:\Users\Elite66\git\Space-Visual\SpaceApp\SpaceApp_1.0.34.55_LIVE.apk'

12-09-2024T15:29:38 - [MESSAGE][INFO] - Starting application: 'C:\Users\Elite66\git\Space-Visual\SpaceApp\SpaceApp_1.0.34.55_LIVE.apk'

12-09-2024T15:29:53 - [MESSAGE][PASSED] - Started application: 'C:\Users\Elite66\git\Space-Visual\SpaceApp\SpaceApp_1.0.34.55_LIVE.apk'

12-09-2024T15:29:53 - [TEST_STEP][PASSED] - delay(5): Delayed 5 second(s)

12-09-2024T15:29:58 - [MESSAGE][PASSED] - Delayed 5 second(s)

12-09-2024T15:29:58 - [TEST_STEP][PASSED] - tap(findTestObject("Object Repository/LoginRepo/click button"), 0): Tapped on element 'Object Repository/LoginRepo/click button'

12-09-2024T15:29:58 - [MESSAGE][WARNING] - Timeout '0' is invalid. Using default page load timeout: '5'

12-09-2024T15:29:59 - [MESSAGE][PASSED] - Tapped on element 'Object Repository/LoginRepo/click button'

12-09-2024T15:29:59 - [TEST_STEP][PASSED] - setText(findTestObject("Object Repository/LoginRepo/Enter id"), "m3903", 0): Text 'm3903' has been set to element 'Object Repository/LoginRepo/Enter id'

12-09-2024T15:29:59 - [MESSAGE][WARNING] - Timeout '0' is invalid. Using default page load timeout: '5'

12-09-2024T15:30:00 - [MESSAGE][PASSED] - Text 'm3903' has been set to element 'Object Repository/LoginRepo/Enter id'

12-09-2024T15:30:00 - [TEST_STEP][PASSED] - setText(findTestObject("Object Repository/LoginRepo/Enter pass"), "Nirav@789", 0): Text 'Nirav@789' has been set to element 'Object Repository/LoginRepo/Enter pass'

12-09-2024T15:30:00 - [MESSAGE][WARNING] - Timeout '0' is invalid. Using default page load timeout: '5'

12-09-2024T15:30:02 - [MESSAGE][PASSED] - Text 'Nirav@789' has been set to element 'Object Repository/LoginRepo/Enter pass'

12-09-2024T15:30:02 - [TEST_STEP][PASSED] - tap(findTestObject("Object Repository/LoginRepo/click login"), 0): Tapped on element 'Object Repository/LoginRepo/click login'

12-09-2024T15:30:02 - [MESSAGE][WARNING] - Timeout '0' is invalid. Using default page load timeout: '5'

12-09-2024T15:30:04 - [MESSAGE][PASSED] - Tapped on element 'Object Repository/LoginRepo/click login'

12-09-2024T15:30:04 - [TEST_STEP][PASSED] - tap(findTestObject("Object Repository/LoginRepo/Enter Pin"), 0): Tapped on element 'Object Repository/LoginRepo/Enter Pin'

12-09-2024T15:30:04 - [MESSAGE][WARNING] - Timeout '0' is invalid. Using default page load timeout: '5'

12-09-2024T15:30:04 - [MESSAGE][PASSED] - Tapped on element 'Object Repository/LoginRepo/Enter Pin'

12-09-2024T15:30:04 - [TEST_STEP][PASSED] - setText(findTestObject("Object Repository/LoginRepo/Enter Pin"), "1234", 0): Text '1234' has been set to element 'Object Repository/LoginRepo/Enter Pin'

12-09-2024T15:30:04 - [MESSAGE][WARNING] - Timeout '0' is invalid. Using default page load timeout: '5'

12-09-2024T15:30:07 - [MESSAGE][PASSED] - Text '1234' has been set to element 'Object Repository/LoginRepo/Enter Pin'

12-09-2024T15:30:07 - [MESSAGE][PASSED] - Call Test Case 'Test Cases/Login/Login' successfully

12-09-2024T15:30:07 - [TEST_STEP][PASSED] - tap(findTestObject("Object Repository/LoginRepo/Report Click"), 0): Tapped on element 'Object Repository/LoginRepo/Report Click'

12-09-2024T15:30:07 - [MESSAGE][WARNING] - Timeout '0' is invalid. Using default page load timeout: '5'

12-09-2024T15:30:08 - [MESSAGE][PASSED] - Tapped on element 'Object Repository/LoginRepo/Report Click'

12-09-2024T15:30:08 - [TEST_STEP][PASSED] - tap(findTestObject("Object Repository/LoginRepo/Ledger Click"), 0, CONTINUE_ON_FAILURE): Tapped on element 'Object Repository/LoginRepo/Ledger Click'

12-09-2024T15:30:08 - [MESSAGE][WARNING] - Timeout '0' is invalid. Using default page load timeout: '5'

12-09-2024T15:30:10 - [MESSAGE][PASSED] - Tapped on element 'Object Repository/LoginRepo/Ledger Click'

12-09-2024T15:30:10 - [TEST_STEP][PASSED] - tap(findTestObject("Object Repository/LoginRepo/Segment Click"), 0): Tapped on element 'Object Repository/LoginRepo/Segment Click'

12-09-2024T15:30:10 - [MESSAGE][WARNING] - Timeout '0' is invalid. Using default page load timeout: '5'

12-09-2024T15:30:10 - [MESSAGE][PASSED] - Tapped on element 'Object Repository/LoginRepo/Segment Click'

12-09-2024T15:30:10 - [TEST_STEP][PASSED] - tap(findTestObject("Object Repository/LoginRepo/Currency Report"), 0): Tapped on element 'Object Repository/LoginRepo/Currency Report'

12-09-2024T15:30:10 - [MESSAGE][WARNING] - Timeout '0' is invalid. Using default page load timeout: '5'

12-09-2024T15:30:11 - [MESSAGE][PASSED] - Tapped on element 'Object Repository/LoginRepo/Currency Report'

12-09-2024T15:30:11 - [TEST_STEP][PASSED] - tap(findTestObject("Object Repository/LoginRepo/View Ledger"), 0, CONTINUE_ON_FAILURE): Tapped on element 'Object Repository/LoginRepo/View Ledger'

12-09-2024T15:30:11 - [MESSAGE][WARNING] - Timeout '0' is invalid. Using default page load timeout: '5'

12-09-2024T15:30:12 - [MESSAGE][PASSED] - Tapped on element 'Object Repository/LoginRepo/View Ledger'

12-09-2024T15:30:12 - [TEST_STEP][PASSED] - getText(findTestObject("Object Repository/LoginRepo/Wait-Element Identify"), 0): Text of element 'Object Repository/LoginRepo/Wait-Element Identify' is: ''

12-09-2024T15:30:12 - [MESSAGE][WARNING] - Timeout '0' is invalid. Using default page load timeout: '5'

12-09-2024T15:30:17 - [MESSAGE][PASSED] - Text of element 'Object Repository/LoginRepo/Wait-Element Identify' is: ''

12-09-2024T15:30:17 - [TEST_STEP][PASSED] - tap(findTestObject("Object Repository/LoginRepo/Ledger-7days"), 0, CONTINUE_ON_FAILURE): Tapped on element 'Object Repository/LoginRepo/Ledger-7days'

12-09-2024T15:30:17 - [MESSAGE][WARNING] - Timeout '0' is invalid. Using default page load timeout: '5'

12-09-2024T15:30:17 - [MESSAGE][PASSED] - Tapped on element 'Object Repository/LoginRepo/Ledger-7days'

12-09-2024T15:30:17 - [TEST_STEP][FAILED] - getText(findTestObject("Object Repository/LoginRepo/Wait-Element Identify"), 0): Failed to get text from element (Root cause: com.kms.katalon.core.exception.StepFailedException: Failed to get text from element
	at com.kms.katalon.core.mobile.keyword.internal.MobileKeywordMain.stepFailed(MobileKeywordMain.groovy:38)
	at com.kms.katalon.core.mobile.keyword.internal.MobileKeywordMain.runKeyword(MobileKeywordMain.groovy:21)
	at com.kms.katalon.core.mobile.keyword.builtin.GetTextKeyword.getText(GetTextKeyword.groovy:51)
	at com.kms.katalon.core.mobile.keyword.builtin.GetTextKeyword.execute(GetTextKeyword.groovy:35)
	at com.kms.katalon.core.keyword.internal.KeywordExecutor.executeKeywordForPlatform(KeywordExecutor.groovy:74)
	at com.kms.katalon.core.mobile.keyword.MobileBuiltInKeywords.getText(MobileBuiltInKeywords.groovy:1274)
	at View Ledger Currency 2024-25.run(View Ledger Currency 2024-25:37)
	at com.kms.katalon.core.main.ScriptEngine.run(ScriptEngine.java:194)
	at com.kms.katalon.core.main.ScriptEngine.runScriptAsRawText(ScriptEngine.java:119)
	at com.kms.katalon.core.main.TestCaseExecutor.runScript(TestCaseExecutor.java:448)
	at com.kms.katalon.core.main.TestCaseExecutor.doExecute(TestCaseExecutor.java:439)
	at com.kms.katalon.core.main.TestCaseExecutor.processExecutionPhase(TestCaseExecutor.java:418)
	at com.kms.katalon.core.main.TestCaseExecutor.accessMainPhase(TestCaseExecutor.java:410)
	at com.kms.katalon.core.main.TestCaseExecutor.execute(TestCaseExecutor.java:285)
	at com.kms.katalon.core.common.CommonExecutor.accessTestCaseMainPhase(CommonExecutor.java:65)
	at com.kms.katalon.core.main.TestSuiteExecutor.accessTestSuiteMainPhase(TestSuiteExecutor.java:150)
	at com.kms.katalon.core.main.TestSuiteExecutor.execute(TestSuiteExecutor.java:106)
	at com.kms.katalon.core.main.TestCaseMain.startTestSuite(TestCaseMain.java:180)
	at TempTestSuite1726135123204.run(TempTestSuite1726135123204.groovy:35)
	at java.base/jdk.internal.reflect.NativeMethodAccessorImpl.invoke0(Native Method)
	at java.base/jdk.internal.reflect.NativeMethodAccessorImpl.invoke(NativeMethodAccessorImpl.java:77)
	at java.base/jdk.internal.reflect.DelegatingMethodAccessorImpl.invoke(DelegatingMethodAccessorImpl.java:43)
Caused by: com.kms.katalon.core.exception.StepFailedException: Object Object Repository/LoginRepo/Wait-Element Identify not found
	at com.kms.katalon.core.mobile.keyword.internal.MobileKeywordMain.stepFailed(MobileKeywordMain.groovy:38)
	at com.kms.katalon.core.mobile.keyword.builtin.GetTextKeyword$_getText_closure1.doCall(GetTextKeyword.groovy:45)
	at com.kms.katalon.core.mobile.keyword.builtin.GetTextKeyword$_getText_closure1.call(GetTextKeyword.groovy)
	at com.kms.katalon.core.mobile.keyword.internal.MobileKeywordMain.runKeyword(MobileKeywordMain.groovy:19)
	... 20 more
)

12-09-2024T15:30:17 - [MESSAGE][WARNING] - Timeout '0' is invalid. Using default page load timeout: '5'

12-09-2024T15:30:23 - [MESSAGE][FAILED] - Object Object Repository/LoginRepo/Wait-Element Identify not found (Root cause: com.kms.katalon.core.exception.StepFailedException: Object Object Repository/LoginRepo/Wait-Element Identify not found
	at com.kms.katalon.core.mobile.keyword.internal.MobileKeywordMain.stepFailed(MobileKeywordMain.groovy:38)
	at com.kms.katalon.core.mobile.keyword.builtin.GetTextKeyword$_getText_closure1.doCall(GetTextKeyword.groovy:45)
	at com.kms.katalon.core.mobile.keyword.builtin.GetTextKeyword$_getText_closure1.call(GetTextKeyword.groovy)
	at com.kms.katalon.core.mobile.keyword.internal.MobileKeywordMain.runKeyword(MobileKeywordMain.groovy:19)
	at com.kms.katalon.core.mobile.keyword.builtin.GetTextKeyword.getText(GetTextKeyword.groovy:51)
	at com.kms.katalon.core.mobile.keyword.builtin.GetTextKeyword.execute(GetTextKeyword.groovy:35)
	at com.kms.katalon.core.keyword.internal.KeywordExecutor.executeKeywordForPlatform(KeywordExecutor.groovy:74)
	at com.kms.katalon.core.mobile.keyword.MobileBuiltInKeywords.getText(MobileBuiltInKeywords.groovy:1274)
	at View Ledger Currency 2024-25.run(View Ledger Currency 2024-25:37)
	at com.kms.katalon.core.main.ScriptEngine.run(ScriptEngine.java:194)
	at com.kms.katalon.core.main.ScriptEngine.runScriptAsRawText(ScriptEngine.java:119)
	at com.kms.katalon.core.main.TestCaseExecutor.runScript(TestCaseExecutor.java:448)
	at com.kms.katalon.core.main.TestCaseExecutor.doExecute(TestCaseExecutor.java:439)
	at com.kms.katalon.core.main.TestCaseExecutor.processExecutionPhase(TestCaseExecutor.java:418)
	at com.kms.katalon.core.main.TestCaseExecutor.accessMainPhase(TestCaseExecutor.java:410)
	at com.kms.katalon.core.main.TestCaseExecutor.execute(TestCaseExecutor.java:285)
	at com.kms.katalon.core.common.CommonExecutor.accessTestCaseMainPhase(CommonExecutor.java:65)
	at com.kms.katalon.core.main.TestSuiteExecutor.accessTestSuiteMainPhase(TestSuiteExecutor.java:150)
	at com.kms.katalon.core.main.TestSuiteExecutor.execute(TestSuiteExecutor.java:106)
	at com.kms.katalon.core.main.TestCaseMain.startTestSuite(TestCaseMain.java:180)
	at TempTestSuite1726135123204.run(TempTestSuite1726135123204.groovy:35)
	at java.base/jdk.internal.reflect.NativeMethodAccessorImpl.invoke0(Native Method)
	at java.base/jdk.internal.reflect.NativeMethodAccessorImpl.invoke(NativeMethodAccessorImpl.java:77)
	at java.base/jdk.internal.reflect.DelegatingMethodAccessorImpl.invoke(DelegatingMethodAccessorImpl.java:43)
)
[[ATTACHMENT|C:\\Users\\Elite66\\git\\Space-Visual\\Reports\\20240912_152843\\5 Sec\\20240912_152843\\1726135222796.png]]

12-09-2024T15:30:23 - [MESSAGE][FAILED] - Failed to get text from element (Root cause: com.kms.katalon.core.exception.StepFailedException: Failed to get text from element
	at com.kms.katalon.core.mobile.keyword.internal.MobileKeywordMain.stepFailed(MobileKeywordMain.groovy:38)
	at com.kms.katalon.core.mobile.keyword.internal.MobileKeywordMain.runKeyword(MobileKeywordMain.groovy:21)
	at com.kms.katalon.core.mobile.keyword.builtin.GetTextKeyword.getText(GetTextKeyword.groovy:51)
	at com.kms.katalon.core.mobile.keyword.builtin.GetTextKeyword.execute(GetTextKeyword.groovy:35)
	at com.kms.katalon.core.keyword.internal.KeywordExecutor.executeKeywordForPlatform(KeywordExecutor.groovy:74)
	at com.kms.katalon.core.mobile.keyword.MobileBuiltInKeywords.getText(MobileBuiltInKeywords.groovy:1274)
	at View Ledger Currency 2024-25.run(View Ledger Currency 2024-25:37)
	at com.kms.katalon.core.main.ScriptEngine.run(ScriptEngine.java:194)
	at com.kms.katalon.core.main.ScriptEngine.runScriptAsRawText(ScriptEngine.java:119)
	at com.kms.katalon.core.main.TestCaseExecutor.runScript(TestCaseExecutor.java:448)
	at com.kms.katalon.core.main.TestCaseExecutor.doExecute(TestCaseExecutor.java:439)
	at com.kms.katalon.core.main.TestCaseExecutor.processExecutionPhase(TestCaseExecutor.java:418)
	at com.kms.katalon.core.main.TestCaseExecutor.accessMainPhase(TestCaseExecutor.java:410)
	at com.kms.katalon.core.main.TestCaseExecutor.execute(TestCaseExecutor.java:285)
	at com.kms.katalon.core.common.CommonExecutor.accessTestCaseMainPhase(CommonExecutor.java:65)
	at com.kms.katalon.core.main.TestSuiteExecutor.accessTestSuiteMainPhase(TestSuiteExecutor.java:150)
	at com.kms.katalon.core.main.TestSuiteExecutor.execute(TestSuiteExecutor.java:106)
	at com.kms.katalon.core.main.TestCaseMain.startTestSuite(TestCaseMain.java:180)
	at TempTestSuite1726135123204.run(TempTestSuite1726135123204.groovy:35)
	at java.base/jdk.internal.reflect.NativeMethodAccessorImpl.invoke0(Native Method)
	at java.base/jdk.internal.reflect.NativeMethodAccessorImpl.invoke(NativeMethodAccessorImpl.java:77)
	at java.base/jdk.internal.reflect.DelegatingMethodAccessorImpl.invoke(DelegatingMethodAccessorImpl.java:43)
Caused by: com.kms.katalon.core.exception.StepFailedException: Object Object Repository/LoginRepo/Wait-Element Identify not found
	at com.kms.katalon.core.mobile.keyword.internal.MobileKeywordMain.stepFailed(MobileKeywordMain.groovy:38)
	at com.kms.katalon.core.mobile.keyword.builtin.GetTextKeyword$_getText_closure1.doCall(GetTextKeyword.groovy:45)
	at com.kms.katalon.core.mobile.keyword.builtin.GetTextKeyword$_getText_closure1.call(GetTextKeyword.groovy)
	at com.kms.katalon.core.mobile.keyword.internal.MobileKeywordMain.runKeyword(MobileKeywordMain.groovy:19)
	... 20 more
)
[[ATTACHMENT|C:\\Users\\Elite66\\git\\Space-Visual\\Reports\\20240912_152843\\5 Sec\\20240912_152843\\1726135223289.png]]]]></system-out>
         <system-err><![CDATA[12-09-2024T15:29:38 - [TEST_CASE][FAILED] - Test Cases/Ledger Report/View Ledger Currency 2024-25: Test Cases/Ledger Report/View Ledger Currency 2024-25 FAILED.
Reason:
com.kms.katalon.core.exception.StepFailedException: Failed to get text from element
	at com.kms.katalon.core.mobile.keyword.internal.MobileKeywordMain.stepFailed(MobileKeywordMain.groovy:38)
	at com.kms.katalon.core.mobile.keyword.internal.MobileKeywordMain.runKeyword(MobileKeywordMain.groovy:21)
	at com.kms.katalon.core.mobile.keyword.builtin.GetTextKeyword.getText(GetTextKeyword.groovy:51)
	at com.kms.katalon.core.mobile.keyword.builtin.GetTextKeyword.execute(GetTextKeyword.groovy:35)
	at com.kms.katalon.core.keyword.internal.KeywordExecutor.executeKeywordForPlatform(KeywordExecutor.groovy:74)
	at com.kms.katalon.core.mobile.keyword.MobileBuiltInKeywords.getText(MobileBuiltInKeywords.groovy:1274)
	at View Ledger Currency 2024-25.run(View Ledger Currency 2024-25:37)
	at com.kms.katalon.core.main.ScriptEngine.run(ScriptEngine.java:194)
	at com.kms.katalon.core.main.ScriptEngine.runScriptAsRawText(ScriptEngine.java:119)
	at com.kms.katalon.core.main.TestCaseExecutor.runScript(TestCaseExecutor.java:448)
	at com.kms.katalon.core.main.TestCaseExecutor.doExecute(TestCaseExecutor.java:439)
	at com.kms.katalon.core.main.TestCaseExecutor.processExecutionPhase(TestCaseExecutor.java:418)
	at com.kms.katalon.core.main.TestCaseExecutor.accessMainPhase(TestCaseExecutor.java:410)
	at com.kms.katalon.core.main.TestCaseExecutor.execute(TestCaseExecutor.java:285)
	at com.kms.katalon.core.common.CommonExecutor.accessTestCaseMainPhase(CommonExecutor.java:65)
	at com.kms.katalon.core.main.TestSuiteExecutor.accessTestSuiteMainPhase(TestSuiteExecutor.java:150)
	at com.kms.katalon.core.main.TestSuiteExecutor.execute(TestSuiteExecutor.java:106)
	at com.kms.katalon.core.main.TestCaseMain.startTestSuite(TestCaseMain.java:180)
	at TempTestSuite1726135123204.run(TempTestSuite1726135123204.groovy:35)
	at java.base/jdk.internal.reflect.NativeMethodAccessorImpl.invoke0(Native Method)
	at java.base/jdk.internal.reflect.NativeMethodAccessorImpl.invoke(NativeMethodAccessorImpl.java:77)
	at java.base/jdk.internal.reflect.DelegatingMethodAccessorImpl.invoke(DelegatingMethodAccessorImpl.java:43)
Caused by: com.kms.katalon.core.exception.StepFailedException: Object Object Repository/LoginRepo/Wait-Element Identify not found
	at com.kms.katalon.core.mobile.keyword.internal.MobileKeywordMain.stepFailed(MobileKeywordMain.groovy:38)
	at com.kms.katalon.core.mobile.keyword.builtin.GetTextKeyword$_getText_closure1.doCall(GetTextKeyword.groovy:45)
	at com.kms.katalon.core.mobile.keyword.builtin.GetTextKeyword$_getText_closure1.call(GetTextKeyword.groovy)
	at com.kms.katalon.core.mobile.keyword.internal.MobileKeywordMain.runKeyword(MobileKeywordMain.groovy:19)
	... 20 more]]></system-err>
      </testcase>
      <testcase name="Test Cases/Ledger Report/View Ledger Equity 2024-2025" time="49.816" classname="Test Cases/Ledger Report/View Ledger Equity 2024-2025" status="FAILED">
         <failure type="FAILED" message="Test Cases/Ledger Report/View Ledger Equity 2024-2025 FAILED.&#xa;Reason:&#xa;com.kms.katalon.core.exception.StepFailedException: Failed to get text from element&#xa;	at com.kms.katalon.core.mobile.keyword.internal.MobileKeywordMain.stepFailed(MobileKeywordMain.groovy:38)&#xa;	at com.kms.katalon.core.mobile.keyword.internal.MobileKeywordMain.runKeyword(MobileKeywordMain.groovy:21)&#xa;	at com.kms.katalon.core.mobile.keyword.builtin.GetTextKeyword.getText(GetTextKeyword.groovy:51)&#xa;	at com.kms.katalon.core.mobile.keyword.builtin.GetTextKeyword.execute(GetTextKeyword.groovy:35)&#xa;	at com.kms.katalon.core.keyword.internal.KeywordExecutor.executeKeywordForPlatform(KeywordExecutor.groovy:74)&#xa;	at com.kms.katalon.core.mobile.keyword.MobileBuiltInKeywords.getText(MobileBuiltInKeywords.groovy:1274)&#xa;	at View Ledger Equity 2024-2025.run(View Ledger Equity 2024-2025:41)&#xa;	at com.kms.katalon.core.main.ScriptEngine.run(ScriptEngine.java:194)&#xa;	at com.kms.katalon.core.main.ScriptEngine.runScriptAsRawText(ScriptEngine.java:119)&#xa;	at com.kms.katalon.core.main.TestCaseExecutor.runScript(TestCaseExecutor.java:448)&#xa;	at com.kms.katalon.core.main.TestCaseExecutor.doExecute(TestCaseExecutor.java:439)&#xa;	at com.kms.katalon.core.main.TestCaseExecutor.processExecutionPhase(TestCaseExecutor.java:418)&#xa;	at com.kms.katalon.core.main.TestCaseExecutor.accessMainPhase(TestCaseExecutor.java:410)&#xa;	at com.kms.katalon.core.main.TestCaseExecutor.execute(TestCaseExecutor.java:285)&#xa;	at com.kms.katalon.core.common.CommonExecutor.accessTestCaseMainPhase(CommonExecutor.java:65)&#xa;	at com.kms.katalon.core.main.TestSuiteExecutor.accessTestSuiteMainPhase(TestSuiteExecutor.java:150)&#xa;	at com.kms.katalon.core.main.TestSuiteExecutor.execute(TestSuiteExecutor.java:106)&#xa;	at com.kms.katalon.core.main.TestCaseMain.startTestSuite(TestCaseMain.java:180)&#xa;	at TempTestSuite1726135123204.run(TempTestSuite1726135123204.groovy:35)&#xa;	at java.base/jdk.internal.reflect.NativeMethodAccessorImpl.invoke0(Native Method)&#xa;	at java.base/jdk.internal.reflect.NativeMethodAccessorImpl.invoke(NativeMethodAccessorImpl.java:77)&#xa;	at java.base/jdk.internal.reflect.DelegatingMethodAccessorImpl.invoke(DelegatingMethodAccessorImpl.java:43)&#xa;Caused by: com.kms.katalon.core.exception.StepFailedException: Object Object Repository/LoginRepo/Wait-Element Identify not found&#xa;	at com.kms.katalon.core.mobile.keyword.internal.MobileKeywordMain.stepFailed(MobileKeywordMain.groovy:38)&#xa;	at com.kms.katalon.core.mobile.keyword.builtin.GetTextKeyword$_getText_closure1.doCall(GetTextKeyword.groovy:45)&#xa;	at com.kms.katalon.core.mobile.keyword.builtin.GetTextKeyword$_getText_closure1.call(GetTextKeyword.groovy)&#xa;	at com.kms.katalon.core.mobile.keyword.internal.MobileKeywordMain.runKeyword(MobileKeywordMain.groovy:19)&#xa;	... 20 more&#xa;"/>
         <system-out><![CDATA[12-09-2024T15:30:23 - [TEST_CASE][FAILED] - Test Cases/Ledger Report/View Ledger Equity 2024-2025: Test Cases/Ledger Report/View Ledger Equity 2024-2025 FAILED.
Reason:
com.kms.katalon.core.exception.StepFailedException: Failed to get text from element
	at com.kms.katalon.core.mobile.keyword.internal.MobileKeywordMain.stepFailed(MobileKeywordMain.groovy:38)
	at com.kms.katalon.core.mobile.keyword.internal.MobileKeywordMain.runKeyword(MobileKeywordMain.groovy:21)
	at com.kms.katalon.core.mobile.keyword.builtin.GetTextKeyword.getText(GetTextKeyword.groovy:51)
	at com.kms.katalon.core.mobile.keyword.builtin.GetTextKeyword.execute(GetTextKeyword.groovy:35)
	at com.kms.katalon.core.keyword.internal.KeywordExecutor.executeKeywordForPlatform(KeywordExecutor.groovy:74)
	at com.kms.katalon.core.mobile.keyword.MobileBuiltInKeywords.getText(MobileBuiltInKeywords.groovy:1274)
	at View Ledger Equity 2024-2025.run(View Ledger Equity 2024-2025:41)
	at com.kms.katalon.core.main.ScriptEngine.run(ScriptEngine.java:194)
	at com.kms.katalon.core.main.ScriptEngine.runScriptAsRawText(ScriptEngine.java:119)
	at com.kms.katalon.core.main.TestCaseExecutor.runScript(TestCaseExecutor.java:448)
	at com.kms.katalon.core.main.TestCaseExecutor.doExecute(TestCaseExecutor.java:439)
	at com.kms.katalon.core.main.TestCaseExecutor.processExecutionPhase(TestCaseExecutor.java:418)
	at com.kms.katalon.core.main.TestCaseExecutor.accessMainPhase(TestCaseExecutor.java:410)
	at com.kms.katalon.core.main.TestCaseExecutor.execute(TestCaseExecutor.java:285)
	at com.kms.katalon.core.common.CommonExecutor.accessTestCaseMainPhase(CommonExecutor.java:65)
	at com.kms.katalon.core.main.TestSuiteExecutor.accessTestSuiteMainPhase(TestSuiteExecutor.java:150)
	at com.kms.katalon.core.main.TestSuiteExecutor.execute(TestSuiteExecutor.java:106)
	at com.kms.katalon.core.main.TestCaseMain.startTestSuite(TestCaseMain.java:180)
	at TempTestSuite1726135123204.run(TempTestSuite1726135123204.groovy:35)
	at java.base/jdk.internal.reflect.NativeMethodAccessorImpl.invoke0(Native Method)
	at java.base/jdk.internal.reflect.NativeMethodAccessorImpl.invoke(NativeMethodAccessorImpl.java:77)
	at java.base/jdk.internal.reflect.DelegatingMethodAccessorImpl.invoke(DelegatingMethodAccessorImpl.java:43)
Caused by: com.kms.katalon.core.exception.StepFailedException: Object Object Repository/LoginRepo/Wait-Element Identify not found
	at com.kms.katalon.core.mobile.keyword.internal.MobileKeywordMain.stepFailed(MobileKeywordMain.groovy:38)
	at com.kms.katalon.core.mobile.keyword.builtin.GetTextKeyword$_getText_closure1.doCall(GetTextKeyword.groovy:45)
	at com.kms.katalon.core.mobile.keyword.builtin.GetTextKeyword$_getText_closure1.call(GetTextKeyword.groovy)
	at com.kms.katalon.core.mobile.keyword.internal.MobileKeywordMain.runKeyword(MobileKeywordMain.groovy:19)
	... 20 more


12-09-2024T15:30:23 - [TEST_STEP][PASSED] - callTestCase(findTestCase("Test Cases/Login/Login"), null, STOP_ON_FAILURE): Call Test Case 'Test Cases/Login/Login' successfully

12-09-2024T15:30:23 - [TEST_CASE][PASSED] - Test Cases/Login/Login: Test Cases/Login/Login

12-09-2024T15:30:23 - [TEST_STEP][PASSED] - projectDir = getProjectDir(): null

12-09-2024T15:30:23 - [TEST_STEP][PASSED] - startApplication(projectDir + "/SpaceApp/SpaceApp_1.0.34.55_LIVE.apk", true): Started application: 'C:\Users\Elite66\git\Space-Visual\SpaceApp\SpaceApp_1.0.34.55_LIVE.apk'

12-09-2024T15:30:23 - [MESSAGE][INFO] - Starting application: 'C:\Users\Elite66\git\Space-Visual\SpaceApp\SpaceApp_1.0.34.55_LIVE.apk'

12-09-2024T15:30:37 - [MESSAGE][PASSED] - Started application: 'C:\Users\Elite66\git\Space-Visual\SpaceApp\SpaceApp_1.0.34.55_LIVE.apk'

12-09-2024T15:30:37 - [TEST_STEP][PASSED] - delay(5): Delayed 5 second(s)

12-09-2024T15:30:42 - [MESSAGE][PASSED] - Delayed 5 second(s)

12-09-2024T15:30:42 - [TEST_STEP][PASSED] - tap(findTestObject("Object Repository/LoginRepo/click button"), 0): Tapped on element 'Object Repository/LoginRepo/click button'

12-09-2024T15:30:42 - [MESSAGE][WARNING] - Timeout '0' is invalid. Using default page load timeout: '5'

12-09-2024T15:30:43 - [MESSAGE][PASSED] - Tapped on element 'Object Repository/LoginRepo/click button'

12-09-2024T15:30:43 - [TEST_STEP][PASSED] - setText(findTestObject("Object Repository/LoginRepo/Enter id"), "m3903", 0): Text 'm3903' has been set to element 'Object Repository/LoginRepo/Enter id'

12-09-2024T15:30:43 - [MESSAGE][WARNING] - Timeout '0' is invalid. Using default page load timeout: '5'

12-09-2024T15:30:44 - [MESSAGE][PASSED] - Text 'm3903' has been set to element 'Object Repository/LoginRepo/Enter id'

12-09-2024T15:30:44 - [TEST_STEP][PASSED] - setText(findTestObject("Object Repository/LoginRepo/Enter pass"), "Nirav@789", 0): Text 'Nirav@789' has been set to element 'Object Repository/LoginRepo/Enter pass'

12-09-2024T15:30:44 - [MESSAGE][WARNING] - Timeout '0' is invalid. Using default page load timeout: '5'

12-09-2024T15:30:45 - [MESSAGE][PASSED] - Text 'Nirav@789' has been set to element 'Object Repository/LoginRepo/Enter pass'

12-09-2024T15:30:45 - [TEST_STEP][PASSED] - tap(findTestObject("Object Repository/LoginRepo/click login"), 0): Tapped on element 'Object Repository/LoginRepo/click login'

12-09-2024T15:30:45 - [MESSAGE][WARNING] - Timeout '0' is invalid. Using default page load timeout: '5'

12-09-2024T15:30:48 - [MESSAGE][PASSED] - Tapped on element 'Object Repository/LoginRepo/click login'

12-09-2024T15:30:48 - [TEST_STEP][PASSED] - tap(findTestObject("Object Repository/LoginRepo/Enter Pin"), 0): Tapped on element 'Object Repository/LoginRepo/Enter Pin'

12-09-2024T15:30:48 - [MESSAGE][WARNING] - Timeout '0' is invalid. Using default page load timeout: '5'

12-09-2024T15:30:48 - [MESSAGE][PASSED] - Tapped on element 'Object Repository/LoginRepo/Enter Pin'

12-09-2024T15:30:48 - [TEST_STEP][PASSED] - setText(findTestObject("Object Repository/LoginRepo/Enter Pin"), "1234", 0): Text '1234' has been set to element 'Object Repository/LoginRepo/Enter Pin'

12-09-2024T15:30:48 - [MESSAGE][WARNING] - Timeout '0' is invalid. Using default page load timeout: '5'

12-09-2024T15:30:50 - [MESSAGE][PASSED] - Text '1234' has been set to element 'Object Repository/LoginRepo/Enter Pin'

12-09-2024T15:30:50 - [MESSAGE][PASSED] - Call Test Case 'Test Cases/Login/Login' successfully

12-09-2024T15:30:50 - [TEST_STEP][PASSED] - tap(findTestObject("Object Repository/LoginRepo/Report Click"), 0): Tapped on element 'Object Repository/LoginRepo/Report Click'

12-09-2024T15:30:50 - [MESSAGE][WARNING] - Timeout '0' is invalid. Using default page load timeout: '5'

12-09-2024T15:30:52 - [MESSAGE][PASSED] - Tapped on element 'Object Repository/LoginRepo/Report Click'

12-09-2024T15:30:52 - [TEST_STEP][PASSED] - tap(findTestObject("Object Repository/LoginRepo/Ledger Click"), 0, CONTINUE_ON_FAILURE): Tapped on element 'Object Repository/LoginRepo/Ledger Click'

12-09-2024T15:30:52 - [MESSAGE][WARNING] - Timeout '0' is invalid. Using default page load timeout: '5'

12-09-2024T15:30:53 - [MESSAGE][PASSED] - Tapped on element 'Object Repository/LoginRepo/Ledger Click'

12-09-2024T15:30:53 - [TEST_STEP][PASSED] - tap(findTestObject("Object Repository/LoginRepo/Segment Click"), 0): Tapped on element 'Object Repository/LoginRepo/Segment Click'

12-09-2024T15:30:53 - [MESSAGE][WARNING] - Timeout '0' is invalid. Using default page load timeout: '5'

12-09-2024T15:30:53 - [MESSAGE][PASSED] - Tapped on element 'Object Repository/LoginRepo/Segment Click'

12-09-2024T15:30:53 - [TEST_STEP][PASSED] - tap(findTestObject("Object Repository/LoginRepo/Equity Report"), 0): Tapped on element 'Object Repository/LoginRepo/Equity Report'

12-09-2024T15:30:53 - [MESSAGE][WARNING] - Timeout '0' is invalid. Using default page load timeout: '5'

12-09-2024T15:30:55 - [MESSAGE][PASSED] - Tapped on element 'Object Repository/LoginRepo/Equity Report'

12-09-2024T15:30:55 - [TEST_STEP][PASSED] - tap(findTestObject("Object Repository/LoginRepo/View Ledger"), 0, CONTINUE_ON_FAILURE): Tapped on element 'Object Repository/LoginRepo/View Ledger'

12-09-2024T15:30:55 - [MESSAGE][WARNING] - Timeout '0' is invalid. Using default page load timeout: '5'

12-09-2024T15:30:55 - [MESSAGE][PASSED] - Tapped on element 'Object Repository/LoginRepo/View Ledger'

12-09-2024T15:30:55 - [TEST_STEP][PASSED] - getText(findTestObject("Object Repository/LoginRepo/Wait-Element Identify"), 0): Text of element 'Object Repository/LoginRepo/Wait-Element Identify' is: ''

12-09-2024T15:30:55 - [MESSAGE][WARNING] - Timeout '0' is invalid. Using default page load timeout: '5'

12-09-2024T15:31:01 - [MESSAGE][PASSED] - Text of element 'Object Repository/LoginRepo/Wait-Element Identify' is: ''

12-09-2024T15:31:01 - [TEST_STEP][PASSED] - tap(findTestObject("Object Repository/LoginRepo/Ledger-7days"), 0, CONTINUE_ON_FAILURE): Tapped on element 'Object Repository/LoginRepo/Ledger-7days'

12-09-2024T15:31:01 - [MESSAGE][WARNING] - Timeout '0' is invalid. Using default page load timeout: '5'

12-09-2024T15:31:02 - [MESSAGE][PASSED] - Tapped on element 'Object Repository/LoginRepo/Ledger-7days'

12-09-2024T15:31:02 - [TEST_STEP][PASSED] - getText(findTestObject("Object Repository/LoginRepo/Wait-Element Identify"), 0): Text of element 'Object Repository/LoginRepo/Wait-Element Identify' is: ''

12-09-2024T15:31:02 - [MESSAGE][WARNING] - Timeout '0' is invalid. Using default page load timeout: '5'

12-09-2024T15:31:06 - [MESSAGE][PASSED] - Text of element 'Object Repository/LoginRepo/Wait-Element Identify' is: ''

12-09-2024T15:31:06 - [TEST_STEP][PASSED] - tap(findTestObject("Object Repository/LoginRepo/Ledger-15days"), 0): Tapped on element 'Object Repository/LoginRepo/Ledger-15days'

12-09-2024T15:31:06 - [MESSAGE][WARNING] - Timeout '0' is invalid. Using default page load timeout: '5'

12-09-2024T15:31:07 - [MESSAGE][PASSED] - Tapped on element 'Object Repository/LoginRepo/Ledger-15days'

12-09-2024T15:31:07 - [TEST_STEP][FAILED] - getText(findTestObject("Object Repository/LoginRepo/Wait-Element Identify"), 0): Failed to get text from element (Root cause: com.kms.katalon.core.exception.StepFailedException: Failed to get text from element
	at com.kms.katalon.core.mobile.keyword.internal.MobileKeywordMain.stepFailed(MobileKeywordMain.groovy:38)
	at com.kms.katalon.core.mobile.keyword.internal.MobileKeywordMain.runKeyword(MobileKeywordMain.groovy:21)
	at com.kms.katalon.core.mobile.keyword.builtin.GetTextKeyword.getText(GetTextKeyword.groovy:51)
	at com.kms.katalon.core.mobile.keyword.builtin.GetTextKeyword.execute(GetTextKeyword.groovy:35)
	at com.kms.katalon.core.keyword.internal.KeywordExecutor.executeKeywordForPlatform(KeywordExecutor.groovy:74)
	at com.kms.katalon.core.mobile.keyword.MobileBuiltInKeywords.getText(MobileBuiltInKeywords.groovy:1274)
	at View Ledger Equity 2024-2025.run(View Ledger Equity 2024-2025:41)
	at com.kms.katalon.core.main.ScriptEngine.run(ScriptEngine.java:194)
	at com.kms.katalon.core.main.ScriptEngine.runScriptAsRawText(ScriptEngine.java:119)
	at com.kms.katalon.core.main.TestCaseExecutor.runScript(TestCaseExecutor.java:448)
	at com.kms.katalon.core.main.TestCaseExecutor.doExecute(TestCaseExecutor.java:439)
	at com.kms.katalon.core.main.TestCaseExecutor.processExecutionPhase(TestCaseExecutor.java:418)
	at com.kms.katalon.core.main.TestCaseExecutor.accessMainPhase(TestCaseExecutor.java:410)
	at com.kms.katalon.core.main.TestCaseExecutor.execute(TestCaseExecutor.java:285)
	at com.kms.katalon.core.common.CommonExecutor.accessTestCaseMainPhase(CommonExecutor.java:65)
	at com.kms.katalon.core.main.TestSuiteExecutor.accessTestSuiteMainPhase(TestSuiteExecutor.java:150)
	at com.kms.katalon.core.main.TestSuiteExecutor.execute(TestSuiteExecutor.java:106)
	at com.kms.katalon.core.main.TestCaseMain.startTestSuite(TestCaseMain.java:180)
	at TempTestSuite1726135123204.run(TempTestSuite1726135123204.groovy:35)
	at java.base/jdk.internal.reflect.NativeMethodAccessorImpl.invoke0(Native Method)
	at java.base/jdk.internal.reflect.NativeMethodAccessorImpl.invoke(NativeMethodAccessorImpl.java:77)
	at java.base/jdk.internal.reflect.DelegatingMethodAccessorImpl.invoke(DelegatingMethodAccessorImpl.java:43)
Caused by: com.kms.katalon.core.exception.StepFailedException: Object Object Repository/LoginRepo/Wait-Element Identify not found
	at com.kms.katalon.core.mobile.keyword.internal.MobileKeywordMain.stepFailed(MobileKeywordMain.groovy:38)
	at com.kms.katalon.core.mobile.keyword.builtin.GetTextKeyword$_getText_closure1.doCall(GetTextKeyword.groovy:45)
	at com.kms.katalon.core.mobile.keyword.builtin.GetTextKeyword$_getText_closure1.call(GetTextKeyword.groovy)
	at com.kms.katalon.core.mobile.keyword.internal.MobileKeywordMain.runKeyword(MobileKeywordMain.groovy:19)
	... 20 more
)

12-09-2024T15:31:07 - [MESSAGE][WARNING] - Timeout '0' is invalid. Using default page load timeout: '5'

12-09-2024T15:31:13 - [MESSAGE][FAILED] - Object Object Repository/LoginRepo/Wait-Element Identify not found (Root cause: com.kms.katalon.core.exception.StepFailedException: Object Object Repository/LoginRepo/Wait-Element Identify not found
	at com.kms.katalon.core.mobile.keyword.internal.MobileKeywordMain.stepFailed(MobileKeywordMain.groovy:38)
	at com.kms.katalon.core.mobile.keyword.builtin.GetTextKeyword$_getText_closure1.doCall(GetTextKeyword.groovy:45)
	at com.kms.katalon.core.mobile.keyword.builtin.GetTextKeyword$_getText_closure1.call(GetTextKeyword.groovy)
	at com.kms.katalon.core.mobile.keyword.internal.MobileKeywordMain.runKeyword(MobileKeywordMain.groovy:19)
	at com.kms.katalon.core.mobile.keyword.builtin.GetTextKeyword.getText(GetTextKeyword.groovy:51)
	at com.kms.katalon.core.mobile.keyword.builtin.GetTextKeyword.execute(GetTextKeyword.groovy:35)
	at com.kms.katalon.core.keyword.internal.KeywordExecutor.executeKeywordForPlatform(KeywordExecutor.groovy:74)
	at com.kms.katalon.core.mobile.keyword.MobileBuiltInKeywords.getText(MobileBuiltInKeywords.groovy:1274)
	at View Ledger Equity 2024-2025.run(View Ledger Equity 2024-2025:41)
	at com.kms.katalon.core.main.ScriptEngine.run(ScriptEngine.java:194)
	at com.kms.katalon.core.main.ScriptEngine.runScriptAsRawText(ScriptEngine.java:119)
	at com.kms.katalon.core.main.TestCaseExecutor.runScript(TestCaseExecutor.java:448)
	at com.kms.katalon.core.main.TestCaseExecutor.doExecute(TestCaseExecutor.java:439)
	at com.kms.katalon.core.main.TestCaseExecutor.processExecutionPhase(TestCaseExecutor.java:418)
	at com.kms.katalon.core.main.TestCaseExecutor.accessMainPhase(TestCaseExecutor.java:410)
	at com.kms.katalon.core.main.TestCaseExecutor.execute(TestCaseExecutor.java:285)
	at com.kms.katalon.core.common.CommonExecutor.accessTestCaseMainPhase(CommonExecutor.java:65)
	at com.kms.katalon.core.main.TestSuiteExecutor.accessTestSuiteMainPhase(TestSuiteExecutor.java:150)
	at com.kms.katalon.core.main.TestSuiteExecutor.execute(TestSuiteExecutor.java:106)
	at com.kms.katalon.core.main.TestCaseMain.startTestSuite(TestCaseMain.java:180)
	at TempTestSuite1726135123204.run(TempTestSuite1726135123204.groovy:35)
	at java.base/jdk.internal.reflect.NativeMethodAccessorImpl.invoke0(Native Method)
	at java.base/jdk.internal.reflect.NativeMethodAccessorImpl.invoke(NativeMethodAccessorImpl.java:77)
	at java.base/jdk.internal.reflect.DelegatingMethodAccessorImpl.invoke(DelegatingMethodAccessorImpl.java:43)
)
[[ATTACHMENT|C:\\Users\\Elite66\\git\\Space-Visual\\Reports\\20240912_152843\\5 Sec\\20240912_152843\\1726135272560.png]]

12-09-2024T15:31:13 - [MESSAGE][FAILED] - Failed to get text from element (Root cause: com.kms.katalon.core.exception.StepFailedException: Failed to get text from element
	at com.kms.katalon.core.mobile.keyword.internal.MobileKeywordMain.stepFailed(MobileKeywordMain.groovy:38)
	at com.kms.katalon.core.mobile.keyword.internal.MobileKeywordMain.runKeyword(MobileKeywordMain.groovy:21)
	at com.kms.katalon.core.mobile.keyword.builtin.GetTextKeyword.getText(GetTextKeyword.groovy:51)
	at com.kms.katalon.core.mobile.keyword.builtin.GetTextKeyword.execute(GetTextKeyword.groovy:35)
	at com.kms.katalon.core.keyword.internal.KeywordExecutor.executeKeywordForPlatform(KeywordExecutor.groovy:74)
	at com.kms.katalon.core.mobile.keyword.MobileBuiltInKeywords.getText(MobileBuiltInKeywords.groovy:1274)
	at View Ledger Equity 2024-2025.run(View Ledger Equity 2024-2025:41)
	at com.kms.katalon.core.main.ScriptEngine.run(ScriptEngine.java:194)
	at com.kms.katalon.core.main.ScriptEngine.runScriptAsRawText(ScriptEngine.java:119)
	at com.kms.katalon.core.main.TestCaseExecutor.runScript(TestCaseExecutor.java:448)
	at com.kms.katalon.core.main.TestCaseExecutor.doExecute(TestCaseExecutor.java:439)
	at com.kms.katalon.core.main.TestCaseExecutor.processExecutionPhase(TestCaseExecutor.java:418)
	at com.kms.katalon.core.main.TestCaseExecutor.accessMainPhase(TestCaseExecutor.java:410)
	at com.kms.katalon.core.main.TestCaseExecutor.execute(TestCaseExecutor.java:285)
	at com.kms.katalon.core.common.CommonExecutor.accessTestCaseMainPhase(CommonExecutor.java:65)
	at com.kms.katalon.core.main.TestSuiteExecutor.accessTestSuiteMainPhase(TestSuiteExecutor.java:150)
	at com.kms.katalon.core.main.TestSuiteExecutor.execute(TestSuiteExecutor.java:106)
	at com.kms.katalon.core.main.TestCaseMain.startTestSuite(TestCaseMain.java:180)
	at TempTestSuite1726135123204.run(TempTestSuite1726135123204.groovy:35)
	at java.base/jdk.internal.reflect.NativeMethodAccessorImpl.invoke0(Native Method)
	at java.base/jdk.internal.reflect.NativeMethodAccessorImpl.invoke(NativeMethodAccessorImpl.java:77)
	at java.base/jdk.internal.reflect.DelegatingMethodAccessorImpl.invoke(DelegatingMethodAccessorImpl.java:43)
Caused by: com.kms.katalon.core.exception.StepFailedException: Object Object Repository/LoginRepo/Wait-Element Identify not found
	at com.kms.katalon.core.mobile.keyword.internal.MobileKeywordMain.stepFailed(MobileKeywordMain.groovy:38)
	at com.kms.katalon.core.mobile.keyword.builtin.GetTextKeyword$_getText_closure1.doCall(GetTextKeyword.groovy:45)
	at com.kms.katalon.core.mobile.keyword.builtin.GetTextKeyword$_getText_closure1.call(GetTextKeyword.groovy)
	at com.kms.katalon.core.mobile.keyword.internal.MobileKeywordMain.runKeyword(MobileKeywordMain.groovy:19)
	... 20 more
)
[[ATTACHMENT|C:\\Users\\Elite66\\git\\Space-Visual\\Reports\\20240912_152843\\5 Sec\\20240912_152843\\1726135273100.png]]]]></system-out>
         <system-err><![CDATA[12-09-2024T15:30:23 - [TEST_CASE][FAILED] - Test Cases/Ledger Report/View Ledger Equity 2024-2025: Test Cases/Ledger Report/View Ledger Equity 2024-2025 FAILED.
Reason:
com.kms.katalon.core.exception.StepFailedException: Failed to get text from element
	at com.kms.katalon.core.mobile.keyword.internal.MobileKeywordMain.stepFailed(MobileKeywordMain.groovy:38)
	at com.kms.katalon.core.mobile.keyword.internal.MobileKeywordMain.runKeyword(MobileKeywordMain.groovy:21)
	at com.kms.katalon.core.mobile.keyword.builtin.GetTextKeyword.getText(GetTextKeyword.groovy:51)
	at com.kms.katalon.core.mobile.keyword.builtin.GetTextKeyword.execute(GetTextKeyword.groovy:35)
	at com.kms.katalon.core.keyword.internal.KeywordExecutor.executeKeywordForPlatform(KeywordExecutor.groovy:74)
	at com.kms.katalon.core.mobile.keyword.MobileBuiltInKeywords.getText(MobileBuiltInKeywords.groovy:1274)
	at View Ledger Equity 2024-2025.run(View Ledger Equity 2024-2025:41)
	at com.kms.katalon.core.main.ScriptEngine.run(ScriptEngine.java:194)
	at com.kms.katalon.core.main.ScriptEngine.runScriptAsRawText(ScriptEngine.java:119)
	at com.kms.katalon.core.main.TestCaseExecutor.runScript(TestCaseExecutor.java:448)
	at com.kms.katalon.core.main.TestCaseExecutor.doExecute(TestCaseExecutor.java:439)
	at com.kms.katalon.core.main.TestCaseExecutor.processExecutionPhase(TestCaseExecutor.java:418)
	at com.kms.katalon.core.main.TestCaseExecutor.accessMainPhase(TestCaseExecutor.java:410)
	at com.kms.katalon.core.main.TestCaseExecutor.execute(TestCaseExecutor.java:285)
	at com.kms.katalon.core.common.CommonExecutor.accessTestCaseMainPhase(CommonExecutor.java:65)
	at com.kms.katalon.core.main.TestSuiteExecutor.accessTestSuiteMainPhase(TestSuiteExecutor.java:150)
	at com.kms.katalon.core.main.TestSuiteExecutor.execute(TestSuiteExecutor.java:106)
	at com.kms.katalon.core.main.TestCaseMain.startTestSuite(TestCaseMain.java:180)
	at TempTestSuite1726135123204.run(TempTestSuite1726135123204.groovy:35)
	at java.base/jdk.internal.reflect.NativeMethodAccessorImpl.invoke0(Native Method)
	at java.base/jdk.internal.reflect.NativeMethodAccessorImpl.invoke(NativeMethodAccessorImpl.java:77)
	at java.base/jdk.internal.reflect.DelegatingMethodAccessorImpl.invoke(DelegatingMethodAccessorImpl.java:43)
Caused by: com.kms.katalon.core.exception.StepFailedException: Object Object Repository/LoginRepo/Wait-Element Identify not found
	at com.kms.katalon.core.mobile.keyword.internal.MobileKeywordMain.stepFailed(MobileKeywordMain.groovy:38)
	at com.kms.katalon.core.mobile.keyword.builtin.GetTextKeyword$_getText_closure1.doCall(GetTextKeyword.groovy:45)
	at com.kms.katalon.core.mobile.keyword.builtin.GetTextKeyword$_getText_closure1.call(GetTextKeyword.groovy)
	at com.kms.katalon.core.mobile.keyword.internal.MobileKeywordMain.runKeyword(MobileKeywordMain.groovy:19)
	... 20 more]]></system-err>
      </testcase>
      <testcase name="Test Cases/Ledger Report/View Ledger Future 2024-25" time="35.632" classname="Test Cases/Ledger Report/View Ledger Future 2024-25" status="FAILED">
         <failure type="FAILED" message="Test Cases/Ledger Report/View Ledger Future 2024-25 FAILED.&#xa;Reason:&#xa;com.kms.katalon.core.exception.StepFailedException: Failed to get text from element&#xa;	at com.kms.katalon.core.mobile.keyword.internal.MobileKeywordMain.stepFailed(MobileKeywordMain.groovy:38)&#xa;	at com.kms.katalon.core.mobile.keyword.internal.MobileKeywordMain.runKeyword(MobileKeywordMain.groovy:21)&#xa;	at com.kms.katalon.core.mobile.keyword.builtin.GetTextKeyword.getText(GetTextKeyword.groovy:51)&#xa;	at com.kms.katalon.core.mobile.keyword.builtin.GetTextKeyword.execute(GetTextKeyword.groovy:35)&#xa;	at com.kms.katalon.core.keyword.internal.KeywordExecutor.executeKeywordForPlatform(KeywordExecutor.groovy:74)&#xa;	at com.kms.katalon.core.mobile.keyword.MobileBuiltInKeywords.getText(MobileBuiltInKeywords.groovy:1274)&#xa;	at View Ledger Future 2024-25.run(View Ledger Future 2024-25:33)&#xa;	at com.kms.katalon.core.main.ScriptEngine.run(ScriptEngine.java:194)&#xa;	at com.kms.katalon.core.main.ScriptEngine.runScriptAsRawText(ScriptEngine.java:119)&#xa;	at com.kms.katalon.core.main.TestCaseExecutor.runScript(TestCaseExecutor.java:448)&#xa;	at com.kms.katalon.core.main.TestCaseExecutor.doExecute(TestCaseExecutor.java:439)&#xa;	at com.kms.katalon.core.main.TestCaseExecutor.processExecutionPhase(TestCaseExecutor.java:418)&#xa;	at com.kms.katalon.core.main.TestCaseExecutor.accessMainPhase(TestCaseExecutor.java:410)&#xa;	at com.kms.katalon.core.main.TestCaseExecutor.execute(TestCaseExecutor.java:285)&#xa;	at com.kms.katalon.core.common.CommonExecutor.accessTestCaseMainPhase(CommonExecutor.java:65)&#xa;	at com.kms.katalon.core.main.TestSuiteExecutor.accessTestSuiteMainPhase(TestSuiteExecutor.java:150)&#xa;	at com.kms.katalon.core.main.TestSuiteExecutor.execute(TestSuiteExecutor.java:106)&#xa;	at com.kms.katalon.core.main.TestCaseMain.startTestSuite(TestCaseMain.java:180)&#xa;	at TempTestSuite1726135123204.run(TempTestSuite1726135123204.groovy:35)&#xa;	at java.base/jdk.internal.reflect.NativeMethodAccessorImpl.invoke0(Native Method)&#xa;	at java.base/jdk.internal.reflect.NativeMethodAccessorImpl.invoke(NativeMethodAccessorImpl.java:77)&#xa;	at java.base/jdk.internal.reflect.DelegatingMethodAccessorImpl.invoke(DelegatingMethodAccessorImpl.java:43)&#xa;Caused by: com.kms.katalon.core.exception.StepFailedException: Object Object Repository/LoginRepo/Wait-Element Identify not found&#xa;	at com.kms.katalon.core.mobile.keyword.internal.MobileKeywordMain.stepFailed(MobileKeywordMain.groovy:38)&#xa;	at com.kms.katalon.core.mobile.keyword.builtin.GetTextKeyword$_getText_closure1.doCall(GetTextKeyword.groovy:45)&#xa;	at com.kms.katalon.core.mobile.keyword.builtin.GetTextKeyword$_getText_closure1.call(GetTextKeyword.groovy)&#xa;	at com.kms.katalon.core.mobile.keyword.internal.MobileKeywordMain.runKeyword(MobileKeywordMain.groovy:19)&#xa;	... 20 more&#xa;"/>
         <system-out><![CDATA[12-09-2024T15:31:13 - [TEST_CASE][FAILED] - Test Cases/Ledger Report/View Ledger Future 2024-25: Test Cases/Ledger Report/View Ledger Future 2024-25 FAILED.
Reason:
com.kms.katalon.core.exception.StepFailedException: Failed to get text from element
	at com.kms.katalon.core.mobile.keyword.internal.MobileKeywordMain.stepFailed(MobileKeywordMain.groovy:38)
	at com.kms.katalon.core.mobile.keyword.internal.MobileKeywordMain.runKeyword(MobileKeywordMain.groovy:21)
	at com.kms.katalon.core.mobile.keyword.builtin.GetTextKeyword.getText(GetTextKeyword.groovy:51)
	at com.kms.katalon.core.mobile.keyword.builtin.GetTextKeyword.execute(GetTextKeyword.groovy:35)
	at com.kms.katalon.core.keyword.internal.KeywordExecutor.executeKeywordForPlatform(KeywordExecutor.groovy:74)
	at com.kms.katalon.core.mobile.keyword.MobileBuiltInKeywords.getText(MobileBuiltInKeywords.groovy:1274)
	at View Ledger Future 2024-25.run(View Ledger Future 2024-25:33)
	at com.kms.katalon.core.main.ScriptEngine.run(ScriptEngine.java:194)
	at com.kms.katalon.core.main.ScriptEngine.runScriptAsRawText(ScriptEngine.java:119)
	at com.kms.katalon.core.main.TestCaseExecutor.runScript(TestCaseExecutor.java:448)
	at com.kms.katalon.core.main.TestCaseExecutor.doExecute(TestCaseExecutor.java:439)
	at com.kms.katalon.core.main.TestCaseExecutor.processExecutionPhase(TestCaseExecutor.java:418)
	at com.kms.katalon.core.main.TestCaseExecutor.accessMainPhase(TestCaseExecutor.java:410)
	at com.kms.katalon.core.main.TestCaseExecutor.execute(TestCaseExecutor.java:285)
	at com.kms.katalon.core.common.CommonExecutor.accessTestCaseMainPhase(CommonExecutor.java:65)
	at com.kms.katalon.core.main.TestSuiteExecutor.accessTestSuiteMainPhase(TestSuiteExecutor.java:150)
	at com.kms.katalon.core.main.TestSuiteExecutor.execute(TestSuiteExecutor.java:106)
	at com.kms.katalon.core.main.TestCaseMain.startTestSuite(TestCaseMain.java:180)
	at TempTestSuite1726135123204.run(TempTestSuite1726135123204.groovy:35)
	at java.base/jdk.internal.reflect.NativeMethodAccessorImpl.invoke0(Native Method)
	at java.base/jdk.internal.reflect.NativeMethodAccessorImpl.invoke(NativeMethodAccessorImpl.java:77)
	at java.base/jdk.internal.reflect.DelegatingMethodAccessorImpl.invoke(DelegatingMethodAccessorImpl.java:43)
Caused by: com.kms.katalon.core.exception.StepFailedException: Object Object Repository/LoginRepo/Wait-Element Identify not found
	at com.kms.katalon.core.mobile.keyword.internal.MobileKeywordMain.stepFailed(MobileKeywordMain.groovy:38)
	at com.kms.katalon.core.mobile.keyword.builtin.GetTextKeyword$_getText_closure1.doCall(GetTextKeyword.groovy:45)
	at com.kms.katalon.core.mobile.keyword.builtin.GetTextKeyword$_getText_closure1.call(GetTextKeyword.groovy)
	at com.kms.katalon.core.mobile.keyword.internal.MobileKeywordMain.runKeyword(MobileKeywordMain.groovy:19)
	... 20 more


12-09-2024T15:31:13 - [TEST_STEP][PASSED] - callTestCase(findTestCase("Test Cases/Login/Login"), null, STOP_ON_FAILURE): Call Test Case 'Test Cases/Login/Login' successfully

12-09-2024T15:31:13 - [TEST_CASE][PASSED] - Test Cases/Login/Login: Test Cases/Login/Login

12-09-2024T15:31:13 - [TEST_STEP][PASSED] - projectDir = getProjectDir(): null

12-09-2024T15:31:13 - [TEST_STEP][PASSED] - startApplication(projectDir + "/SpaceApp/SpaceApp_1.0.34.55_LIVE.apk", true): Started application: 'C:\Users\Elite66\git\Space-Visual\SpaceApp\SpaceApp_1.0.34.55_LIVE.apk'

12-09-2024T15:31:13 - [MESSAGE][INFO] - Starting application: 'C:\Users\Elite66\git\Space-Visual\SpaceApp\SpaceApp_1.0.34.55_LIVE.apk'

12-09-2024T15:31:24 - [MESSAGE][PASSED] - Started application: 'C:\Users\Elite66\git\Space-Visual\SpaceApp\SpaceApp_1.0.34.55_LIVE.apk'

12-09-2024T15:31:24 - [TEST_STEP][PASSED] - delay(5): Delayed 5 second(s)

12-09-2024T15:31:29 - [MESSAGE][PASSED] - Delayed 5 second(s)

12-09-2024T15:31:29 - [TEST_STEP][PASSED] - tap(findTestObject("Object Repository/LoginRepo/click button"), 0): Tapped on element 'Object Repository/LoginRepo/click button'

12-09-2024T15:31:29 - [MESSAGE][WARNING] - Timeout '0' is invalid. Using default page load timeout: '5'

12-09-2024T15:31:31 - [MESSAGE][PASSED] - Tapped on element 'Object Repository/LoginRepo/click button'

12-09-2024T15:31:31 - [TEST_STEP][PASSED] - setText(findTestObject("Object Repository/LoginRepo/Enter id"), "m3903", 0): Text 'm3903' has been set to element 'Object Repository/LoginRepo/Enter id'

12-09-2024T15:31:31 - [MESSAGE][WARNING] - Timeout '0' is invalid. Using default page load timeout: '5'

12-09-2024T15:31:32 - [MESSAGE][PASSED] - Text 'm3903' has been set to element 'Object Repository/LoginRepo/Enter id'

12-09-2024T15:31:32 - [TEST_STEP][PASSED] - setText(findTestObject("Object Repository/LoginRepo/Enter pass"), "Nirav@789", 0): Text 'Nirav@789' has been set to element 'Object Repository/LoginRepo/Enter pass'

12-09-2024T15:31:32 - [MESSAGE][WARNING] - Timeout '0' is invalid. Using default page load timeout: '5'

12-09-2024T15:31:33 - [MESSAGE][PASSED] - Text 'Nirav@789' has been set to element 'Object Repository/LoginRepo/Enter pass'

12-09-2024T15:31:33 - [TEST_STEP][PASSED] - tap(findTestObject("Object Repository/LoginRepo/click login"), 0): Tapped on element 'Object Repository/LoginRepo/click login'

12-09-2024T15:31:33 - [MESSAGE][WARNING] - Timeout '0' is invalid. Using default page load timeout: '5'

12-09-2024T15:31:35 - [MESSAGE][PASSED] - Tapped on element 'Object Repository/LoginRepo/click login'

12-09-2024T15:31:35 - [TEST_STEP][PASSED] - tap(findTestObject("Object Repository/LoginRepo/Enter Pin"), 0): Tapped on element 'Object Repository/LoginRepo/Enter Pin'

12-09-2024T15:31:35 - [MESSAGE][WARNING] - Timeout '0' is invalid. Using default page load timeout: '5'

12-09-2024T15:31:35 - [MESSAGE][PASSED] - Tapped on element 'Object Repository/LoginRepo/Enter Pin'

12-09-2024T15:31:35 - [TEST_STEP][PASSED] - setText(findTestObject("Object Repository/LoginRepo/Enter Pin"), "1234", 0): Text '1234' has been set to element 'Object Repository/LoginRepo/Enter Pin'

12-09-2024T15:31:35 - [MESSAGE][WARNING] - Timeout '0' is invalid. Using default page load timeout: '5'

12-09-2024T15:31:37 - [MESSAGE][PASSED] - Text '1234' has been set to element 'Object Repository/LoginRepo/Enter Pin'

12-09-2024T15:31:37 - [MESSAGE][PASSED] - Call Test Case 'Test Cases/Login/Login' successfully

12-09-2024T15:31:37 - [TEST_STEP][PASSED] - tap(findTestObject("Object Repository/LoginRepo/Report Click"), 0): Tapped on element 'Object Repository/LoginRepo/Report Click'

12-09-2024T15:31:37 - [MESSAGE][WARNING] - Timeout '0' is invalid. Using default page load timeout: '5'

12-09-2024T15:31:39 - [MESSAGE][PASSED] - Tapped on element 'Object Repository/LoginRepo/Report Click'

12-09-2024T15:31:39 - [TEST_STEP][PASSED] - tap(findTestObject("Object Repository/LoginRepo/Ledger Click"), 0, CONTINUE_ON_FAILURE): Tapped on element 'Object Repository/LoginRepo/Ledger Click'

12-09-2024T15:31:39 - [MESSAGE][WARNING] - Timeout '0' is invalid. Using default page load timeout: '5'

12-09-2024T15:31:40 - [MESSAGE][PASSED] - Tapped on element 'Object Repository/LoginRepo/Ledger Click'

12-09-2024T15:31:40 - [TEST_STEP][PASSED] - tap(findTestObject("Object Repository/LoginRepo/Segment Click"), 0): Tapped on element 'Object Repository/LoginRepo/Segment Click'

12-09-2024T15:31:40 - [MESSAGE][WARNING] - Timeout '0' is invalid. Using default page load timeout: '5'

12-09-2024T15:31:40 - [MESSAGE][PASSED] - Tapped on element 'Object Repository/LoginRepo/Segment Click'

12-09-2024T15:31:40 - [TEST_STEP][PASSED] - tap(findTestObject("Object Repository/LoginRepo/Future Report"), 0): Tapped on element 'Object Repository/LoginRepo/Future Report'

12-09-2024T15:31:40 - [MESSAGE][WARNING] - Timeout '0' is invalid. Using default page load timeout: '5'

12-09-2024T15:31:42 - [MESSAGE][PASSED] - Tapped on element 'Object Repository/LoginRepo/Future Report'

12-09-2024T15:31:42 - [TEST_STEP][PASSED] - tap(findTestObject("Object Repository/LoginRepo/View Ledger"), 0, CONTINUE_ON_FAILURE): Tapped on element 'Object Repository/LoginRepo/View Ledger'

12-09-2024T15:31:42 - [MESSAGE][WARNING] - Timeout '0' is invalid. Using default page load timeout: '5'

12-09-2024T15:31:43 - [MESSAGE][PASSED] - Tapped on element 'Object Repository/LoginRepo/View Ledger'

12-09-2024T15:31:43 - [TEST_STEP][FAILED] - getText(findTestObject("Object Repository/LoginRepo/Wait-Element Identify"), 0): Failed to get text from element (Root cause: com.kms.katalon.core.exception.StepFailedException: Failed to get text from element
	at com.kms.katalon.core.mobile.keyword.internal.MobileKeywordMain.stepFailed(MobileKeywordMain.groovy:38)
	at com.kms.katalon.core.mobile.keyword.internal.MobileKeywordMain.runKeyword(MobileKeywordMain.groovy:21)
	at com.kms.katalon.core.mobile.keyword.builtin.GetTextKeyword.getText(GetTextKeyword.groovy:51)
	at com.kms.katalon.core.mobile.keyword.builtin.GetTextKeyword.execute(GetTextKeyword.groovy:35)
	at com.kms.katalon.core.keyword.internal.KeywordExecutor.executeKeywordForPlatform(KeywordExecutor.groovy:74)
	at com.kms.katalon.core.mobile.keyword.MobileBuiltInKeywords.getText(MobileBuiltInKeywords.groovy:1274)
	at View Ledger Future 2024-25.run(View Ledger Future 2024-25:33)
	at com.kms.katalon.core.main.ScriptEngine.run(ScriptEngine.java:194)
	at com.kms.katalon.core.main.ScriptEngine.runScriptAsRawText(ScriptEngine.java:119)
	at com.kms.katalon.core.main.TestCaseExecutor.runScript(TestCaseExecutor.java:448)
	at com.kms.katalon.core.main.TestCaseExecutor.doExecute(TestCaseExecutor.java:439)
	at com.kms.katalon.core.main.TestCaseExecutor.processExecutionPhase(TestCaseExecutor.java:418)
	at com.kms.katalon.core.main.TestCaseExecutor.accessMainPhase(TestCaseExecutor.java:410)
	at com.kms.katalon.core.main.TestCaseExecutor.execute(TestCaseExecutor.java:285)
	at com.kms.katalon.core.common.CommonExecutor.accessTestCaseMainPhase(CommonExecutor.java:65)
	at com.kms.katalon.core.main.TestSuiteExecutor.accessTestSuiteMainPhase(TestSuiteExecutor.java:150)
	at com.kms.katalon.core.main.TestSuiteExecutor.execute(TestSuiteExecutor.java:106)
	at com.kms.katalon.core.main.TestCaseMain.startTestSuite(TestCaseMain.java:180)
	at TempTestSuite1726135123204.run(TempTestSuite1726135123204.groovy:35)
	at java.base/jdk.internal.reflect.NativeMethodAccessorImpl.invoke0(Native Method)
	at java.base/jdk.internal.reflect.NativeMethodAccessorImpl.invoke(NativeMethodAccessorImpl.java:77)
	at java.base/jdk.internal.reflect.DelegatingMethodAccessorImpl.invoke(DelegatingMethodAccessorImpl.java:43)
Caused by: com.kms.katalon.core.exception.StepFailedException: Object Object Repository/LoginRepo/Wait-Element Identify not found
	at com.kms.katalon.core.mobile.keyword.internal.MobileKeywordMain.stepFailed(MobileKeywordMain.groovy:38)
	at com.kms.katalon.core.mobile.keyword.builtin.GetTextKeyword$_getText_closure1.doCall(GetTextKeyword.groovy:45)
	at com.kms.katalon.core.mobile.keyword.builtin.GetTextKeyword$_getText_closure1.call(GetTextKeyword.groovy)
	at com.kms.katalon.core.mobile.keyword.internal.MobileKeywordMain.runKeyword(MobileKeywordMain.groovy:19)
	... 20 more
)

12-09-2024T15:31:43 - [MESSAGE][WARNING] - Timeout '0' is invalid. Using default page load timeout: '5'

12-09-2024T15:31:48 - [MESSAGE][FAILED] - Object Object Repository/LoginRepo/Wait-Element Identify not found (Root cause: com.kms.katalon.core.exception.StepFailedException: Object Object Repository/LoginRepo/Wait-Element Identify not found
	at com.kms.katalon.core.mobile.keyword.internal.MobileKeywordMain.stepFailed(MobileKeywordMain.groovy:38)
	at com.kms.katalon.core.mobile.keyword.builtin.GetTextKeyword$_getText_closure1.doCall(GetTextKeyword.groovy:45)
	at com.kms.katalon.core.mobile.keyword.builtin.GetTextKeyword$_getText_closure1.call(GetTextKeyword.groovy)
	at com.kms.katalon.core.mobile.keyword.internal.MobileKeywordMain.runKeyword(MobileKeywordMain.groovy:19)
	at com.kms.katalon.core.mobile.keyword.builtin.GetTextKeyword.getText(GetTextKeyword.groovy:51)
	at com.kms.katalon.core.mobile.keyword.builtin.GetTextKeyword.execute(GetTextKeyword.groovy:35)
	at com.kms.katalon.core.keyword.internal.KeywordExecutor.executeKeywordForPlatform(KeywordExecutor.groovy:74)
	at com.kms.katalon.core.mobile.keyword.MobileBuiltInKeywords.getText(MobileBuiltInKeywords.groovy:1274)
	at View Ledger Future 2024-25.run(View Ledger Future 2024-25:33)
	at com.kms.katalon.core.main.ScriptEngine.run(ScriptEngine.java:194)
	at com.kms.katalon.core.main.ScriptEngine.runScriptAsRawText(ScriptEngine.java:119)
	at com.kms.katalon.core.main.TestCaseExecutor.runScript(TestCaseExecutor.java:448)
	at com.kms.katalon.core.main.TestCaseExecutor.doExecute(TestCaseExecutor.java:439)
	at com.kms.katalon.core.main.TestCaseExecutor.processExecutionPhase(TestCaseExecutor.java:418)
	at com.kms.katalon.core.main.TestCaseExecutor.accessMainPhase(TestCaseExecutor.java:410)
	at com.kms.katalon.core.main.TestCaseExecutor.execute(TestCaseExecutor.java:285)
	at com.kms.katalon.core.common.CommonExecutor.accessTestCaseMainPhase(CommonExecutor.java:65)
	at com.kms.katalon.core.main.TestSuiteExecutor.accessTestSuiteMainPhase(TestSuiteExecutor.java:150)
	at com.kms.katalon.core.main.TestSuiteExecutor.execute(TestSuiteExecutor.java:106)
	at com.kms.katalon.core.main.TestCaseMain.startTestSuite(TestCaseMain.java:180)
	at TempTestSuite1726135123204.run(TempTestSuite1726135123204.groovy:35)
	at java.base/jdk.internal.reflect.NativeMethodAccessorImpl.invoke0(Native Method)
	at java.base/jdk.internal.reflect.NativeMethodAccessorImpl.invoke(NativeMethodAccessorImpl.java:77)
	at java.base/jdk.internal.reflect.DelegatingMethodAccessorImpl.invoke(DelegatingMethodAccessorImpl.java:43)
)
[[ATTACHMENT|C:\\Users\\Elite66\\git\\Space-Visual\\Reports\\20240912_152843\\5 Sec\\20240912_152843\\1726135308217.png]]

12-09-2024T15:31:48 - [MESSAGE][FAILED] - Failed to get text from element (Root cause: com.kms.katalon.core.exception.StepFailedException: Failed to get text from element
	at com.kms.katalon.core.mobile.keyword.internal.MobileKeywordMain.stepFailed(MobileKeywordMain.groovy:38)
	at com.kms.katalon.core.mobile.keyword.internal.MobileKeywordMain.runKeyword(MobileKeywordMain.groovy:21)
	at com.kms.katalon.core.mobile.keyword.builtin.GetTextKeyword.getText(GetTextKeyword.groovy:51)
	at com.kms.katalon.core.mobile.keyword.builtin.GetTextKeyword.execute(GetTextKeyword.groovy:35)
	at com.kms.katalon.core.keyword.internal.KeywordExecutor.executeKeywordForPlatform(KeywordExecutor.groovy:74)
	at com.kms.katalon.core.mobile.keyword.MobileBuiltInKeywords.getText(MobileBuiltInKeywords.groovy:1274)
	at View Ledger Future 2024-25.run(View Ledger Future 2024-25:33)
	at com.kms.katalon.core.main.ScriptEngine.run(ScriptEngine.java:194)
	at com.kms.katalon.core.main.ScriptEngine.runScriptAsRawText(ScriptEngine.java:119)
	at com.kms.katalon.core.main.TestCaseExecutor.runScript(TestCaseExecutor.java:448)
	at com.kms.katalon.core.main.TestCaseExecutor.doExecute(TestCaseExecutor.java:439)
	at com.kms.katalon.core.main.TestCaseExecutor.processExecutionPhase(TestCaseExecutor.java:418)
	at com.kms.katalon.core.main.TestCaseExecutor.accessMainPhase(TestCaseExecutor.java:410)
	at com.kms.katalon.core.main.TestCaseExecutor.execute(TestCaseExecutor.java:285)
	at com.kms.katalon.core.common.CommonExecutor.accessTestCaseMainPhase(CommonExecutor.java:65)
	at com.kms.katalon.core.main.TestSuiteExecutor.accessTestSuiteMainPhase(TestSuiteExecutor.java:150)
	at com.kms.katalon.core.main.TestSuiteExecutor.execute(TestSuiteExecutor.java:106)
	at com.kms.katalon.core.main.TestCaseMain.startTestSuite(TestCaseMain.java:180)
	at TempTestSuite1726135123204.run(TempTestSuite1726135123204.groovy:35)
	at java.base/jdk.internal.reflect.NativeMethodAccessorImpl.invoke0(Native Method)
	at java.base/jdk.internal.reflect.NativeMethodAccessorImpl.invoke(NativeMethodAccessorImpl.java:77)
	at java.base/jdk.internal.reflect.DelegatingMethodAccessorImpl.invoke(DelegatingMethodAccessorImpl.java:43)
Caused by: com.kms.katalon.core.exception.StepFailedException: Object Object Repository/LoginRepo/Wait-Element Identify not found
	at com.kms.katalon.core.mobile.keyword.internal.MobileKeywordMain.stepFailed(MobileKeywordMain.groovy:38)
	at com.kms.katalon.core.mobile.keyword.builtin.GetTextKeyword$_getText_closure1.doCall(GetTextKeyword.groovy:45)
	at com.kms.katalon.core.mobile.keyword.builtin.GetTextKeyword$_getText_closure1.call(GetTextKeyword.groovy)
	at com.kms.katalon.core.mobile.keyword.internal.MobileKeywordMain.runKeyword(MobileKeywordMain.groovy:19)
	... 20 more
)
[[ATTACHMENT|C:\\Users\\Elite66\\git\\Space-Visual\\Reports\\20240912_152843\\5 Sec\\20240912_152843\\1726135308713.png]]]]></system-out>
         <system-err><![CDATA[12-09-2024T15:31:13 - [TEST_CASE][FAILED] - Test Cases/Ledger Report/View Ledger Future 2024-25: Test Cases/Ledger Report/View Ledger Future 2024-25 FAILED.
Reason:
com.kms.katalon.core.exception.StepFailedException: Failed to get text from element
	at com.kms.katalon.core.mobile.keyword.internal.MobileKeywordMain.stepFailed(MobileKeywordMain.groovy:38)
	at com.kms.katalon.core.mobile.keyword.internal.MobileKeywordMain.runKeyword(MobileKeywordMain.groovy:21)
	at com.kms.katalon.core.mobile.keyword.builtin.GetTextKeyword.getText(GetTextKeyword.groovy:51)
	at com.kms.katalon.core.mobile.keyword.builtin.GetTextKeyword.execute(GetTextKeyword.groovy:35)
	at com.kms.katalon.core.keyword.internal.KeywordExecutor.executeKeywordForPlatform(KeywordExecutor.groovy:74)
	at com.kms.katalon.core.mobile.keyword.MobileBuiltInKeywords.getText(MobileBuiltInKeywords.groovy:1274)
	at View Ledger Future 2024-25.run(View Ledger Future 2024-25:33)
	at com.kms.katalon.core.main.ScriptEngine.run(ScriptEngine.java:194)
	at com.kms.katalon.core.main.ScriptEngine.runScriptAsRawText(ScriptEngine.java:119)
	at com.kms.katalon.core.main.TestCaseExecutor.runScript(TestCaseExecutor.java:448)
	at com.kms.katalon.core.main.TestCaseExecutor.doExecute(TestCaseExecutor.java:439)
	at com.kms.katalon.core.main.TestCaseExecutor.processExecutionPhase(TestCaseExecutor.java:418)
	at com.kms.katalon.core.main.TestCaseExecutor.accessMainPhase(TestCaseExecutor.java:410)
	at com.kms.katalon.core.main.TestCaseExecutor.execute(TestCaseExecutor.java:285)
	at com.kms.katalon.core.common.CommonExecutor.accessTestCaseMainPhase(CommonExecutor.java:65)
	at com.kms.katalon.core.main.TestSuiteExecutor.accessTestSuiteMainPhase(TestSuiteExecutor.java:150)
	at com.kms.katalon.core.main.TestSuiteExecutor.execute(TestSuiteExecutor.java:106)
	at com.kms.katalon.core.main.TestCaseMain.startTestSuite(TestCaseMain.java:180)
	at TempTestSuite1726135123204.run(TempTestSuite1726135123204.groovy:35)
	at java.base/jdk.internal.reflect.NativeMethodAccessorImpl.invoke0(Native Method)
	at java.base/jdk.internal.reflect.NativeMethodAccessorImpl.invoke(NativeMethodAccessorImpl.java:77)
	at java.base/jdk.internal.reflect.DelegatingMethodAccessorImpl.invoke(DelegatingMethodAccessorImpl.java:43)
Caused by: com.kms.katalon.core.exception.StepFailedException: Object Object Repository/LoginRepo/Wait-Element Identify not found
	at com.kms.katalon.core.mobile.keyword.internal.MobileKeywordMain.stepFailed(MobileKeywordMain.groovy:38)
	at com.kms.katalon.core.mobile.keyword.builtin.GetTextKeyword$_getText_closure1.doCall(GetTextKeyword.groovy:45)
	at com.kms.katalon.core.mobile.keyword.builtin.GetTextKeyword$_getText_closure1.call(GetTextKeyword.groovy)
	at com.kms.katalon.core.mobile.keyword.internal.MobileKeywordMain.runKeyword(MobileKeywordMain.groovy:19)
	... 20 more]]></system-err>
      </testcase>
      <testcase name="Test Cases/Ledger Report/View Ledger Report 2024-25" time="34.995" classname="Test Cases/Ledger Report/View Ledger Report 2024-25" status="FAILED">
         <failure type="FAILED" message="Test Cases/Ledger Report/View Ledger Report 2024-25 FAILED.&#xa;Reason:&#xa;com.kms.katalon.core.exception.StepFailedException: Failed to get text from element&#xa;	at com.kms.katalon.core.mobile.keyword.internal.MobileKeywordMain.stepFailed(MobileKeywordMain.groovy:38)&#xa;	at com.kms.katalon.core.mobile.keyword.internal.MobileKeywordMain.runKeyword(MobileKeywordMain.groovy:21)&#xa;	at com.kms.katalon.core.mobile.keyword.builtin.GetTextKeyword.getText(GetTextKeyword.groovy:51)&#xa;	at com.kms.katalon.core.mobile.keyword.builtin.GetTextKeyword.execute(GetTextKeyword.groovy:35)&#xa;	at com.kms.katalon.core.keyword.internal.KeywordExecutor.executeKeywordForPlatform(KeywordExecutor.groovy:74)&#xa;	at com.kms.katalon.core.mobile.keyword.MobileBuiltInKeywords.getText(MobileBuiltInKeywords.groovy:1274)&#xa;	at View Ledger Report 2024-25.run(View Ledger Report 2024-25:30)&#xa;	at com.kms.katalon.core.main.ScriptEngine.run(ScriptEngine.java:194)&#xa;	at com.kms.katalon.core.main.ScriptEngine.runScriptAsRawText(ScriptEngine.java:119)&#xa;	at com.kms.katalon.core.main.TestCaseExecutor.runScript(TestCaseExecutor.java:448)&#xa;	at com.kms.katalon.core.main.TestCaseExecutor.doExecute(TestCaseExecutor.java:439)&#xa;	at com.kms.katalon.core.main.TestCaseExecutor.processExecutionPhase(TestCaseExecutor.java:418)&#xa;	at com.kms.katalon.core.main.TestCaseExecutor.accessMainPhase(TestCaseExecutor.java:410)&#xa;	at com.kms.katalon.core.main.TestCaseExecutor.execute(TestCaseExecutor.java:285)&#xa;	at com.kms.katalon.core.common.CommonExecutor.accessTestCaseMainPhase(CommonExecutor.java:65)&#xa;	at com.kms.katalon.core.main.TestSuiteExecutor.accessTestSuiteMainPhase(TestSuiteExecutor.java:150)&#xa;	at com.kms.katalon.core.main.TestSuiteExecutor.execute(TestSuiteExecutor.java:106)&#xa;	at com.kms.katalon.core.main.TestCaseMain.startTestSuite(TestCaseMain.java:180)&#xa;	at TempTestSuite1726135123204.run(TempTestSuite1726135123204.groovy:35)&#xa;	at java.base/jdk.internal.reflect.NativeMethodAccessorImpl.invoke0(Native Method)&#xa;	at java.base/jdk.internal.reflect.NativeMethodAccessorImpl.invoke(NativeMethodAccessorImpl.java:77)&#xa;	at java.base/jdk.internal.reflect.DelegatingMethodAccessorImpl.invoke(DelegatingMethodAccessorImpl.java:43)&#xa;Caused by: com.kms.katalon.core.exception.StepFailedException: Object Object Repository/LoginRepo/Wait-Element Identify not found&#xa;	at com.kms.katalon.core.mobile.keyword.internal.MobileKeywordMain.stepFailed(MobileKeywordMain.groovy:38)&#xa;	at com.kms.katalon.core.mobile.keyword.builtin.GetTextKeyword$_getText_closure1.doCall(GetTextKeyword.groovy:45)&#xa;	at com.kms.katalon.core.mobile.keyword.builtin.GetTextKeyword$_getText_closure1.call(GetTextKeyword.groovy)&#xa;	at com.kms.katalon.core.mobile.keyword.internal.MobileKeywordMain.runKeyword(MobileKeywordMain.groovy:19)&#xa;	... 20 more&#xa;"/>
         <system-out><![CDATA[12-09-2024T15:31:48 - [TEST_CASE][FAILED] - Test Cases/Ledger Report/View Ledger Report 2024-25: Test Cases/Ledger Report/View Ledger Report 2024-25 FAILED.
Reason:
com.kms.katalon.core.exception.StepFailedException: Failed to get text from element
	at com.kms.katalon.core.mobile.keyword.internal.MobileKeywordMain.stepFailed(MobileKeywordMain.groovy:38)
	at com.kms.katalon.core.mobile.keyword.internal.MobileKeywordMain.runKeyword(MobileKeywordMain.groovy:21)
	at com.kms.katalon.core.mobile.keyword.builtin.GetTextKeyword.getText(GetTextKeyword.groovy:51)
	at com.kms.katalon.core.mobile.keyword.builtin.GetTextKeyword.execute(GetTextKeyword.groovy:35)
	at com.kms.katalon.core.keyword.internal.KeywordExecutor.executeKeywordForPlatform(KeywordExecutor.groovy:74)
	at com.kms.katalon.core.mobile.keyword.MobileBuiltInKeywords.getText(MobileBuiltInKeywords.groovy:1274)
	at View Ledger Report 2024-25.run(View Ledger Report 2024-25:30)
	at com.kms.katalon.core.main.ScriptEngine.run(ScriptEngine.java:194)
	at com.kms.katalon.core.main.ScriptEngine.runScriptAsRawText(ScriptEngine.java:119)
	at com.kms.katalon.core.main.TestCaseExecutor.runScript(TestCaseExecutor.java:448)
	at com.kms.katalon.core.main.TestCaseExecutor.doExecute(TestCaseExecutor.java:439)
	at com.kms.katalon.core.main.TestCaseExecutor.processExecutionPhase(TestCaseExecutor.java:418)
	at com.kms.katalon.core.main.TestCaseExecutor.accessMainPhase(TestCaseExecutor.java:410)
	at com.kms.katalon.core.main.TestCaseExecutor.execute(TestCaseExecutor.java:285)
	at com.kms.katalon.core.common.CommonExecutor.accessTestCaseMainPhase(CommonExecutor.java:65)
	at com.kms.katalon.core.main.TestSuiteExecutor.accessTestSuiteMainPhase(TestSuiteExecutor.java:150)
	at com.kms.katalon.core.main.TestSuiteExecutor.execute(TestSuiteExecutor.java:106)
	at com.kms.katalon.core.main.TestCaseMain.startTestSuite(TestCaseMain.java:180)
	at TempTestSuite1726135123204.run(TempTestSuite1726135123204.groovy:35)
	at java.base/jdk.internal.reflect.NativeMethodAccessorImpl.invoke0(Native Method)
	at java.base/jdk.internal.reflect.NativeMethodAccessorImpl.invoke(NativeMethodAccessorImpl.java:77)
	at java.base/jdk.internal.reflect.DelegatingMethodAccessorImpl.invoke(DelegatingMethodAccessorImpl.java:43)
Caused by: com.kms.katalon.core.exception.StepFailedException: Object Object Repository/LoginRepo/Wait-Element Identify not found
	at com.kms.katalon.core.mobile.keyword.internal.MobileKeywordMain.stepFailed(MobileKeywordMain.groovy:38)
	at com.kms.katalon.core.mobile.keyword.builtin.GetTextKeyword$_getText_closure1.doCall(GetTextKeyword.groovy:45)
	at com.kms.katalon.core.mobile.keyword.builtin.GetTextKeyword$_getText_closure1.call(GetTextKeyword.groovy)
	at com.kms.katalon.core.mobile.keyword.internal.MobileKeywordMain.runKeyword(MobileKeywordMain.groovy:19)
	... 20 more


12-09-2024T15:31:49 - [TEST_STEP][PASSED] - callTestCase(findTestCase("Test Cases/Login/Login"), null, STOP_ON_FAILURE): Call Test Case 'Test Cases/Login/Login' successfully

12-09-2024T15:31:49 - [TEST_CASE][PASSED] - Test Cases/Login/Login: Test Cases/Login/Login

12-09-2024T15:31:49 - [TEST_STEP][PASSED] - projectDir = getProjectDir(): null

12-09-2024T15:31:49 - [TEST_STEP][PASSED] - startApplication(projectDir + "/SpaceApp/SpaceApp_1.0.34.55_LIVE.apk", true): Started application: 'C:\Users\Elite66\git\Space-Visual\SpaceApp\SpaceApp_1.0.34.55_LIVE.apk'

12-09-2024T15:31:49 - [MESSAGE][INFO] - Starting application: 'C:\Users\Elite66\git\Space-Visual\SpaceApp\SpaceApp_1.0.34.55_LIVE.apk'

12-09-2024T15:32:00 - [MESSAGE][PASSED] - Started application: 'C:\Users\Elite66\git\Space-Visual\SpaceApp\SpaceApp_1.0.34.55_LIVE.apk'

12-09-2024T15:32:00 - [TEST_STEP][PASSED] - delay(5): Delayed 5 second(s)

12-09-2024T15:32:05 - [MESSAGE][PASSED] - Delayed 5 second(s)

12-09-2024T15:32:05 - [TEST_STEP][PASSED] - tap(findTestObject("Object Repository/LoginRepo/click button"), 0): Tapped on element 'Object Repository/LoginRepo/click button'

12-09-2024T15:32:05 - [MESSAGE][WARNING] - Timeout '0' is invalid. Using default page load timeout: '5'

12-09-2024T15:32:06 - [MESSAGE][PASSED] - Tapped on element 'Object Repository/LoginRepo/click button'

12-09-2024T15:32:06 - [TEST_STEP][PASSED] - setText(findTestObject("Object Repository/LoginRepo/Enter id"), "m3903", 0): Text 'm3903' has been set to element 'Object Repository/LoginRepo/Enter id'

12-09-2024T15:32:06 - [MESSAGE][WARNING] - Timeout '0' is invalid. Using default page load timeout: '5'

12-09-2024T15:32:08 - [MESSAGE][PASSED] - Text 'm3903' has been set to element 'Object Repository/LoginRepo/Enter id'

12-09-2024T15:32:08 - [TEST_STEP][PASSED] - setText(findTestObject("Object Repository/LoginRepo/Enter pass"), "Nirav@789", 0): Text 'Nirav@789' has been set to element 'Object Repository/LoginRepo/Enter pass'

12-09-2024T15:32:08 - [MESSAGE][WARNING] - Timeout '0' is invalid. Using default page load timeout: '5'

12-09-2024T15:32:09 - [MESSAGE][PASSED] - Text 'Nirav@789' has been set to element 'Object Repository/LoginRepo/Enter pass'

12-09-2024T15:32:09 - [TEST_STEP][PASSED] - tap(findTestObject("Object Repository/LoginRepo/click login"), 0): Tapped on element 'Object Repository/LoginRepo/click login'

12-09-2024T15:32:09 - [MESSAGE][WARNING] - Timeout '0' is invalid. Using default page load timeout: '5'

12-09-2024T15:32:11 - [MESSAGE][PASSED] - Tapped on element 'Object Repository/LoginRepo/click login'

12-09-2024T15:32:11 - [TEST_STEP][PASSED] - tap(findTestObject("Object Repository/LoginRepo/Enter Pin"), 0): Tapped on element 'Object Repository/LoginRepo/Enter Pin'

12-09-2024T15:32:11 - [MESSAGE][WARNING] - Timeout '0' is invalid. Using default page load timeout: '5'

12-09-2024T15:32:11 - [MESSAGE][PASSED] - Tapped on element 'Object Repository/LoginRepo/Enter Pin'

12-09-2024T15:32:11 - [TEST_STEP][PASSED] - setText(findTestObject("Object Repository/LoginRepo/Enter Pin"), "1234", 0): Text '1234' has been set to element 'Object Repository/LoginRepo/Enter Pin'

12-09-2024T15:32:11 - [MESSAGE][WARNING] - Timeout '0' is invalid. Using default page load timeout: '5'

12-09-2024T15:32:14 - [MESSAGE][PASSED] - Text '1234' has been set to element 'Object Repository/LoginRepo/Enter Pin'

12-09-2024T15:32:14 - [MESSAGE][PASSED] - Call Test Case 'Test Cases/Login/Login' successfully

12-09-2024T15:32:14 - [TEST_STEP][PASSED] - tap(findTestObject("Object Repository/LoginRepo/Report Click"), 0): Tapped on element 'Object Repository/LoginRepo/Report Click'

12-09-2024T15:32:14 - [MESSAGE][WARNING] - Timeout '0' is invalid. Using default page load timeout: '5'

12-09-2024T15:32:15 - [MESSAGE][PASSED] - Tapped on element 'Object Repository/LoginRepo/Report Click'

12-09-2024T15:32:15 - [TEST_STEP][PASSED] - tap(findTestObject("Object Repository/LoginRepo/Ledger Click"), 0, CONTINUE_ON_FAILURE): Tapped on element 'Object Repository/LoginRepo/Ledger Click'

12-09-2024T15:32:15 - [MESSAGE][WARNING] - Timeout '0' is invalid. Using default page load timeout: '5'

12-09-2024T15:32:17 - [MESSAGE][PASSED] - Tapped on element 'Object Repository/LoginRepo/Ledger Click'

12-09-2024T15:32:17 - [TEST_STEP][PASSED] - tap(findTestObject("Object Repository/LoginRepo/View Ledger"), 0, CONTINUE_ON_FAILURE): Tapped on element 'Object Repository/LoginRepo/View Ledger'

12-09-2024T15:32:17 - [MESSAGE][WARNING] - Timeout '0' is invalid. Using default page load timeout: '5'

12-09-2024T15:32:18 - [MESSAGE][PASSED] - Tapped on element 'Object Repository/LoginRepo/View Ledger'

12-09-2024T15:32:18 - [TEST_STEP][FAILED] - getText(findTestObject("Object Repository/LoginRepo/Wait-Element Identify"), 0): Failed to get text from element (Root cause: com.kms.katalon.core.exception.StepFailedException: Failed to get text from element
	at com.kms.katalon.core.mobile.keyword.internal.MobileKeywordMain.stepFailed(MobileKeywordMain.groovy:38)
	at com.kms.katalon.core.mobile.keyword.internal.MobileKeywordMain.runKeyword(MobileKeywordMain.groovy:21)
	at com.kms.katalon.core.mobile.keyword.builtin.GetTextKeyword.getText(GetTextKeyword.groovy:51)
	at com.kms.katalon.core.mobile.keyword.builtin.GetTextKeyword.execute(GetTextKeyword.groovy:35)
	at com.kms.katalon.core.keyword.internal.KeywordExecutor.executeKeywordForPlatform(KeywordExecutor.groovy:74)
	at com.kms.katalon.core.mobile.keyword.MobileBuiltInKeywords.getText(MobileBuiltInKeywords.groovy:1274)
	at View Ledger Report 2024-25.run(View Ledger Report 2024-25:30)
	at com.kms.katalon.core.main.ScriptEngine.run(ScriptEngine.java:194)
	at com.kms.katalon.core.main.ScriptEngine.runScriptAsRawText(ScriptEngine.java:119)
	at com.kms.katalon.core.main.TestCaseExecutor.runScript(TestCaseExecutor.java:448)
	at com.kms.katalon.core.main.TestCaseExecutor.doExecute(TestCaseExecutor.java:439)
	at com.kms.katalon.core.main.TestCaseExecutor.processExecutionPhase(TestCaseExecutor.java:418)
	at com.kms.katalon.core.main.TestCaseExecutor.accessMainPhase(TestCaseExecutor.java:410)
	at com.kms.katalon.core.main.TestCaseExecutor.execute(TestCaseExecutor.java:285)
	at com.kms.katalon.core.common.CommonExecutor.accessTestCaseMainPhase(CommonExecutor.java:65)
	at com.kms.katalon.core.main.TestSuiteExecutor.accessTestSuiteMainPhase(TestSuiteExecutor.java:150)
	at com.kms.katalon.core.main.TestSuiteExecutor.execute(TestSuiteExecutor.java:106)
	at com.kms.katalon.core.main.TestCaseMain.startTestSuite(TestCaseMain.java:180)
	at TempTestSuite1726135123204.run(TempTestSuite1726135123204.groovy:35)
	at java.base/jdk.internal.reflect.NativeMethodAccessorImpl.invoke0(Native Method)
	at java.base/jdk.internal.reflect.NativeMethodAccessorImpl.invoke(NativeMethodAccessorImpl.java:77)
	at java.base/jdk.internal.reflect.DelegatingMethodAccessorImpl.invoke(DelegatingMethodAccessorImpl.java:43)
Caused by: com.kms.katalon.core.exception.StepFailedException: Object Object Repository/LoginRepo/Wait-Element Identify not found
	at com.kms.katalon.core.mobile.keyword.internal.MobileKeywordMain.stepFailed(MobileKeywordMain.groovy:38)
	at com.kms.katalon.core.mobile.keyword.builtin.GetTextKeyword$_getText_closure1.doCall(GetTextKeyword.groovy:45)
	at com.kms.katalon.core.mobile.keyword.builtin.GetTextKeyword$_getText_closure1.call(GetTextKeyword.groovy)
	at com.kms.katalon.core.mobile.keyword.internal.MobileKeywordMain.runKeyword(MobileKeywordMain.groovy:19)
	... 20 more
)

12-09-2024T15:32:18 - [MESSAGE][WARNING] - Timeout '0' is invalid. Using default page load timeout: '5'

12-09-2024T15:32:23 - [MESSAGE][FAILED] - Object Object Repository/LoginRepo/Wait-Element Identify not found (Root cause: com.kms.katalon.core.exception.StepFailedException: Object Object Repository/LoginRepo/Wait-Element Identify not found
	at com.kms.katalon.core.mobile.keyword.internal.MobileKeywordMain.stepFailed(MobileKeywordMain.groovy:38)
	at com.kms.katalon.core.mobile.keyword.builtin.GetTextKeyword$_getText_closure1.doCall(GetTextKeyword.groovy:45)
	at com.kms.katalon.core.mobile.keyword.builtin.GetTextKeyword$_getText_closure1.call(GetTextKeyword.groovy)
	at com.kms.katalon.core.mobile.keyword.internal.MobileKeywordMain.runKeyword(MobileKeywordMain.groovy:19)
	at com.kms.katalon.core.mobile.keyword.builtin.GetTextKeyword.getText(GetTextKeyword.groovy:51)
	at com.kms.katalon.core.mobile.keyword.builtin.GetTextKeyword.execute(GetTextKeyword.groovy:35)
	at com.kms.katalon.core.keyword.internal.KeywordExecutor.executeKeywordForPlatform(KeywordExecutor.groovy:74)
	at com.kms.katalon.core.mobile.keyword.MobileBuiltInKeywords.getText(MobileBuiltInKeywords.groovy:1274)
	at View Ledger Report 2024-25.run(View Ledger Report 2024-25:30)
	at com.kms.katalon.core.main.ScriptEngine.run(ScriptEngine.java:194)
	at com.kms.katalon.core.main.ScriptEngine.runScriptAsRawText(ScriptEngine.java:119)
	at com.kms.katalon.core.main.TestCaseExecutor.runScript(TestCaseExecutor.java:448)
	at com.kms.katalon.core.main.TestCaseExecutor.doExecute(TestCaseExecutor.java:439)
	at com.kms.katalon.core.main.TestCaseExecutor.processExecutionPhase(TestCaseExecutor.java:418)
	at com.kms.katalon.core.main.TestCaseExecutor.accessMainPhase(TestCaseExecutor.java:410)
	at com.kms.katalon.core.main.TestCaseExecutor.execute(TestCaseExecutor.java:285)
	at com.kms.katalon.core.common.CommonExecutor.accessTestCaseMainPhase(CommonExecutor.java:65)
	at com.kms.katalon.core.main.TestSuiteExecutor.accessTestSuiteMainPhase(TestSuiteExecutor.java:150)
	at com.kms.katalon.core.main.TestSuiteExecutor.execute(TestSuiteExecutor.java:106)
	at com.kms.katalon.core.main.TestCaseMain.startTestSuite(TestCaseMain.java:180)
	at TempTestSuite1726135123204.run(TempTestSuite1726135123204.groovy:35)
	at java.base/jdk.internal.reflect.NativeMethodAccessorImpl.invoke0(Native Method)
	at java.base/jdk.internal.reflect.NativeMethodAccessorImpl.invoke(NativeMethodAccessorImpl.java:77)
	at java.base/jdk.internal.reflect.DelegatingMethodAccessorImpl.invoke(DelegatingMethodAccessorImpl.java:43)
)
[[ATTACHMENT|C:\\Users\\Elite66\\git\\Space-Visual\\Reports\\20240912_152843\\5 Sec\\20240912_152843\\1726135343360.png]]

12-09-2024T15:32:23 - [MESSAGE][FAILED] - Failed to get text from element (Root cause: com.kms.katalon.core.exception.StepFailedException: Failed to get text from element
	at com.kms.katalon.core.mobile.keyword.internal.MobileKeywordMain.stepFailed(MobileKeywordMain.groovy:38)
	at com.kms.katalon.core.mobile.keyword.internal.MobileKeywordMain.runKeyword(MobileKeywordMain.groovy:21)
	at com.kms.katalon.core.mobile.keyword.builtin.GetTextKeyword.getText(GetTextKeyword.groovy:51)
	at com.kms.katalon.core.mobile.keyword.builtin.GetTextKeyword.execute(GetTextKeyword.groovy:35)
	at com.kms.katalon.core.keyword.internal.KeywordExecutor.executeKeywordForPlatform(KeywordExecutor.groovy:74)
	at com.kms.katalon.core.mobile.keyword.MobileBuiltInKeywords.getText(MobileBuiltInKeywords.groovy:1274)
	at View Ledger Report 2024-25.run(View Ledger Report 2024-25:30)
	at com.kms.katalon.core.main.ScriptEngine.run(ScriptEngine.java:194)
	at com.kms.katalon.core.main.ScriptEngine.runScriptAsRawText(ScriptEngine.java:119)
	at com.kms.katalon.core.main.TestCaseExecutor.runScript(TestCaseExecutor.java:448)
	at com.kms.katalon.core.main.TestCaseExecutor.doExecute(TestCaseExecutor.java:439)
	at com.kms.katalon.core.main.TestCaseExecutor.processExecutionPhase(TestCaseExecutor.java:418)
	at com.kms.katalon.core.main.TestCaseExecutor.accessMainPhase(TestCaseExecutor.java:410)
	at com.kms.katalon.core.main.TestCaseExecutor.execute(TestCaseExecutor.java:285)
	at com.kms.katalon.core.common.CommonExecutor.accessTestCaseMainPhase(CommonExecutor.java:65)
	at com.kms.katalon.core.main.TestSuiteExecutor.accessTestSuiteMainPhase(TestSuiteExecutor.java:150)
	at com.kms.katalon.core.main.TestSuiteExecutor.execute(TestSuiteExecutor.java:106)
	at com.kms.katalon.core.main.TestCaseMain.startTestSuite(TestCaseMain.java:180)
	at TempTestSuite1726135123204.run(TempTestSuite1726135123204.groovy:35)
	at java.base/jdk.internal.reflect.NativeMethodAccessorImpl.invoke0(Native Method)
	at java.base/jdk.internal.reflect.NativeMethodAccessorImpl.invoke(NativeMethodAccessorImpl.java:77)
	at java.base/jdk.internal.reflect.DelegatingMethodAccessorImpl.invoke(DelegatingMethodAccessorImpl.java:43)
Caused by: com.kms.katalon.core.exception.StepFailedException: Object Object Repository/LoginRepo/Wait-Element Identify not found
	at com.kms.katalon.core.mobile.keyword.internal.MobileKeywordMain.stepFailed(MobileKeywordMain.groovy:38)
	at com.kms.katalon.core.mobile.keyword.builtin.GetTextKeyword$_getText_closure1.doCall(GetTextKeyword.groovy:45)
	at com.kms.katalon.core.mobile.keyword.builtin.GetTextKeyword$_getText_closure1.call(GetTextKeyword.groovy)
	at com.kms.katalon.core.mobile.keyword.internal.MobileKeywordMain.runKeyword(MobileKeywordMain.groovy:19)
	... 20 more
)
[[ATTACHMENT|C:\\Users\\Elite66\\git\\Space-Visual\\Reports\\20240912_152843\\5 Sec\\20240912_152843\\1726135343708.png]]]]></system-out>
         <system-err><![CDATA[12-09-2024T15:31:48 - [TEST_CASE][FAILED] - Test Cases/Ledger Report/View Ledger Report 2024-25: Test Cases/Ledger Report/View Ledger Report 2024-25 FAILED.
Reason:
com.kms.katalon.core.exception.StepFailedException: Failed to get text from element
	at com.kms.katalon.core.mobile.keyword.internal.MobileKeywordMain.stepFailed(MobileKeywordMain.groovy:38)
	at com.kms.katalon.core.mobile.keyword.internal.MobileKeywordMain.runKeyword(MobileKeywordMain.groovy:21)
	at com.kms.katalon.core.mobile.keyword.builtin.GetTextKeyword.getText(GetTextKeyword.groovy:51)
	at com.kms.katalon.core.mobile.keyword.builtin.GetTextKeyword.execute(GetTextKeyword.groovy:35)
	at com.kms.katalon.core.keyword.internal.KeywordExecutor.executeKeywordForPlatform(KeywordExecutor.groovy:74)
	at com.kms.katalon.core.mobile.keyword.MobileBuiltInKeywords.getText(MobileBuiltInKeywords.groovy:1274)
	at View Ledger Report 2024-25.run(View Ledger Report 2024-25:30)
	at com.kms.katalon.core.main.ScriptEngine.run(ScriptEngine.java:194)
	at com.kms.katalon.core.main.ScriptEngine.runScriptAsRawText(ScriptEngine.java:119)
	at com.kms.katalon.core.main.TestCaseExecutor.runScript(TestCaseExecutor.java:448)
	at com.kms.katalon.core.main.TestCaseExecutor.doExecute(TestCaseExecutor.java:439)
	at com.kms.katalon.core.main.TestCaseExecutor.processExecutionPhase(TestCaseExecutor.java:418)
	at com.kms.katalon.core.main.TestCaseExecutor.accessMainPhase(TestCaseExecutor.java:410)
	at com.kms.katalon.core.main.TestCaseExecutor.execute(TestCaseExecutor.java:285)
	at com.kms.katalon.core.common.CommonExecutor.accessTestCaseMainPhase(CommonExecutor.java:65)
	at com.kms.katalon.core.main.TestSuiteExecutor.accessTestSuiteMainPhase(TestSuiteExecutor.java:150)
	at com.kms.katalon.core.main.TestSuiteExecutor.execute(TestSuiteExecutor.java:106)
	at com.kms.katalon.core.main.TestCaseMain.startTestSuite(TestCaseMain.java:180)
	at TempTestSuite1726135123204.run(TempTestSuite1726135123204.groovy:35)
	at java.base/jdk.internal.reflect.NativeMethodAccessorImpl.invoke0(Native Method)
	at java.base/jdk.internal.reflect.NativeMethodAccessorImpl.invoke(NativeMethodAccessorImpl.java:77)
	at java.base/jdk.internal.reflect.DelegatingMethodAccessorImpl.invoke(DelegatingMethodAccessorImpl.java:43)
Caused by: com.kms.katalon.core.exception.StepFailedException: Object Object Repository/LoginRepo/Wait-Element Identify not found
	at com.kms.katalon.core.mobile.keyword.internal.MobileKeywordMain.stepFailed(MobileKeywordMain.groovy:38)
	at com.kms.katalon.core.mobile.keyword.builtin.GetTextKeyword$_getText_closure1.doCall(GetTextKeyword.groovy:45)
	at com.kms.katalon.core.mobile.keyword.builtin.GetTextKeyword$_getText_closure1.call(GetTextKeyword.groovy)
	at com.kms.katalon.core.mobile.keyword.internal.MobileKeywordMain.runKeyword(MobileKeywordMain.groovy:19)
	... 20 more]]></system-err>
      </testcase>
      <testcase name="Test Cases/Trade log/View Trade 2024-25" time="33.898" classname="Test Cases/Trade log/View Trade 2024-25" status="FAILED">
         <failure type="FAILED" message="Test Cases/Trade log/View Trade 2024-25 FAILED.&#xa;Reason:&#xa;com.kms.katalon.core.exception.StepFailedException: Failed to tap on element 'Object Repository/LoginRepo/Ledger-ToastMsg'&#xa;	at com.kms.katalon.core.mobile.keyword.internal.MobileKeywordMain.stepFailed(MobileKeywordMain.groovy:38)&#xa;	at com.kms.katalon.core.mobile.keyword.internal.MobileKeywordMain.runKeyword(MobileKeywordMain.groovy:21)&#xa;	at com.kms.katalon.core.mobile.keyword.builtin.TapKeyword.tap(TapKeyword.groovy:51)&#xa;	at com.kms.katalon.core.mobile.keyword.builtin.TapKeyword.execute(TapKeyword.groovy:35)&#xa;	at com.kms.katalon.core.keyword.internal.KeywordExecutor.executeKeywordForPlatform(KeywordExecutor.groovy:74)&#xa;	at com.kms.katalon.core.mobile.keyword.MobileBuiltInKeywords.tap(MobileBuiltInKeywords.groovy:1490)&#xa;	at View Trade 2024-25.run(View Trade 2024-25:32)&#xa;	at com.kms.katalon.core.main.ScriptEngine.run(ScriptEngine.java:194)&#xa;	at com.kms.katalon.core.main.ScriptEngine.runScriptAsRawText(ScriptEngine.java:119)&#xa;	at com.kms.katalon.core.main.TestCaseExecutor.runScript(TestCaseExecutor.java:448)&#xa;	at com.kms.katalon.core.main.TestCaseExecutor.doExecute(TestCaseExecutor.java:439)&#xa;	at com.kms.katalon.core.main.TestCaseExecutor.processExecutionPhase(TestCaseExecutor.java:418)&#xa;	at com.kms.katalon.core.main.TestCaseExecutor.accessMainPhase(TestCaseExecutor.java:410)&#xa;	at com.kms.katalon.core.main.TestCaseExecutor.execute(TestCaseExecutor.java:285)&#xa;	at com.kms.katalon.core.common.CommonExecutor.accessTestCaseMainPhase(CommonExecutor.java:65)&#xa;	at com.kms.katalon.core.main.TestSuiteExecutor.accessTestSuiteMainPhase(TestSuiteExecutor.java:150)&#xa;	at com.kms.katalon.core.main.TestSuiteExecutor.execute(TestSuiteExecutor.java:106)&#xa;	at com.kms.katalon.core.main.TestCaseMain.startTestSuite(TestCaseMain.java:180)&#xa;	at TempTestSuite1726135123204.run(TempTestSuite1726135123204.groovy:35)&#xa;	at java.base/jdk.internal.reflect.NativeMethodAccessorImpl.invoke0(Native Method)&#xa;	at java.base/jdk.internal.reflect.NativeMethodAccessorImpl.invoke(NativeMethodAccessorImpl.java:77)&#xa;	at java.base/jdk.internal.reflect.DelegatingMethodAccessorImpl.invoke(DelegatingMethodAccessorImpl.java:43)&#xa;Caused by: com.kms.katalon.core.exception.StepFailedException: Object Object Repository/LoginRepo/Ledger-ToastMsg not found&#xa;	at com.kms.katalon.core.mobile.keyword.internal.MobileKeywordMain.stepFailed(MobileKeywordMain.groovy:38)&#xa;	at com.kms.katalon.core.mobile.keyword.builtin.TapKeyword$_tap_closure1.doCall(TapKeyword.groovy:46)&#xa;	at com.kms.katalon.core.mobile.keyword.builtin.TapKeyword$_tap_closure1.call(TapKeyword.groovy)&#xa;	at com.kms.katalon.core.mobile.keyword.internal.MobileKeywordMain.runKeyword(MobileKeywordMain.groovy:19)&#xa;	... 20 more&#xa;"/>
         <system-out><![CDATA[12-09-2024T15:32:23 - [TEST_CASE][FAILED] - Test Cases/Trade log/View Trade 2024-25: Test Cases/Trade log/View Trade 2024-25 FAILED.
Reason:
com.kms.katalon.core.exception.StepFailedException: Failed to tap on element 'Object Repository/LoginRepo/Ledger-ToastMsg'
	at com.kms.katalon.core.mobile.keyword.internal.MobileKeywordMain.stepFailed(MobileKeywordMain.groovy:38)
	at com.kms.katalon.core.mobile.keyword.internal.MobileKeywordMain.runKeyword(MobileKeywordMain.groovy:21)
	at com.kms.katalon.core.mobile.keyword.builtin.TapKeyword.tap(TapKeyword.groovy:51)
	at com.kms.katalon.core.mobile.keyword.builtin.TapKeyword.execute(TapKeyword.groovy:35)
	at com.kms.katalon.core.keyword.internal.KeywordExecutor.executeKeywordForPlatform(KeywordExecutor.groovy:74)
	at com.kms.katalon.core.mobile.keyword.MobileBuiltInKeywords.tap(MobileBuiltInKeywords.groovy:1490)
	at View Trade 2024-25.run(View Trade 2024-25:32)
	at com.kms.katalon.core.main.ScriptEngine.run(ScriptEngine.java:194)
	at com.kms.katalon.core.main.ScriptEngine.runScriptAsRawText(ScriptEngine.java:119)
	at com.kms.katalon.core.main.TestCaseExecutor.runScript(TestCaseExecutor.java:448)
	at com.kms.katalon.core.main.TestCaseExecutor.doExecute(TestCaseExecutor.java:439)
	at com.kms.katalon.core.main.TestCaseExecutor.processExecutionPhase(TestCaseExecutor.java:418)
	at com.kms.katalon.core.main.TestCaseExecutor.accessMainPhase(TestCaseExecutor.java:410)
	at com.kms.katalon.core.main.TestCaseExecutor.execute(TestCaseExecutor.java:285)
	at com.kms.katalon.core.common.CommonExecutor.accessTestCaseMainPhase(CommonExecutor.java:65)
	at com.kms.katalon.core.main.TestSuiteExecutor.accessTestSuiteMainPhase(TestSuiteExecutor.java:150)
	at com.kms.katalon.core.main.TestSuiteExecutor.execute(TestSuiteExecutor.java:106)
	at com.kms.katalon.core.main.TestCaseMain.startTestSuite(TestCaseMain.java:180)
	at TempTestSuite1726135123204.run(TempTestSuite1726135123204.groovy:35)
	at java.base/jdk.internal.reflect.NativeMethodAccessorImpl.invoke0(Native Method)
	at java.base/jdk.internal.reflect.NativeMethodAccessorImpl.invoke(NativeMethodAccessorImpl.java:77)
	at java.base/jdk.internal.reflect.DelegatingMethodAccessorImpl.invoke(DelegatingMethodAccessorImpl.java:43)
Caused by: com.kms.katalon.core.exception.StepFailedException: Object Object Repository/LoginRepo/Ledger-ToastMsg not found
	at com.kms.katalon.core.mobile.keyword.internal.MobileKeywordMain.stepFailed(MobileKeywordMain.groovy:38)
	at com.kms.katalon.core.mobile.keyword.builtin.TapKeyword$_tap_closure1.doCall(TapKeyword.groovy:46)
	at com.kms.katalon.core.mobile.keyword.builtin.TapKeyword$_tap_closure1.call(TapKeyword.groovy)
	at com.kms.katalon.core.mobile.keyword.internal.MobileKeywordMain.runKeyword(MobileKeywordMain.groovy:19)
	... 20 more


12-09-2024T15:32:24 - [TEST_STEP][PASSED] - callTestCase(findTestCase("Test Cases/Login/Login"), null, STOP_ON_FAILURE): Call Test Case 'Test Cases/Login/Login' successfully

12-09-2024T15:32:24 - [TEST_CASE][PASSED] - Test Cases/Login/Login: Test Cases/Login/Login

12-09-2024T15:32:24 - [TEST_STEP][PASSED] - projectDir = getProjectDir(): null

12-09-2024T15:32:24 - [TEST_STEP][PASSED] - startApplication(projectDir + "/SpaceApp/SpaceApp_1.0.34.55_LIVE.apk", true): Started application: 'C:\Users\Elite66\git\Space-Visual\SpaceApp\SpaceApp_1.0.34.55_LIVE.apk'

12-09-2024T15:32:24 - [MESSAGE][INFO] - Starting application: 'C:\Users\Elite66\git\Space-Visual\SpaceApp\SpaceApp_1.0.34.55_LIVE.apk'

12-09-2024T15:32:35 - [MESSAGE][PASSED] - Started application: 'C:\Users\Elite66\git\Space-Visual\SpaceApp\SpaceApp_1.0.34.55_LIVE.apk'

12-09-2024T15:32:35 - [TEST_STEP][PASSED] - delay(5): Delayed 5 second(s)

12-09-2024T15:32:40 - [MESSAGE][PASSED] - Delayed 5 second(s)

12-09-2024T15:32:40 - [TEST_STEP][PASSED] - tap(findTestObject("Object Repository/LoginRepo/click button"), 0): Tapped on element 'Object Repository/LoginRepo/click button'

12-09-2024T15:32:40 - [MESSAGE][WARNING] - Timeout '0' is invalid. Using default page load timeout: '5'

12-09-2024T15:32:41 - [MESSAGE][PASSED] - Tapped on element 'Object Repository/LoginRepo/click button'

12-09-2024T15:32:41 - [TEST_STEP][PASSED] - setText(findTestObject("Object Repository/LoginRepo/Enter id"), "m3903", 0): Text 'm3903' has been set to element 'Object Repository/LoginRepo/Enter id'

12-09-2024T15:32:41 - [MESSAGE][WARNING] - Timeout '0' is invalid. Using default page load timeout: '5'

12-09-2024T15:32:42 - [MESSAGE][PASSED] - Text 'm3903' has been set to element 'Object Repository/LoginRepo/Enter id'

12-09-2024T15:32:42 - [TEST_STEP][PASSED] - setText(findTestObject("Object Repository/LoginRepo/Enter pass"), "Nirav@789", 0): Text 'Nirav@789' has been set to element 'Object Repository/LoginRepo/Enter pass'

12-09-2024T15:32:42 - [MESSAGE][WARNING] - Timeout '0' is invalid. Using default page load timeout: '5'

12-09-2024T15:32:43 - [MESSAGE][PASSED] - Text 'Nirav@789' has been set to element 'Object Repository/LoginRepo/Enter pass'

12-09-2024T15:32:43 - [TEST_STEP][PASSED] - tap(findTestObject("Object Repository/LoginRepo/click login"), 0): Tapped on element 'Object Repository/LoginRepo/click login'

12-09-2024T15:32:43 - [MESSAGE][WARNING] - Timeout '0' is invalid. Using default page load timeout: '5'

12-09-2024T15:32:46 - [MESSAGE][PASSED] - Tapped on element 'Object Repository/LoginRepo/click login'

12-09-2024T15:32:46 - [TEST_STEP][PASSED] - tap(findTestObject("Object Repository/LoginRepo/Enter Pin"), 0): Tapped on element 'Object Repository/LoginRepo/Enter Pin'

12-09-2024T15:32:46 - [MESSAGE][WARNING] - Timeout '0' is invalid. Using default page load timeout: '5'

12-09-2024T15:32:46 - [MESSAGE][PASSED] - Tapped on element 'Object Repository/LoginRepo/Enter Pin'

12-09-2024T15:32:46 - [TEST_STEP][PASSED] - setText(findTestObject("Object Repository/LoginRepo/Enter Pin"), "1234", 0): Text '1234' has been set to element 'Object Repository/LoginRepo/Enter Pin'

12-09-2024T15:32:46 - [MESSAGE][WARNING] - Timeout '0' is invalid. Using default page load timeout: '5'

12-09-2024T15:32:48 - [MESSAGE][PASSED] - Text '1234' has been set to element 'Object Repository/LoginRepo/Enter Pin'

12-09-2024T15:32:48 - [MESSAGE][PASSED] - Call Test Case 'Test Cases/Login/Login' successfully

12-09-2024T15:32:48 - [TEST_STEP][PASSED] - tap(findTestObject("Object Repository/LoginRepo/Report Click"), 0): Tapped on element 'Object Repository/LoginRepo/Report Click'

12-09-2024T15:32:48 - [MESSAGE][WARNING] - Timeout '0' is invalid. Using default page load timeout: '5'

12-09-2024T15:32:50 - [MESSAGE][PASSED] - Tapped on element 'Object Repository/LoginRepo/Report Click'

12-09-2024T15:32:50 - [TEST_STEP][PASSED] - tap(findTestObject("Object Repository/LoginRepo/Trade log Click"), 0, CONTINUE_ON_FAILURE): Tapped on element 'Object Repository/LoginRepo/Trade log Click'

12-09-2024T15:32:50 - [MESSAGE][WARNING] - Timeout '0' is invalid. Using default page load timeout: '5'

12-09-2024T15:32:51 - [MESSAGE][PASSED] - Tapped on element 'Object Repository/LoginRepo/Trade log Click'

12-09-2024T15:32:51 - [TEST_STEP][PASSED] - tap(findTestObject("Object Repository/LoginRepo/Ledger-Mail-Send"), 0): Tapped on element 'Object Repository/LoginRepo/Ledger-Mail-Send'

12-09-2024T15:32:51 - [MESSAGE][WARNING] - Timeout '0' is invalid. Using default page load timeout: '5'

12-09-2024T15:32:52 - [MESSAGE][PASSED] - Tapped on element 'Object Repository/LoginRepo/Ledger-Mail-Send'

12-09-2024T15:32:52 - [TEST_STEP][FAILED] - tap(findTestObject("Object Repository/LoginRepo/Ledger-ToastMsg"), 0): Failed to tap on element 'Object Repository/LoginRepo/Ledger-ToastMsg' (Root cause: com.kms.katalon.core.exception.StepFailedException: Failed to tap on element 'Object Repository/LoginRepo/Ledger-ToastMsg'
	at com.kms.katalon.core.mobile.keyword.internal.MobileKeywordMain.stepFailed(MobileKeywordMain.groovy:38)
	at com.kms.katalon.core.mobile.keyword.internal.MobileKeywordMain.runKeyword(MobileKeywordMain.groovy:21)
	at com.kms.katalon.core.mobile.keyword.builtin.TapKeyword.tap(TapKeyword.groovy:51)
	at com.kms.katalon.core.mobile.keyword.builtin.TapKeyword.execute(TapKeyword.groovy:35)
	at com.kms.katalon.core.keyword.internal.KeywordExecutor.executeKeywordForPlatform(KeywordExecutor.groovy:74)
	at com.kms.katalon.core.mobile.keyword.MobileBuiltInKeywords.tap(MobileBuiltInKeywords.groovy:1490)
	at View Trade 2024-25.run(View Trade 2024-25:32)
	at com.kms.katalon.core.main.ScriptEngine.run(ScriptEngine.java:194)
	at com.kms.katalon.core.main.ScriptEngine.runScriptAsRawText(ScriptEngine.java:119)
	at com.kms.katalon.core.main.TestCaseExecutor.runScript(TestCaseExecutor.java:448)
	at com.kms.katalon.core.main.TestCaseExecutor.doExecute(TestCaseExecutor.java:439)
	at com.kms.katalon.core.main.TestCaseExecutor.processExecutionPhase(TestCaseExecutor.java:418)
	at com.kms.katalon.core.main.TestCaseExecutor.accessMainPhase(TestCaseExecutor.java:410)
	at com.kms.katalon.core.main.TestCaseExecutor.execute(TestCaseExecutor.java:285)
	at com.kms.katalon.core.common.CommonExecutor.accessTestCaseMainPhase(CommonExecutor.java:65)
	at com.kms.katalon.core.main.TestSuiteExecutor.accessTestSuiteMainPhase(TestSuiteExecutor.java:150)
	at com.kms.katalon.core.main.TestSuiteExecutor.execute(TestSuiteExecutor.java:106)
	at com.kms.katalon.core.main.TestCaseMain.startTestSuite(TestCaseMain.java:180)
	at TempTestSuite1726135123204.run(TempTestSuite1726135123204.groovy:35)
	at java.base/jdk.internal.reflect.NativeMethodAccessorImpl.invoke0(Native Method)
	at java.base/jdk.internal.reflect.NativeMethodAccessorImpl.invoke(NativeMethodAccessorImpl.java:77)
	at java.base/jdk.internal.reflect.DelegatingMethodAccessorImpl.invoke(DelegatingMethodAccessorImpl.java:43)
Caused by: com.kms.katalon.core.exception.StepFailedException: Object Object Repository/LoginRepo/Ledger-ToastMsg not found
	at com.kms.katalon.core.mobile.keyword.internal.MobileKeywordMain.stepFailed(MobileKeywordMain.groovy:38)
	at com.kms.katalon.core.mobile.keyword.builtin.TapKeyword$_tap_closure1.doCall(TapKeyword.groovy:46)
	at com.kms.katalon.core.mobile.keyword.builtin.TapKeyword$_tap_closure1.call(TapKeyword.groovy)
	at com.kms.katalon.core.mobile.keyword.internal.MobileKeywordMain.runKeyword(MobileKeywordMain.groovy:19)
	... 20 more
)

12-09-2024T15:32:52 - [MESSAGE][WARNING] - Timeout '0' is invalid. Using default page load timeout: '5'

12-09-2024T15:32:57 - [MESSAGE][FAILED] - Object Object Repository/LoginRepo/Ledger-ToastMsg not found (Root cause: com.kms.katalon.core.exception.StepFailedException: Object Object Repository/LoginRepo/Ledger-ToastMsg not found
	at com.kms.katalon.core.mobile.keyword.internal.MobileKeywordMain.stepFailed(MobileKeywordMain.groovy:38)
	at com.kms.katalon.core.mobile.keyword.builtin.TapKeyword$_tap_closure1.doCall(TapKeyword.groovy:46)
	at com.kms.katalon.core.mobile.keyword.builtin.TapKeyword$_tap_closure1.call(TapKeyword.groovy)
	at com.kms.katalon.core.mobile.keyword.internal.MobileKeywordMain.runKeyword(MobileKeywordMain.groovy:19)
	at com.kms.katalon.core.mobile.keyword.builtin.TapKeyword.tap(TapKeyword.groovy:51)
	at com.kms.katalon.core.mobile.keyword.builtin.TapKeyword.execute(TapKeyword.groovy:35)
	at com.kms.katalon.core.keyword.internal.KeywordExecutor.executeKeywordForPlatform(KeywordExecutor.groovy:74)
	at com.kms.katalon.core.mobile.keyword.MobileBuiltInKeywords.tap(MobileBuiltInKeywords.groovy:1490)
	at View Trade 2024-25.run(View Trade 2024-25:32)
	at com.kms.katalon.core.main.ScriptEngine.run(ScriptEngine.java:194)
	at com.kms.katalon.core.main.ScriptEngine.runScriptAsRawText(ScriptEngine.java:119)
	at com.kms.katalon.core.main.TestCaseExecutor.runScript(TestCaseExecutor.java:448)
	at com.kms.katalon.core.main.TestCaseExecutor.doExecute(TestCaseExecutor.java:439)
	at com.kms.katalon.core.main.TestCaseExecutor.processExecutionPhase(TestCaseExecutor.java:418)
	at com.kms.katalon.core.main.TestCaseExecutor.accessMainPhase(TestCaseExecutor.java:410)
	at com.kms.katalon.core.main.TestCaseExecutor.execute(TestCaseExecutor.java:285)
	at com.kms.katalon.core.common.CommonExecutor.accessTestCaseMainPhase(CommonExecutor.java:65)
	at com.kms.katalon.core.main.TestSuiteExecutor.accessTestSuiteMainPhase(TestSuiteExecutor.java:150)
	at com.kms.katalon.core.main.TestSuiteExecutor.execute(TestSuiteExecutor.java:106)
	at com.kms.katalon.core.main.TestCaseMain.startTestSuite(TestCaseMain.java:180)
	at TempTestSuite1726135123204.run(TempTestSuite1726135123204.groovy:35)
	at java.base/jdk.internal.reflect.NativeMethodAccessorImpl.invoke0(Native Method)
	at java.base/jdk.internal.reflect.NativeMethodAccessorImpl.invoke(NativeMethodAccessorImpl.java:77)
	at java.base/jdk.internal.reflect.DelegatingMethodAccessorImpl.invoke(DelegatingMethodAccessorImpl.java:43)
)
[[ATTACHMENT|C:\\Users\\Elite66\\git\\Space-Visual\\Reports\\20240912_152843\\5 Sec\\20240912_152843\\1726135377127.png]]

12-09-2024T15:32:57 - [MESSAGE][FAILED] - Failed to tap on element 'Object Repository/LoginRepo/Ledger-ToastMsg' (Root cause: com.kms.katalon.core.exception.StepFailedException: Failed to tap on element 'Object Repository/LoginRepo/Ledger-ToastMsg'
	at com.kms.katalon.core.mobile.keyword.internal.MobileKeywordMain.stepFailed(MobileKeywordMain.groovy:38)
	at com.kms.katalon.core.mobile.keyword.internal.MobileKeywordMain.runKeyword(MobileKeywordMain.groovy:21)
	at com.kms.katalon.core.mobile.keyword.builtin.TapKeyword.tap(TapKeyword.groovy:51)
	at com.kms.katalon.core.mobile.keyword.builtin.TapKeyword.execute(TapKeyword.groovy:35)
	at com.kms.katalon.core.keyword.internal.KeywordExecutor.executeKeywordForPlatform(KeywordExecutor.groovy:74)
	at com.kms.katalon.core.mobile.keyword.MobileBuiltInKeywords.tap(MobileBuiltInKeywords.groovy:1490)
	at View Trade 2024-25.run(View Trade 2024-25:32)
	at com.kms.katalon.core.main.ScriptEngine.run(ScriptEngine.java:194)
	at com.kms.katalon.core.main.ScriptEngine.runScriptAsRawText(ScriptEngine.java:119)
	at com.kms.katalon.core.main.TestCaseExecutor.runScript(TestCaseExecutor.java:448)
	at com.kms.katalon.core.main.TestCaseExecutor.doExecute(TestCaseExecutor.java:439)
	at com.kms.katalon.core.main.TestCaseExecutor.processExecutionPhase(TestCaseExecutor.java:418)
	at com.kms.katalon.core.main.TestCaseExecutor.accessMainPhase(TestCaseExecutor.java:410)
	at com.kms.katalon.core.main.TestCaseExecutor.execute(TestCaseExecutor.java:285)
	at com.kms.katalon.core.common.CommonExecutor.accessTestCaseMainPhase(CommonExecutor.java:65)
	at com.kms.katalon.core.main.TestSuiteExecutor.accessTestSuiteMainPhase(TestSuiteExecutor.java:150)
	at com.kms.katalon.core.main.TestSuiteExecutor.execute(TestSuiteExecutor.java:106)
	at com.kms.katalon.core.main.TestCaseMain.startTestSuite(TestCaseMain.java:180)
	at TempTestSuite1726135123204.run(TempTestSuite1726135123204.groovy:35)
	at java.base/jdk.internal.reflect.NativeMethodAccessorImpl.invoke0(Native Method)
	at java.base/jdk.internal.reflect.NativeMethodAccessorImpl.invoke(NativeMethodAccessorImpl.java:77)
	at java.base/jdk.internal.reflect.DelegatingMethodAccessorImpl.invoke(DelegatingMethodAccessorImpl.java:43)
Caused by: com.kms.katalon.core.exception.StepFailedException: Object Object Repository/LoginRepo/Ledger-ToastMsg not found
	at com.kms.katalon.core.mobile.keyword.internal.MobileKeywordMain.stepFailed(MobileKeywordMain.groovy:38)
	at com.kms.katalon.core.mobile.keyword.builtin.TapKeyword$_tap_closure1.doCall(TapKeyword.groovy:46)
	at com.kms.katalon.core.mobile.keyword.builtin.TapKeyword$_tap_closure1.call(TapKeyword.groovy)
	at com.kms.katalon.core.mobile.keyword.internal.MobileKeywordMain.runKeyword(MobileKeywordMain.groovy:19)
	... 20 more
)
[[ATTACHMENT|C:\\Users\\Elite66\\git\\Space-Visual\\Reports\\20240912_152843\\5 Sec\\20240912_152843\\1726135377616.png]]]]></system-out>
         <system-err><![CDATA[12-09-2024T15:32:23 - [TEST_CASE][FAILED] - Test Cases/Trade log/View Trade 2024-25: Test Cases/Trade log/View Trade 2024-25 FAILED.
Reason:
com.kms.katalon.core.exception.StepFailedException: Failed to tap on element 'Object Repository/LoginRepo/Ledger-ToastMsg'
	at com.kms.katalon.core.mobile.keyword.internal.MobileKeywordMain.stepFailed(MobileKeywordMain.groovy:38)
	at com.kms.katalon.core.mobile.keyword.internal.MobileKeywordMain.runKeyword(MobileKeywordMain.groovy:21)
	at com.kms.katalon.core.mobile.keyword.builtin.TapKeyword.tap(TapKeyword.groovy:51)
	at com.kms.katalon.core.mobile.keyword.builtin.TapKeyword.execute(TapKeyword.groovy:35)
	at com.kms.katalon.core.keyword.internal.KeywordExecutor.executeKeywordForPlatform(KeywordExecutor.groovy:74)
	at com.kms.katalon.core.mobile.keyword.MobileBuiltInKeywords.tap(MobileBuiltInKeywords.groovy:1490)
	at View Trade 2024-25.run(View Trade 2024-25:32)
	at com.kms.katalon.core.main.ScriptEngine.run(ScriptEngine.java:194)
	at com.kms.katalon.core.main.ScriptEngine.runScriptAsRawText(ScriptEngine.java:119)
	at com.kms.katalon.core.main.TestCaseExecutor.runScript(TestCaseExecutor.java:448)
	at com.kms.katalon.core.main.TestCaseExecutor.doExecute(TestCaseExecutor.java:439)
	at com.kms.katalon.core.main.TestCaseExecutor.processExecutionPhase(TestCaseExecutor.java:418)
	at com.kms.katalon.core.main.TestCaseExecutor.accessMainPhase(TestCaseExecutor.java:410)
	at com.kms.katalon.core.main.TestCaseExecutor.execute(TestCaseExecutor.java:285)
	at com.kms.katalon.core.common.CommonExecutor.accessTestCaseMainPhase(CommonExecutor.java:65)
	at com.kms.katalon.core.main.TestSuiteExecutor.accessTestSuiteMainPhase(TestSuiteExecutor.java:150)
	at com.kms.katalon.core.main.TestSuiteExecutor.execute(TestSuiteExecutor.java:106)
	at com.kms.katalon.core.main.TestCaseMain.startTestSuite(TestCaseMain.java:180)
	at TempTestSuite1726135123204.run(TempTestSuite1726135123204.groovy:35)
	at java.base/jdk.internal.reflect.NativeMethodAccessorImpl.invoke0(Native Method)
	at java.base/jdk.internal.reflect.NativeMethodAccessorImpl.invoke(NativeMethodAccessorImpl.java:77)
	at java.base/jdk.internal.reflect.DelegatingMethodAccessorImpl.invoke(DelegatingMethodAccessorImpl.java:43)
Caused by: com.kms.katalon.core.exception.StepFailedException: Object Object Repository/LoginRepo/Ledger-ToastMsg not found
	at com.kms.katalon.core.mobile.keyword.internal.MobileKeywordMain.stepFailed(MobileKeywordMain.groovy:38)
	at com.kms.katalon.core.mobile.keyword.builtin.TapKeyword$_tap_closure1.doCall(TapKeyword.groovy:46)
	at com.kms.katalon.core.mobile.keyword.builtin.TapKeyword$_tap_closure1.call(TapKeyword.groovy)
	at com.kms.katalon.core.mobile.keyword.internal.MobileKeywordMain.runKeyword(MobileKeywordMain.groovy:19)
	... 20 more]]></system-err>
      </testcase>
      <testcase name="Test Cases/Ledger Report/Mail Ledger Report 2023-24" time="31.64" classname="Test Cases/Ledger Report/Mail Ledger Report 2023-24" status="PASSED">
         <system-out><![CDATA[12-09-2024T15:32:57 - [TEST_CASE][PASSED] - Test Cases/Ledger Report/Mail Ledger Report 2023-24: Test Cases/Ledger Report/Mail Ledger Report 2023-24

12-09-2024T15:32:57 - [TEST_STEP][PASSED] - callTestCase(findTestCase("Test Cases/Login/Login"), null, STOP_ON_FAILURE): Call Test Case 'Test Cases/Login/Login' successfully

12-09-2024T15:32:58 - [TEST_CASE][PASSED] - Test Cases/Login/Login: Test Cases/Login/Login

12-09-2024T15:32:58 - [TEST_STEP][PASSED] - projectDir = getProjectDir(): null

12-09-2024T15:32:58 - [TEST_STEP][PASSED] - startApplication(projectDir + "/SpaceApp/SpaceApp_1.0.34.55_LIVE.apk", true): Started application: 'C:\Users\Elite66\git\Space-Visual\SpaceApp\SpaceApp_1.0.34.55_LIVE.apk'

12-09-2024T15:32:58 - [MESSAGE][INFO] - Starting application: 'C:\Users\Elite66\git\Space-Visual\SpaceApp\SpaceApp_1.0.34.55_LIVE.apk'

12-09-2024T15:33:08 - [MESSAGE][PASSED] - Started application: 'C:\Users\Elite66\git\Space-Visual\SpaceApp\SpaceApp_1.0.34.55_LIVE.apk'

12-09-2024T15:33:08 - [TEST_STEP][PASSED] - delay(5): Delayed 5 second(s)

12-09-2024T15:33:13 - [MESSAGE][PASSED] - Delayed 5 second(s)

12-09-2024T15:33:13 - [TEST_STEP][PASSED] - tap(findTestObject("Object Repository/LoginRepo/click button"), 0): Tapped on element 'Object Repository/LoginRepo/click button'

12-09-2024T15:33:13 - [MESSAGE][WARNING] - Timeout '0' is invalid. Using default page load timeout: '5'

12-09-2024T15:33:15 - [MESSAGE][PASSED] - Tapped on element 'Object Repository/LoginRepo/click button'

12-09-2024T15:33:15 - [TEST_STEP][PASSED] - setText(findTestObject("Object Repository/LoginRepo/Enter id"), "m3903", 0): Text 'm3903' has been set to element 'Object Repository/LoginRepo/Enter id'

12-09-2024T15:33:15 - [MESSAGE][WARNING] - Timeout '0' is invalid. Using default page load timeout: '5'

12-09-2024T15:33:16 - [MESSAGE][PASSED] - Text 'm3903' has been set to element 'Object Repository/LoginRepo/Enter id'

12-09-2024T15:33:16 - [TEST_STEP][PASSED] - setText(findTestObject("Object Repository/LoginRepo/Enter pass"), "Nirav@789", 0): Text 'Nirav@789' has been set to element 'Object Repository/LoginRepo/Enter pass'

12-09-2024T15:33:16 - [MESSAGE][WARNING] - Timeout '0' is invalid. Using default page load timeout: '5'

12-09-2024T15:33:17 - [MESSAGE][PASSED] - Text 'Nirav@789' has been set to element 'Object Repository/LoginRepo/Enter pass'

12-09-2024T15:33:17 - [TEST_STEP][PASSED] - tap(findTestObject("Object Repository/LoginRepo/click login"), 0): Tapped on element 'Object Repository/LoginRepo/click login'

12-09-2024T15:33:17 - [MESSAGE][WARNING] - Timeout '0' is invalid. Using default page load timeout: '5'

12-09-2024T15:33:19 - [MESSAGE][PASSED] - Tapped on element 'Object Repository/LoginRepo/click login'

12-09-2024T15:33:19 - [TEST_STEP][PASSED] - tap(findTestObject("Object Repository/LoginRepo/Enter Pin"), 0): Tapped on element 'Object Repository/LoginRepo/Enter Pin'

12-09-2024T15:33:19 - [MESSAGE][WARNING] - Timeout '0' is invalid. Using default page load timeout: '5'

12-09-2024T15:33:19 - [MESSAGE][PASSED] - Tapped on element 'Object Repository/LoginRepo/Enter Pin'

12-09-2024T15:33:19 - [TEST_STEP][PASSED] - setText(findTestObject("Object Repository/LoginRepo/Enter Pin"), "1234", 0): Text '1234' has been set to element 'Object Repository/LoginRepo/Enter Pin'

12-09-2024T15:33:19 - [MESSAGE][WARNING] - Timeout '0' is invalid. Using default page load timeout: '5'

12-09-2024T15:33:22 - [MESSAGE][PASSED] - Text '1234' has been set to element 'Object Repository/LoginRepo/Enter Pin'

12-09-2024T15:33:22 - [MESSAGE][PASSED] - Call Test Case 'Test Cases/Login/Login' successfully

12-09-2024T15:33:22 - [TEST_STEP][PASSED] - tap(findTestObject("Object Repository/LoginRepo/Report Click"), 0): Tapped on element 'Object Repository/LoginRepo/Report Click'

12-09-2024T15:33:22 - [MESSAGE][WARNING] - Timeout '0' is invalid. Using default page load timeout: '5'

12-09-2024T15:33:24 - [MESSAGE][PASSED] - Tapped on element 'Object Repository/LoginRepo/Report Click'

12-09-2024T15:33:24 - [TEST_STEP][PASSED] - tap(findTestObject("Object Repository/LoginRepo/Ledger Click"), 0, CONTINUE_ON_FAILURE): Tapped on element 'Object Repository/LoginRepo/Ledger Click'

12-09-2024T15:33:24 - [MESSAGE][WARNING] - Timeout '0' is invalid. Using default page load timeout: '5'

12-09-2024T15:33:25 - [MESSAGE][PASSED] - Tapped on element 'Object Repository/LoginRepo/Ledger Click'

12-09-2024T15:33:25 - [TEST_STEP][PASSED] - tap(findTestObject("Object Repository/LoginRepo/Ledger-2024-2025"), 0, CONTINUE_ON_FAILURE): Tapped on element 'Object Repository/LoginRepo/Ledger-2024-2025'

12-09-2024T15:33:25 - [MESSAGE][WARNING] - Timeout '0' is invalid. Using default page load timeout: '5'

12-09-2024T15:33:25 - [MESSAGE][PASSED] - Tapped on element 'Object Repository/LoginRepo/Ledger-2024-2025'

12-09-2024T15:33:25 - [TEST_STEP][PASSED] - tap(findTestObject("Object Repository/LoginRepo/Ledger-2023-2024"), 0, CONTINUE_ON_FAILURE): Tapped on element 'Object Repository/LoginRepo/Ledger-2023-2024'

12-09-2024T15:33:25 - [MESSAGE][WARNING] - Timeout '0' is invalid. Using default page load timeout: '5'

12-09-2024T15:33:27 - [MESSAGE][PASSED] - Tapped on element 'Object Repository/LoginRepo/Ledger-2023-2024'

12-09-2024T15:33:27 - [TEST_STEP][PASSED] - tap(findTestObject("Object Repository/LoginRepo/Ledger-Mail-Send"), 0): Tapped on element 'Object Repository/LoginRepo/Ledger-Mail-Send'

12-09-2024T15:33:27 - [MESSAGE][WARNING] - Timeout '0' is invalid. Using default page load timeout: '5'

12-09-2024T15:33:27 - [MESSAGE][PASSED] - Tapped on element 'Object Repository/LoginRepo/Ledger-Mail-Send'

12-09-2024T15:33:27 - [TEST_STEP][PASSED] - tap(findTestObject("Object Repository/LoginRepo/Ledger-ToastMsg"), 1000): Tapped on element 'Object Repository/LoginRepo/Ledger-ToastMsg'

12-09-2024T15:33:29 - [MESSAGE][PASSED] - Tapped on element 'Object Repository/LoginRepo/Ledger-ToastMsg']]></system-out>
         <system-err><![CDATA[]]></system-err>
      </testcase>
      <testcase name="Test Cases/Ledger Report/Share Ledger Report 2023-24" time="29.342" classname="Test Cases/Ledger Report/Share Ledger Report 2023-24" status="FAILED">
         <failure type="FAILED" message="Test Cases/Ledger Report/Share Ledger Report 2023-24 FAILED.&#xa;Reason:&#xa;com.kms.katalon.core.exception.StepFailedException: Failed to tap on element 'Object Repository/LoginRepo/Report Click'&#xa;	at com.kms.katalon.core.mobile.keyword.internal.MobileKeywordMain.stepFailed(MobileKeywordMain.groovy:38)&#xa;	at com.kms.katalon.core.mobile.keyword.internal.MobileKeywordMain.runKeyword(MobileKeywordMain.groovy:21)&#xa;	at com.kms.katalon.core.mobile.keyword.builtin.TapKeyword.tap(TapKeyword.groovy:51)&#xa;	at com.kms.katalon.core.mobile.keyword.builtin.TapKeyword.execute(TapKeyword.groovy:35)&#xa;	at com.kms.katalon.core.keyword.internal.KeywordExecutor.executeKeywordForPlatform(KeywordExecutor.groovy:74)&#xa;	at com.kms.katalon.core.mobile.keyword.MobileBuiltInKeywords.tap(MobileBuiltInKeywords.groovy:1490)&#xa;	at Share Ledger Report 2023-24.run(Share Ledger Report 2023-24:23)&#xa;	at com.kms.katalon.core.main.ScriptEngine.run(ScriptEngine.java:194)&#xa;	at com.kms.katalon.core.main.ScriptEngine.runScriptAsRawText(ScriptEngine.java:119)&#xa;	at com.kms.katalon.core.main.TestCaseExecutor.runScript(TestCaseExecutor.java:448)&#xa;	at com.kms.katalon.core.main.TestCaseExecutor.doExecute(TestCaseExecutor.java:439)&#xa;	at com.kms.katalon.core.main.TestCaseExecutor.processExecutionPhase(TestCaseExecutor.java:418)&#xa;	at com.kms.katalon.core.main.TestCaseExecutor.accessMainPhase(TestCaseExecutor.java:410)&#xa;	at com.kms.katalon.core.main.TestCaseExecutor.execute(TestCaseExecutor.java:285)&#xa;	at com.kms.katalon.core.common.CommonExecutor.accessTestCaseMainPhase(CommonExecutor.java:65)&#xa;	at com.kms.katalon.core.main.TestSuiteExecutor.accessTestSuiteMainPhase(TestSuiteExecutor.java:150)&#xa;	at com.kms.katalon.core.main.TestSuiteExecutor.execute(TestSuiteExecutor.java:106)&#xa;	at com.kms.katalon.core.main.TestCaseMain.startTestSuite(TestCaseMain.java:180)&#xa;	at TempTestSuite1726135123204.run(TempTestSuite1726135123204.groovy:35)&#xa;	at java.base/jdk.internal.reflect.NativeMethodAccessorImpl.invoke0(Native Method)&#xa;	at java.base/jdk.internal.reflect.NativeMethodAccessorImpl.invoke(NativeMethodAccessorImpl.java:77)&#xa;	at java.base/jdk.internal.reflect.DelegatingMethodAccessorImpl.invoke(DelegatingMethodAccessorImpl.java:43)&#xa;Caused by: com.kms.katalon.core.exception.StepFailedException: Object Object Repository/LoginRepo/Report Click not found&#xa;	at com.kms.katalon.core.mobile.keyword.internal.MobileKeywordMain.stepFailed(MobileKeywordMain.groovy:38)&#xa;	at com.kms.katalon.core.mobile.keyword.builtin.TapKeyword$_tap_closure1.doCall(TapKeyword.groovy:46)&#xa;	at com.kms.katalon.core.mobile.keyword.builtin.TapKeyword$_tap_closure1.call(TapKeyword.groovy)&#xa;	at com.kms.katalon.core.mobile.keyword.internal.MobileKeywordMain.runKeyword(MobileKeywordMain.groovy:19)&#xa;	... 20 more&#xa;"/>
         <system-out><![CDATA[12-09-2024T15:33:29 - [TEST_CASE][FAILED] - Test Cases/Ledger Report/Share Ledger Report 2023-24: Test Cases/Ledger Report/Share Ledger Report 2023-24 FAILED.
Reason:
com.kms.katalon.core.exception.StepFailedException: Failed to tap on element 'Object Repository/LoginRepo/Report Click'
	at com.kms.katalon.core.mobile.keyword.internal.MobileKeywordMain.stepFailed(MobileKeywordMain.groovy:38)
	at com.kms.katalon.core.mobile.keyword.internal.MobileKeywordMain.runKeyword(MobileKeywordMain.groovy:21)
	at com.kms.katalon.core.mobile.keyword.builtin.TapKeyword.tap(TapKeyword.groovy:51)
	at com.kms.katalon.core.mobile.keyword.builtin.TapKeyword.execute(TapKeyword.groovy:35)
	at com.kms.katalon.core.keyword.internal.KeywordExecutor.executeKeywordForPlatform(KeywordExecutor.groovy:74)
	at com.kms.katalon.core.mobile.keyword.MobileBuiltInKeywords.tap(MobileBuiltInKeywords.groovy:1490)
	at Share Ledger Report 2023-24.run(Share Ledger Report 2023-24:23)
	at com.kms.katalon.core.main.ScriptEngine.run(ScriptEngine.java:194)
	at com.kms.katalon.core.main.ScriptEngine.runScriptAsRawText(ScriptEngine.java:119)
	at com.kms.katalon.core.main.TestCaseExecutor.runScript(TestCaseExecutor.java:448)
	at com.kms.katalon.core.main.TestCaseExecutor.doExecute(TestCaseExecutor.java:439)
	at com.kms.katalon.core.main.TestCaseExecutor.processExecutionPhase(TestCaseExecutor.java:418)
	at com.kms.katalon.core.main.TestCaseExecutor.accessMainPhase(TestCaseExecutor.java:410)
	at com.kms.katalon.core.main.TestCaseExecutor.execute(TestCaseExecutor.java:285)
	at com.kms.katalon.core.common.CommonExecutor.accessTestCaseMainPhase(CommonExecutor.java:65)
	at com.kms.katalon.core.main.TestSuiteExecutor.accessTestSuiteMainPhase(TestSuiteExecutor.java:150)
	at com.kms.katalon.core.main.TestSuiteExecutor.execute(TestSuiteExecutor.java:106)
	at com.kms.katalon.core.main.TestCaseMain.startTestSuite(TestCaseMain.java:180)
	at TempTestSuite1726135123204.run(TempTestSuite1726135123204.groovy:35)
	at java.base/jdk.internal.reflect.NativeMethodAccessorImpl.invoke0(Native Method)
	at java.base/jdk.internal.reflect.NativeMethodAccessorImpl.invoke(NativeMethodAccessorImpl.java:77)
	at java.base/jdk.internal.reflect.DelegatingMethodAccessorImpl.invoke(DelegatingMethodAccessorImpl.java:43)
Caused by: com.kms.katalon.core.exception.StepFailedException: Object Object Repository/LoginRepo/Report Click not found
	at com.kms.katalon.core.mobile.keyword.internal.MobileKeywordMain.stepFailed(MobileKeywordMain.groovy:38)
	at com.kms.katalon.core.mobile.keyword.builtin.TapKeyword$_tap_closure1.doCall(TapKeyword.groovy:46)
	at com.kms.katalon.core.mobile.keyword.builtin.TapKeyword$_tap_closure1.call(TapKeyword.groovy)
	at com.kms.katalon.core.mobile.keyword.internal.MobileKeywordMain.runKeyword(MobileKeywordMain.groovy:19)
	... 20 more


12-09-2024T15:33:29 - [TEST_STEP][PASSED] - callTestCase(findTestCase("Test Cases/Login/Login"), null, STOP_ON_FAILURE): Call Test Case 'Test Cases/Login/Login' successfully

12-09-2024T15:33:29 - [TEST_CASE][PASSED] - Test Cases/Login/Login: Test Cases/Login/Login

12-09-2024T15:33:29 - [TEST_STEP][PASSED] - projectDir = getProjectDir(): null

12-09-2024T15:33:29 - [TEST_STEP][PASSED] - startApplication(projectDir + "/SpaceApp/SpaceApp_1.0.34.55_LIVE.apk", true): Started application: 'C:\Users\Elite66\git\Space-Visual\SpaceApp\SpaceApp_1.0.34.55_LIVE.apk'

12-09-2024T15:33:29 - [MESSAGE][INFO] - Starting application: 'C:\Users\Elite66\git\Space-Visual\SpaceApp\SpaceApp_1.0.34.55_LIVE.apk'

12-09-2024T15:33:40 - [MESSAGE][PASSED] - Started application: 'C:\Users\Elite66\git\Space-Visual\SpaceApp\SpaceApp_1.0.34.55_LIVE.apk'

12-09-2024T15:33:40 - [TEST_STEP][PASSED] - delay(5): Delayed 5 second(s)

12-09-2024T15:33:45 - [MESSAGE][PASSED] - Delayed 5 second(s)

12-09-2024T15:33:45 - [TEST_STEP][PASSED] - tap(findTestObject("Object Repository/LoginRepo/click button"), 0): Tapped on element 'Object Repository/LoginRepo/click button'

12-09-2024T15:33:45 - [MESSAGE][WARNING] - Timeout '0' is invalid. Using default page load timeout: '5'

12-09-2024T15:33:46 - [MESSAGE][PASSED] - Tapped on element 'Object Repository/LoginRepo/click button'

12-09-2024T15:33:46 - [TEST_STEP][PASSED] - setText(findTestObject("Object Repository/LoginRepo/Enter id"), "m3903", 0): Text 'm3903' has been set to element 'Object Repository/LoginRepo/Enter id'

12-09-2024T15:33:46 - [MESSAGE][WARNING] - Timeout '0' is invalid. Using default page load timeout: '5'

12-09-2024T15:33:48 - [MESSAGE][PASSED] - Text 'm3903' has been set to element 'Object Repository/LoginRepo/Enter id'

12-09-2024T15:33:48 - [TEST_STEP][PASSED] - setText(findTestObject("Object Repository/LoginRepo/Enter pass"), "Nirav@789", 0): Text 'Nirav@789' has been set to element 'Object Repository/LoginRepo/Enter pass'

12-09-2024T15:33:48 - [MESSAGE][WARNING] - Timeout '0' is invalid. Using default page load timeout: '5'

12-09-2024T15:33:49 - [MESSAGE][PASSED] - Text 'Nirav@789' has been set to element 'Object Repository/LoginRepo/Enter pass'

12-09-2024T15:33:49 - [TEST_STEP][PASSED] - tap(findTestObject("Object Repository/LoginRepo/click login"), 0): Tapped on element 'Object Repository/LoginRepo/click login'

12-09-2024T15:33:49 - [MESSAGE][WARNING] - Timeout '0' is invalid. Using default page load timeout: '5'

12-09-2024T15:33:51 - [MESSAGE][PASSED] - Tapped on element 'Object Repository/LoginRepo/click login'

12-09-2024T15:33:51 - [TEST_STEP][PASSED] - tap(findTestObject("Object Repository/LoginRepo/Enter Pin"), 0): Tapped on element 'Object Repository/LoginRepo/Enter Pin'

12-09-2024T15:33:51 - [MESSAGE][WARNING] - Timeout '0' is invalid. Using default page load timeout: '5'

12-09-2024T15:33:51 - [MESSAGE][PASSED] - Tapped on element 'Object Repository/LoginRepo/Enter Pin'

12-09-2024T15:33:51 - [TEST_STEP][PASSED] - setText(findTestObject("Object Repository/LoginRepo/Enter Pin"), "1234", 0): Text '1234' has been set to element 'Object Repository/LoginRepo/Enter Pin'

12-09-2024T15:33:51 - [MESSAGE][WARNING] - Timeout '0' is invalid. Using default page load timeout: '5'

12-09-2024T15:33:53 - [MESSAGE][PASSED] - Text '1234' has been set to element 'Object Repository/LoginRepo/Enter Pin'

12-09-2024T15:33:53 - [MESSAGE][PASSED] - Call Test Case 'Test Cases/Login/Login' successfully

12-09-2024T15:33:53 - [TEST_STEP][FAILED] - tap(findTestObject("Object Repository/LoginRepo/Report Click"), 0): Failed to tap on element 'Object Repository/LoginRepo/Report Click' (Root cause: com.kms.katalon.core.exception.StepFailedException: Failed to tap on element 'Object Repository/LoginRepo/Report Click'
	at com.kms.katalon.core.mobile.keyword.internal.MobileKeywordMain.stepFailed(MobileKeywordMain.groovy:38)
	at com.kms.katalon.core.mobile.keyword.internal.MobileKeywordMain.runKeyword(MobileKeywordMain.groovy:21)
	at com.kms.katalon.core.mobile.keyword.builtin.TapKeyword.tap(TapKeyword.groovy:51)
	at com.kms.katalon.core.mobile.keyword.builtin.TapKeyword.execute(TapKeyword.groovy:35)
	at com.kms.katalon.core.keyword.internal.KeywordExecutor.executeKeywordForPlatform(KeywordExecutor.groovy:74)
	at com.kms.katalon.core.mobile.keyword.MobileBuiltInKeywords.tap(MobileBuiltInKeywords.groovy:1490)
	at Share Ledger Report 2023-24.run(Share Ledger Report 2023-24:23)
	at com.kms.katalon.core.main.ScriptEngine.run(ScriptEngine.java:194)
	at com.kms.katalon.core.main.ScriptEngine.runScriptAsRawText(ScriptEngine.java:119)
	at com.kms.katalon.core.main.TestCaseExecutor.runScript(TestCaseExecutor.java:448)
	at com.kms.katalon.core.main.TestCaseExecutor.doExecute(TestCaseExecutor.java:439)
	at com.kms.katalon.core.main.TestCaseExecutor.processExecutionPhase(TestCaseExecutor.java:418)
	at com.kms.katalon.core.main.TestCaseExecutor.accessMainPhase(TestCaseExecutor.java:410)
	at com.kms.katalon.core.main.TestCaseExecutor.execute(TestCaseExecutor.java:285)
	at com.kms.katalon.core.common.CommonExecutor.accessTestCaseMainPhase(CommonExecutor.java:65)
	at com.kms.katalon.core.main.TestSuiteExecutor.accessTestSuiteMainPhase(TestSuiteExecutor.java:150)
	at com.kms.katalon.core.main.TestSuiteExecutor.execute(TestSuiteExecutor.java:106)
	at com.kms.katalon.core.main.TestCaseMain.startTestSuite(TestCaseMain.java:180)
	at TempTestSuite1726135123204.run(TempTestSuite1726135123204.groovy:35)
	at java.base/jdk.internal.reflect.NativeMethodAccessorImpl.invoke0(Native Method)
	at java.base/jdk.internal.reflect.NativeMethodAccessorImpl.invoke(NativeMethodAccessorImpl.java:77)
	at java.base/jdk.internal.reflect.DelegatingMethodAccessorImpl.invoke(DelegatingMethodAccessorImpl.java:43)
Caused by: com.kms.katalon.core.exception.StepFailedException: Object Object Repository/LoginRepo/Report Click not found
	at com.kms.katalon.core.mobile.keyword.internal.MobileKeywordMain.stepFailed(MobileKeywordMain.groovy:38)
	at com.kms.katalon.core.mobile.keyword.builtin.TapKeyword$_tap_closure1.doCall(TapKeyword.groovy:46)
	at com.kms.katalon.core.mobile.keyword.builtin.TapKeyword$_tap_closure1.call(TapKeyword.groovy)
	at com.kms.katalon.core.mobile.keyword.internal.MobileKeywordMain.runKeyword(MobileKeywordMain.groovy:19)
	... 20 more
)

12-09-2024T15:33:53 - [MESSAGE][WARNING] - Timeout '0' is invalid. Using default page load timeout: '5'

12-09-2024T15:33:58 - [MESSAGE][FAILED] - Object Object Repository/LoginRepo/Report Click not found (Root cause: com.kms.katalon.core.exception.StepFailedException: Object Object Repository/LoginRepo/Report Click not found
	at com.kms.katalon.core.mobile.keyword.internal.MobileKeywordMain.stepFailed(MobileKeywordMain.groovy:38)
	at com.kms.katalon.core.mobile.keyword.builtin.TapKeyword$_tap_closure1.doCall(TapKeyword.groovy:46)
	at com.kms.katalon.core.mobile.keyword.builtin.TapKeyword$_tap_closure1.call(TapKeyword.groovy)
	at com.kms.katalon.core.mobile.keyword.internal.MobileKeywordMain.runKeyword(MobileKeywordMain.groovy:19)
	at com.kms.katalon.core.mobile.keyword.builtin.TapKeyword.tap(TapKeyword.groovy:51)
	at com.kms.katalon.core.mobile.keyword.builtin.TapKeyword.execute(TapKeyword.groovy:35)
	at com.kms.katalon.core.keyword.internal.KeywordExecutor.executeKeywordForPlatform(KeywordExecutor.groovy:74)
	at com.kms.katalon.core.mobile.keyword.MobileBuiltInKeywords.tap(MobileBuiltInKeywords.groovy:1490)
	at Share Ledger Report 2023-24.run(Share Ledger Report 2023-24:23)
	at com.kms.katalon.core.main.ScriptEngine.run(ScriptEngine.java:194)
	at com.kms.katalon.core.main.ScriptEngine.runScriptAsRawText(ScriptEngine.java:119)
	at com.kms.katalon.core.main.TestCaseExecutor.runScript(TestCaseExecutor.java:448)
	at com.kms.katalon.core.main.TestCaseExecutor.doExecute(TestCaseExecutor.java:439)
	at com.kms.katalon.core.main.TestCaseExecutor.processExecutionPhase(TestCaseExecutor.java:418)
	at com.kms.katalon.core.main.TestCaseExecutor.accessMainPhase(TestCaseExecutor.java:410)
	at com.kms.katalon.core.main.TestCaseExecutor.execute(TestCaseExecutor.java:285)
	at com.kms.katalon.core.common.CommonExecutor.accessTestCaseMainPhase(CommonExecutor.java:65)
	at com.kms.katalon.core.main.TestSuiteExecutor.accessTestSuiteMainPhase(TestSuiteExecutor.java:150)
	at com.kms.katalon.core.main.TestSuiteExecutor.execute(TestSuiteExecutor.java:106)
	at com.kms.katalon.core.main.TestCaseMain.startTestSuite(TestCaseMain.java:180)
	at TempTestSuite1726135123204.run(TempTestSuite1726135123204.groovy:35)
	at java.base/jdk.internal.reflect.NativeMethodAccessorImpl.invoke0(Native Method)
	at java.base/jdk.internal.reflect.NativeMethodAccessorImpl.invoke(NativeMethodAccessorImpl.java:77)
	at java.base/jdk.internal.reflect.DelegatingMethodAccessorImpl.invoke(DelegatingMethodAccessorImpl.java:43)
)
[[ATTACHMENT|C:\\Users\\Elite66\\git\\Space-Visual\\Reports\\20240912_152843\\5 Sec\\20240912_152843\\1726135438070.png]]

12-09-2024T15:33:58 - [MESSAGE][FAILED] - Failed to tap on element 'Object Repository/LoginRepo/Report Click' (Root cause: com.kms.katalon.core.exception.StepFailedException: Failed to tap on element 'Object Repository/LoginRepo/Report Click'
	at com.kms.katalon.core.mobile.keyword.internal.MobileKeywordMain.stepFailed(MobileKeywordMain.groovy:38)
	at com.kms.katalon.core.mobile.keyword.internal.MobileKeywordMain.runKeyword(MobileKeywordMain.groovy:21)
	at com.kms.katalon.core.mobile.keyword.builtin.TapKeyword.tap(TapKeyword.groovy:51)
	at com.kms.katalon.core.mobile.keyword.builtin.TapKeyword.execute(TapKeyword.groovy:35)
	at com.kms.katalon.core.keyword.internal.KeywordExecutor.executeKeywordForPlatform(KeywordExecutor.groovy:74)
	at com.kms.katalon.core.mobile.keyword.MobileBuiltInKeywords.tap(MobileBuiltInKeywords.groovy:1490)
	at Share Ledger Report 2023-24.run(Share Ledger Report 2023-24:23)
	at com.kms.katalon.core.main.ScriptEngine.run(ScriptEngine.java:194)
	at com.kms.katalon.core.main.ScriptEngine.runScriptAsRawText(ScriptEngine.java:119)
	at com.kms.katalon.core.main.TestCaseExecutor.runScript(TestCaseExecutor.java:448)
	at com.kms.katalon.core.main.TestCaseExecutor.doExecute(TestCaseExecutor.java:439)
	at com.kms.katalon.core.main.TestCaseExecutor.processExecutionPhase(TestCaseExecutor.java:418)
	at com.kms.katalon.core.main.TestCaseExecutor.accessMainPhase(TestCaseExecutor.java:410)
	at com.kms.katalon.core.main.TestCaseExecutor.execute(TestCaseExecutor.java:285)
	at com.kms.katalon.core.common.CommonExecutor.accessTestCaseMainPhase(CommonExecutor.java:65)
	at com.kms.katalon.core.main.TestSuiteExecutor.accessTestSuiteMainPhase(TestSuiteExecutor.java:150)
	at com.kms.katalon.core.main.TestSuiteExecutor.execute(TestSuiteExecutor.java:106)
	at com.kms.katalon.core.main.TestCaseMain.startTestSuite(TestCaseMain.java:180)
	at TempTestSuite1726135123204.run(TempTestSuite1726135123204.groovy:35)
	at java.base/jdk.internal.reflect.NativeMethodAccessorImpl.invoke0(Native Method)
	at java.base/jdk.internal.reflect.NativeMethodAccessorImpl.invoke(NativeMethodAccessorImpl.java:77)
	at java.base/jdk.internal.reflect.DelegatingMethodAccessorImpl.invoke(DelegatingMethodAccessorImpl.java:43)
Caused by: com.kms.katalon.core.exception.StepFailedException: Object Object Repository/LoginRepo/Report Click not found
	at com.kms.katalon.core.mobile.keyword.internal.MobileKeywordMain.stepFailed(MobileKeywordMain.groovy:38)
	at com.kms.katalon.core.mobile.keyword.builtin.TapKeyword$_tap_closure1.doCall(TapKeyword.groovy:46)
	at com.kms.katalon.core.mobile.keyword.builtin.TapKeyword$_tap_closure1.call(TapKeyword.groovy)
	at com.kms.katalon.core.mobile.keyword.internal.MobileKeywordMain.runKeyword(MobileKeywordMain.groovy:19)
	... 20 more
)
[[ATTACHMENT|C:\\Users\\Elite66\\git\\Space-Visual\\Reports\\20240912_152843\\5 Sec\\20240912_152843\\1726135438592.png]]]]></system-out>
         <system-err><![CDATA[12-09-2024T15:33:29 - [TEST_CASE][FAILED] - Test Cases/Ledger Report/Share Ledger Report 2023-24: Test Cases/Ledger Report/Share Ledger Report 2023-24 FAILED.
Reason:
com.kms.katalon.core.exception.StepFailedException: Failed to tap on element 'Object Repository/LoginRepo/Report Click'
	at com.kms.katalon.core.mobile.keyword.internal.MobileKeywordMain.stepFailed(MobileKeywordMain.groovy:38)
	at com.kms.katalon.core.mobile.keyword.internal.MobileKeywordMain.runKeyword(MobileKeywordMain.groovy:21)
	at com.kms.katalon.core.mobile.keyword.builtin.TapKeyword.tap(TapKeyword.groovy:51)
	at com.kms.katalon.core.mobile.keyword.builtin.TapKeyword.execute(TapKeyword.groovy:35)
	at com.kms.katalon.core.keyword.internal.KeywordExecutor.executeKeywordForPlatform(KeywordExecutor.groovy:74)
	at com.kms.katalon.core.mobile.keyword.MobileBuiltInKeywords.tap(MobileBuiltInKeywords.groovy:1490)
	at Share Ledger Report 2023-24.run(Share Ledger Report 2023-24:23)
	at com.kms.katalon.core.main.ScriptEngine.run(ScriptEngine.java:194)
	at com.kms.katalon.core.main.ScriptEngine.runScriptAsRawText(ScriptEngine.java:119)
	at com.kms.katalon.core.main.TestCaseExecutor.runScript(TestCaseExecutor.java:448)
	at com.kms.katalon.core.main.TestCaseExecutor.doExecute(TestCaseExecutor.java:439)
	at com.kms.katalon.core.main.TestCaseExecutor.processExecutionPhase(TestCaseExecutor.java:418)
	at com.kms.katalon.core.main.TestCaseExecutor.accessMainPhase(TestCaseExecutor.java:410)
	at com.kms.katalon.core.main.TestCaseExecutor.execute(TestCaseExecutor.java:285)
	at com.kms.katalon.core.common.CommonExecutor.accessTestCaseMainPhase(CommonExecutor.java:65)
	at com.kms.katalon.core.main.TestSuiteExecutor.accessTestSuiteMainPhase(TestSuiteExecutor.java:150)
	at com.kms.katalon.core.main.TestSuiteExecutor.execute(TestSuiteExecutor.java:106)
	at com.kms.katalon.core.main.TestCaseMain.startTestSuite(TestCaseMain.java:180)
	at TempTestSuite1726135123204.run(TempTestSuite1726135123204.groovy:35)
	at java.base/jdk.internal.reflect.NativeMethodAccessorImpl.invoke0(Native Method)
	at java.base/jdk.internal.reflect.NativeMethodAccessorImpl.invoke(NativeMethodAccessorImpl.java:77)
	at java.base/jdk.internal.reflect.DelegatingMethodAccessorImpl.invoke(DelegatingMethodAccessorImpl.java:43)
Caused by: com.kms.katalon.core.exception.StepFailedException: Object Object Repository/LoginRepo/Report Click not found
	at com.kms.katalon.core.mobile.keyword.internal.MobileKeywordMain.stepFailed(MobileKeywordMain.groovy:38)
	at com.kms.katalon.core.mobile.keyword.builtin.TapKeyword$_tap_closure1.doCall(TapKeyword.groovy:46)
	at com.kms.katalon.core.mobile.keyword.builtin.TapKeyword$_tap_closure1.call(TapKeyword.groovy)
	at com.kms.katalon.core.mobile.keyword.internal.MobileKeywordMain.runKeyword(MobileKeywordMain.groovy:19)
	... 20 more]]></system-err>
      </testcase>
      <testcase name="Test Cases/Ledger Report/Mail Ledger Report 2024-25" time="34.055" classname="Test Cases/Ledger Report/Mail Ledger Report 2024-25" status="PASSED">
         <system-out><![CDATA[12-09-2024T15:33:58 - [TEST_CASE][PASSED] - Test Cases/Ledger Report/Mail Ledger Report 2024-25: Test Cases/Ledger Report/Mail Ledger Report 2024-25

12-09-2024T15:33:58 - [TEST_STEP][PASSED] - callTestCase(findTestCase("Test Cases/Login/Login"), null, STOP_ON_FAILURE): Call Test Case 'Test Cases/Login/Login' successfully

12-09-2024T15:33:58 - [TEST_CASE][PASSED] - Test Cases/Login/Login: Test Cases/Login/Login

12-09-2024T15:33:59 - [TEST_STEP][PASSED] - projectDir = getProjectDir(): null

12-09-2024T15:33:59 - [TEST_STEP][PASSED] - startApplication(projectDir + "/SpaceApp/SpaceApp_1.0.34.55_LIVE.apk", true): Started application: 'C:\Users\Elite66\git\Space-Visual\SpaceApp\SpaceApp_1.0.34.55_LIVE.apk'

12-09-2024T15:33:59 - [MESSAGE][INFO] - Starting application: 'C:\Users\Elite66\git\Space-Visual\SpaceApp\SpaceApp_1.0.34.55_LIVE.apk'

12-09-2024T15:34:11 - [MESSAGE][PASSED] - Started application: 'C:\Users\Elite66\git\Space-Visual\SpaceApp\SpaceApp_1.0.34.55_LIVE.apk'

12-09-2024T15:34:11 - [TEST_STEP][PASSED] - delay(5): Delayed 5 second(s)

12-09-2024T15:34:16 - [MESSAGE][PASSED] - Delayed 5 second(s)

12-09-2024T15:34:16 - [TEST_STEP][PASSED] - tap(findTestObject("Object Repository/LoginRepo/click button"), 0): Tapped on element 'Object Repository/LoginRepo/click button'

12-09-2024T15:34:16 - [MESSAGE][WARNING] - Timeout '0' is invalid. Using default page load timeout: '5'

12-09-2024T15:34:17 - [MESSAGE][PASSED] - Tapped on element 'Object Repository/LoginRepo/click button'

12-09-2024T15:34:17 - [TEST_STEP][PASSED] - setText(findTestObject("Object Repository/LoginRepo/Enter id"), "m3903", 0): Text 'm3903' has been set to element 'Object Repository/LoginRepo/Enter id'

12-09-2024T15:34:17 - [MESSAGE][WARNING] - Timeout '0' is invalid. Using default page load timeout: '5'

12-09-2024T15:34:18 - [MESSAGE][PASSED] - Text 'm3903' has been set to element 'Object Repository/LoginRepo/Enter id'

12-09-2024T15:34:18 - [TEST_STEP][PASSED] - setText(findTestObject("Object Repository/LoginRepo/Enter pass"), "Nirav@789", 0): Text 'Nirav@789' has been set to element 'Object Repository/LoginRepo/Enter pass'

12-09-2024T15:34:18 - [MESSAGE][WARNING] - Timeout '0' is invalid. Using default page load timeout: '5'

12-09-2024T15:34:20 - [MESSAGE][PASSED] - Text 'Nirav@789' has been set to element 'Object Repository/LoginRepo/Enter pass'

12-09-2024T15:34:20 - [TEST_STEP][PASSED] - tap(findTestObject("Object Repository/LoginRepo/click login"), 0): Tapped on element 'Object Repository/LoginRepo/click login'

12-09-2024T15:34:20 - [MESSAGE][WARNING] - Timeout '0' is invalid. Using default page load timeout: '5'

12-09-2024T15:34:22 - [MESSAGE][PASSED] - Tapped on element 'Object Repository/LoginRepo/click login'

12-09-2024T15:34:22 - [TEST_STEP][PASSED] - tap(findTestObject("Object Repository/LoginRepo/Enter Pin"), 0): Tapped on element 'Object Repository/LoginRepo/Enter Pin'

12-09-2024T15:34:22 - [MESSAGE][WARNING] - Timeout '0' is invalid. Using default page load timeout: '5'

12-09-2024T15:34:22 - [MESSAGE][PASSED] - Tapped on element 'Object Repository/LoginRepo/Enter Pin'

12-09-2024T15:34:22 - [TEST_STEP][PASSED] - setText(findTestObject("Object Repository/LoginRepo/Enter Pin"), "1234", 0): Text '1234' has been set to element 'Object Repository/LoginRepo/Enter Pin'

12-09-2024T15:34:22 - [MESSAGE][WARNING] - Timeout '0' is invalid. Using default page load timeout: '5'

12-09-2024T15:34:24 - [MESSAGE][PASSED] - Text '1234' has been set to element 'Object Repository/LoginRepo/Enter Pin'

12-09-2024T15:34:24 - [MESSAGE][PASSED] - Call Test Case 'Test Cases/Login/Login' successfully

12-09-2024T15:34:24 - [TEST_STEP][PASSED] - tap(findTestObject("Object Repository/LoginRepo/Report Click"), 0): Tapped on element 'Object Repository/LoginRepo/Report Click'

12-09-2024T15:34:24 - [MESSAGE][WARNING] - Timeout '0' is invalid. Using default page load timeout: '5'

12-09-2024T15:34:26 - [MESSAGE][PASSED] - Tapped on element 'Object Repository/LoginRepo/Report Click'

12-09-2024T15:34:26 - [TEST_STEP][PASSED] - tap(findTestObject("Object Repository/LoginRepo/Ledger Click"), 0, CONTINUE_ON_FAILURE): Tapped on element 'Object Repository/LoginRepo/Ledger Click'

12-09-2024T15:34:26 - [MESSAGE][WARNING] - Timeout '0' is invalid. Using default page load timeout: '5'

12-09-2024T15:34:28 - [MESSAGE][PASSED] - Tapped on element 'Object Repository/LoginRepo/Ledger Click'

12-09-2024T15:34:28 - [TEST_STEP][PASSED] - tap(findTestObject("Object Repository/LoginRepo/Ledger-Mail-Send"), 0): Tapped on element 'Object Repository/LoginRepo/Ledger-Mail-Send'

12-09-2024T15:34:28 - [MESSAGE][WARNING] - Timeout '0' is invalid. Using default page load timeout: '5'

12-09-2024T15:34:29 - [MESSAGE][PASSED] - Tapped on element 'Object Repository/LoginRepo/Ledger-Mail-Send'

12-09-2024T15:34:29 - [TEST_STEP][PASSED] - tap(findTestObject("Object Repository/LoginRepo/Ledger-ToastMsg"), 0): Tapped on element 'Object Repository/LoginRepo/Ledger-ToastMsg'

12-09-2024T15:34:29 - [MESSAGE][WARNING] - Timeout '0' is invalid. Using default page load timeout: '5'

12-09-2024T15:34:32 - [MESSAGE][PASSED] - Tapped on element 'Object Repository/LoginRepo/Ledger-ToastMsg']]></system-out>
         <system-err><![CDATA[]]></system-err>
      </testcase>
      <testcase name="Test Cases/Ledger Report/Share Ledger Report 2024-25" time="35.435" classname="Test Cases/Ledger Report/Share Ledger Report 2024-25" status="PASSED">
         <system-out><![CDATA[12-09-2024T15:34:32 - [TEST_CASE][PASSED] - Test Cases/Ledger Report/Share Ledger Report 2024-25: Test Cases/Ledger Report/Share Ledger Report 2024-25

12-09-2024T15:34:32 - [TEST_STEP][PASSED] - callTestCase(findTestCase("Test Cases/Login/Login"), null, STOP_ON_FAILURE): Call Test Case 'Test Cases/Login/Login' successfully

12-09-2024T15:34:33 - [TEST_CASE][PASSED] - Test Cases/Login/Login: Test Cases/Login/Login

12-09-2024T15:34:33 - [TEST_STEP][PASSED] - projectDir = getProjectDir(): null

12-09-2024T15:34:33 - [TEST_STEP][PASSED] - startApplication(projectDir + "/SpaceApp/SpaceApp_1.0.34.55_LIVE.apk", true): Started application: 'C:\Users\Elite66\git\Space-Visual\SpaceApp\SpaceApp_1.0.34.55_LIVE.apk'

12-09-2024T15:34:33 - [MESSAGE][INFO] - Starting application: 'C:\Users\Elite66\git\Space-Visual\SpaceApp\SpaceApp_1.0.34.55_LIVE.apk'

12-09-2024T15:34:46 - [MESSAGE][PASSED] - Started application: 'C:\Users\Elite66\git\Space-Visual\SpaceApp\SpaceApp_1.0.34.55_LIVE.apk'

12-09-2024T15:34:46 - [TEST_STEP][PASSED] - delay(5): Delayed 5 second(s)

12-09-2024T15:34:51 - [MESSAGE][PASSED] - Delayed 5 second(s)

12-09-2024T15:34:51 - [TEST_STEP][PASSED] - tap(findTestObject("Object Repository/LoginRepo/click button"), 0): Tapped on element 'Object Repository/LoginRepo/click button'

12-09-2024T15:34:51 - [MESSAGE][WARNING] - Timeout '0' is invalid. Using default page load timeout: '5'

12-09-2024T15:34:52 - [MESSAGE][PASSED] - Tapped on element 'Object Repository/LoginRepo/click button'

12-09-2024T15:34:52 - [TEST_STEP][PASSED] - setText(findTestObject("Object Repository/LoginRepo/Enter id"), "m3903", 0): Text 'm3903' has been set to element 'Object Repository/LoginRepo/Enter id'

12-09-2024T15:34:52 - [MESSAGE][WARNING] - Timeout '0' is invalid. Using default page load timeout: '5'

12-09-2024T15:34:53 - [MESSAGE][PASSED] - Text 'm3903' has been set to element 'Object Repository/LoginRepo/Enter id'

12-09-2024T15:34:53 - [TEST_STEP][PASSED] - setText(findTestObject("Object Repository/LoginRepo/Enter pass"), "Nirav@789", 0): Text 'Nirav@789' has been set to element 'Object Repository/LoginRepo/Enter pass'

12-09-2024T15:34:53 - [MESSAGE][WARNING] - Timeout '0' is invalid. Using default page load timeout: '5'

12-09-2024T15:34:55 - [MESSAGE][PASSED] - Text 'Nirav@789' has been set to element 'Object Repository/LoginRepo/Enter pass'

12-09-2024T15:34:55 - [TEST_STEP][PASSED] - tap(findTestObject("Object Repository/LoginRepo/click login"), 0): Tapped on element 'Object Repository/LoginRepo/click login'

12-09-2024T15:34:55 - [MESSAGE][WARNING] - Timeout '0' is invalid. Using default page load timeout: '5'

12-09-2024T15:34:57 - [MESSAGE][PASSED] - Tapped on element 'Object Repository/LoginRepo/click login'

12-09-2024T15:34:57 - [TEST_STEP][PASSED] - tap(findTestObject("Object Repository/LoginRepo/Enter Pin"), 0): Tapped on element 'Object Repository/LoginRepo/Enter Pin'

12-09-2024T15:34:57 - [MESSAGE][WARNING] - Timeout '0' is invalid. Using default page load timeout: '5'

12-09-2024T15:34:57 - [MESSAGE][PASSED] - Tapped on element 'Object Repository/LoginRepo/Enter Pin'

12-09-2024T15:34:57 - [TEST_STEP][PASSED] - setText(findTestObject("Object Repository/LoginRepo/Enter Pin"), "1234", 0): Text '1234' has been set to element 'Object Repository/LoginRepo/Enter Pin'

12-09-2024T15:34:57 - [MESSAGE][WARNING] - Timeout '0' is invalid. Using default page load timeout: '5'

12-09-2024T15:34:59 - [MESSAGE][PASSED] - Text '1234' has been set to element 'Object Repository/LoginRepo/Enter Pin'

12-09-2024T15:34:59 - [MESSAGE][PASSED] - Call Test Case 'Test Cases/Login/Login' successfully

12-09-2024T15:34:59 - [TEST_STEP][PASSED] - tap(findTestObject("Object Repository/LoginRepo/Report Click"), 0): Tapped on element 'Object Repository/LoginRepo/Report Click'

12-09-2024T15:34:59 - [MESSAGE][WARNING] - Timeout '0' is invalid. Using default page load timeout: '5'

12-09-2024T15:35:02 - [MESSAGE][PASSED] - Tapped on element 'Object Repository/LoginRepo/Report Click'

12-09-2024T15:35:02 - [TEST_STEP][PASSED] - tap(findTestObject("Object Repository/LoginRepo/Ledger Click"), 0, CONTINUE_ON_FAILURE): Tapped on element 'Object Repository/LoginRepo/Ledger Click'

12-09-2024T15:35:02 - [MESSAGE][WARNING] - Timeout '0' is invalid. Using default page load timeout: '5'

12-09-2024T15:35:03 - [MESSAGE][PASSED] - Tapped on element 'Object Repository/LoginRepo/Ledger Click'

12-09-2024T15:35:03 - [TEST_STEP][PASSED] - tap(findTestObject("Object Repository/LoginRepo/Ledger-Share"), 0): Tapped on element 'Object Repository/LoginRepo/Ledger-Share'

12-09-2024T15:35:03 - [MESSAGE][WARNING] - Timeout '0' is invalid. Using default page load timeout: '5'

12-09-2024T15:35:04 - [MESSAGE][PASSED] - Tapped on element 'Object Repository/LoginRepo/Ledger-Share'

12-09-2024T15:35:04 - [TEST_STEP][PASSED] - tap(findTestObject("Object Repository/LoginRepo/Ledger-Share-Verify"), 0): Tapped on element 'Object Repository/LoginRepo/Ledger-Share-Verify'

12-09-2024T15:35:04 - [MESSAGE][WARNING] - Timeout '0' is invalid. Using default page load timeout: '5'

12-09-2024T15:35:07 - [MESSAGE][PASSED] - Tapped on element 'Object Repository/LoginRepo/Ledger-Share-Verify'

12-09-2024T15:35:07 - [TEST_STEP][PASSED] - tap(findTestObject("Object Repository/LoginRepo/Ledger-Share-Back"), 0): Tapped on element 'Object Repository/LoginRepo/Ledger-Share-Back'

12-09-2024T15:35:07 - [MESSAGE][WARNING] - Timeout '0' is invalid. Using default page load timeout: '5'

12-09-2024T15:35:08 - [MESSAGE][PASSED] - Tapped on element 'Object Repository/LoginRepo/Ledger-Share-Back']]></system-out>
         <system-err><![CDATA[]]></system-err>
      </testcase>
      <testcase name="Test Cases/Ledger Report/Mail Ledger Equity 24" time="34.695" classname="Test Cases/Ledger Report/Mail Ledger Equity 24" status="PASSED">
         <system-out><![CDATA[12-09-2024T15:35:08 - [TEST_CASE][PASSED] - Test Cases/Ledger Report/Mail Ledger Equity 24: Test Cases/Ledger Report/Mail Ledger Equity 24

12-09-2024T15:35:08 - [TEST_STEP][PASSED] - callTestCase(findTestCase("Test Cases/Login/Login"), null, STOP_ON_FAILURE): Call Test Case 'Test Cases/Login/Login' successfully

12-09-2024T15:35:08 - [TEST_CASE][PASSED] - Test Cases/Login/Login: Test Cases/Login/Login

12-09-2024T15:35:08 - [TEST_STEP][PASSED] - projectDir = getProjectDir(): null

12-09-2024T15:35:08 - [TEST_STEP][PASSED] - startApplication(projectDir + "/SpaceApp/SpaceApp_1.0.34.55_LIVE.apk", true): Started application: 'C:\Users\Elite66\git\Space-Visual\SpaceApp\SpaceApp_1.0.34.55_LIVE.apk'

12-09-2024T15:35:08 - [MESSAGE][INFO] - Starting application: 'C:\Users\Elite66\git\Space-Visual\SpaceApp\SpaceApp_1.0.34.55_LIVE.apk'

12-09-2024T15:35:21 - [MESSAGE][PASSED] - Started application: 'C:\Users\Elite66\git\Space-Visual\SpaceApp\SpaceApp_1.0.34.55_LIVE.apk'

12-09-2024T15:35:21 - [TEST_STEP][PASSED] - delay(5): Delayed 5 second(s)

12-09-2024T15:35:26 - [MESSAGE][PASSED] - Delayed 5 second(s)

12-09-2024T15:35:26 - [TEST_STEP][PASSED] - tap(findTestObject("Object Repository/LoginRepo/click button"), 0): Tapped on element 'Object Repository/LoginRepo/click button'

12-09-2024T15:35:26 - [MESSAGE][WARNING] - Timeout '0' is invalid. Using default page load timeout: '5'

12-09-2024T15:35:27 - [MESSAGE][PASSED] - Tapped on element 'Object Repository/LoginRepo/click button'

12-09-2024T15:35:27 - [TEST_STEP][PASSED] - setText(findTestObject("Object Repository/LoginRepo/Enter id"), "m3903", 0): Text 'm3903' has been set to element 'Object Repository/LoginRepo/Enter id'

12-09-2024T15:35:27 - [MESSAGE][WARNING] - Timeout '0' is invalid. Using default page load timeout: '5'

12-09-2024T15:35:28 - [MESSAGE][PASSED] - Text 'm3903' has been set to element 'Object Repository/LoginRepo/Enter id'

12-09-2024T15:35:28 - [TEST_STEP][PASSED] - setText(findTestObject("Object Repository/LoginRepo/Enter pass"), "Nirav@789", 0): Text 'Nirav@789' has been set to element 'Object Repository/LoginRepo/Enter pass'

12-09-2024T15:35:28 - [MESSAGE][WARNING] - Timeout '0' is invalid. Using default page load timeout: '5'

12-09-2024T15:35:30 - [MESSAGE][PASSED] - Text 'Nirav@789' has been set to element 'Object Repository/LoginRepo/Enter pass'

12-09-2024T15:35:30 - [TEST_STEP][PASSED] - tap(findTestObject("Object Repository/LoginRepo/click login"), 0): Tapped on element 'Object Repository/LoginRepo/click login'

12-09-2024T15:35:30 - [MESSAGE][WARNING] - Timeout '0' is invalid. Using default page load timeout: '5'

12-09-2024T15:35:32 - [MESSAGE][PASSED] - Tapped on element 'Object Repository/LoginRepo/click login'

12-09-2024T15:35:32 - [TEST_STEP][PASSED] - tap(findTestObject("Object Repository/LoginRepo/Enter Pin"), 0): Tapped on element 'Object Repository/LoginRepo/Enter Pin'

12-09-2024T15:35:32 - [MESSAGE][WARNING] - Timeout '0' is invalid. Using default page load timeout: '5'

12-09-2024T15:35:32 - [MESSAGE][PASSED] - Tapped on element 'Object Repository/LoginRepo/Enter Pin'

12-09-2024T15:35:32 - [TEST_STEP][PASSED] - setText(findTestObject("Object Repository/LoginRepo/Enter Pin"), "1234", 0): Text '1234' has been set to element 'Object Repository/LoginRepo/Enter Pin'

12-09-2024T15:35:32 - [MESSAGE][WARNING] - Timeout '0' is invalid. Using default page load timeout: '5'

12-09-2024T15:35:34 - [MESSAGE][PASSED] - Text '1234' has been set to element 'Object Repository/LoginRepo/Enter Pin'

12-09-2024T15:35:34 - [MESSAGE][PASSED] - Call Test Case 'Test Cases/Login/Login' successfully

12-09-2024T15:35:34 - [TEST_STEP][PASSED] - tap(findTestObject("Object Repository/LoginRepo/Report Click"), 0): Tapped on element 'Object Repository/LoginRepo/Report Click'

12-09-2024T15:35:34 - [MESSAGE][WARNING] - Timeout '0' is invalid. Using default page load timeout: '5'

12-09-2024T15:35:36 - [MESSAGE][PASSED] - Tapped on element 'Object Repository/LoginRepo/Report Click'

12-09-2024T15:35:36 - [TEST_STEP][PASSED] - tap(findTestObject("Object Repository/LoginRepo/Ledger Click"), 0, CONTINUE_ON_FAILURE): Tapped on element 'Object Repository/LoginRepo/Ledger Click'

12-09-2024T15:35:36 - [MESSAGE][WARNING] - Timeout '0' is invalid. Using default page load timeout: '5'

12-09-2024T15:35:38 - [MESSAGE][PASSED] - Tapped on element 'Object Repository/LoginRepo/Ledger Click'

12-09-2024T15:35:38 - [TEST_STEP][PASSED] - tap(findTestObject("Object Repository/LoginRepo/Segment Click"), 0): Tapped on element 'Object Repository/LoginRepo/Segment Click'

12-09-2024T15:35:38 - [MESSAGE][WARNING] - Timeout '0' is invalid. Using default page load timeout: '5'

12-09-2024T15:35:38 - [MESSAGE][PASSED] - Tapped on element 'Object Repository/LoginRepo/Segment Click'

12-09-2024T15:35:38 - [TEST_STEP][PASSED] - tap(findTestObject("Object Repository/LoginRepo/Equity Report"), 0): Tapped on element 'Object Repository/LoginRepo/Equity Report'

12-09-2024T15:35:38 - [MESSAGE][WARNING] - Timeout '0' is invalid. Using default page load timeout: '5'

12-09-2024T15:35:40 - [MESSAGE][PASSED] - Tapped on element 'Object Repository/LoginRepo/Equity Report'

12-09-2024T15:35:40 - [TEST_STEP][PASSED] - tap(findTestObject("Object Repository/LoginRepo/Ledger-Mail-Send"), 0): Tapped on element 'Object Repository/LoginRepo/Ledger-Mail-Send'

12-09-2024T15:35:40 - [MESSAGE][WARNING] - Timeout '0' is invalid. Using default page load timeout: '5'

12-09-2024T15:35:40 - [MESSAGE][PASSED] - Tapped on element 'Object Repository/LoginRepo/Ledger-Mail-Send'

12-09-2024T15:35:40 - [TEST_STEP][PASSED] - tap(findTestObject("Object Repository/LoginRepo/Ledger-ToastMsg"), 0): Tapped on element 'Object Repository/LoginRepo/Ledger-ToastMsg'

12-09-2024T15:35:40 - [MESSAGE][WARNING] - Timeout '0' is invalid. Using default page load timeout: '5'

12-09-2024T15:35:43 - [MESSAGE][PASSED] - Tapped on element 'Object Repository/LoginRepo/Ledger-ToastMsg']]></system-out>
         <system-err><![CDATA[]]></system-err>
      </testcase>
      <testcase name="Test Cases/Ledger Report/Share Ledger Equity 24" time="36.201" classname="Test Cases/Ledger Report/Share Ledger Equity 24" status="PASSED">
         <system-out><![CDATA[12-09-2024T15:35:43 - [TEST_CASE][PASSED] - Test Cases/Ledger Report/Share Ledger Equity 24: Test Cases/Ledger Report/Share Ledger Equity 24

12-09-2024T15:35:43 - [TEST_STEP][PASSED] - callTestCase(findTestCase("Test Cases/Login/Login"), null, STOP_ON_FAILURE): Call Test Case 'Test Cases/Login/Login' successfully

12-09-2024T15:35:43 - [TEST_CASE][PASSED] - Test Cases/Login/Login: Test Cases/Login/Login

12-09-2024T15:35:43 - [TEST_STEP][PASSED] - projectDir = getProjectDir(): null

12-09-2024T15:35:43 - [TEST_STEP][PASSED] - startApplication(projectDir + "/SpaceApp/SpaceApp_1.0.34.55_LIVE.apk", true): Started application: 'C:\Users\Elite66\git\Space-Visual\SpaceApp\SpaceApp_1.0.34.55_LIVE.apk'

12-09-2024T15:35:43 - [MESSAGE][INFO] - Starting application: 'C:\Users\Elite66\git\Space-Visual\SpaceApp\SpaceApp_1.0.34.55_LIVE.apk'

12-09-2024T15:35:55 - [MESSAGE][PASSED] - Started application: 'C:\Users\Elite66\git\Space-Visual\SpaceApp\SpaceApp_1.0.34.55_LIVE.apk'

12-09-2024T15:35:55 - [TEST_STEP][PASSED] - delay(5): Delayed 5 second(s)

12-09-2024T15:36:00 - [MESSAGE][PASSED] - Delayed 5 second(s)

12-09-2024T15:36:00 - [TEST_STEP][PASSED] - tap(findTestObject("Object Repository/LoginRepo/click button"), 0): Tapped on element 'Object Repository/LoginRepo/click button'

12-09-2024T15:36:00 - [MESSAGE][WARNING] - Timeout '0' is invalid. Using default page load timeout: '5'

12-09-2024T15:36:01 - [MESSAGE][PASSED] - Tapped on element 'Object Repository/LoginRepo/click button'

12-09-2024T15:36:01 - [TEST_STEP][PASSED] - setText(findTestObject("Object Repository/LoginRepo/Enter id"), "m3903", 0): Text 'm3903' has been set to element 'Object Repository/LoginRepo/Enter id'

12-09-2024T15:36:01 - [MESSAGE][WARNING] - Timeout '0' is invalid. Using default page load timeout: '5'

12-09-2024T15:36:03 - [MESSAGE][PASSED] - Text 'm3903' has been set to element 'Object Repository/LoginRepo/Enter id'

12-09-2024T15:36:03 - [TEST_STEP][PASSED] - setText(findTestObject("Object Repository/LoginRepo/Enter pass"), "Nirav@789", 0): Text 'Nirav@789' has been set to element 'Object Repository/LoginRepo/Enter pass'

12-09-2024T15:36:03 - [MESSAGE][WARNING] - Timeout '0' is invalid. Using default page load timeout: '5'

12-09-2024T15:36:04 - [MESSAGE][PASSED] - Text 'Nirav@789' has been set to element 'Object Repository/LoginRepo/Enter pass'

12-09-2024T15:36:04 - [TEST_STEP][PASSED] - tap(findTestObject("Object Repository/LoginRepo/click login"), 0): Tapped on element 'Object Repository/LoginRepo/click login'

12-09-2024T15:36:04 - [MESSAGE][WARNING] - Timeout '0' is invalid. Using default page load timeout: '5'

12-09-2024T15:36:07 - [MESSAGE][PASSED] - Tapped on element 'Object Repository/LoginRepo/click login'

12-09-2024T15:36:07 - [TEST_STEP][PASSED] - tap(findTestObject("Object Repository/LoginRepo/Enter Pin"), 0): Tapped on element 'Object Repository/LoginRepo/Enter Pin'

12-09-2024T15:36:07 - [MESSAGE][WARNING] - Timeout '0' is invalid. Using default page load timeout: '5'

12-09-2024T15:36:07 - [MESSAGE][PASSED] - Tapped on element 'Object Repository/LoginRepo/Enter Pin'

12-09-2024T15:36:07 - [TEST_STEP][PASSED] - setText(findTestObject("Object Repository/LoginRepo/Enter Pin"), "1234", 0): Text '1234' has been set to element 'Object Repository/LoginRepo/Enter Pin'

12-09-2024T15:36:07 - [MESSAGE][WARNING] - Timeout '0' is invalid. Using default page load timeout: '5'

12-09-2024T15:36:09 - [MESSAGE][PASSED] - Text '1234' has been set to element 'Object Repository/LoginRepo/Enter Pin'

12-09-2024T15:36:09 - [MESSAGE][PASSED] - Call Test Case 'Test Cases/Login/Login' successfully

12-09-2024T15:36:09 - [TEST_STEP][PASSED] - tap(findTestObject("Object Repository/LoginRepo/Report Click"), 0): Tapped on element 'Object Repository/LoginRepo/Report Click'

12-09-2024T15:36:09 - [MESSAGE][WARNING] - Timeout '0' is invalid. Using default page load timeout: '5'

12-09-2024T15:36:11 - [MESSAGE][PASSED] - Tapped on element 'Object Repository/LoginRepo/Report Click'

12-09-2024T15:36:11 - [TEST_STEP][PASSED] - tap(findTestObject("Object Repository/LoginRepo/Ledger Click"), 0, CONTINUE_ON_FAILURE): Tapped on element 'Object Repository/LoginRepo/Ledger Click'

12-09-2024T15:36:11 - [MESSAGE][WARNING] - Timeout '0' is invalid. Using default page load timeout: '5'

12-09-2024T15:36:12 - [MESSAGE][PASSED] - Tapped on element 'Object Repository/LoginRepo/Ledger Click'

12-09-2024T15:36:12 - [TEST_STEP][PASSED] - tap(findTestObject("Object Repository/LoginRepo/Segment Click"), 0): Tapped on element 'Object Repository/LoginRepo/Segment Click'

12-09-2024T15:36:12 - [MESSAGE][WARNING] - Timeout '0' is invalid. Using default page load timeout: '5'

12-09-2024T15:36:12 - [MESSAGE][PASSED] - Tapped on element 'Object Repository/LoginRepo/Segment Click'

12-09-2024T15:36:12 - [TEST_STEP][PASSED] - tap(findTestObject("Object Repository/LoginRepo/Equity Report"), 0): Tapped on element 'Object Repository/LoginRepo/Equity Report'

12-09-2024T15:36:12 - [MESSAGE][WARNING] - Timeout '0' is invalid. Using default page load timeout: '5'

12-09-2024T15:36:14 - [MESSAGE][PASSED] - Tapped on element 'Object Repository/LoginRepo/Equity Report'

12-09-2024T15:36:14 - [TEST_STEP][PASSED] - tap(findTestObject("Object Repository/LoginRepo/Ledger-Share"), 0): Tapped on element 'Object Repository/LoginRepo/Ledger-Share'

12-09-2024T15:36:14 - [MESSAGE][WARNING] - Timeout '0' is invalid. Using default page load timeout: '5'

12-09-2024T15:36:15 - [MESSAGE][PASSED] - Tapped on element 'Object Repository/LoginRepo/Ledger-Share'

12-09-2024T15:36:15 - [TEST_STEP][PASSED] - tap(findTestObject("Object Repository/LoginRepo/Ledger-Share-Verify"), 0): Tapped on element 'Object Repository/LoginRepo/Ledger-Share-Verify'

12-09-2024T15:36:15 - [MESSAGE][WARNING] - Timeout '0' is invalid. Using default page load timeout: '5'

12-09-2024T15:36:18 - [MESSAGE][PASSED] - Tapped on element 'Object Repository/LoginRepo/Ledger-Share-Verify'

12-09-2024T15:36:18 - [TEST_STEP][PASSED] - tap(findTestObject("Object Repository/LoginRepo/Ledger-Share-Back"), 0): Tapped on element 'Object Repository/LoginRepo/Ledger-Share-Back'

12-09-2024T15:36:18 - [MESSAGE][WARNING] - Timeout '0' is invalid. Using default page load timeout: '5'

12-09-2024T15:36:19 - [MESSAGE][PASSED] - Tapped on element 'Object Repository/LoginRepo/Ledger-Share-Back']]></system-out>
         <system-err><![CDATA[]]></system-err>
      </testcase>
      <testcase name="Test Cases/Ledger Report/View Ledger Equity 2024-2025" time="36.259" classname="Test Cases/Ledger Report/View Ledger Equity 2024-2025" status="FAILED">
         <failure type="FAILED" message="Test Cases/Ledger Report/View Ledger Equity 2024-2025 FAILED.&#xa;Reason:&#xa;com.kms.katalon.core.exception.StepFailedException: Failed to get text from element&#xa;	at com.kms.katalon.core.mobile.keyword.internal.MobileKeywordMain.stepFailed(MobileKeywordMain.groovy:38)&#xa;	at com.kms.katalon.core.mobile.keyword.internal.MobileKeywordMain.runKeyword(MobileKeywordMain.groovy:21)&#xa;	at com.kms.katalon.core.mobile.keyword.builtin.GetTextKeyword.getText(GetTextKeyword.groovy:51)&#xa;	at com.kms.katalon.core.mobile.keyword.builtin.GetTextKeyword.execute(GetTextKeyword.groovy:35)&#xa;	at com.kms.katalon.core.keyword.internal.KeywordExecutor.executeKeywordForPlatform(KeywordExecutor.groovy:74)&#xa;	at com.kms.katalon.core.mobile.keyword.MobileBuiltInKeywords.getText(MobileBuiltInKeywords.groovy:1274)&#xa;	at View Ledger Equity 2024-2025.run(View Ledger Equity 2024-2025:33)&#xa;	at com.kms.katalon.core.main.ScriptEngine.run(ScriptEngine.java:194)&#xa;	at com.kms.katalon.core.main.ScriptEngine.runScriptAsRawText(ScriptEngine.java:119)&#xa;	at com.kms.katalon.core.main.TestCaseExecutor.runScript(TestCaseExecutor.java:448)&#xa;	at com.kms.katalon.core.main.TestCaseExecutor.doExecute(TestCaseExecutor.java:439)&#xa;	at com.kms.katalon.core.main.TestCaseExecutor.processExecutionPhase(TestCaseExecutor.java:418)&#xa;	at com.kms.katalon.core.main.TestCaseExecutor.accessMainPhase(TestCaseExecutor.java:410)&#xa;	at com.kms.katalon.core.main.TestCaseExecutor.execute(TestCaseExecutor.java:285)&#xa;	at com.kms.katalon.core.common.CommonExecutor.accessTestCaseMainPhase(CommonExecutor.java:65)&#xa;	at com.kms.katalon.core.main.TestSuiteExecutor.accessTestSuiteMainPhase(TestSuiteExecutor.java:150)&#xa;	at com.kms.katalon.core.main.TestSuiteExecutor.execute(TestSuiteExecutor.java:106)&#xa;	at com.kms.katalon.core.main.TestCaseMain.startTestSuite(TestCaseMain.java:180)&#xa;	at TempTestSuite1726135123204.run(TempTestSuite1726135123204.groovy:35)&#xa;	at java.base/jdk.internal.reflect.NativeMethodAccessorImpl.invoke0(Native Method)&#xa;	at java.base/jdk.internal.reflect.NativeMethodAccessorImpl.invoke(NativeMethodAccessorImpl.java:77)&#xa;	at java.base/jdk.internal.reflect.DelegatingMethodAccessorImpl.invoke(DelegatingMethodAccessorImpl.java:43)&#xa;Caused by: com.kms.katalon.core.exception.StepFailedException: Object Object Repository/LoginRepo/Wait-Element Identify not found&#xa;	at com.kms.katalon.core.mobile.keyword.internal.MobileKeywordMain.stepFailed(MobileKeywordMain.groovy:38)&#xa;	at com.kms.katalon.core.mobile.keyword.builtin.GetTextKeyword$_getText_closure1.doCall(GetTextKeyword.groovy:45)&#xa;	at com.kms.katalon.core.mobile.keyword.builtin.GetTextKeyword$_getText_closure1.call(GetTextKeyword.groovy)&#xa;	at com.kms.katalon.core.mobile.keyword.internal.MobileKeywordMain.runKeyword(MobileKeywordMain.groovy:19)&#xa;	... 20 more&#xa;"/>
         <system-out><![CDATA[12-09-2024T15:36:19 - [TEST_CASE][FAILED] - Test Cases/Ledger Report/View Ledger Equity 2024-2025: Test Cases/Ledger Report/View Ledger Equity 2024-2025 FAILED.
Reason:
com.kms.katalon.core.exception.StepFailedException: Failed to get text from element
	at com.kms.katalon.core.mobile.keyword.internal.MobileKeywordMain.stepFailed(MobileKeywordMain.groovy:38)
	at com.kms.katalon.core.mobile.keyword.internal.MobileKeywordMain.runKeyword(MobileKeywordMain.groovy:21)
	at com.kms.katalon.core.mobile.keyword.builtin.GetTextKeyword.getText(GetTextKeyword.groovy:51)
	at com.kms.katalon.core.mobile.keyword.builtin.GetTextKeyword.execute(GetTextKeyword.groovy:35)
	at com.kms.katalon.core.keyword.internal.KeywordExecutor.executeKeywordForPlatform(KeywordExecutor.groovy:74)
	at com.kms.katalon.core.mobile.keyword.MobileBuiltInKeywords.getText(MobileBuiltInKeywords.groovy:1274)
	at View Ledger Equity 2024-2025.run(View Ledger Equity 2024-2025:33)
	at com.kms.katalon.core.main.ScriptEngine.run(ScriptEngine.java:194)
	at com.kms.katalon.core.main.ScriptEngine.runScriptAsRawText(ScriptEngine.java:119)
	at com.kms.katalon.core.main.TestCaseExecutor.runScript(TestCaseExecutor.java:448)
	at com.kms.katalon.core.main.TestCaseExecutor.doExecute(TestCaseExecutor.java:439)
	at com.kms.katalon.core.main.TestCaseExecutor.processExecutionPhase(TestCaseExecutor.java:418)
	at com.kms.katalon.core.main.TestCaseExecutor.accessMainPhase(TestCaseExecutor.java:410)
	at com.kms.katalon.core.main.TestCaseExecutor.execute(TestCaseExecutor.java:285)
	at com.kms.katalon.core.common.CommonExecutor.accessTestCaseMainPhase(CommonExecutor.java:65)
	at com.kms.katalon.core.main.TestSuiteExecutor.accessTestSuiteMainPhase(TestSuiteExecutor.java:150)
	at com.kms.katalon.core.main.TestSuiteExecutor.execute(TestSuiteExecutor.java:106)
	at com.kms.katalon.core.main.TestCaseMain.startTestSuite(TestCaseMain.java:180)
	at TempTestSuite1726135123204.run(TempTestSuite1726135123204.groovy:35)
	at java.base/jdk.internal.reflect.NativeMethodAccessorImpl.invoke0(Native Method)
	at java.base/jdk.internal.reflect.NativeMethodAccessorImpl.invoke(NativeMethodAccessorImpl.java:77)
	at java.base/jdk.internal.reflect.DelegatingMethodAccessorImpl.invoke(DelegatingMethodAccessorImpl.java:43)
Caused by: com.kms.katalon.core.exception.StepFailedException: Object Object Repository/LoginRepo/Wait-Element Identify not found
	at com.kms.katalon.core.mobile.keyword.internal.MobileKeywordMain.stepFailed(MobileKeywordMain.groovy:38)
	at com.kms.katalon.core.mobile.keyword.builtin.GetTextKeyword$_getText_closure1.doCall(GetTextKeyword.groovy:45)
	at com.kms.katalon.core.mobile.keyword.builtin.GetTextKeyword$_getText_closure1.call(GetTextKeyword.groovy)
	at com.kms.katalon.core.mobile.keyword.internal.MobileKeywordMain.runKeyword(MobileKeywordMain.groovy:19)
	... 20 more


12-09-2024T15:36:19 - [TEST_STEP][PASSED] - callTestCase(findTestCase("Test Cases/Login/Login"), null, STOP_ON_FAILURE): Call Test Case 'Test Cases/Login/Login' successfully

12-09-2024T15:36:19 - [TEST_CASE][PASSED] - Test Cases/Login/Login: Test Cases/Login/Login

12-09-2024T15:36:19 - [TEST_STEP][PASSED] - projectDir = getProjectDir(): null

12-09-2024T15:36:19 - [TEST_STEP][PASSED] - startApplication(projectDir + "/SpaceApp/SpaceApp_1.0.34.55_LIVE.apk", true): Started application: 'C:\Users\Elite66\git\Space-Visual\SpaceApp\SpaceApp_1.0.34.55_LIVE.apk'

12-09-2024T15:36:19 - [MESSAGE][INFO] - Starting application: 'C:\Users\Elite66\git\Space-Visual\SpaceApp\SpaceApp_1.0.34.55_LIVE.apk'

12-09-2024T15:36:30 - [MESSAGE][PASSED] - Started application: 'C:\Users\Elite66\git\Space-Visual\SpaceApp\SpaceApp_1.0.34.55_LIVE.apk'

12-09-2024T15:36:30 - [TEST_STEP][PASSED] - delay(5): Delayed 5 second(s)

12-09-2024T15:36:35 - [MESSAGE][PASSED] - Delayed 5 second(s)

12-09-2024T15:36:35 - [TEST_STEP][PASSED] - tap(findTestObject("Object Repository/LoginRepo/click button"), 0): Tapped on element 'Object Repository/LoginRepo/click button'

12-09-2024T15:36:35 - [MESSAGE][WARNING] - Timeout '0' is invalid. Using default page load timeout: '5'

12-09-2024T15:36:36 - [MESSAGE][PASSED] - Tapped on element 'Object Repository/LoginRepo/click button'

12-09-2024T15:36:36 - [TEST_STEP][PASSED] - setText(findTestObject("Object Repository/LoginRepo/Enter id"), "m3903", 0): Text 'm3903' has been set to element 'Object Repository/LoginRepo/Enter id'

12-09-2024T15:36:36 - [MESSAGE][WARNING] - Timeout '0' is invalid. Using default page load timeout: '5'

12-09-2024T15:36:38 - [MESSAGE][PASSED] - Text 'm3903' has been set to element 'Object Repository/LoginRepo/Enter id'

12-09-2024T15:36:38 - [TEST_STEP][PASSED] - setText(findTestObject("Object Repository/LoginRepo/Enter pass"), "Nirav@789", 0): Text 'Nirav@789' has been set to element 'Object Repository/LoginRepo/Enter pass'

12-09-2024T15:36:38 - [MESSAGE][WARNING] - Timeout '0' is invalid. Using default page load timeout: '5'

12-09-2024T15:36:39 - [MESSAGE][PASSED] - Text 'Nirav@789' has been set to element 'Object Repository/LoginRepo/Enter pass'

12-09-2024T15:36:39 - [TEST_STEP][PASSED] - tap(findTestObject("Object Repository/LoginRepo/click login"), 0): Tapped on element 'Object Repository/LoginRepo/click login'

12-09-2024T15:36:39 - [MESSAGE][WARNING] - Timeout '0' is invalid. Using default page load timeout: '5'

12-09-2024T15:36:41 - [MESSAGE][PASSED] - Tapped on element 'Object Repository/LoginRepo/click login'

12-09-2024T15:36:41 - [TEST_STEP][PASSED] - tap(findTestObject("Object Repository/LoginRepo/Enter Pin"), 0): Tapped on element 'Object Repository/LoginRepo/Enter Pin'

12-09-2024T15:36:41 - [MESSAGE][WARNING] - Timeout '0' is invalid. Using default page load timeout: '5'

12-09-2024T15:36:41 - [MESSAGE][PASSED] - Tapped on element 'Object Repository/LoginRepo/Enter Pin'

12-09-2024T15:36:41 - [TEST_STEP][PASSED] - setText(findTestObject("Object Repository/LoginRepo/Enter Pin"), "1234", 0): Text '1234' has been set to element 'Object Repository/LoginRepo/Enter Pin'

12-09-2024T15:36:41 - [MESSAGE][WARNING] - Timeout '0' is invalid. Using default page load timeout: '5'

12-09-2024T15:36:44 - [MESSAGE][PASSED] - Text '1234' has been set to element 'Object Repository/LoginRepo/Enter Pin'

12-09-2024T15:36:44 - [MESSAGE][PASSED] - Call Test Case 'Test Cases/Login/Login' successfully

12-09-2024T15:36:44 - [TEST_STEP][PASSED] - tap(findTestObject("Object Repository/LoginRepo/Report Click"), 0): Tapped on element 'Object Repository/LoginRepo/Report Click'

12-09-2024T15:36:44 - [MESSAGE][WARNING] - Timeout '0' is invalid. Using default page load timeout: '5'

12-09-2024T15:36:45 - [MESSAGE][PASSED] - Tapped on element 'Object Repository/LoginRepo/Report Click'

12-09-2024T15:36:45 - [TEST_STEP][PASSED] - tap(findTestObject("Object Repository/LoginRepo/Ledger Click"), 0, CONTINUE_ON_FAILURE): Tapped on element 'Object Repository/LoginRepo/Ledger Click'

12-09-2024T15:36:45 - [MESSAGE][WARNING] - Timeout '0' is invalid. Using default page load timeout: '5'

12-09-2024T15:36:47 - [MESSAGE][PASSED] - Tapped on element 'Object Repository/LoginRepo/Ledger Click'

12-09-2024T15:36:47 - [TEST_STEP][PASSED] - tap(findTestObject("Object Repository/LoginRepo/Segment Click"), 0): Tapped on element 'Object Repository/LoginRepo/Segment Click'

12-09-2024T15:36:47 - [MESSAGE][WARNING] - Timeout '0' is invalid. Using default page load timeout: '5'

12-09-2024T15:36:48 - [MESSAGE][PASSED] - Tapped on element 'Object Repository/LoginRepo/Segment Click'

12-09-2024T15:36:48 - [TEST_STEP][PASSED] - tap(findTestObject("Object Repository/LoginRepo/Equity Report"), 0): Tapped on element 'Object Repository/LoginRepo/Equity Report'

12-09-2024T15:36:48 - [MESSAGE][WARNING] - Timeout '0' is invalid. Using default page load timeout: '5'

12-09-2024T15:36:49 - [MESSAGE][PASSED] - Tapped on element 'Object Repository/LoginRepo/Equity Report'

12-09-2024T15:36:49 - [TEST_STEP][PASSED] - tap(findTestObject("Object Repository/LoginRepo/View Ledger"), 0, CONTINUE_ON_FAILURE): Tapped on element 'Object Repository/LoginRepo/View Ledger'

12-09-2024T15:36:49 - [MESSAGE][WARNING] - Timeout '0' is invalid. Using default page load timeout: '5'

12-09-2024T15:36:49 - [MESSAGE][PASSED] - Tapped on element 'Object Repository/LoginRepo/View Ledger'

12-09-2024T15:36:49 - [TEST_STEP][FAILED] - getText(findTestObject("Object Repository/LoginRepo/Wait-Element Identify"), 0): Failed to get text from element (Root cause: com.kms.katalon.core.exception.StepFailedException: Failed to get text from element
	at com.kms.katalon.core.mobile.keyword.internal.MobileKeywordMain.stepFailed(MobileKeywordMain.groovy:38)
	at com.kms.katalon.core.mobile.keyword.internal.MobileKeywordMain.runKeyword(MobileKeywordMain.groovy:21)
	at com.kms.katalon.core.mobile.keyword.builtin.GetTextKeyword.getText(GetTextKeyword.groovy:51)
	at com.kms.katalon.core.mobile.keyword.builtin.GetTextKeyword.execute(GetTextKeyword.groovy:35)
	at com.kms.katalon.core.keyword.internal.KeywordExecutor.executeKeywordForPlatform(KeywordExecutor.groovy:74)
	at com.kms.katalon.core.mobile.keyword.MobileBuiltInKeywords.getText(MobileBuiltInKeywords.groovy:1274)
	at View Ledger Equity 2024-2025.run(View Ledger Equity 2024-2025:33)
	at com.kms.katalon.core.main.ScriptEngine.run(ScriptEngine.java:194)
	at com.kms.katalon.core.main.ScriptEngine.runScriptAsRawText(ScriptEngine.java:119)
	at com.kms.katalon.core.main.TestCaseExecutor.runScript(TestCaseExecutor.java:448)
	at com.kms.katalon.core.main.TestCaseExecutor.doExecute(TestCaseExecutor.java:439)
	at com.kms.katalon.core.main.TestCaseExecutor.processExecutionPhase(TestCaseExecutor.java:418)
	at com.kms.katalon.core.main.TestCaseExecutor.accessMainPhase(TestCaseExecutor.java:410)
	at com.kms.katalon.core.main.TestCaseExecutor.execute(TestCaseExecutor.java:285)
	at com.kms.katalon.core.common.CommonExecutor.accessTestCaseMainPhase(CommonExecutor.java:65)
	at com.kms.katalon.core.main.TestSuiteExecutor.accessTestSuiteMainPhase(TestSuiteExecutor.java:150)
	at com.kms.katalon.core.main.TestSuiteExecutor.execute(TestSuiteExecutor.java:106)
	at com.kms.katalon.core.main.TestCaseMain.startTestSuite(TestCaseMain.java:180)
	at TempTestSuite1726135123204.run(TempTestSuite1726135123204.groovy:35)
	at java.base/jdk.internal.reflect.NativeMethodAccessorImpl.invoke0(Native Method)
	at java.base/jdk.internal.reflect.NativeMethodAccessorImpl.invoke(NativeMethodAccessorImpl.java:77)
	at java.base/jdk.internal.reflect.DelegatingMethodAccessorImpl.invoke(DelegatingMethodAccessorImpl.java:43)
Caused by: com.kms.katalon.core.exception.StepFailedException: Object Object Repository/LoginRepo/Wait-Element Identify not found
	at com.kms.katalon.core.mobile.keyword.internal.MobileKeywordMain.stepFailed(MobileKeywordMain.groovy:38)
	at com.kms.katalon.core.mobile.keyword.builtin.GetTextKeyword$_getText_closure1.doCall(GetTextKeyword.groovy:45)
	at com.kms.katalon.core.mobile.keyword.builtin.GetTextKeyword$_getText_closure1.call(GetTextKeyword.groovy)
	at com.kms.katalon.core.mobile.keyword.internal.MobileKeywordMain.runKeyword(MobileKeywordMain.groovy:19)
	... 20 more
)

12-09-2024T15:36:49 - [MESSAGE][WARNING] - Timeout '0' is invalid. Using default page load timeout: '5'

12-09-2024T15:36:55 - [MESSAGE][FAILED] - Object Object Repository/LoginRepo/Wait-Element Identify not found (Root cause: com.kms.katalon.core.exception.StepFailedException: Object Object Repository/LoginRepo/Wait-Element Identify not found
	at com.kms.katalon.core.mobile.keyword.internal.MobileKeywordMain.stepFailed(MobileKeywordMain.groovy:38)
	at com.kms.katalon.core.mobile.keyword.builtin.GetTextKeyword$_getText_closure1.doCall(GetTextKeyword.groovy:45)
	at com.kms.katalon.core.mobile.keyword.builtin.GetTextKeyword$_getText_closure1.call(GetTextKeyword.groovy)
	at com.kms.katalon.core.mobile.keyword.internal.MobileKeywordMain.runKeyword(MobileKeywordMain.groovy:19)
	at com.kms.katalon.core.mobile.keyword.builtin.GetTextKeyword.getText(GetTextKeyword.groovy:51)
	at com.kms.katalon.core.mobile.keyword.builtin.GetTextKeyword.execute(GetTextKeyword.groovy:35)
	at com.kms.katalon.core.keyword.internal.KeywordExecutor.executeKeywordForPlatform(KeywordExecutor.groovy:74)
	at com.kms.katalon.core.mobile.keyword.MobileBuiltInKeywords.getText(MobileBuiltInKeywords.groovy:1274)
	at View Ledger Equity 2024-2025.run(View Ledger Equity 2024-2025:33)
	at com.kms.katalon.core.main.ScriptEngine.run(ScriptEngine.java:194)
	at com.kms.katalon.core.main.ScriptEngine.runScriptAsRawText(ScriptEngine.java:119)
	at com.kms.katalon.core.main.TestCaseExecutor.runScript(TestCaseExecutor.java:448)
	at com.kms.katalon.core.main.TestCaseExecutor.doExecute(TestCaseExecutor.java:439)
	at com.kms.katalon.core.main.TestCaseExecutor.processExecutionPhase(TestCaseExecutor.java:418)
	at com.kms.katalon.core.main.TestCaseExecutor.accessMainPhase(TestCaseExecutor.java:410)
	at com.kms.katalon.core.main.TestCaseExecutor.execute(TestCaseExecutor.java:285)
	at com.kms.katalon.core.common.CommonExecutor.accessTestCaseMainPhase(CommonExecutor.java:65)
	at com.kms.katalon.core.main.TestSuiteExecutor.accessTestSuiteMainPhase(TestSuiteExecutor.java:150)
	at com.kms.katalon.core.main.TestSuiteExecutor.execute(TestSuiteExecutor.java:106)
	at com.kms.katalon.core.main.TestCaseMain.startTestSuite(TestCaseMain.java:180)
	at TempTestSuite1726135123204.run(TempTestSuite1726135123204.groovy:35)
	at java.base/jdk.internal.reflect.NativeMethodAccessorImpl.invoke0(Native Method)
	at java.base/jdk.internal.reflect.NativeMethodAccessorImpl.invoke(NativeMethodAccessorImpl.java:77)
	at java.base/jdk.internal.reflect.DelegatingMethodAccessorImpl.invoke(DelegatingMethodAccessorImpl.java:43)
)
[[ATTACHMENT|C:\\Users\\Elite66\\git\\Space-Visual\\Reports\\20240912_152843\\5 Sec\\20240912_152843\\1726135614796.png]]

12-09-2024T15:36:55 - [MESSAGE][FAILED] - Failed to get text from element (Root cause: com.kms.katalon.core.exception.StepFailedException: Failed to get text from element
	at com.kms.katalon.core.mobile.keyword.internal.MobileKeywordMain.stepFailed(MobileKeywordMain.groovy:38)
	at com.kms.katalon.core.mobile.keyword.internal.MobileKeywordMain.runKeyword(MobileKeywordMain.groovy:21)
	at com.kms.katalon.core.mobile.keyword.builtin.GetTextKeyword.getText(GetTextKeyword.groovy:51)
	at com.kms.katalon.core.mobile.keyword.builtin.GetTextKeyword.execute(GetTextKeyword.groovy:35)
	at com.kms.katalon.core.keyword.internal.KeywordExecutor.executeKeywordForPlatform(KeywordExecutor.groovy:74)
	at com.kms.katalon.core.mobile.keyword.MobileBuiltInKeywords.getText(MobileBuiltInKeywords.groovy:1274)
	at View Ledger Equity 2024-2025.run(View Ledger Equity 2024-2025:33)
	at com.kms.katalon.core.main.ScriptEngine.run(ScriptEngine.java:194)
	at com.kms.katalon.core.main.ScriptEngine.runScriptAsRawText(ScriptEngine.java:119)
	at com.kms.katalon.core.main.TestCaseExecutor.runScript(TestCaseExecutor.java:448)
	at com.kms.katalon.core.main.TestCaseExecutor.doExecute(TestCaseExecutor.java:439)
	at com.kms.katalon.core.main.TestCaseExecutor.processExecutionPhase(TestCaseExecutor.java:418)
	at com.kms.katalon.core.main.TestCaseExecutor.accessMainPhase(TestCaseExecutor.java:410)
	at com.kms.katalon.core.main.TestCaseExecutor.execute(TestCaseExecutor.java:285)
	at com.kms.katalon.core.common.CommonExecutor.accessTestCaseMainPhase(CommonExecutor.java:65)
	at com.kms.katalon.core.main.TestSuiteExecutor.accessTestSuiteMainPhase(TestSuiteExecutor.java:150)
	at com.kms.katalon.core.main.TestSuiteExecutor.execute(TestSuiteExecutor.java:106)
	at com.kms.katalon.core.main.TestCaseMain.startTestSuite(TestCaseMain.java:180)
	at TempTestSuite1726135123204.run(TempTestSuite1726135123204.groovy:35)
	at java.base/jdk.internal.reflect.NativeMethodAccessorImpl.invoke0(Native Method)
	at java.base/jdk.internal.reflect.NativeMethodAccessorImpl.invoke(NativeMethodAccessorImpl.java:77)
	at java.base/jdk.internal.reflect.DelegatingMethodAccessorImpl.invoke(DelegatingMethodAccessorImpl.java:43)
Caused by: com.kms.katalon.core.exception.StepFailedException: Object Object Repository/LoginRepo/Wait-Element Identify not found
	at com.kms.katalon.core.mobile.keyword.internal.MobileKeywordMain.stepFailed(MobileKeywordMain.groovy:38)
	at com.kms.katalon.core.mobile.keyword.builtin.GetTextKeyword$_getText_closure1.doCall(GetTextKeyword.groovy:45)
	at com.kms.katalon.core.mobile.keyword.builtin.GetTextKeyword$_getText_closure1.call(GetTextKeyword.groovy)
	at com.kms.katalon.core.mobile.keyword.internal.MobileKeywordMain.runKeyword(MobileKeywordMain.groovy:19)
	... 20 more
)
[[ATTACHMENT|C:\\Users\\Elite66\\git\\Space-Visual\\Reports\\20240912_152843\\5 Sec\\20240912_152843\\1726135615198.png]]]]></system-out>
         <system-err><![CDATA[12-09-2024T15:36:19 - [TEST_CASE][FAILED] - Test Cases/Ledger Report/View Ledger Equity 2024-2025: Test Cases/Ledger Report/View Ledger Equity 2024-2025 FAILED.
Reason:
com.kms.katalon.core.exception.StepFailedException: Failed to get text from element
	at com.kms.katalon.core.mobile.keyword.internal.MobileKeywordMain.stepFailed(MobileKeywordMain.groovy:38)
	at com.kms.katalon.core.mobile.keyword.internal.MobileKeywordMain.runKeyword(MobileKeywordMain.groovy:21)
	at com.kms.katalon.core.mobile.keyword.builtin.GetTextKeyword.getText(GetTextKeyword.groovy:51)
	at com.kms.katalon.core.mobile.keyword.builtin.GetTextKeyword.execute(GetTextKeyword.groovy:35)
	at com.kms.katalon.core.keyword.internal.KeywordExecutor.executeKeywordForPlatform(KeywordExecutor.groovy:74)
	at com.kms.katalon.core.mobile.keyword.MobileBuiltInKeywords.getText(MobileBuiltInKeywords.groovy:1274)
	at View Ledger Equity 2024-2025.run(View Ledger Equity 2024-2025:33)
	at com.kms.katalon.core.main.ScriptEngine.run(ScriptEngine.java:194)
	at com.kms.katalon.core.main.ScriptEngine.runScriptAsRawText(ScriptEngine.java:119)
	at com.kms.katalon.core.main.TestCaseExecutor.runScript(TestCaseExecutor.java:448)
	at com.kms.katalon.core.main.TestCaseExecutor.doExecute(TestCaseExecutor.java:439)
	at com.kms.katalon.core.main.TestCaseExecutor.processExecutionPhase(TestCaseExecutor.java:418)
	at com.kms.katalon.core.main.TestCaseExecutor.accessMainPhase(TestCaseExecutor.java:410)
	at com.kms.katalon.core.main.TestCaseExecutor.execute(TestCaseExecutor.java:285)
	at com.kms.katalon.core.common.CommonExecutor.accessTestCaseMainPhase(CommonExecutor.java:65)
	at com.kms.katalon.core.main.TestSuiteExecutor.accessTestSuiteMainPhase(TestSuiteExecutor.java:150)
	at com.kms.katalon.core.main.TestSuiteExecutor.execute(TestSuiteExecutor.java:106)
	at com.kms.katalon.core.main.TestCaseMain.startTestSuite(TestCaseMain.java:180)
	at TempTestSuite1726135123204.run(TempTestSuite1726135123204.groovy:35)
	at java.base/jdk.internal.reflect.NativeMethodAccessorImpl.invoke0(Native Method)
	at java.base/jdk.internal.reflect.NativeMethodAccessorImpl.invoke(NativeMethodAccessorImpl.java:77)
	at java.base/jdk.internal.reflect.DelegatingMethodAccessorImpl.invoke(DelegatingMethodAccessorImpl.java:43)
Caused by: com.kms.katalon.core.exception.StepFailedException: Object Object Repository/LoginRepo/Wait-Element Identify not found
	at com.kms.katalon.core.mobile.keyword.internal.MobileKeywordMain.stepFailed(MobileKeywordMain.groovy:38)
	at com.kms.katalon.core.mobile.keyword.builtin.GetTextKeyword$_getText_closure1.doCall(GetTextKeyword.groovy:45)
	at com.kms.katalon.core.mobile.keyword.builtin.GetTextKeyword$_getText_closure1.call(GetTextKeyword.groovy)
	at com.kms.katalon.core.mobile.keyword.internal.MobileKeywordMain.runKeyword(MobileKeywordMain.groovy:19)
	... 20 more]]></system-err>
      </testcase>
      <testcase name="Test Cases/Ledger Report/Mail Ledger Future 2023" time="37.622" classname="Test Cases/Ledger Report/Mail Ledger Future 2023" status="PASSED">
         <system-out><![CDATA[12-09-2024T15:36:55 - [TEST_CASE][PASSED] - Test Cases/Ledger Report/Mail Ledger Future 2023: Test Cases/Ledger Report/Mail Ledger Future 2023

12-09-2024T15:36:55 - [TEST_STEP][PASSED] - callTestCase(findTestCase("Test Cases/Login/Login"), null, STOP_ON_FAILURE): Call Test Case 'Test Cases/Login/Login' successfully

12-09-2024T15:36:55 - [TEST_CASE][PASSED] - Test Cases/Login/Login: Test Cases/Login/Login

12-09-2024T15:36:55 - [TEST_STEP][PASSED] - projectDir = getProjectDir(): null

12-09-2024T15:36:55 - [TEST_STEP][PASSED] - startApplication(projectDir + "/SpaceApp/SpaceApp_1.0.34.55_LIVE.apk", true): Started application: 'C:\Users\Elite66\git\Space-Visual\SpaceApp\SpaceApp_1.0.34.55_LIVE.apk'

12-09-2024T15:36:55 - [MESSAGE][INFO] - Starting application: 'C:\Users\Elite66\git\Space-Visual\SpaceApp\SpaceApp_1.0.34.55_LIVE.apk'

12-09-2024T15:37:08 - [MESSAGE][PASSED] - Started application: 'C:\Users\Elite66\git\Space-Visual\SpaceApp\SpaceApp_1.0.34.55_LIVE.apk'

12-09-2024T15:37:08 - [TEST_STEP][PASSED] - delay(5): Delayed 5 second(s)

12-09-2024T15:37:13 - [MESSAGE][PASSED] - Delayed 5 second(s)

12-09-2024T15:37:13 - [TEST_STEP][PASSED] - tap(findTestObject("Object Repository/LoginRepo/click button"), 0): Tapped on element 'Object Repository/LoginRepo/click button'

12-09-2024T15:37:13 - [MESSAGE][WARNING] - Timeout '0' is invalid. Using default page load timeout: '5'

12-09-2024T15:37:14 - [MESSAGE][PASSED] - Tapped on element 'Object Repository/LoginRepo/click button'

12-09-2024T15:37:14 - [TEST_STEP][PASSED] - setText(findTestObject("Object Repository/LoginRepo/Enter id"), "m3903", 0): Text 'm3903' has been set to element 'Object Repository/LoginRepo/Enter id'

12-09-2024T15:37:14 - [MESSAGE][WARNING] - Timeout '0' is invalid. Using default page load timeout: '5'

12-09-2024T15:37:16 - [MESSAGE][PASSED] - Text 'm3903' has been set to element 'Object Repository/LoginRepo/Enter id'

12-09-2024T15:37:16 - [TEST_STEP][PASSED] - setText(findTestObject("Object Repository/LoginRepo/Enter pass"), "Nirav@789", 0): Text 'Nirav@789' has been set to element 'Object Repository/LoginRepo/Enter pass'

12-09-2024T15:37:16 - [MESSAGE][WARNING] - Timeout '0' is invalid. Using default page load timeout: '5'

12-09-2024T15:37:18 - [MESSAGE][PASSED] - Text 'Nirav@789' has been set to element 'Object Repository/LoginRepo/Enter pass'

12-09-2024T15:37:18 - [TEST_STEP][PASSED] - tap(findTestObject("Object Repository/LoginRepo/click login"), 0): Tapped on element 'Object Repository/LoginRepo/click login'

12-09-2024T15:37:18 - [MESSAGE][WARNING] - Timeout '0' is invalid. Using default page load timeout: '5'

12-09-2024T15:37:20 - [MESSAGE][PASSED] - Tapped on element 'Object Repository/LoginRepo/click login'

12-09-2024T15:37:20 - [TEST_STEP][PASSED] - tap(findTestObject("Object Repository/LoginRepo/Enter Pin"), 0): Tapped on element 'Object Repository/LoginRepo/Enter Pin'

12-09-2024T15:37:20 - [MESSAGE][WARNING] - Timeout '0' is invalid. Using default page load timeout: '5'

12-09-2024T15:37:20 - [MESSAGE][PASSED] - Tapped on element 'Object Repository/LoginRepo/Enter Pin'

12-09-2024T15:37:20 - [TEST_STEP][PASSED] - setText(findTestObject("Object Repository/LoginRepo/Enter Pin"), "1234", 0): Text '1234' has been set to element 'Object Repository/LoginRepo/Enter Pin'

12-09-2024T15:37:20 - [MESSAGE][WARNING] - Timeout '0' is invalid. Using default page load timeout: '5'

12-09-2024T15:37:23 - [MESSAGE][PASSED] - Text '1234' has been set to element 'Object Repository/LoginRepo/Enter Pin'

12-09-2024T15:37:23 - [MESSAGE][PASSED] - Call Test Case 'Test Cases/Login/Login' successfully

12-09-2024T15:37:23 - [TEST_STEP][PASSED] - tap(findTestObject("Object Repository/LoginRepo/Report Click"), 0): Tapped on element 'Object Repository/LoginRepo/Report Click'

12-09-2024T15:37:23 - [MESSAGE][WARNING] - Timeout '0' is invalid. Using default page load timeout: '5'

12-09-2024T15:37:24 - [MESSAGE][PASSED] - Tapped on element 'Object Repository/LoginRepo/Report Click'

12-09-2024T15:37:24 - [TEST_STEP][PASSED] - tap(findTestObject("Object Repository/LoginRepo/Ledger Click"), 0, CONTINUE_ON_FAILURE): Tapped on element 'Object Repository/LoginRepo/Ledger Click'

12-09-2024T15:37:24 - [MESSAGE][WARNING] - Timeout '0' is invalid. Using default page load timeout: '5'

12-09-2024T15:37:26 - [MESSAGE][PASSED] - Tapped on element 'Object Repository/LoginRepo/Ledger Click'

12-09-2024T15:37:26 - [TEST_STEP][PASSED] - tap(findTestObject("Object Repository/LoginRepo/Segment Click"), 0): Tapped on element 'Object Repository/LoginRepo/Segment Click'

12-09-2024T15:37:26 - [MESSAGE][WARNING] - Timeout '0' is invalid. Using default page load timeout: '5'

12-09-2024T15:37:26 - [MESSAGE][PASSED] - Tapped on element 'Object Repository/LoginRepo/Segment Click'

12-09-2024T15:37:26 - [TEST_STEP][PASSED] - tap(findTestObject("Object Repository/LoginRepo/Future Report"), 0): Tapped on element 'Object Repository/LoginRepo/Future Report'

12-09-2024T15:37:26 - [MESSAGE][WARNING] - Timeout '0' is invalid. Using default page load timeout: '5'

12-09-2024T15:37:28 - [MESSAGE][PASSED] - Tapped on element 'Object Repository/LoginRepo/Future Report'

12-09-2024T15:37:28 - [TEST_STEP][PASSED] - tap(findTestObject("Object Repository/LoginRepo/Ledger-2024-2025"), 0, CONTINUE_ON_FAILURE): Tapped on element 'Object Repository/LoginRepo/Ledger-2024-2025'

12-09-2024T15:37:28 - [MESSAGE][WARNING] - Timeout '0' is invalid. Using default page load timeout: '5'

12-09-2024T15:37:28 - [MESSAGE][PASSED] - Tapped on element 'Object Repository/LoginRepo/Ledger-2024-2025'

12-09-2024T15:37:28 - [TEST_STEP][PASSED] - tap(findTestObject("Object Repository/LoginRepo/Ledger-2023-2024"), 0, CONTINUE_ON_FAILURE): Tapped on element 'Object Repository/LoginRepo/Ledger-2023-2024'

12-09-2024T15:37:28 - [MESSAGE][WARNING] - Timeout '0' is invalid. Using default page load timeout: '5'

12-09-2024T15:37:30 - [MESSAGE][PASSED] - Tapped on element 'Object Repository/LoginRepo/Ledger-2023-2024'

12-09-2024T15:37:30 - [TEST_STEP][PASSED] - tap(findTestObject("Object Repository/LoginRepo/Ledger-Mail-Send"), 0): Tapped on element 'Object Repository/LoginRepo/Ledger-Mail-Send'

12-09-2024T15:37:30 - [MESSAGE][WARNING] - Timeout '0' is invalid. Using default page load timeout: '5'

12-09-2024T15:37:30 - [MESSAGE][PASSED] - Tapped on element 'Object Repository/LoginRepo/Ledger-Mail-Send'

12-09-2024T15:37:30 - [TEST_STEP][PASSED] - tap(findTestObject("Object Repository/LoginRepo/Ledger-ToastMsg"), 0): Tapped on element 'Object Repository/LoginRepo/Ledger-ToastMsg'

12-09-2024T15:37:30 - [MESSAGE][WARNING] - Timeout '0' is invalid. Using default page load timeout: '5'

12-09-2024T15:37:33 - [MESSAGE][PASSED] - Tapped on element 'Object Repository/LoginRepo/Ledger-ToastMsg']]></system-out>
         <system-err><![CDATA[]]></system-err>
      </testcase>
      <testcase name="Test Cases/Ledger Report/Mail Ledger Future 2024" time="33.718" classname="Test Cases/Ledger Report/Mail Ledger Future 2024" status="PASSED">
         <system-out><![CDATA[12-09-2024T15:37:33 - [TEST_CASE][PASSED] - Test Cases/Ledger Report/Mail Ledger Future 2024: Test Cases/Ledger Report/Mail Ledger Future 2024

12-09-2024T15:37:33 - [TEST_STEP][PASSED] - callTestCase(findTestCase("Test Cases/Login/Login"), null, STOP_ON_FAILURE): Call Test Case 'Test Cases/Login/Login' successfully

12-09-2024T15:37:33 - [TEST_CASE][PASSED] - Test Cases/Login/Login: Test Cases/Login/Login

12-09-2024T15:37:33 - [TEST_STEP][PASSED] - projectDir = getProjectDir(): null

12-09-2024T15:37:33 - [TEST_STEP][PASSED] - startApplication(projectDir + "/SpaceApp/SpaceApp_1.0.34.55_LIVE.apk", true): Started application: 'C:\Users\Elite66\git\Space-Visual\SpaceApp\SpaceApp_1.0.34.55_LIVE.apk'

12-09-2024T15:37:33 - [MESSAGE][INFO] - Starting application: 'C:\Users\Elite66\git\Space-Visual\SpaceApp\SpaceApp_1.0.34.55_LIVE.apk'

12-09-2024T15:37:45 - [MESSAGE][PASSED] - Started application: 'C:\Users\Elite66\git\Space-Visual\SpaceApp\SpaceApp_1.0.34.55_LIVE.apk'

12-09-2024T15:37:45 - [TEST_STEP][PASSED] - delay(5): Delayed 5 second(s)

12-09-2024T15:37:50 - [MESSAGE][PASSED] - Delayed 5 second(s)

12-09-2024T15:37:50 - [TEST_STEP][PASSED] - tap(findTestObject("Object Repository/LoginRepo/click button"), 0): Tapped on element 'Object Repository/LoginRepo/click button'

12-09-2024T15:37:50 - [MESSAGE][WARNING] - Timeout '0' is invalid. Using default page load timeout: '5'

12-09-2024T15:37:51 - [MESSAGE][PASSED] - Tapped on element 'Object Repository/LoginRepo/click button'

12-09-2024T15:37:51 - [TEST_STEP][PASSED] - setText(findTestObject("Object Repository/LoginRepo/Enter id"), "m3903", 0): Text 'm3903' has been set to element 'Object Repository/LoginRepo/Enter id'

12-09-2024T15:37:51 - [MESSAGE][WARNING] - Timeout '0' is invalid. Using default page load timeout: '5'

12-09-2024T15:37:52 - [MESSAGE][PASSED] - Text 'm3903' has been set to element 'Object Repository/LoginRepo/Enter id'

12-09-2024T15:37:52 - [TEST_STEP][PASSED] - setText(findTestObject("Object Repository/LoginRepo/Enter pass"), "Nirav@789", 0): Text 'Nirav@789' has been set to element 'Object Repository/LoginRepo/Enter pass'

12-09-2024T15:37:52 - [MESSAGE][WARNING] - Timeout '0' is invalid. Using default page load timeout: '5'

12-09-2024T15:37:54 - [MESSAGE][PASSED] - Text 'Nirav@789' has been set to element 'Object Repository/LoginRepo/Enter pass'

12-09-2024T15:37:54 - [TEST_STEP][PASSED] - tap(findTestObject("Object Repository/LoginRepo/click login"), 0): Tapped on element 'Object Repository/LoginRepo/click login'

12-09-2024T15:37:54 - [MESSAGE][WARNING] - Timeout '0' is invalid. Using default page load timeout: '5'

12-09-2024T15:37:56 - [MESSAGE][PASSED] - Tapped on element 'Object Repository/LoginRepo/click login'

12-09-2024T15:37:56 - [TEST_STEP][PASSED] - tap(findTestObject("Object Repository/LoginRepo/Enter Pin"), 0): Tapped on element 'Object Repository/LoginRepo/Enter Pin'

12-09-2024T15:37:56 - [MESSAGE][WARNING] - Timeout '0' is invalid. Using default page load timeout: '5'

12-09-2024T15:37:56 - [MESSAGE][PASSED] - Tapped on element 'Object Repository/LoginRepo/Enter Pin'

12-09-2024T15:37:56 - [TEST_STEP][PASSED] - setText(findTestObject("Object Repository/LoginRepo/Enter Pin"), "1234", 0): Text '1234' has been set to element 'Object Repository/LoginRepo/Enter Pin'

12-09-2024T15:37:56 - [MESSAGE][WARNING] - Timeout '0' is invalid. Using default page load timeout: '5'

12-09-2024T15:37:59 - [MESSAGE][PASSED] - Text '1234' has been set to element 'Object Repository/LoginRepo/Enter Pin'

12-09-2024T15:37:59 - [MESSAGE][PASSED] - Call Test Case 'Test Cases/Login/Login' successfully

12-09-2024T15:37:59 - [TEST_STEP][PASSED] - tap(findTestObject("Object Repository/LoginRepo/Report Click"), 0): Tapped on element 'Object Repository/LoginRepo/Report Click'

12-09-2024T15:37:59 - [MESSAGE][WARNING] - Timeout '0' is invalid. Using default page load timeout: '5'

12-09-2024T15:38:01 - [MESSAGE][PASSED] - Tapped on element 'Object Repository/LoginRepo/Report Click'

12-09-2024T15:38:01 - [TEST_STEP][PASSED] - tap(findTestObject("Object Repository/LoginRepo/Ledger Click"), 0, CONTINUE_ON_FAILURE): Tapped on element 'Object Repository/LoginRepo/Ledger Click'

12-09-2024T15:38:01 - [MESSAGE][WARNING] - Timeout '0' is invalid. Using default page load timeout: '5'

12-09-2024T15:38:02 - [MESSAGE][PASSED] - Tapped on element 'Object Repository/LoginRepo/Ledger Click'

12-09-2024T15:38:02 - [TEST_STEP][PASSED] - tap(findTestObject("Object Repository/LoginRepo/Segment Click"), 0): Tapped on element 'Object Repository/LoginRepo/Segment Click'

12-09-2024T15:38:02 - [MESSAGE][WARNING] - Timeout '0' is invalid. Using default page load timeout: '5'

12-09-2024T15:38:02 - [MESSAGE][PASSED] - Tapped on element 'Object Repository/LoginRepo/Segment Click'

12-09-2024T15:38:02 - [TEST_STEP][PASSED] - tap(findTestObject("Object Repository/LoginRepo/Future Report"), 0): Tapped on element 'Object Repository/LoginRepo/Future Report'

12-09-2024T15:38:02 - [MESSAGE][WARNING] - Timeout '0' is invalid. Using default page load timeout: '5'

12-09-2024T15:38:03 - [MESSAGE][PASSED] - Tapped on element 'Object Repository/LoginRepo/Future Report'

12-09-2024T15:38:03 - [TEST_STEP][PASSED] - tap(findTestObject("Object Repository/LoginRepo/Ledger-Mail-Send"), 0): Tapped on element 'Object Repository/LoginRepo/Ledger-Mail-Send'

12-09-2024T15:38:03 - [MESSAGE][WARNING] - Timeout '0' is invalid. Using default page load timeout: '5'

12-09-2024T15:38:04 - [MESSAGE][PASSED] - Tapped on element 'Object Repository/LoginRepo/Ledger-Mail-Send'

12-09-2024T15:38:04 - [TEST_STEP][PASSED] - tap(findTestObject("Object Repository/LoginRepo/Ledger-ToastMsg"), 0): Tapped on element 'Object Repository/LoginRepo/Ledger-ToastMsg'

12-09-2024T15:38:04 - [MESSAGE][WARNING] - Timeout '0' is invalid. Using default page load timeout: '5'

12-09-2024T15:38:06 - [MESSAGE][PASSED] - Tapped on element 'Object Repository/LoginRepo/Ledger-ToastMsg']]></system-out>
         <system-err><![CDATA[]]></system-err>
      </testcase>
      <testcase name="Test Cases/Ledger Report/Share Ledger Future 2023" time="35.536" classname="Test Cases/Ledger Report/Share Ledger Future 2023" status="PASSED">
         <system-out><![CDATA[12-09-2024T15:38:06 - [TEST_CASE][PASSED] - Test Cases/Ledger Report/Share Ledger Future 2023: Test Cases/Ledger Report/Share Ledger Future 2023

12-09-2024T15:38:06 - [TEST_STEP][PASSED] - callTestCase(findTestCase("Test Cases/Login/Login"), null, STOP_ON_FAILURE): Call Test Case 'Test Cases/Login/Login' successfully

12-09-2024T15:38:06 - [TEST_CASE][PASSED] - Test Cases/Login/Login: Test Cases/Login/Login

12-09-2024T15:38:06 - [TEST_STEP][PASSED] - projectDir = getProjectDir(): null

12-09-2024T15:38:06 - [TEST_STEP][PASSED] - startApplication(projectDir + "/SpaceApp/SpaceApp_1.0.34.55_LIVE.apk", true): Started application: 'C:\Users\Elite66\git\Space-Visual\SpaceApp\SpaceApp_1.0.34.55_LIVE.apk'

12-09-2024T15:38:06 - [MESSAGE][INFO] - Starting application: 'C:\Users\Elite66\git\Space-Visual\SpaceApp\SpaceApp_1.0.34.55_LIVE.apk'

12-09-2024T15:38:18 - [MESSAGE][PASSED] - Started application: 'C:\Users\Elite66\git\Space-Visual\SpaceApp\SpaceApp_1.0.34.55_LIVE.apk'

12-09-2024T15:38:18 - [TEST_STEP][PASSED] - delay(5): Delayed 5 second(s)

12-09-2024T15:38:23 - [MESSAGE][PASSED] - Delayed 5 second(s)

12-09-2024T15:38:23 - [TEST_STEP][PASSED] - tap(findTestObject("Object Repository/LoginRepo/click button"), 0): Tapped on element 'Object Repository/LoginRepo/click button'

12-09-2024T15:38:23 - [MESSAGE][WARNING] - Timeout '0' is invalid. Using default page load timeout: '5'

12-09-2024T15:38:25 - [MESSAGE][PASSED] - Tapped on element 'Object Repository/LoginRepo/click button'

12-09-2024T15:38:25 - [TEST_STEP][PASSED] - setText(findTestObject("Object Repository/LoginRepo/Enter id"), "m3903", 0): Text 'm3903' has been set to element 'Object Repository/LoginRepo/Enter id'

12-09-2024T15:38:25 - [MESSAGE][WARNING] - Timeout '0' is invalid. Using default page load timeout: '5'

12-09-2024T15:38:26 - [MESSAGE][PASSED] - Text 'm3903' has been set to element 'Object Repository/LoginRepo/Enter id'

12-09-2024T15:38:26 - [TEST_STEP][PASSED] - setText(findTestObject("Object Repository/LoginRepo/Enter pass"), "Nirav@789", 0): Text 'Nirav@789' has been set to element 'Object Repository/LoginRepo/Enter pass'

12-09-2024T15:38:26 - [MESSAGE][WARNING] - Timeout '0' is invalid. Using default page load timeout: '5'

12-09-2024T15:38:27 - [MESSAGE][PASSED] - Text 'Nirav@789' has been set to element 'Object Repository/LoginRepo/Enter pass'

12-09-2024T15:38:27 - [TEST_STEP][PASSED] - tap(findTestObject("Object Repository/LoginRepo/click login"), 0): Tapped on element 'Object Repository/LoginRepo/click login'

12-09-2024T15:38:27 - [MESSAGE][WARNING] - Timeout '0' is invalid. Using default page load timeout: '5'

12-09-2024T15:38:30 - [MESSAGE][PASSED] - Tapped on element 'Object Repository/LoginRepo/click login'

12-09-2024T15:38:30 - [TEST_STEP][PASSED] - tap(findTestObject("Object Repository/LoginRepo/Enter Pin"), 0): Tapped on element 'Object Repository/LoginRepo/Enter Pin'

12-09-2024T15:38:30 - [MESSAGE][WARNING] - Timeout '0' is invalid. Using default page load timeout: '5'

12-09-2024T15:38:30 - [MESSAGE][PASSED] - Tapped on element 'Object Repository/LoginRepo/Enter Pin'

12-09-2024T15:38:30 - [TEST_STEP][PASSED] - setText(findTestObject("Object Repository/LoginRepo/Enter Pin"), "1234", 0): Text '1234' has been set to element 'Object Repository/LoginRepo/Enter Pin'

12-09-2024T15:38:30 - [MESSAGE][WARNING] - Timeout '0' is invalid. Using default page load timeout: '5'

12-09-2024T15:38:32 - [MESSAGE][PASSED] - Text '1234' has been set to element 'Object Repository/LoginRepo/Enter Pin'

12-09-2024T15:38:32 - [MESSAGE][PASSED] - Call Test Case 'Test Cases/Login/Login' successfully

12-09-2024T15:38:32 - [TEST_STEP][PASSED] - tap(findTestObject("Object Repository/LoginRepo/Report Click"), 0): Tapped on element 'Object Repository/LoginRepo/Report Click'

12-09-2024T15:38:32 - [MESSAGE][WARNING] - Timeout '0' is invalid. Using default page load timeout: '5'

12-09-2024T15:38:34 - [MESSAGE][PASSED] - Tapped on element 'Object Repository/LoginRepo/Report Click'

12-09-2024T15:38:34 - [TEST_STEP][PASSED] - tap(findTestObject("Object Repository/LoginRepo/Ledger Click"), 0, CONTINUE_ON_FAILURE): Tapped on element 'Object Repository/LoginRepo/Ledger Click'

12-09-2024T15:38:34 - [MESSAGE][WARNING] - Timeout '0' is invalid. Using default page load timeout: '5'

12-09-2024T15:38:35 - [MESSAGE][PASSED] - Tapped on element 'Object Repository/LoginRepo/Ledger Click'

12-09-2024T15:38:35 - [TEST_STEP][PASSED] - tap(findTestObject("Object Repository/LoginRepo/Segment Click"), 0): Tapped on element 'Object Repository/LoginRepo/Segment Click'

12-09-2024T15:38:35 - [MESSAGE][WARNING] - Timeout '0' is invalid. Using default page load timeout: '5'

12-09-2024T15:38:36 - [MESSAGE][PASSED] - Tapped on element 'Object Repository/LoginRepo/Segment Click'

12-09-2024T15:38:36 - [TEST_STEP][PASSED] - tap(findTestObject("Object Repository/LoginRepo/Future Report"), 0): Tapped on element 'Object Repository/LoginRepo/Future Report'

12-09-2024T15:38:36 - [MESSAGE][WARNING] - Timeout '0' is invalid. Using default page load timeout: '5'

12-09-2024T15:38:37 - [MESSAGE][PASSED] - Tapped on element 'Object Repository/LoginRepo/Future Report'

12-09-2024T15:38:37 - [TEST_STEP][PASSED] - tap(findTestObject("Object Repository/LoginRepo/Ledger-Share"), 0): Tapped on element 'Object Repository/LoginRepo/Ledger-Share'

12-09-2024T15:38:37 - [MESSAGE][WARNING] - Timeout '0' is invalid. Using default page load timeout: '5'

12-09-2024T15:38:38 - [MESSAGE][PASSED] - Tapped on element 'Object Repository/LoginRepo/Ledger-Share'

12-09-2024T15:38:38 - [TEST_STEP][PASSED] - tap(findTestObject("Object Repository/LoginRepo/Ledger-Share-Verify"), 0): Tapped on element 'Object Repository/LoginRepo/Ledger-Share-Verify'

12-09-2024T15:38:38 - [MESSAGE][WARNING] - Timeout '0' is invalid. Using default page load timeout: '5'

12-09-2024T15:38:41 - [MESSAGE][PASSED] - Tapped on element 'Object Repository/LoginRepo/Ledger-Share-Verify'

12-09-2024T15:38:41 - [TEST_STEP][PASSED] - tap(findTestObject("Object Repository/LoginRepo/Ledger-Share-Back"), 0): Tapped on element 'Object Repository/LoginRepo/Ledger-Share-Back'

12-09-2024T15:38:41 - [MESSAGE][WARNING] - Timeout '0' is invalid. Using default page load timeout: '5'

12-09-2024T15:38:42 - [MESSAGE][PASSED] - Tapped on element 'Object Repository/LoginRepo/Ledger-Share-Back']]></system-out>
         <system-err><![CDATA[]]></system-err>
      </testcase>
      <testcase name="Test Cases/Ledger Report/Share Ledger Future 2024" time="39.904" classname="Test Cases/Ledger Report/Share Ledger Future 2024" status="PASSED">
         <system-out><![CDATA[12-09-2024T15:38:42 - [TEST_CASE][PASSED] - Test Cases/Ledger Report/Share Ledger Future 2024: Test Cases/Ledger Report/Share Ledger Future 2024

12-09-2024T15:38:42 - [TEST_STEP][PASSED] - callTestCase(findTestCase("Test Cases/Login/Login"), null, STOP_ON_FAILURE): Call Test Case 'Test Cases/Login/Login' successfully

12-09-2024T15:38:42 - [TEST_CASE][PASSED] - Test Cases/Login/Login: Test Cases/Login/Login

12-09-2024T15:38:42 - [TEST_STEP][PASSED] - projectDir = getProjectDir(): null

12-09-2024T15:38:42 - [TEST_STEP][PASSED] - startApplication(projectDir + "/SpaceApp/SpaceApp_1.0.34.55_LIVE.apk", true): Started application: 'C:\Users\Elite66\git\Space-Visual\SpaceApp\SpaceApp_1.0.34.55_LIVE.apk'

12-09-2024T15:38:42 - [MESSAGE][INFO] - Starting application: 'C:\Users\Elite66\git\Space-Visual\SpaceApp\SpaceApp_1.0.34.55_LIVE.apk'

12-09-2024T15:38:56 - [MESSAGE][PASSED] - Started application: 'C:\Users\Elite66\git\Space-Visual\SpaceApp\SpaceApp_1.0.34.55_LIVE.apk'

12-09-2024T15:38:56 - [TEST_STEP][PASSED] - delay(5): Delayed 5 second(s)

12-09-2024T15:39:01 - [MESSAGE][PASSED] - Delayed 5 second(s)

12-09-2024T15:39:01 - [TEST_STEP][PASSED] - tap(findTestObject("Object Repository/LoginRepo/click button"), 0): Tapped on element 'Object Repository/LoginRepo/click button'

12-09-2024T15:39:01 - [MESSAGE][WARNING] - Timeout '0' is invalid. Using default page load timeout: '5'

12-09-2024T15:39:02 - [MESSAGE][PASSED] - Tapped on element 'Object Repository/LoginRepo/click button'

12-09-2024T15:39:02 - [TEST_STEP][PASSED] - setText(findTestObject("Object Repository/LoginRepo/Enter id"), "m3903", 0): Text 'm3903' has been set to element 'Object Repository/LoginRepo/Enter id'

12-09-2024T15:39:02 - [MESSAGE][WARNING] - Timeout '0' is invalid. Using default page load timeout: '5'

12-09-2024T15:39:03 - [MESSAGE][PASSED] - Text 'm3903' has been set to element 'Object Repository/LoginRepo/Enter id'

12-09-2024T15:39:03 - [TEST_STEP][PASSED] - setText(findTestObject("Object Repository/LoginRepo/Enter pass"), "Nirav@789", 0): Text 'Nirav@789' has been set to element 'Object Repository/LoginRepo/Enter pass'

12-09-2024T15:39:03 - [MESSAGE][WARNING] - Timeout '0' is invalid. Using default page load timeout: '5'

12-09-2024T15:39:05 - [MESSAGE][PASSED] - Text 'Nirav@789' has been set to element 'Object Repository/LoginRepo/Enter pass'

12-09-2024T15:39:05 - [TEST_STEP][PASSED] - tap(findTestObject("Object Repository/LoginRepo/click login"), 0): Tapped on element 'Object Repository/LoginRepo/click login'

12-09-2024T15:39:05 - [MESSAGE][WARNING] - Timeout '0' is invalid. Using default page load timeout: '5'

12-09-2024T15:39:06 - [MESSAGE][PASSED] - Tapped on element 'Object Repository/LoginRepo/click login'

12-09-2024T15:39:06 - [TEST_STEP][PASSED] - tap(findTestObject("Object Repository/LoginRepo/Enter Pin"), 0): Tapped on element 'Object Repository/LoginRepo/Enter Pin'

12-09-2024T15:39:06 - [MESSAGE][WARNING] - Timeout '0' is invalid. Using default page load timeout: '5'

12-09-2024T15:39:08 - [MESSAGE][PASSED] - Tapped on element 'Object Repository/LoginRepo/Enter Pin'

12-09-2024T15:39:08 - [TEST_STEP][PASSED] - setText(findTestObject("Object Repository/LoginRepo/Enter Pin"), "1234", 0): Text '1234' has been set to element 'Object Repository/LoginRepo/Enter Pin'

12-09-2024T15:39:08 - [MESSAGE][WARNING] - Timeout '0' is invalid. Using default page load timeout: '5'

12-09-2024T15:39:10 - [MESSAGE][PASSED] - Text '1234' has been set to element 'Object Repository/LoginRepo/Enter Pin'

12-09-2024T15:39:10 - [MESSAGE][PASSED] - Call Test Case 'Test Cases/Login/Login' successfully

12-09-2024T15:39:10 - [TEST_STEP][PASSED] - tap(findTestObject("Object Repository/LoginRepo/Report Click"), 0): Tapped on element 'Object Repository/LoginRepo/Report Click'

12-09-2024T15:39:10 - [MESSAGE][WARNING] - Timeout '0' is invalid. Using default page load timeout: '5'

12-09-2024T15:39:12 - [MESSAGE][PASSED] - Tapped on element 'Object Repository/LoginRepo/Report Click'

12-09-2024T15:39:12 - [TEST_STEP][PASSED] - tap(findTestObject("Object Repository/LoginRepo/Ledger Click"), 0, CONTINUE_ON_FAILURE): Tapped on element 'Object Repository/LoginRepo/Ledger Click'

12-09-2024T15:39:12 - [MESSAGE][WARNING] - Timeout '0' is invalid. Using default page load timeout: '5'

12-09-2024T15:39:13 - [MESSAGE][PASSED] - Tapped on element 'Object Repository/LoginRepo/Ledger Click'

12-09-2024T15:39:13 - [TEST_STEP][PASSED] - tap(findTestObject("Object Repository/LoginRepo/Segment Click"), 0): Tapped on element 'Object Repository/LoginRepo/Segment Click'

12-09-2024T15:39:13 - [MESSAGE][WARNING] - Timeout '0' is invalid. Using default page load timeout: '5'

12-09-2024T15:39:14 - [MESSAGE][PASSED] - Tapped on element 'Object Repository/LoginRepo/Segment Click'

12-09-2024T15:39:14 - [TEST_STEP][PASSED] - tap(findTestObject("Object Repository/LoginRepo/Future Report"), 0): Tapped on element 'Object Repository/LoginRepo/Future Report'

12-09-2024T15:39:14 - [MESSAGE][WARNING] - Timeout '0' is invalid. Using default page load timeout: '5'

12-09-2024T15:39:15 - [MESSAGE][PASSED] - Tapped on element 'Object Repository/LoginRepo/Future Report'

12-09-2024T15:39:15 - [TEST_STEP][PASSED] - tap(findTestObject("Object Repository/LoginRepo/Ledger-2024-2025"), 0, CONTINUE_ON_FAILURE): Tapped on element 'Object Repository/LoginRepo/Ledger-2024-2025'

12-09-2024T15:39:15 - [MESSAGE][WARNING] - Timeout '0' is invalid. Using default page load timeout: '5'

12-09-2024T15:39:16 - [MESSAGE][PASSED] - Tapped on element 'Object Repository/LoginRepo/Ledger-2024-2025'

12-09-2024T15:39:16 - [TEST_STEP][PASSED] - tap(findTestObject("Object Repository/LoginRepo/Ledger-2023-2024"), 0, CONTINUE_ON_FAILURE): Tapped on element 'Object Repository/LoginRepo/Ledger-2023-2024'

12-09-2024T15:39:16 - [MESSAGE][WARNING] - Timeout '0' is invalid. Using default page load timeout: '5'

12-09-2024T15:39:17 - [MESSAGE][PASSED] - Tapped on element 'Object Repository/LoginRepo/Ledger-2023-2024'

12-09-2024T15:39:17 - [TEST_STEP][PASSED] - tap(findTestObject("Object Repository/LoginRepo/Ledger-Share"), 0): Tapped on element 'Object Repository/LoginRepo/Ledger-Share'

12-09-2024T15:39:17 - [MESSAGE][WARNING] - Timeout '0' is invalid. Using default page load timeout: '5'

12-09-2024T15:39:18 - [MESSAGE][PASSED] - Tapped on element 'Object Repository/LoginRepo/Ledger-Share'

12-09-2024T15:39:18 - [TEST_STEP][PASSED] - tap(findTestObject("Object Repository/LoginRepo/Ledger-Share-Verify"), 0): Tapped on element 'Object Repository/LoginRepo/Ledger-Share-Verify'

12-09-2024T15:39:18 - [MESSAGE][WARNING] - Timeout '0' is invalid. Using default page load timeout: '5'

12-09-2024T15:39:21 - [MESSAGE][PASSED] - Tapped on element 'Object Repository/LoginRepo/Ledger-Share-Verify'

12-09-2024T15:39:21 - [TEST_STEP][PASSED] - tap(findTestObject("Object Repository/LoginRepo/Ledger-Share-Back"), 0): Tapped on element 'Object Repository/LoginRepo/Ledger-Share-Back'

12-09-2024T15:39:21 - [MESSAGE][WARNING] - Timeout '0' is invalid. Using default page load timeout: '5'

12-09-2024T15:39:22 - [MESSAGE][PASSED] - Tapped on element 'Object Repository/LoginRepo/Ledger-Share-Back']]></system-out>
         <system-err><![CDATA[]]></system-err>
      </testcase>
      <testcase name="Test Cases/Ledger Report/View Ledger Future 2024-25" time="49.806" classname="Test Cases/Ledger Report/View Ledger Future 2024-25" status="FAILED">
         <failure type="FAILED" message="Test Cases/Ledger Report/View Ledger Future 2024-25 FAILED.&#xa;Reason:&#xa;com.kms.katalon.core.exception.StepFailedException: Failed to get text from element&#xa;	at com.kms.katalon.core.mobile.keyword.internal.MobileKeywordMain.stepFailed(MobileKeywordMain.groovy:38)&#xa;	at com.kms.katalon.core.mobile.keyword.internal.MobileKeywordMain.runKeyword(MobileKeywordMain.groovy:21)&#xa;	at com.kms.katalon.core.mobile.keyword.builtin.GetTextKeyword.getText(GetTextKeyword.groovy:51)&#xa;	at com.kms.katalon.core.mobile.keyword.builtin.GetTextKeyword.execute(GetTextKeyword.groovy:35)&#xa;	at com.kms.katalon.core.keyword.internal.KeywordExecutor.executeKeywordForPlatform(KeywordExecutor.groovy:74)&#xa;	at com.kms.katalon.core.mobile.keyword.MobileBuiltInKeywords.getText(MobileBuiltInKeywords.groovy:1274)&#xa;	at View Ledger Future 2024-25.run(View Ledger Future 2024-25:41)&#xa;	at com.kms.katalon.core.main.ScriptEngine.run(ScriptEngine.java:194)&#xa;	at com.kms.katalon.core.main.ScriptEngine.runScriptAsRawText(ScriptEngine.java:119)&#xa;	at com.kms.katalon.core.main.TestCaseExecutor.runScript(TestCaseExecutor.java:448)&#xa;	at com.kms.katalon.core.main.TestCaseExecutor.doExecute(TestCaseExecutor.java:439)&#xa;	at com.kms.katalon.core.main.TestCaseExecutor.processExecutionPhase(TestCaseExecutor.java:418)&#xa;	at com.kms.katalon.core.main.TestCaseExecutor.accessMainPhase(TestCaseExecutor.java:410)&#xa;	at com.kms.katalon.core.main.TestCaseExecutor.execute(TestCaseExecutor.java:285)&#xa;	at com.kms.katalon.core.common.CommonExecutor.accessTestCaseMainPhase(CommonExecutor.java:65)&#xa;	at com.kms.katalon.core.main.TestSuiteExecutor.accessTestSuiteMainPhase(TestSuiteExecutor.java:150)&#xa;	at com.kms.katalon.core.main.TestSuiteExecutor.execute(TestSuiteExecutor.java:106)&#xa;	at com.kms.katalon.core.main.TestCaseMain.startTestSuite(TestCaseMain.java:180)&#xa;	at TempTestSuite1726135123204.run(TempTestSuite1726135123204.groovy:35)&#xa;	at java.base/jdk.internal.reflect.NativeMethodAccessorImpl.invoke0(Native Method)&#xa;	at java.base/jdk.internal.reflect.NativeMethodAccessorImpl.invoke(NativeMethodAccessorImpl.java:77)&#xa;	at java.base/jdk.internal.reflect.DelegatingMethodAccessorImpl.invoke(DelegatingMethodAccessorImpl.java:43)&#xa;Caused by: com.kms.katalon.core.exception.StepFailedException: Object Object Repository/LoginRepo/Wait-Element Identify not found&#xa;	at com.kms.katalon.core.mobile.keyword.internal.MobileKeywordMain.stepFailed(MobileKeywordMain.groovy:38)&#xa;	at com.kms.katalon.core.mobile.keyword.builtin.GetTextKeyword$_getText_closure1.doCall(GetTextKeyword.groovy:45)&#xa;	at com.kms.katalon.core.mobile.keyword.builtin.GetTextKeyword$_getText_closure1.call(GetTextKeyword.groovy)&#xa;	at com.kms.katalon.core.mobile.keyword.internal.MobileKeywordMain.runKeyword(MobileKeywordMain.groovy:19)&#xa;	... 20 more&#xa;"/>
         <system-out><![CDATA[12-09-2024T15:39:22 - [TEST_CASE][FAILED] - Test Cases/Ledger Report/View Ledger Future 2024-25: Test Cases/Ledger Report/View Ledger Future 2024-25 FAILED.
Reason:
com.kms.katalon.core.exception.StepFailedException: Failed to get text from element
	at com.kms.katalon.core.mobile.keyword.internal.MobileKeywordMain.stepFailed(MobileKeywordMain.groovy:38)
	at com.kms.katalon.core.mobile.keyword.internal.MobileKeywordMain.runKeyword(MobileKeywordMain.groovy:21)
	at com.kms.katalon.core.mobile.keyword.builtin.GetTextKeyword.getText(GetTextKeyword.groovy:51)
	at com.kms.katalon.core.mobile.keyword.builtin.GetTextKeyword.execute(GetTextKeyword.groovy:35)
	at com.kms.katalon.core.keyword.internal.KeywordExecutor.executeKeywordForPlatform(KeywordExecutor.groovy:74)
	at com.kms.katalon.core.mobile.keyword.MobileBuiltInKeywords.getText(MobileBuiltInKeywords.groovy:1274)
	at View Ledger Future 2024-25.run(View Ledger Future 2024-25:41)
	at com.kms.katalon.core.main.ScriptEngine.run(ScriptEngine.java:194)
	at com.kms.katalon.core.main.ScriptEngine.runScriptAsRawText(ScriptEngine.java:119)
	at com.kms.katalon.core.main.TestCaseExecutor.runScript(TestCaseExecutor.java:448)
	at com.kms.katalon.core.main.TestCaseExecutor.doExecute(TestCaseExecutor.java:439)
	at com.kms.katalon.core.main.TestCaseExecutor.processExecutionPhase(TestCaseExecutor.java:418)
	at com.kms.katalon.core.main.TestCaseExecutor.accessMainPhase(TestCaseExecutor.java:410)
	at com.kms.katalon.core.main.TestCaseExecutor.execute(TestCaseExecutor.java:285)
	at com.kms.katalon.core.common.CommonExecutor.accessTestCaseMainPhase(CommonExecutor.java:65)
	at com.kms.katalon.core.main.TestSuiteExecutor.accessTestSuiteMainPhase(TestSuiteExecutor.java:150)
	at com.kms.katalon.core.main.TestSuiteExecutor.execute(TestSuiteExecutor.java:106)
	at com.kms.katalon.core.main.TestCaseMain.startTestSuite(TestCaseMain.java:180)
	at TempTestSuite1726135123204.run(TempTestSuite1726135123204.groovy:35)
	at java.base/jdk.internal.reflect.NativeMethodAccessorImpl.invoke0(Native Method)
	at java.base/jdk.internal.reflect.NativeMethodAccessorImpl.invoke(NativeMethodAccessorImpl.java:77)
	at java.base/jdk.internal.reflect.DelegatingMethodAccessorImpl.invoke(DelegatingMethodAccessorImpl.java:43)
Caused by: com.kms.katalon.core.exception.StepFailedException: Object Object Repository/LoginRepo/Wait-Element Identify not found
	at com.kms.katalon.core.mobile.keyword.internal.MobileKeywordMain.stepFailed(MobileKeywordMain.groovy:38)
	at com.kms.katalon.core.mobile.keyword.builtin.GetTextKeyword$_getText_closure1.doCall(GetTextKeyword.groovy:45)
	at com.kms.katalon.core.mobile.keyword.builtin.GetTextKeyword$_getText_closure1.call(GetTextKeyword.groovy)
	at com.kms.katalon.core.mobile.keyword.internal.MobileKeywordMain.runKeyword(MobileKeywordMain.groovy:19)
	... 20 more


12-09-2024T15:39:22 - [TEST_STEP][PASSED] - callTestCase(findTestCase("Test Cases/Login/Login"), null, STOP_ON_FAILURE): Call Test Case 'Test Cases/Login/Login' successfully

12-09-2024T15:39:22 - [TEST_CASE][PASSED] - Test Cases/Login/Login: Test Cases/Login/Login

12-09-2024T15:39:22 - [TEST_STEP][PASSED] - projectDir = getProjectDir(): null

12-09-2024T15:39:22 - [TEST_STEP][PASSED] - startApplication(projectDir + "/SpaceApp/SpaceApp_1.0.34.55_LIVE.apk", true): Started application: 'C:\Users\Elite66\git\Space-Visual\SpaceApp\SpaceApp_1.0.34.55_LIVE.apk'

12-09-2024T15:39:22 - [MESSAGE][INFO] - Starting application: 'C:\Users\Elite66\git\Space-Visual\SpaceApp\SpaceApp_1.0.34.55_LIVE.apk'

12-09-2024T15:39:36 - [MESSAGE][PASSED] - Started application: 'C:\Users\Elite66\git\Space-Visual\SpaceApp\SpaceApp_1.0.34.55_LIVE.apk'

12-09-2024T15:39:36 - [TEST_STEP][PASSED] - delay(5): Delayed 5 second(s)

12-09-2024T15:39:41 - [MESSAGE][PASSED] - Delayed 5 second(s)

12-09-2024T15:39:41 - [TEST_STEP][PASSED] - tap(findTestObject("Object Repository/LoginRepo/click button"), 0): Tapped on element 'Object Repository/LoginRepo/click button'

12-09-2024T15:39:41 - [MESSAGE][WARNING] - Timeout '0' is invalid. Using default page load timeout: '5'

12-09-2024T15:39:42 - [MESSAGE][PASSED] - Tapped on element 'Object Repository/LoginRepo/click button'

12-09-2024T15:39:42 - [TEST_STEP][PASSED] - setText(findTestObject("Object Repository/LoginRepo/Enter id"), "m3903", 0): Text 'm3903' has been set to element 'Object Repository/LoginRepo/Enter id'

12-09-2024T15:39:42 - [MESSAGE][WARNING] - Timeout '0' is invalid. Using default page load timeout: '5'

12-09-2024T15:39:43 - [MESSAGE][PASSED] - Text 'm3903' has been set to element 'Object Repository/LoginRepo/Enter id'

12-09-2024T15:39:43 - [TEST_STEP][PASSED] - setText(findTestObject("Object Repository/LoginRepo/Enter pass"), "Nirav@789", 0): Text 'Nirav@789' has been set to element 'Object Repository/LoginRepo/Enter pass'

12-09-2024T15:39:43 - [MESSAGE][WARNING] - Timeout '0' is invalid. Using default page load timeout: '5'

12-09-2024T15:39:45 - [MESSAGE][PASSED] - Text 'Nirav@789' has been set to element 'Object Repository/LoginRepo/Enter pass'

12-09-2024T15:39:45 - [TEST_STEP][PASSED] - tap(findTestObject("Object Repository/LoginRepo/click login"), 0): Tapped on element 'Object Repository/LoginRepo/click login'

12-09-2024T15:39:45 - [MESSAGE][WARNING] - Timeout '0' is invalid. Using default page load timeout: '5'

12-09-2024T15:39:45 - [MESSAGE][PASSED] - Tapped on element 'Object Repository/LoginRepo/click login'

12-09-2024T15:39:45 - [TEST_STEP][PASSED] - tap(findTestObject("Object Repository/LoginRepo/Enter Pin"), 0): Tapped on element 'Object Repository/LoginRepo/Enter Pin'

12-09-2024T15:39:45 - [MESSAGE][WARNING] - Timeout '0' is invalid. Using default page load timeout: '5'

12-09-2024T15:39:47 - [MESSAGE][PASSED] - Tapped on element 'Object Repository/LoginRepo/Enter Pin'

12-09-2024T15:39:47 - [TEST_STEP][PASSED] - setText(findTestObject("Object Repository/LoginRepo/Enter Pin"), "1234", 0): Text '1234' has been set to element 'Object Repository/LoginRepo/Enter Pin'

12-09-2024T15:39:47 - [MESSAGE][WARNING] - Timeout '0' is invalid. Using default page load timeout: '5'

12-09-2024T15:39:50 - [MESSAGE][PASSED] - Text '1234' has been set to element 'Object Repository/LoginRepo/Enter Pin'

12-09-2024T15:39:50 - [MESSAGE][PASSED] - Call Test Case 'Test Cases/Login/Login' successfully

12-09-2024T15:39:50 - [TEST_STEP][PASSED] - tap(findTestObject("Object Repository/LoginRepo/Report Click"), 0): Tapped on element 'Object Repository/LoginRepo/Report Click'

12-09-2024T15:39:50 - [MESSAGE][WARNING] - Timeout '0' is invalid. Using default page load timeout: '5'

12-09-2024T15:39:52 - [MESSAGE][PASSED] - Tapped on element 'Object Repository/LoginRepo/Report Click'

12-09-2024T15:39:52 - [TEST_STEP][PASSED] - tap(findTestObject("Object Repository/LoginRepo/Ledger Click"), 0, CONTINUE_ON_FAILURE): Tapped on element 'Object Repository/LoginRepo/Ledger Click'

12-09-2024T15:39:52 - [MESSAGE][WARNING] - Timeout '0' is invalid. Using default page load timeout: '5'

12-09-2024T15:39:53 - [MESSAGE][PASSED] - Tapped on element 'Object Repository/LoginRepo/Ledger Click'

12-09-2024T15:39:53 - [TEST_STEP][PASSED] - tap(findTestObject("Object Repository/LoginRepo/Segment Click"), 0): Tapped on element 'Object Repository/LoginRepo/Segment Click'

12-09-2024T15:39:53 - [MESSAGE][WARNING] - Timeout '0' is invalid. Using default page load timeout: '5'

12-09-2024T15:39:54 - [MESSAGE][PASSED] - Tapped on element 'Object Repository/LoginRepo/Segment Click'

12-09-2024T15:39:54 - [TEST_STEP][PASSED] - tap(findTestObject("Object Repository/LoginRepo/Future Report"), 0): Tapped on element 'Object Repository/LoginRepo/Future Report'

12-09-2024T15:39:54 - [MESSAGE][WARNING] - Timeout '0' is invalid. Using default page load timeout: '5'

12-09-2024T15:39:55 - [MESSAGE][PASSED] - Tapped on element 'Object Repository/LoginRepo/Future Report'

12-09-2024T15:39:55 - [TEST_STEP][PASSED] - tap(findTestObject("Object Repository/LoginRepo/View Ledger"), 0, CONTINUE_ON_FAILURE): Tapped on element 'Object Repository/LoginRepo/View Ledger'

12-09-2024T15:39:55 - [MESSAGE][WARNING] - Timeout '0' is invalid. Using default page load timeout: '5'

12-09-2024T15:39:56 - [MESSAGE][PASSED] - Tapped on element 'Object Repository/LoginRepo/View Ledger'

12-09-2024T15:39:56 - [TEST_STEP][PASSED] - getText(findTestObject("Object Repository/LoginRepo/Wait-Element Identify"), 0): Text of element 'Object Repository/LoginRepo/Wait-Element Identify' is: ''

12-09-2024T15:39:56 - [MESSAGE][WARNING] - Timeout '0' is invalid. Using default page load timeout: '5'

12-09-2024T15:40:01 - [MESSAGE][PASSED] - Text of element 'Object Repository/LoginRepo/Wait-Element Identify' is: ''

12-09-2024T15:40:01 - [TEST_STEP][PASSED] - tap(findTestObject("Object Repository/LoginRepo/Ledger-7days"), 0, CONTINUE_ON_FAILURE): Tapped on element 'Object Repository/LoginRepo/Ledger-7days'

12-09-2024T15:40:01 - [MESSAGE][WARNING] - Timeout '0' is invalid. Using default page load timeout: '5'

12-09-2024T15:40:02 - [MESSAGE][PASSED] - Tapped on element 'Object Repository/LoginRepo/Ledger-7days'

12-09-2024T15:40:02 - [TEST_STEP][PASSED] - getText(findTestObject("Object Repository/LoginRepo/Wait-Element Identify"), 0): Text of element 'Object Repository/LoginRepo/Wait-Element Identify' is: ''

12-09-2024T15:40:02 - [MESSAGE][WARNING] - Timeout '0' is invalid. Using default page load timeout: '5'

12-09-2024T15:40:05 - [MESSAGE][PASSED] - Text of element 'Object Repository/LoginRepo/Wait-Element Identify' is: ''

12-09-2024T15:40:05 - [TEST_STEP][PASSED] - tap(findTestObject("Object Repository/LoginRepo/Ledger-15days"), 0): Tapped on element 'Object Repository/LoginRepo/Ledger-15days'

12-09-2024T15:40:05 - [MESSAGE][WARNING] - Timeout '0' is invalid. Using default page load timeout: '5'

12-09-2024T15:40:06 - [MESSAGE][PASSED] - Tapped on element 'Object Repository/LoginRepo/Ledger-15days'

12-09-2024T15:40:06 - [TEST_STEP][FAILED] - getText(findTestObject("Object Repository/LoginRepo/Wait-Element Identify"), 0): Failed to get text from element (Root cause: com.kms.katalon.core.exception.StepFailedException: Failed to get text from element
	at com.kms.katalon.core.mobile.keyword.internal.MobileKeywordMain.stepFailed(MobileKeywordMain.groovy:38)
	at com.kms.katalon.core.mobile.keyword.internal.MobileKeywordMain.runKeyword(MobileKeywordMain.groovy:21)
	at com.kms.katalon.core.mobile.keyword.builtin.GetTextKeyword.getText(GetTextKeyword.groovy:51)
	at com.kms.katalon.core.mobile.keyword.builtin.GetTextKeyword.execute(GetTextKeyword.groovy:35)
	at com.kms.katalon.core.keyword.internal.KeywordExecutor.executeKeywordForPlatform(KeywordExecutor.groovy:74)
	at com.kms.katalon.core.mobile.keyword.MobileBuiltInKeywords.getText(MobileBuiltInKeywords.groovy:1274)
	at View Ledger Future 2024-25.run(View Ledger Future 2024-25:41)
	at com.kms.katalon.core.main.ScriptEngine.run(ScriptEngine.java:194)
	at com.kms.katalon.core.main.ScriptEngine.runScriptAsRawText(ScriptEngine.java:119)
	at com.kms.katalon.core.main.TestCaseExecutor.runScript(TestCaseExecutor.java:448)
	at com.kms.katalon.core.main.TestCaseExecutor.doExecute(TestCaseExecutor.java:439)
	at com.kms.katalon.core.main.TestCaseExecutor.processExecutionPhase(TestCaseExecutor.java:418)
	at com.kms.katalon.core.main.TestCaseExecutor.accessMainPhase(TestCaseExecutor.java:410)
	at com.kms.katalon.core.main.TestCaseExecutor.execute(TestCaseExecutor.java:285)
	at com.kms.katalon.core.common.CommonExecutor.accessTestCaseMainPhase(CommonExecutor.java:65)
	at com.kms.katalon.core.main.TestSuiteExecutor.accessTestSuiteMainPhase(TestSuiteExecutor.java:150)
	at com.kms.katalon.core.main.TestSuiteExecutor.execute(TestSuiteExecutor.java:106)
	at com.kms.katalon.core.main.TestCaseMain.startTestSuite(TestCaseMain.java:180)
	at TempTestSuite1726135123204.run(TempTestSuite1726135123204.groovy:35)
	at java.base/jdk.internal.reflect.NativeMethodAccessorImpl.invoke0(Native Method)
	at java.base/jdk.internal.reflect.NativeMethodAccessorImpl.invoke(NativeMethodAccessorImpl.java:77)
	at java.base/jdk.internal.reflect.DelegatingMethodAccessorImpl.invoke(DelegatingMethodAccessorImpl.java:43)
Caused by: com.kms.katalon.core.exception.StepFailedException: Object Object Repository/LoginRepo/Wait-Element Identify not found
	at com.kms.katalon.core.mobile.keyword.internal.MobileKeywordMain.stepFailed(MobileKeywordMain.groovy:38)
	at com.kms.katalon.core.mobile.keyword.builtin.GetTextKeyword$_getText_closure1.doCall(GetTextKeyword.groovy:45)
	at com.kms.katalon.core.mobile.keyword.builtin.GetTextKeyword$_getText_closure1.call(GetTextKeyword.groovy)
	at com.kms.katalon.core.mobile.keyword.internal.MobileKeywordMain.runKeyword(MobileKeywordMain.groovy:19)
	... 20 more
)

12-09-2024T15:40:06 - [MESSAGE][WARNING] - Timeout '0' is invalid. Using default page load timeout: '5'

12-09-2024T15:40:11 - [MESSAGE][FAILED] - Object Object Repository/LoginRepo/Wait-Element Identify not found (Root cause: com.kms.katalon.core.exception.StepFailedException: Object Object Repository/LoginRepo/Wait-Element Identify not found
	at com.kms.katalon.core.mobile.keyword.internal.MobileKeywordMain.stepFailed(MobileKeywordMain.groovy:38)
	at com.kms.katalon.core.mobile.keyword.builtin.GetTextKeyword$_getText_closure1.doCall(GetTextKeyword.groovy:45)
	at com.kms.katalon.core.mobile.keyword.builtin.GetTextKeyword$_getText_closure1.call(GetTextKeyword.groovy)
	at com.kms.katalon.core.mobile.keyword.internal.MobileKeywordMain.runKeyword(MobileKeywordMain.groovy:19)
	at com.kms.katalon.core.mobile.keyword.builtin.GetTextKeyword.getText(GetTextKeyword.groovy:51)
	at com.kms.katalon.core.mobile.keyword.builtin.GetTextKeyword.execute(GetTextKeyword.groovy:35)
	at com.kms.katalon.core.keyword.internal.KeywordExecutor.executeKeywordForPlatform(KeywordExecutor.groovy:74)
	at com.kms.katalon.core.mobile.keyword.MobileBuiltInKeywords.getText(MobileBuiltInKeywords.groovy:1274)
	at View Ledger Future 2024-25.run(View Ledger Future 2024-25:41)
	at com.kms.katalon.core.main.ScriptEngine.run(ScriptEngine.java:194)
	at com.kms.katalon.core.main.ScriptEngine.runScriptAsRawText(ScriptEngine.java:119)
	at com.kms.katalon.core.main.TestCaseExecutor.runScript(TestCaseExecutor.java:448)
	at com.kms.katalon.core.main.TestCaseExecutor.doExecute(TestCaseExecutor.java:439)
	at com.kms.katalon.core.main.TestCaseExecutor.processExecutionPhase(TestCaseExecutor.java:418)
	at com.kms.katalon.core.main.TestCaseExecutor.accessMainPhase(TestCaseExecutor.java:410)
	at com.kms.katalon.core.main.TestCaseExecutor.execute(TestCaseExecutor.java:285)
	at com.kms.katalon.core.common.CommonExecutor.accessTestCaseMainPhase(CommonExecutor.java:65)
	at com.kms.katalon.core.main.TestSuiteExecutor.accessTestSuiteMainPhase(TestSuiteExecutor.java:150)
	at com.kms.katalon.core.main.TestSuiteExecutor.execute(TestSuiteExecutor.java:106)
	at com.kms.katalon.core.main.TestCaseMain.startTestSuite(TestCaseMain.java:180)
	at TempTestSuite1726135123204.run(TempTestSuite1726135123204.groovy:35)
	at java.base/jdk.internal.reflect.NativeMethodAccessorImpl.invoke0(Native Method)
	at java.base/jdk.internal.reflect.NativeMethodAccessorImpl.invoke(NativeMethodAccessorImpl.java:77)
	at java.base/jdk.internal.reflect.DelegatingMethodAccessorImpl.invoke(DelegatingMethodAccessorImpl.java:43)
)
[[ATTACHMENT|C:\\Users\\Elite66\\git\\Space-Visual\\Reports\\20240912_152843\\5 Sec\\20240912_152843\\1726135811401.png]]

12-09-2024T15:40:12 - [MESSAGE][FAILED] - Failed to get text from element (Root cause: com.kms.katalon.core.exception.StepFailedException: Failed to get text from element
	at com.kms.katalon.core.mobile.keyword.internal.MobileKeywordMain.stepFailed(MobileKeywordMain.groovy:38)
	at com.kms.katalon.core.mobile.keyword.internal.MobileKeywordMain.runKeyword(MobileKeywordMain.groovy:21)
	at com.kms.katalon.core.mobile.keyword.builtin.GetTextKeyword.getText(GetTextKeyword.groovy:51)
	at com.kms.katalon.core.mobile.keyword.builtin.GetTextKeyword.execute(GetTextKeyword.groovy:35)
	at com.kms.katalon.core.keyword.internal.KeywordExecutor.executeKeywordForPlatform(KeywordExecutor.groovy:74)
	at com.kms.katalon.core.mobile.keyword.MobileBuiltInKeywords.getText(MobileBuiltInKeywords.groovy:1274)
	at View Ledger Future 2024-25.run(View Ledger Future 2024-25:41)
	at com.kms.katalon.core.main.ScriptEngine.run(ScriptEngine.java:194)
	at com.kms.katalon.core.main.ScriptEngine.runScriptAsRawText(ScriptEngine.java:119)
	at com.kms.katalon.core.main.TestCaseExecutor.runScript(TestCaseExecutor.java:448)
	at com.kms.katalon.core.main.TestCaseExecutor.doExecute(TestCaseExecutor.java:439)
	at com.kms.katalon.core.main.TestCaseExecutor.processExecutionPhase(TestCaseExecutor.java:418)
	at com.kms.katalon.core.main.TestCaseExecutor.accessMainPhase(TestCaseExecutor.java:410)
	at com.kms.katalon.core.main.TestCaseExecutor.execute(TestCaseExecutor.java:285)
	at com.kms.katalon.core.common.CommonExecutor.accessTestCaseMainPhase(CommonExecutor.java:65)
	at com.kms.katalon.core.main.TestSuiteExecutor.accessTestSuiteMainPhase(TestSuiteExecutor.java:150)
	at com.kms.katalon.core.main.TestSuiteExecutor.execute(TestSuiteExecutor.java:106)
	at com.kms.katalon.core.main.TestCaseMain.startTestSuite(TestCaseMain.java:180)
	at TempTestSuite1726135123204.run(TempTestSuite1726135123204.groovy:35)
	at java.base/jdk.internal.reflect.NativeMethodAccessorImpl.invoke0(Native Method)
	at java.base/jdk.internal.reflect.NativeMethodAccessorImpl.invoke(NativeMethodAccessorImpl.java:77)
	at java.base/jdk.internal.reflect.DelegatingMethodAccessorImpl.invoke(DelegatingMethodAccessorImpl.java:43)
Caused by: com.kms.katalon.core.exception.StepFailedException: Object Object Repository/LoginRepo/Wait-Element Identify not found
	at com.kms.katalon.core.mobile.keyword.internal.MobileKeywordMain.stepFailed(MobileKeywordMain.groovy:38)
	at com.kms.katalon.core.mobile.keyword.builtin.GetTextKeyword$_getText_closure1.doCall(GetTextKeyword.groovy:45)
	at com.kms.katalon.core.mobile.keyword.builtin.GetTextKeyword$_getText_closure1.call(GetTextKeyword.groovy)
	at com.kms.katalon.core.mobile.keyword.internal.MobileKeywordMain.runKeyword(MobileKeywordMain.groovy:19)
	... 20 more
)
[[ATTACHMENT|C:\\Users\\Elite66\\git\\Space-Visual\\Reports\\20240912_152843\\5 Sec\\20240912_152843\\1726135811830.png]]]]></system-out>
         <system-err><![CDATA[12-09-2024T15:39:22 - [TEST_CASE][FAILED] - Test Cases/Ledger Report/View Ledger Future 2024-25: Test Cases/Ledger Report/View Ledger Future 2024-25 FAILED.
Reason:
com.kms.katalon.core.exception.StepFailedException: Failed to get text from element
	at com.kms.katalon.core.mobile.keyword.internal.MobileKeywordMain.stepFailed(MobileKeywordMain.groovy:38)
	at com.kms.katalon.core.mobile.keyword.internal.MobileKeywordMain.runKeyword(MobileKeywordMain.groovy:21)
	at com.kms.katalon.core.mobile.keyword.builtin.GetTextKeyword.getText(GetTextKeyword.groovy:51)
	at com.kms.katalon.core.mobile.keyword.builtin.GetTextKeyword.execute(GetTextKeyword.groovy:35)
	at com.kms.katalon.core.keyword.internal.KeywordExecutor.executeKeywordForPlatform(KeywordExecutor.groovy:74)
	at com.kms.katalon.core.mobile.keyword.MobileBuiltInKeywords.getText(MobileBuiltInKeywords.groovy:1274)
	at View Ledger Future 2024-25.run(View Ledger Future 2024-25:41)
	at com.kms.katalon.core.main.ScriptEngine.run(ScriptEngine.java:194)
	at com.kms.katalon.core.main.ScriptEngine.runScriptAsRawText(ScriptEngine.java:119)
	at com.kms.katalon.core.main.TestCaseExecutor.runScript(TestCaseExecutor.java:448)
	at com.kms.katalon.core.main.TestCaseExecutor.doExecute(TestCaseExecutor.java:439)
	at com.kms.katalon.core.main.TestCaseExecutor.processExecutionPhase(TestCaseExecutor.java:418)
	at com.kms.katalon.core.main.TestCaseExecutor.accessMainPhase(TestCaseExecutor.java:410)
	at com.kms.katalon.core.main.TestCaseExecutor.execute(TestCaseExecutor.java:285)
	at com.kms.katalon.core.common.CommonExecutor.accessTestCaseMainPhase(CommonExecutor.java:65)
	at com.kms.katalon.core.main.TestSuiteExecutor.accessTestSuiteMainPhase(TestSuiteExecutor.java:150)
	at com.kms.katalon.core.main.TestSuiteExecutor.execute(TestSuiteExecutor.java:106)
	at com.kms.katalon.core.main.TestCaseMain.startTestSuite(TestCaseMain.java:180)
	at TempTestSuite1726135123204.run(TempTestSuite1726135123204.groovy:35)
	at java.base/jdk.internal.reflect.NativeMethodAccessorImpl.invoke0(Native Method)
	at java.base/jdk.internal.reflect.NativeMethodAccessorImpl.invoke(NativeMethodAccessorImpl.java:77)
	at java.base/jdk.internal.reflect.DelegatingMethodAccessorImpl.invoke(DelegatingMethodAccessorImpl.java:43)
Caused by: com.kms.katalon.core.exception.StepFailedException: Object Object Repository/LoginRepo/Wait-Element Identify not found
	at com.kms.katalon.core.mobile.keyword.internal.MobileKeywordMain.stepFailed(MobileKeywordMain.groovy:38)
	at com.kms.katalon.core.mobile.keyword.builtin.GetTextKeyword$_getText_closure1.doCall(GetTextKeyword.groovy:45)
	at com.kms.katalon.core.mobile.keyword.builtin.GetTextKeyword$_getText_closure1.call(GetTextKeyword.groovy)
	at com.kms.katalon.core.mobile.keyword.internal.MobileKeywordMain.runKeyword(MobileKeywordMain.groovy:19)
	... 20 more]]></system-err>
      </testcase>
      <testcase name="Test Cases/Ledger Report/Mail Ledger Currency 2024" time="36.562" classname="Test Cases/Ledger Report/Mail Ledger Currency 2024" status="PASSED">
         <system-out><![CDATA[12-09-2024T15:40:12 - [TEST_CASE][PASSED] - Test Cases/Ledger Report/Mail Ledger Currency 2024: Test Cases/Ledger Report/Mail Ledger Currency 2024

12-09-2024T15:40:12 - [TEST_STEP][PASSED] - callTestCase(findTestCase("Test Cases/Login/Login"), null, STOP_ON_FAILURE): Call Test Case 'Test Cases/Login/Login' successfully

12-09-2024T15:40:12 - [TEST_CASE][PASSED] - Test Cases/Login/Login: Test Cases/Login/Login

12-09-2024T15:40:12 - [TEST_STEP][PASSED] - projectDir = getProjectDir(): null

12-09-2024T15:40:12 - [TEST_STEP][PASSED] - startApplication(projectDir + "/SpaceApp/SpaceApp_1.0.34.55_LIVE.apk", true): Started application: 'C:\Users\Elite66\git\Space-Visual\SpaceApp\SpaceApp_1.0.34.55_LIVE.apk'

12-09-2024T15:40:12 - [MESSAGE][INFO] - Starting application: 'C:\Users\Elite66\git\Space-Visual\SpaceApp\SpaceApp_1.0.34.55_LIVE.apk'

12-09-2024T15:40:26 - [MESSAGE][PASSED] - Started application: 'C:\Users\Elite66\git\Space-Visual\SpaceApp\SpaceApp_1.0.34.55_LIVE.apk'

12-09-2024T15:40:26 - [TEST_STEP][PASSED] - delay(5): Delayed 5 second(s)

12-09-2024T15:40:31 - [MESSAGE][PASSED] - Delayed 5 second(s)

12-09-2024T15:40:31 - [TEST_STEP][PASSED] - tap(findTestObject("Object Repository/LoginRepo/click button"), 0): Tapped on element 'Object Repository/LoginRepo/click button'

12-09-2024T15:40:31 - [MESSAGE][WARNING] - Timeout '0' is invalid. Using default page load timeout: '5'

12-09-2024T15:40:32 - [MESSAGE][PASSED] - Tapped on element 'Object Repository/LoginRepo/click button'

12-09-2024T15:40:32 - [TEST_STEP][PASSED] - setText(findTestObject("Object Repository/LoginRepo/Enter id"), "m3903", 0): Text 'm3903' has been set to element 'Object Repository/LoginRepo/Enter id'

12-09-2024T15:40:32 - [MESSAGE][WARNING] - Timeout '0' is invalid. Using default page load timeout: '5'

12-09-2024T15:40:33 - [MESSAGE][PASSED] - Text 'm3903' has been set to element 'Object Repository/LoginRepo/Enter id'

12-09-2024T15:40:33 - [TEST_STEP][PASSED] - setText(findTestObject("Object Repository/LoginRepo/Enter pass"), "Nirav@789", 0): Text 'Nirav@789' has been set to element 'Object Repository/LoginRepo/Enter pass'

12-09-2024T15:40:33 - [MESSAGE][WARNING] - Timeout '0' is invalid. Using default page load timeout: '5'

12-09-2024T15:40:35 - [MESSAGE][PASSED] - Text 'Nirav@789' has been set to element 'Object Repository/LoginRepo/Enter pass'

12-09-2024T15:40:35 - [TEST_STEP][PASSED] - tap(findTestObject("Object Repository/LoginRepo/click login"), 0): Tapped on element 'Object Repository/LoginRepo/click login'

12-09-2024T15:40:35 - [MESSAGE][WARNING] - Timeout '0' is invalid. Using default page load timeout: '5'

12-09-2024T15:40:37 - [MESSAGE][PASSED] - Tapped on element 'Object Repository/LoginRepo/click login'

12-09-2024T15:40:37 - [TEST_STEP][PASSED] - tap(findTestObject("Object Repository/LoginRepo/Enter Pin"), 0): Tapped on element 'Object Repository/LoginRepo/Enter Pin'

12-09-2024T15:40:37 - [MESSAGE][WARNING] - Timeout '0' is invalid. Using default page load timeout: '5'

12-09-2024T15:40:37 - [MESSAGE][PASSED] - Tapped on element 'Object Repository/LoginRepo/Enter Pin'

12-09-2024T15:40:37 - [TEST_STEP][PASSED] - setText(findTestObject("Object Repository/LoginRepo/Enter Pin"), "1234", 0): Text '1234' has been set to element 'Object Repository/LoginRepo/Enter Pin'

12-09-2024T15:40:37 - [MESSAGE][WARNING] - Timeout '0' is invalid. Using default page load timeout: '5'

12-09-2024T15:40:40 - [MESSAGE][PASSED] - Text '1234' has been set to element 'Object Repository/LoginRepo/Enter Pin'

12-09-2024T15:40:40 - [MESSAGE][PASSED] - Call Test Case 'Test Cases/Login/Login' successfully

12-09-2024T15:40:40 - [TEST_STEP][PASSED] - tap(findTestObject("Object Repository/LoginRepo/Report Click"), 0): Tapped on element 'Object Repository/LoginRepo/Report Click'

12-09-2024T15:40:40 - [MESSAGE][WARNING] - Timeout '0' is invalid. Using default page load timeout: '5'

12-09-2024T15:40:41 - [MESSAGE][PASSED] - Tapped on element 'Object Repository/LoginRepo/Report Click'

12-09-2024T15:40:41 - [TEST_STEP][PASSED] - tap(findTestObject("Object Repository/LoginRepo/Ledger Click"), 0, CONTINUE_ON_FAILURE): Tapped on element 'Object Repository/LoginRepo/Ledger Click'

12-09-2024T15:40:41 - [MESSAGE][WARNING] - Timeout '0' is invalid. Using default page load timeout: '5'

12-09-2024T15:40:44 - [MESSAGE][PASSED] - Tapped on element 'Object Repository/LoginRepo/Ledger Click'

12-09-2024T15:40:44 - [TEST_STEP][PASSED] - tap(findTestObject("Object Repository/LoginRepo/Segment Click"), 0): Tapped on element 'Object Repository/LoginRepo/Segment Click'

12-09-2024T15:40:44 - [MESSAGE][WARNING] - Timeout '0' is invalid. Using default page load timeout: '5'

12-09-2024T15:40:44 - [MESSAGE][PASSED] - Tapped on element 'Object Repository/LoginRepo/Segment Click'

12-09-2024T15:40:44 - [TEST_STEP][PASSED] - tap(findTestObject("Object Repository/LoginRepo/Currency Report"), 0): Tapped on element 'Object Repository/LoginRepo/Currency Report'

12-09-2024T15:40:44 - [MESSAGE][WARNING] - Timeout '0' is invalid. Using default page load timeout: '5'

12-09-2024T15:40:46 - [MESSAGE][PASSED] - Tapped on element 'Object Repository/LoginRepo/Currency Report'

12-09-2024T15:40:46 - [TEST_STEP][PASSED] - tap(findTestObject("Object Repository/LoginRepo/Ledger-Mail-Send"), 0): Tapped on element 'Object Repository/LoginRepo/Ledger-Mail-Send'

12-09-2024T15:40:46 - [MESSAGE][WARNING] - Timeout '0' is invalid. Using default page load timeout: '5'

12-09-2024T15:40:47 - [MESSAGE][PASSED] - Tapped on element 'Object Repository/LoginRepo/Ledger-Mail-Send'

12-09-2024T15:40:47 - [TEST_STEP][PASSED] - tap(findTestObject("Object Repository/LoginRepo/Ledger-ToastMsg"), 0): Tapped on element 'Object Repository/LoginRepo/Ledger-ToastMsg'

12-09-2024T15:40:47 - [MESSAGE][WARNING] - Timeout '0' is invalid. Using default page load timeout: '5'

12-09-2024T15:40:48 - [MESSAGE][PASSED] - Tapped on element 'Object Repository/LoginRepo/Ledger-ToastMsg']]></system-out>
         <system-err><![CDATA[]]></system-err>
      </testcase>
      <testcase name="Test Cases/Ledger Report/Share Ledger Currency 2024" time="39.419" classname="Test Cases/Ledger Report/Share Ledger Currency 2024" status="FAILED">
         <failure type="FAILED" message="Test Cases/Ledger Report/Share Ledger Currency 2024 FAILED.&#xa;Reason:&#xa;com.kms.katalon.core.exception.StepFailedException: Failed to tap on element 'Object Repository/LoginRepo/Ledger-Share-Verify'&#xa;	at com.kms.katalon.core.mobile.keyword.internal.MobileKeywordMain.stepFailed(MobileKeywordMain.groovy:38)&#xa;	at com.kms.katalon.core.mobile.keyword.internal.MobileKeywordMain.runKeyword(MobileKeywordMain.groovy:21)&#xa;	at com.kms.katalon.core.mobile.keyword.builtin.TapKeyword.tap(TapKeyword.groovy:51)&#xa;	at com.kms.katalon.core.mobile.keyword.builtin.TapKeyword.execute(TapKeyword.groovy:35)&#xa;	at com.kms.katalon.core.keyword.internal.KeywordExecutor.executeKeywordForPlatform(KeywordExecutor.groovy:74)&#xa;	at com.kms.katalon.core.mobile.keyword.MobileBuiltInKeywords.tap(MobileBuiltInKeywords.groovy:1490)&#xa;	at Share Ledger Currency 2024.run(Share Ledger Currency 2024:33)&#xa;	at com.kms.katalon.core.main.ScriptEngine.run(ScriptEngine.java:194)&#xa;	at com.kms.katalon.core.main.ScriptEngine.runScriptAsRawText(ScriptEngine.java:119)&#xa;	at com.kms.katalon.core.main.TestCaseExecutor.runScript(TestCaseExecutor.java:448)&#xa;	at com.kms.katalon.core.main.TestCaseExecutor.doExecute(TestCaseExecutor.java:439)&#xa;	at com.kms.katalon.core.main.TestCaseExecutor.processExecutionPhase(TestCaseExecutor.java:418)&#xa;	at com.kms.katalon.core.main.TestCaseExecutor.accessMainPhase(TestCaseExecutor.java:410)&#xa;	at com.kms.katalon.core.main.TestCaseExecutor.execute(TestCaseExecutor.java:285)&#xa;	at com.kms.katalon.core.common.CommonExecutor.accessTestCaseMainPhase(CommonExecutor.java:65)&#xa;	at com.kms.katalon.core.main.TestSuiteExecutor.accessTestSuiteMainPhase(TestSuiteExecutor.java:150)&#xa;	at com.kms.katalon.core.main.TestSuiteExecutor.execute(TestSuiteExecutor.java:106)&#xa;	at com.kms.katalon.core.main.TestCaseMain.startTestSuite(TestCaseMain.java:180)&#xa;	at TempTestSuite1726135123204.run(TempTestSuite1726135123204.groovy:35)&#xa;	at java.base/jdk.internal.reflect.NativeMethodAccessorImpl.invoke0(Native Method)&#xa;	at java.base/jdk.internal.reflect.NativeMethodAccessorImpl.invoke(NativeMethodAccessorImpl.java:77)&#xa;	at java.base/jdk.internal.reflect.DelegatingMethodAccessorImpl.invoke(DelegatingMethodAccessorImpl.java:43)&#xa;Caused by: com.kms.katalon.core.exception.StepFailedException: Object Object Repository/LoginRepo/Ledger-Share-Verify not found&#xa;	at com.kms.katalon.core.mobile.keyword.internal.MobileKeywordMain.stepFailed(MobileKeywordMain.groovy:38)&#xa;	at com.kms.katalon.core.mobile.keyword.builtin.TapKeyword$_tap_closure1.doCall(TapKeyword.groovy:46)&#xa;	at com.kms.katalon.core.mobile.keyword.builtin.TapKeyword$_tap_closure1.call(TapKeyword.groovy)&#xa;	at com.kms.katalon.core.mobile.keyword.internal.MobileKeywordMain.runKeyword(MobileKeywordMain.groovy:19)&#xa;	... 20 more&#xa;"/>
         <system-out><![CDATA[12-09-2024T15:40:48 - [TEST_CASE][FAILED] - Test Cases/Ledger Report/Share Ledger Currency 2024: Test Cases/Ledger Report/Share Ledger Currency 2024 FAILED.
Reason:
com.kms.katalon.core.exception.StepFailedException: Failed to tap on element 'Object Repository/LoginRepo/Ledger-Share-Verify'
	at com.kms.katalon.core.mobile.keyword.internal.MobileKeywordMain.stepFailed(MobileKeywordMain.groovy:38)
	at com.kms.katalon.core.mobile.keyword.internal.MobileKeywordMain.runKeyword(MobileKeywordMain.groovy:21)
	at com.kms.katalon.core.mobile.keyword.builtin.TapKeyword.tap(TapKeyword.groovy:51)
	at com.kms.katalon.core.mobile.keyword.builtin.TapKeyword.execute(TapKeyword.groovy:35)
	at com.kms.katalon.core.keyword.internal.KeywordExecutor.executeKeywordForPlatform(KeywordExecutor.groovy:74)
	at com.kms.katalon.core.mobile.keyword.MobileBuiltInKeywords.tap(MobileBuiltInKeywords.groovy:1490)
	at Share Ledger Currency 2024.run(Share Ledger Currency 2024:33)
	at com.kms.katalon.core.main.ScriptEngine.run(ScriptEngine.java:194)
	at com.kms.katalon.core.main.ScriptEngine.runScriptAsRawText(ScriptEngine.java:119)
	at com.kms.katalon.core.main.TestCaseExecutor.runScript(TestCaseExecutor.java:448)
	at com.kms.katalon.core.main.TestCaseExecutor.doExecute(TestCaseExecutor.java:439)
	at com.kms.katalon.core.main.TestCaseExecutor.processExecutionPhase(TestCaseExecutor.java:418)
	at com.kms.katalon.core.main.TestCaseExecutor.accessMainPhase(TestCaseExecutor.java:410)
	at com.kms.katalon.core.main.TestCaseExecutor.execute(TestCaseExecutor.java:285)
	at com.kms.katalon.core.common.CommonExecutor.accessTestCaseMainPhase(CommonExecutor.java:65)
	at com.kms.katalon.core.main.TestSuiteExecutor.accessTestSuiteMainPhase(TestSuiteExecutor.java:150)
	at com.kms.katalon.core.main.TestSuiteExecutor.execute(TestSuiteExecutor.java:106)
	at com.kms.katalon.core.main.TestCaseMain.startTestSuite(TestCaseMain.java:180)
	at TempTestSuite1726135123204.run(TempTestSuite1726135123204.groovy:35)
	at java.base/jdk.internal.reflect.NativeMethodAccessorImpl.invoke0(Native Method)
	at java.base/jdk.internal.reflect.NativeMethodAccessorImpl.invoke(NativeMethodAccessorImpl.java:77)
	at java.base/jdk.internal.reflect.DelegatingMethodAccessorImpl.invoke(DelegatingMethodAccessorImpl.java:43)
Caused by: com.kms.katalon.core.exception.StepFailedException: Object Object Repository/LoginRepo/Ledger-Share-Verify not found
	at com.kms.katalon.core.mobile.keyword.internal.MobileKeywordMain.stepFailed(MobileKeywordMain.groovy:38)
	at com.kms.katalon.core.mobile.keyword.builtin.TapKeyword$_tap_closure1.doCall(TapKeyword.groovy:46)
	at com.kms.katalon.core.mobile.keyword.builtin.TapKeyword$_tap_closure1.call(TapKeyword.groovy)
	at com.kms.katalon.core.mobile.keyword.internal.MobileKeywordMain.runKeyword(MobileKeywordMain.groovy:19)
	... 20 more


12-09-2024T15:40:48 - [TEST_STEP][PASSED] - callTestCase(findTestCase("Test Cases/Login/Login"), null, STOP_ON_FAILURE): Call Test Case 'Test Cases/Login/Login' successfully

12-09-2024T15:40:48 - [TEST_CASE][PASSED] - Test Cases/Login/Login: Test Cases/Login/Login

12-09-2024T15:40:48 - [TEST_STEP][PASSED] - projectDir = getProjectDir(): null

12-09-2024T15:40:48 - [TEST_STEP][PASSED] - startApplication(projectDir + "/SpaceApp/SpaceApp_1.0.34.55_LIVE.apk", true): Started application: 'C:\Users\Elite66\git\Space-Visual\SpaceApp\SpaceApp_1.0.34.55_LIVE.apk'

12-09-2024T15:40:48 - [MESSAGE][INFO] - Starting application: 'C:\Users\Elite66\git\Space-Visual\SpaceApp\SpaceApp_1.0.34.55_LIVE.apk'

12-09-2024T15:41:02 - [MESSAGE][PASSED] - Started application: 'C:\Users\Elite66\git\Space-Visual\SpaceApp\SpaceApp_1.0.34.55_LIVE.apk'

12-09-2024T15:41:02 - [TEST_STEP][PASSED] - delay(5): Delayed 5 second(s)

12-09-2024T15:41:07 - [MESSAGE][PASSED] - Delayed 5 second(s)

12-09-2024T15:41:07 - [TEST_STEP][PASSED] - tap(findTestObject("Object Repository/LoginRepo/click button"), 0): Tapped on element 'Object Repository/LoginRepo/click button'

12-09-2024T15:41:07 - [MESSAGE][WARNING] - Timeout '0' is invalid. Using default page load timeout: '5'

12-09-2024T15:41:08 - [MESSAGE][PASSED] - Tapped on element 'Object Repository/LoginRepo/click button'

12-09-2024T15:41:08 - [TEST_STEP][PASSED] - setText(findTestObject("Object Repository/LoginRepo/Enter id"), "m3903", 0): Text 'm3903' has been set to element 'Object Repository/LoginRepo/Enter id'

12-09-2024T15:41:08 - [MESSAGE][WARNING] - Timeout '0' is invalid. Using default page load timeout: '5'

12-09-2024T15:41:10 - [MESSAGE][PASSED] - Text 'm3903' has been set to element 'Object Repository/LoginRepo/Enter id'

12-09-2024T15:41:10 - [TEST_STEP][PASSED] - setText(findTestObject("Object Repository/LoginRepo/Enter pass"), "Nirav@789", 0): Text 'Nirav@789' has been set to element 'Object Repository/LoginRepo/Enter pass'

12-09-2024T15:41:10 - [MESSAGE][WARNING] - Timeout '0' is invalid. Using default page load timeout: '5'

12-09-2024T15:41:11 - [MESSAGE][PASSED] - Text 'Nirav@789' has been set to element 'Object Repository/LoginRepo/Enter pass'

12-09-2024T15:41:11 - [TEST_STEP][PASSED] - tap(findTestObject("Object Repository/LoginRepo/click login"), 0): Tapped on element 'Object Repository/LoginRepo/click login'

12-09-2024T15:41:11 - [MESSAGE][WARNING] - Timeout '0' is invalid. Using default page load timeout: '5'

12-09-2024T15:41:13 - [MESSAGE][PASSED] - Tapped on element 'Object Repository/LoginRepo/click login'

12-09-2024T15:41:13 - [TEST_STEP][PASSED] - tap(findTestObject("Object Repository/LoginRepo/Enter Pin"), 0): Tapped on element 'Object Repository/LoginRepo/Enter Pin'

12-09-2024T15:41:13 - [MESSAGE][WARNING] - Timeout '0' is invalid. Using default page load timeout: '5'

12-09-2024T15:41:14 - [MESSAGE][PASSED] - Tapped on element 'Object Repository/LoginRepo/Enter Pin'

12-09-2024T15:41:14 - [TEST_STEP][PASSED] - setText(findTestObject("Object Repository/LoginRepo/Enter Pin"), "1234", 0): Text '1234' has been set to element 'Object Repository/LoginRepo/Enter Pin'

12-09-2024T15:41:14 - [MESSAGE][WARNING] - Timeout '0' is invalid. Using default page load timeout: '5'

12-09-2024T15:41:16 - [MESSAGE][PASSED] - Text '1234' has been set to element 'Object Repository/LoginRepo/Enter Pin'

12-09-2024T15:41:16 - [MESSAGE][PASSED] - Call Test Case 'Test Cases/Login/Login' successfully

12-09-2024T15:41:16 - [TEST_STEP][PASSED] - tap(findTestObject("Object Repository/LoginRepo/Report Click"), 0): Tapped on element 'Object Repository/LoginRepo/Report Click'

12-09-2024T15:41:16 - [MESSAGE][WARNING] - Timeout '0' is invalid. Using default page load timeout: '5'

12-09-2024T15:41:18 - [MESSAGE][PASSED] - Tapped on element 'Object Repository/LoginRepo/Report Click'

12-09-2024T15:41:18 - [TEST_STEP][PASSED] - tap(findTestObject("Object Repository/LoginRepo/Ledger Click"), 0, CONTINUE_ON_FAILURE): Tapped on element 'Object Repository/LoginRepo/Ledger Click'

12-09-2024T15:41:18 - [MESSAGE][WARNING] - Timeout '0' is invalid. Using default page load timeout: '5'

12-09-2024T15:41:19 - [MESSAGE][PASSED] - Tapped on element 'Object Repository/LoginRepo/Ledger Click'

12-09-2024T15:41:19 - [TEST_STEP][PASSED] - tap(findTestObject("Object Repository/LoginRepo/Segment Click"), 0): Tapped on element 'Object Repository/LoginRepo/Segment Click'

12-09-2024T15:41:19 - [MESSAGE][WARNING] - Timeout '0' is invalid. Using default page load timeout: '5'

12-09-2024T15:41:19 - [MESSAGE][PASSED] - Tapped on element 'Object Repository/LoginRepo/Segment Click'

12-09-2024T15:41:19 - [TEST_STEP][PASSED] - tap(findTestObject("Object Repository/LoginRepo/Currency Report"), 0): Tapped on element 'Object Repository/LoginRepo/Currency Report'

12-09-2024T15:41:19 - [MESSAGE][WARNING] - Timeout '0' is invalid. Using default page load timeout: '5'

12-09-2024T15:41:21 - [MESSAGE][PASSED] - Tapped on element 'Object Repository/LoginRepo/Currency Report'

12-09-2024T15:41:21 - [TEST_STEP][PASSED] - tap(findTestObject("Object Repository/LoginRepo/Ledger-Share"), 0): Tapped on element 'Object Repository/LoginRepo/Ledger-Share'

12-09-2024T15:41:21 - [MESSAGE][WARNING] - Timeout '0' is invalid. Using default page load timeout: '5'

12-09-2024T15:41:22 - [MESSAGE][PASSED] - Tapped on element 'Object Repository/LoginRepo/Ledger-Share'

12-09-2024T15:41:22 - [TEST_STEP][FAILED] - tap(findTestObject("Object Repository/LoginRepo/Ledger-Share-Verify"), 0): Failed to tap on element 'Object Repository/LoginRepo/Ledger-Share-Verify' (Root cause: com.kms.katalon.core.exception.StepFailedException: Failed to tap on element 'Object Repository/LoginRepo/Ledger-Share-Verify'
	at com.kms.katalon.core.mobile.keyword.internal.MobileKeywordMain.stepFailed(MobileKeywordMain.groovy:38)
	at com.kms.katalon.core.mobile.keyword.internal.MobileKeywordMain.runKeyword(MobileKeywordMain.groovy:21)
	at com.kms.katalon.core.mobile.keyword.builtin.TapKeyword.tap(TapKeyword.groovy:51)
	at com.kms.katalon.core.mobile.keyword.builtin.TapKeyword.execute(TapKeyword.groovy:35)
	at com.kms.katalon.core.keyword.internal.KeywordExecutor.executeKeywordForPlatform(KeywordExecutor.groovy:74)
	at com.kms.katalon.core.mobile.keyword.MobileBuiltInKeywords.tap(MobileBuiltInKeywords.groovy:1490)
	at Share Ledger Currency 2024.run(Share Ledger Currency 2024:33)
	at com.kms.katalon.core.main.ScriptEngine.run(ScriptEngine.java:194)
	at com.kms.katalon.core.main.ScriptEngine.runScriptAsRawText(ScriptEngine.java:119)
	at com.kms.katalon.core.main.TestCaseExecutor.runScript(TestCaseExecutor.java:448)
	at com.kms.katalon.core.main.TestCaseExecutor.doExecute(TestCaseExecutor.java:439)
	at com.kms.katalon.core.main.TestCaseExecutor.processExecutionPhase(TestCaseExecutor.java:418)
	at com.kms.katalon.core.main.TestCaseExecutor.accessMainPhase(TestCaseExecutor.java:410)
	at com.kms.katalon.core.main.TestCaseExecutor.execute(TestCaseExecutor.java:285)
	at com.kms.katalon.core.common.CommonExecutor.accessTestCaseMainPhase(CommonExecutor.java:65)
	at com.kms.katalon.core.main.TestSuiteExecutor.accessTestSuiteMainPhase(TestSuiteExecutor.java:150)
	at com.kms.katalon.core.main.TestSuiteExecutor.execute(TestSuiteExecutor.java:106)
	at com.kms.katalon.core.main.TestCaseMain.startTestSuite(TestCaseMain.java:180)
	at TempTestSuite1726135123204.run(TempTestSuite1726135123204.groovy:35)
	at java.base/jdk.internal.reflect.NativeMethodAccessorImpl.invoke0(Native Method)
	at java.base/jdk.internal.reflect.NativeMethodAccessorImpl.invoke(NativeMethodAccessorImpl.java:77)
	at java.base/jdk.internal.reflect.DelegatingMethodAccessorImpl.invoke(DelegatingMethodAccessorImpl.java:43)
Caused by: com.kms.katalon.core.exception.StepFailedException: Object Object Repository/LoginRepo/Ledger-Share-Verify not found
	at com.kms.katalon.core.mobile.keyword.internal.MobileKeywordMain.stepFailed(MobileKeywordMain.groovy:38)
	at com.kms.katalon.core.mobile.keyword.builtin.TapKeyword$_tap_closure1.doCall(TapKeyword.groovy:46)
	at com.kms.katalon.core.mobile.keyword.builtin.TapKeyword$_tap_closure1.call(TapKeyword.groovy)
	at com.kms.katalon.core.mobile.keyword.internal.MobileKeywordMain.runKeyword(MobileKeywordMain.groovy:19)
	... 20 more
)

12-09-2024T15:41:22 - [MESSAGE][WARNING] - Timeout '0' is invalid. Using default page load timeout: '5'

12-09-2024T15:41:27 - [MESSAGE][FAILED] - Object Object Repository/LoginRepo/Ledger-Share-Verify not found (Root cause: com.kms.katalon.core.exception.StepFailedException: Object Object Repository/LoginRepo/Ledger-Share-Verify not found
	at com.kms.katalon.core.mobile.keyword.internal.MobileKeywordMain.stepFailed(MobileKeywordMain.groovy:38)
	at com.kms.katalon.core.mobile.keyword.builtin.TapKeyword$_tap_closure1.doCall(TapKeyword.groovy:46)
	at com.kms.katalon.core.mobile.keyword.builtin.TapKeyword$_tap_closure1.call(TapKeyword.groovy)
	at com.kms.katalon.core.mobile.keyword.internal.MobileKeywordMain.runKeyword(MobileKeywordMain.groovy:19)
	at com.kms.katalon.core.mobile.keyword.builtin.TapKeyword.tap(TapKeyword.groovy:51)
	at com.kms.katalon.core.mobile.keyword.builtin.TapKeyword.execute(TapKeyword.groovy:35)
	at com.kms.katalon.core.keyword.internal.KeywordExecutor.executeKeywordForPlatform(KeywordExecutor.groovy:74)
	at com.kms.katalon.core.mobile.keyword.MobileBuiltInKeywords.tap(MobileBuiltInKeywords.groovy:1490)
	at Share Ledger Currency 2024.run(Share Ledger Currency 2024:33)
	at com.kms.katalon.core.main.ScriptEngine.run(ScriptEngine.java:194)
	at com.kms.katalon.core.main.ScriptEngine.runScriptAsRawText(ScriptEngine.java:119)
	at com.kms.katalon.core.main.TestCaseExecutor.runScript(TestCaseExecutor.java:448)
	at com.kms.katalon.core.main.TestCaseExecutor.doExecute(TestCaseExecutor.java:439)
	at com.kms.katalon.core.main.TestCaseExecutor.processExecutionPhase(TestCaseExecutor.java:418)
	at com.kms.katalon.core.main.TestCaseExecutor.accessMainPhase(TestCaseExecutor.java:410)
	at com.kms.katalon.core.main.TestCaseExecutor.execute(TestCaseExecutor.java:285)
	at com.kms.katalon.core.common.CommonExecutor.accessTestCaseMainPhase(CommonExecutor.java:65)
	at com.kms.katalon.core.main.TestSuiteExecutor.accessTestSuiteMainPhase(TestSuiteExecutor.java:150)
	at com.kms.katalon.core.main.TestSuiteExecutor.execute(TestSuiteExecutor.java:106)
	at com.kms.katalon.core.main.TestCaseMain.startTestSuite(TestCaseMain.java:180)
	at TempTestSuite1726135123204.run(TempTestSuite1726135123204.groovy:35)
	at java.base/jdk.internal.reflect.NativeMethodAccessorImpl.invoke0(Native Method)
	at java.base/jdk.internal.reflect.NativeMethodAccessorImpl.invoke(NativeMethodAccessorImpl.java:77)
	at java.base/jdk.internal.reflect.DelegatingMethodAccessorImpl.invoke(DelegatingMethodAccessorImpl.java:43)
)
[[ATTACHMENT|C:\\Users\\Elite66\\git\\Space-Visual\\Reports\\20240912_152843\\5 Sec\\20240912_152843\\1726135887270.png]]

12-09-2024T15:41:28 - [MESSAGE][FAILED] - Failed to tap on element 'Object Repository/LoginRepo/Ledger-Share-Verify' (Root cause: com.kms.katalon.core.exception.StepFailedException: Failed to tap on element 'Object Repository/LoginRepo/Ledger-Share-Verify'
	at com.kms.katalon.core.mobile.keyword.internal.MobileKeywordMain.stepFailed(MobileKeywordMain.groovy:38)
	at com.kms.katalon.core.mobile.keyword.internal.MobileKeywordMain.runKeyword(MobileKeywordMain.groovy:21)
	at com.kms.katalon.core.mobile.keyword.builtin.TapKeyword.tap(TapKeyword.groovy:51)
	at com.kms.katalon.core.mobile.keyword.builtin.TapKeyword.execute(TapKeyword.groovy:35)
	at com.kms.katalon.core.keyword.internal.KeywordExecutor.executeKeywordForPlatform(KeywordExecutor.groovy:74)
	at com.kms.katalon.core.mobile.keyword.MobileBuiltInKeywords.tap(MobileBuiltInKeywords.groovy:1490)
	at Share Ledger Currency 2024.run(Share Ledger Currency 2024:33)
	at com.kms.katalon.core.main.ScriptEngine.run(ScriptEngine.java:194)
	at com.kms.katalon.core.main.ScriptEngine.runScriptAsRawText(ScriptEngine.java:119)
	at com.kms.katalon.core.main.TestCaseExecutor.runScript(TestCaseExecutor.java:448)
	at com.kms.katalon.core.main.TestCaseExecutor.doExecute(TestCaseExecutor.java:439)
	at com.kms.katalon.core.main.TestCaseExecutor.processExecutionPhase(TestCaseExecutor.java:418)
	at com.kms.katalon.core.main.TestCaseExecutor.accessMainPhase(TestCaseExecutor.java:410)
	at com.kms.katalon.core.main.TestCaseExecutor.execute(TestCaseExecutor.java:285)
	at com.kms.katalon.core.common.CommonExecutor.accessTestCaseMainPhase(CommonExecutor.java:65)
	at com.kms.katalon.core.main.TestSuiteExecutor.accessTestSuiteMainPhase(TestSuiteExecutor.java:150)
	at com.kms.katalon.core.main.TestSuiteExecutor.execute(TestSuiteExecutor.java:106)
	at com.kms.katalon.core.main.TestCaseMain.startTestSuite(TestCaseMain.java:180)
	at TempTestSuite1726135123204.run(TempTestSuite1726135123204.groovy:35)
	at java.base/jdk.internal.reflect.NativeMethodAccessorImpl.invoke0(Native Method)
	at java.base/jdk.internal.reflect.NativeMethodAccessorImpl.invoke(NativeMethodAccessorImpl.java:77)
	at java.base/jdk.internal.reflect.DelegatingMethodAccessorImpl.invoke(DelegatingMethodAccessorImpl.java:43)
Caused by: com.kms.katalon.core.exception.StepFailedException: Object Object Repository/LoginRepo/Ledger-Share-Verify not found
	at com.kms.katalon.core.mobile.keyword.internal.MobileKeywordMain.stepFailed(MobileKeywordMain.groovy:38)
	at com.kms.katalon.core.mobile.keyword.builtin.TapKeyword$_tap_closure1.doCall(TapKeyword.groovy:46)
	at com.kms.katalon.core.mobile.keyword.builtin.TapKeyword$_tap_closure1.call(TapKeyword.groovy)
	at com.kms.katalon.core.mobile.keyword.internal.MobileKeywordMain.runKeyword(MobileKeywordMain.groovy:19)
	... 20 more
)
[[ATTACHMENT|C:\\Users\\Elite66\\git\\Space-Visual\\Reports\\20240912_152843\\5 Sec\\20240912_152843\\1726135887793.png]]]]></system-out>
         <system-err><![CDATA[12-09-2024T15:40:48 - [TEST_CASE][FAILED] - Test Cases/Ledger Report/Share Ledger Currency 2024: Test Cases/Ledger Report/Share Ledger Currency 2024 FAILED.
Reason:
com.kms.katalon.core.exception.StepFailedException: Failed to tap on element 'Object Repository/LoginRepo/Ledger-Share-Verify'
	at com.kms.katalon.core.mobile.keyword.internal.MobileKeywordMain.stepFailed(MobileKeywordMain.groovy:38)
	at com.kms.katalon.core.mobile.keyword.internal.MobileKeywordMain.runKeyword(MobileKeywordMain.groovy:21)
	at com.kms.katalon.core.mobile.keyword.builtin.TapKeyword.tap(TapKeyword.groovy:51)
	at com.kms.katalon.core.mobile.keyword.builtin.TapKeyword.execute(TapKeyword.groovy:35)
	at com.kms.katalon.core.keyword.internal.KeywordExecutor.executeKeywordForPlatform(KeywordExecutor.groovy:74)
	at com.kms.katalon.core.mobile.keyword.MobileBuiltInKeywords.tap(MobileBuiltInKeywords.groovy:1490)
	at Share Ledger Currency 2024.run(Share Ledger Currency 2024:33)
	at com.kms.katalon.core.main.ScriptEngine.run(ScriptEngine.java:194)
	at com.kms.katalon.core.main.ScriptEngine.runScriptAsRawText(ScriptEngine.java:119)
	at com.kms.katalon.core.main.TestCaseExecutor.runScript(TestCaseExecutor.java:448)
	at com.kms.katalon.core.main.TestCaseExecutor.doExecute(TestCaseExecutor.java:439)
	at com.kms.katalon.core.main.TestCaseExecutor.processExecutionPhase(TestCaseExecutor.java:418)
	at com.kms.katalon.core.main.TestCaseExecutor.accessMainPhase(TestCaseExecutor.java:410)
	at com.kms.katalon.core.main.TestCaseExecutor.execute(TestCaseExecutor.java:285)
	at com.kms.katalon.core.common.CommonExecutor.accessTestCaseMainPhase(CommonExecutor.java:65)
	at com.kms.katalon.core.main.TestSuiteExecutor.accessTestSuiteMainPhase(TestSuiteExecutor.java:150)
	at com.kms.katalon.core.main.TestSuiteExecutor.execute(TestSuiteExecutor.java:106)
	at com.kms.katalon.core.main.TestCaseMain.startTestSuite(TestCaseMain.java:180)
	at TempTestSuite1726135123204.run(TempTestSuite1726135123204.groovy:35)
	at java.base/jdk.internal.reflect.NativeMethodAccessorImpl.invoke0(Native Method)
	at java.base/jdk.internal.reflect.NativeMethodAccessorImpl.invoke(NativeMethodAccessorImpl.java:77)
	at java.base/jdk.internal.reflect.DelegatingMethodAccessorImpl.invoke(DelegatingMethodAccessorImpl.java:43)
Caused by: com.kms.katalon.core.exception.StepFailedException: Object Object Repository/LoginRepo/Ledger-Share-Verify not found
	at com.kms.katalon.core.mobile.keyword.internal.MobileKeywordMain.stepFailed(MobileKeywordMain.groovy:38)
	at com.kms.katalon.core.mobile.keyword.builtin.TapKeyword$_tap_closure1.doCall(TapKeyword.groovy:46)
	at com.kms.katalon.core.mobile.keyword.builtin.TapKeyword$_tap_closure1.call(TapKeyword.groovy)
	at com.kms.katalon.core.mobile.keyword.internal.MobileKeywordMain.runKeyword(MobileKeywordMain.groovy:19)
	... 20 more]]></system-err>
      </testcase>
      <testcase name="Test Cases/Ledger Report/View Ledger Currency 2024-25" time="40.695" classname="Test Cases/Ledger Report/View Ledger Currency 2024-25" status="FAILED">
         <failure type="FAILED" message="Test Cases/Ledger Report/View Ledger Currency 2024-25 FAILED.&#xa;Reason:&#xa;com.kms.katalon.core.exception.StepFailedException: Failed to get text from element&#xa;	at com.kms.katalon.core.mobile.keyword.internal.MobileKeywordMain.stepFailed(MobileKeywordMain.groovy:38)&#xa;	at com.kms.katalon.core.mobile.keyword.internal.MobileKeywordMain.runKeyword(MobileKeywordMain.groovy:21)&#xa;	at com.kms.katalon.core.mobile.keyword.builtin.GetTextKeyword.getText(GetTextKeyword.groovy:51)&#xa;	at com.kms.katalon.core.mobile.keyword.builtin.GetTextKeyword.execute(GetTextKeyword.groovy:35)&#xa;	at com.kms.katalon.core.keyword.internal.KeywordExecutor.executeKeywordForPlatform(KeywordExecutor.groovy:74)&#xa;	at com.kms.katalon.core.mobile.keyword.MobileBuiltInKeywords.getText(MobileBuiltInKeywords.groovy:1274)&#xa;	at View Ledger Currency 2024-25.run(View Ledger Currency 2024-25:33)&#xa;	at com.kms.katalon.core.main.ScriptEngine.run(ScriptEngine.java:194)&#xa;	at com.kms.katalon.core.main.ScriptEngine.runScriptAsRawText(ScriptEngine.java:119)&#xa;	at com.kms.katalon.core.main.TestCaseExecutor.runScript(TestCaseExecutor.java:448)&#xa;	at com.kms.katalon.core.main.TestCaseExecutor.doExecute(TestCaseExecutor.java:439)&#xa;	at com.kms.katalon.core.main.TestCaseExecutor.processExecutionPhase(TestCaseExecutor.java:418)&#xa;	at com.kms.katalon.core.main.TestCaseExecutor.accessMainPhase(TestCaseExecutor.java:410)&#xa;	at com.kms.katalon.core.main.TestCaseExecutor.execute(TestCaseExecutor.java:285)&#xa;	at com.kms.katalon.core.common.CommonExecutor.accessTestCaseMainPhase(CommonExecutor.java:65)&#xa;	at com.kms.katalon.core.main.TestSuiteExecutor.accessTestSuiteMainPhase(TestSuiteExecutor.java:150)&#xa;	at com.kms.katalon.core.main.TestSuiteExecutor.execute(TestSuiteExecutor.java:106)&#xa;	at com.kms.katalon.core.main.TestCaseMain.startTestSuite(TestCaseMain.java:180)&#xa;	at TempTestSuite1726135123204.run(TempTestSuite1726135123204.groovy:35)&#xa;	at java.base/jdk.internal.reflect.NativeMethodAccessorImpl.invoke0(Native Method)&#xa;	at java.base/jdk.internal.reflect.NativeMethodAccessorImpl.invoke(NativeMethodAccessorImpl.java:77)&#xa;	at java.base/jdk.internal.reflect.DelegatingMethodAccessorImpl.invoke(DelegatingMethodAccessorImpl.java:43)&#xa;Caused by: com.kms.katalon.core.exception.StepFailedException: Object Object Repository/LoginRepo/Wait-Element Identify not found&#xa;	at com.kms.katalon.core.mobile.keyword.internal.MobileKeywordMain.stepFailed(MobileKeywordMain.groovy:38)&#xa;	at com.kms.katalon.core.mobile.keyword.builtin.GetTextKeyword$_getText_closure1.doCall(GetTextKeyword.groovy:45)&#xa;	at com.kms.katalon.core.mobile.keyword.builtin.GetTextKeyword$_getText_closure1.call(GetTextKeyword.groovy)&#xa;	at com.kms.katalon.core.mobile.keyword.internal.MobileKeywordMain.runKeyword(MobileKeywordMain.groovy:19)&#xa;	... 20 more&#xa;"/>
         <system-out><![CDATA[12-09-2024T15:41:28 - [TEST_CASE][FAILED] - Test Cases/Ledger Report/View Ledger Currency 2024-25: Test Cases/Ledger Report/View Ledger Currency 2024-25 FAILED.
Reason:
com.kms.katalon.core.exception.StepFailedException: Failed to get text from element
	at com.kms.katalon.core.mobile.keyword.internal.MobileKeywordMain.stepFailed(MobileKeywordMain.groovy:38)
	at com.kms.katalon.core.mobile.keyword.internal.MobileKeywordMain.runKeyword(MobileKeywordMain.groovy:21)
	at com.kms.katalon.core.mobile.keyword.builtin.GetTextKeyword.getText(GetTextKeyword.groovy:51)
	at com.kms.katalon.core.mobile.keyword.builtin.GetTextKeyword.execute(GetTextKeyword.groovy:35)
	at com.kms.katalon.core.keyword.internal.KeywordExecutor.executeKeywordForPlatform(KeywordExecutor.groovy:74)
	at com.kms.katalon.core.mobile.keyword.MobileBuiltInKeywords.getText(MobileBuiltInKeywords.groovy:1274)
	at View Ledger Currency 2024-25.run(View Ledger Currency 2024-25:33)
	at com.kms.katalon.core.main.ScriptEngine.run(ScriptEngine.java:194)
	at com.kms.katalon.core.main.ScriptEngine.runScriptAsRawText(ScriptEngine.java:119)
	at com.kms.katalon.core.main.TestCaseExecutor.runScript(TestCaseExecutor.java:448)
	at com.kms.katalon.core.main.TestCaseExecutor.doExecute(TestCaseExecutor.java:439)
	at com.kms.katalon.core.main.TestCaseExecutor.processExecutionPhase(TestCaseExecutor.java:418)
	at com.kms.katalon.core.main.TestCaseExecutor.accessMainPhase(TestCaseExecutor.java:410)
	at com.kms.katalon.core.main.TestCaseExecutor.execute(TestCaseExecutor.java:285)
	at com.kms.katalon.core.common.CommonExecutor.accessTestCaseMainPhase(CommonExecutor.java:65)
	at com.kms.katalon.core.main.TestSuiteExecutor.accessTestSuiteMainPhase(TestSuiteExecutor.java:150)
	at com.kms.katalon.core.main.TestSuiteExecutor.execute(TestSuiteExecutor.java:106)
	at com.kms.katalon.core.main.TestCaseMain.startTestSuite(TestCaseMain.java:180)
	at TempTestSuite1726135123204.run(TempTestSuite1726135123204.groovy:35)
	at java.base/jdk.internal.reflect.NativeMethodAccessorImpl.invoke0(Native Method)
	at java.base/jdk.internal.reflect.NativeMethodAccessorImpl.invoke(NativeMethodAccessorImpl.java:77)
	at java.base/jdk.internal.reflect.DelegatingMethodAccessorImpl.invoke(DelegatingMethodAccessorImpl.java:43)
Caused by: com.kms.katalon.core.exception.StepFailedException: Object Object Repository/LoginRepo/Wait-Element Identify not found
	at com.kms.katalon.core.mobile.keyword.internal.MobileKeywordMain.stepFailed(MobileKeywordMain.groovy:38)
	at com.kms.katalon.core.mobile.keyword.builtin.GetTextKeyword$_getText_closure1.doCall(GetTextKeyword.groovy:45)
	at com.kms.katalon.core.mobile.keyword.builtin.GetTextKeyword$_getText_closure1.call(GetTextKeyword.groovy)
	at com.kms.katalon.core.mobile.keyword.internal.MobileKeywordMain.runKeyword(MobileKeywordMain.groovy:19)
	... 20 more


12-09-2024T15:41:28 - [TEST_STEP][PASSED] - callTestCase(findTestCase("Test Cases/Login/Login"), null, STOP_ON_FAILURE): Call Test Case 'Test Cases/Login/Login' successfully

12-09-2024T15:41:28 - [TEST_CASE][PASSED] - Test Cases/Login/Login: Test Cases/Login/Login

12-09-2024T15:41:28 - [TEST_STEP][PASSED] - projectDir = getProjectDir(): null

12-09-2024T15:41:28 - [TEST_STEP][PASSED] - startApplication(projectDir + "/SpaceApp/SpaceApp_1.0.34.55_LIVE.apk", true): Started application: 'C:\Users\Elite66\git\Space-Visual\SpaceApp\SpaceApp_1.0.34.55_LIVE.apk'

12-09-2024T15:41:28 - [MESSAGE][INFO] - Starting application: 'C:\Users\Elite66\git\Space-Visual\SpaceApp\SpaceApp_1.0.34.55_LIVE.apk'

12-09-2024T15:41:43 - [MESSAGE][PASSED] - Started application: 'C:\Users\Elite66\git\Space-Visual\SpaceApp\SpaceApp_1.0.34.55_LIVE.apk'

12-09-2024T15:41:43 - [TEST_STEP][PASSED] - delay(5): Delayed 5 second(s)

12-09-2024T15:41:48 - [MESSAGE][PASSED] - Delayed 5 second(s)

12-09-2024T15:41:48 - [TEST_STEP][PASSED] - tap(findTestObject("Object Repository/LoginRepo/click button"), 0): Tapped on element 'Object Repository/LoginRepo/click button'

12-09-2024T15:41:48 - [MESSAGE][WARNING] - Timeout '0' is invalid. Using default page load timeout: '5'

12-09-2024T15:41:49 - [MESSAGE][PASSED] - Tapped on element 'Object Repository/LoginRepo/click button'

12-09-2024T15:41:49 - [TEST_STEP][PASSED] - setText(findTestObject("Object Repository/LoginRepo/Enter id"), "m3903", 0): Text 'm3903' has been set to element 'Object Repository/LoginRepo/Enter id'

12-09-2024T15:41:49 - [MESSAGE][WARNING] - Timeout '0' is invalid. Using default page load timeout: '5'

12-09-2024T15:41:50 - [MESSAGE][PASSED] - Text 'm3903' has been set to element 'Object Repository/LoginRepo/Enter id'

12-09-2024T15:41:50 - [TEST_STEP][PASSED] - setText(findTestObject("Object Repository/LoginRepo/Enter pass"), "Nirav@789", 0): Text 'Nirav@789' has been set to element 'Object Repository/LoginRepo/Enter pass'

12-09-2024T15:41:50 - [MESSAGE][WARNING] - Timeout '0' is invalid. Using default page load timeout: '5'

12-09-2024T15:41:52 - [MESSAGE][PASSED] - Text 'Nirav@789' has been set to element 'Object Repository/LoginRepo/Enter pass'

12-09-2024T15:41:52 - [TEST_STEP][PASSED] - tap(findTestObject("Object Repository/LoginRepo/click login"), 0): Tapped on element 'Object Repository/LoginRepo/click login'

12-09-2024T15:41:52 - [MESSAGE][WARNING] - Timeout '0' is invalid. Using default page load timeout: '5'

12-09-2024T15:41:54 - [MESSAGE][PASSED] - Tapped on element 'Object Repository/LoginRepo/click login'

12-09-2024T15:41:54 - [TEST_STEP][PASSED] - tap(findTestObject("Object Repository/LoginRepo/Enter Pin"), 0): Tapped on element 'Object Repository/LoginRepo/Enter Pin'

12-09-2024T15:41:54 - [MESSAGE][WARNING] - Timeout '0' is invalid. Using default page load timeout: '5'

12-09-2024T15:41:54 - [MESSAGE][PASSED] - Tapped on element 'Object Repository/LoginRepo/Enter Pin'

12-09-2024T15:41:54 - [TEST_STEP][PASSED] - setText(findTestObject("Object Repository/LoginRepo/Enter Pin"), "1234", 0): Text '1234' has been set to element 'Object Repository/LoginRepo/Enter Pin'

12-09-2024T15:41:54 - [MESSAGE][WARNING] - Timeout '0' is invalid. Using default page load timeout: '5'

12-09-2024T15:41:57 - [MESSAGE][PASSED] - Text '1234' has been set to element 'Object Repository/LoginRepo/Enter Pin'

12-09-2024T15:41:57 - [MESSAGE][PASSED] - Call Test Case 'Test Cases/Login/Login' successfully

12-09-2024T15:41:57 - [TEST_STEP][PASSED] - tap(findTestObject("Object Repository/LoginRepo/Report Click"), 0): Tapped on element 'Object Repository/LoginRepo/Report Click'

12-09-2024T15:41:57 - [MESSAGE][WARNING] - Timeout '0' is invalid. Using default page load timeout: '5'

12-09-2024T15:41:58 - [MESSAGE][PASSED] - Tapped on element 'Object Repository/LoginRepo/Report Click'

12-09-2024T15:41:58 - [TEST_STEP][PASSED] - tap(findTestObject("Object Repository/LoginRepo/Ledger Click"), 0, CONTINUE_ON_FAILURE): Tapped on element 'Object Repository/LoginRepo/Ledger Click'

12-09-2024T15:41:58 - [MESSAGE][WARNING] - Timeout '0' is invalid. Using default page load timeout: '5'

12-09-2024T15:42:00 - [MESSAGE][PASSED] - Tapped on element 'Object Repository/LoginRepo/Ledger Click'

12-09-2024T15:42:00 - [TEST_STEP][PASSED] - tap(findTestObject("Object Repository/LoginRepo/Segment Click"), 0): Tapped on element 'Object Repository/LoginRepo/Segment Click'

12-09-2024T15:42:00 - [MESSAGE][WARNING] - Timeout '0' is invalid. Using default page load timeout: '5'

12-09-2024T15:42:00 - [MESSAGE][PASSED] - Tapped on element 'Object Repository/LoginRepo/Segment Click'

12-09-2024T15:42:00 - [TEST_STEP][PASSED] - tap(findTestObject("Object Repository/LoginRepo/Currency Report"), 0): Tapped on element 'Object Repository/LoginRepo/Currency Report'

12-09-2024T15:42:00 - [MESSAGE][WARNING] - Timeout '0' is invalid. Using default page load timeout: '5'

12-09-2024T15:42:02 - [MESSAGE][PASSED] - Tapped on element 'Object Repository/LoginRepo/Currency Report'

12-09-2024T15:42:02 - [TEST_STEP][PASSED] - tap(findTestObject("Object Repository/LoginRepo/View Ledger"), 0, CONTINUE_ON_FAILURE): Tapped on element 'Object Repository/LoginRepo/View Ledger'

12-09-2024T15:42:02 - [MESSAGE][WARNING] - Timeout '0' is invalid. Using default page load timeout: '5'

12-09-2024T15:42:02 - [MESSAGE][PASSED] - Tapped on element 'Object Repository/LoginRepo/View Ledger'

12-09-2024T15:42:02 - [TEST_STEP][FAILED] - getText(findTestObject("Object Repository/LoginRepo/Wait-Element Identify"), 0): Failed to get text from element (Root cause: com.kms.katalon.core.exception.StepFailedException: Failed to get text from element
	at com.kms.katalon.core.mobile.keyword.internal.MobileKeywordMain.stepFailed(MobileKeywordMain.groovy:38)
	at com.kms.katalon.core.mobile.keyword.internal.MobileKeywordMain.runKeyword(MobileKeywordMain.groovy:21)
	at com.kms.katalon.core.mobile.keyword.builtin.GetTextKeyword.getText(GetTextKeyword.groovy:51)
	at com.kms.katalon.core.mobile.keyword.builtin.GetTextKeyword.execute(GetTextKeyword.groovy:35)
	at com.kms.katalon.core.keyword.internal.KeywordExecutor.executeKeywordForPlatform(KeywordExecutor.groovy:74)
	at com.kms.katalon.core.mobile.keyword.MobileBuiltInKeywords.getText(MobileBuiltInKeywords.groovy:1274)
	at View Ledger Currency 2024-25.run(View Ledger Currency 2024-25:33)
	at com.kms.katalon.core.main.ScriptEngine.run(ScriptEngine.java:194)
	at com.kms.katalon.core.main.ScriptEngine.runScriptAsRawText(ScriptEngine.java:119)
	at com.kms.katalon.core.main.TestCaseExecutor.runScript(TestCaseExecutor.java:448)
	at com.kms.katalon.core.main.TestCaseExecutor.doExecute(TestCaseExecutor.java:439)
	at com.kms.katalon.core.main.TestCaseExecutor.processExecutionPhase(TestCaseExecutor.java:418)
	at com.kms.katalon.core.main.TestCaseExecutor.accessMainPhase(TestCaseExecutor.java:410)
	at com.kms.katalon.core.main.TestCaseExecutor.execute(TestCaseExecutor.java:285)
	at com.kms.katalon.core.common.CommonExecutor.accessTestCaseMainPhase(CommonExecutor.java:65)
	at com.kms.katalon.core.main.TestSuiteExecutor.accessTestSuiteMainPhase(TestSuiteExecutor.java:150)
	at com.kms.katalon.core.main.TestSuiteExecutor.execute(TestSuiteExecutor.java:106)
	at com.kms.katalon.core.main.TestCaseMain.startTestSuite(TestCaseMain.java:180)
	at TempTestSuite1726135123204.run(TempTestSuite1726135123204.groovy:35)
	at java.base/jdk.internal.reflect.NativeMethodAccessorImpl.invoke0(Native Method)
	at java.base/jdk.internal.reflect.NativeMethodAccessorImpl.invoke(NativeMethodAccessorImpl.java:77)
	at java.base/jdk.internal.reflect.DelegatingMethodAccessorImpl.invoke(DelegatingMethodAccessorImpl.java:43)
Caused by: com.kms.katalon.core.exception.StepFailedException: Object Object Repository/LoginRepo/Wait-Element Identify not found
	at com.kms.katalon.core.mobile.keyword.internal.MobileKeywordMain.stepFailed(MobileKeywordMain.groovy:38)
	at com.kms.katalon.core.mobile.keyword.builtin.GetTextKeyword$_getText_closure1.doCall(GetTextKeyword.groovy:45)
	at com.kms.katalon.core.mobile.keyword.builtin.GetTextKeyword$_getText_closure1.call(GetTextKeyword.groovy)
	at com.kms.katalon.core.mobile.keyword.internal.MobileKeywordMain.runKeyword(MobileKeywordMain.groovy:19)
	... 20 more
)

12-09-2024T15:42:02 - [MESSAGE][WARNING] - Timeout '0' is invalid. Using default page load timeout: '5'

12-09-2024T15:42:08 - [MESSAGE][FAILED] - Object Object Repository/LoginRepo/Wait-Element Identify not found (Root cause: com.kms.katalon.core.exception.StepFailedException: Object Object Repository/LoginRepo/Wait-Element Identify not found
	at com.kms.katalon.core.mobile.keyword.internal.MobileKeywordMain.stepFailed(MobileKeywordMain.groovy:38)
	at com.kms.katalon.core.mobile.keyword.builtin.GetTextKeyword$_getText_closure1.doCall(GetTextKeyword.groovy:45)
	at com.kms.katalon.core.mobile.keyword.builtin.GetTextKeyword$_getText_closure1.call(GetTextKeyword.groovy)
	at com.kms.katalon.core.mobile.keyword.internal.MobileKeywordMain.runKeyword(MobileKeywordMain.groovy:19)
	at com.kms.katalon.core.mobile.keyword.builtin.GetTextKeyword.getText(GetTextKeyword.groovy:51)
	at com.kms.katalon.core.mobile.keyword.builtin.GetTextKeyword.execute(GetTextKeyword.groovy:35)
	at com.kms.katalon.core.keyword.internal.KeywordExecutor.executeKeywordForPlatform(KeywordExecutor.groovy:74)
	at com.kms.katalon.core.mobile.keyword.MobileBuiltInKeywords.getText(MobileBuiltInKeywords.groovy:1274)
	at View Ledger Currency 2024-25.run(View Ledger Currency 2024-25:33)
	at com.kms.katalon.core.main.ScriptEngine.run(ScriptEngine.java:194)
	at com.kms.katalon.core.main.ScriptEngine.runScriptAsRawText(ScriptEngine.java:119)
	at com.kms.katalon.core.main.TestCaseExecutor.runScript(TestCaseExecutor.java:448)
	at com.kms.katalon.core.main.TestCaseExecutor.doExecute(TestCaseExecutor.java:439)
	at com.kms.katalon.core.main.TestCaseExecutor.processExecutionPhase(TestCaseExecutor.java:418)
	at com.kms.katalon.core.main.TestCaseExecutor.accessMainPhase(TestCaseExecutor.java:410)
	at com.kms.katalon.core.main.TestCaseExecutor.execute(TestCaseExecutor.java:285)
	at com.kms.katalon.core.common.CommonExecutor.accessTestCaseMainPhase(CommonExecutor.java:65)
	at com.kms.katalon.core.main.TestSuiteExecutor.accessTestSuiteMainPhase(TestSuiteExecutor.java:150)
	at com.kms.katalon.core.main.TestSuiteExecutor.execute(TestSuiteExecutor.java:106)
	at com.kms.katalon.core.main.TestCaseMain.startTestSuite(TestCaseMain.java:180)
	at TempTestSuite1726135123204.run(TempTestSuite1726135123204.groovy:35)
	at java.base/jdk.internal.reflect.NativeMethodAccessorImpl.invoke0(Native Method)
	at java.base/jdk.internal.reflect.NativeMethodAccessorImpl.invoke(NativeMethodAccessorImpl.java:77)
	at java.base/jdk.internal.reflect.DelegatingMethodAccessorImpl.invoke(DelegatingMethodAccessorImpl.java:43)
)
[[ATTACHMENT|C:\\Users\\Elite66\\git\\Space-Visual\\Reports\\20240912_152843\\5 Sec\\20240912_152843\\1726135927925.png]]

12-09-2024T15:42:08 - [MESSAGE][FAILED] - Failed to get text from element (Root cause: com.kms.katalon.core.exception.StepFailedException: Failed to get text from element
	at com.kms.katalon.core.mobile.keyword.internal.MobileKeywordMain.stepFailed(MobileKeywordMain.groovy:38)
	at com.kms.katalon.core.mobile.keyword.internal.MobileKeywordMain.runKeyword(MobileKeywordMain.groovy:21)
	at com.kms.katalon.core.mobile.keyword.builtin.GetTextKeyword.getText(GetTextKeyword.groovy:51)
	at com.kms.katalon.core.mobile.keyword.builtin.GetTextKeyword.execute(GetTextKeyword.groovy:35)
	at com.kms.katalon.core.keyword.internal.KeywordExecutor.executeKeywordForPlatform(KeywordExecutor.groovy:74)
	at com.kms.katalon.core.mobile.keyword.MobileBuiltInKeywords.getText(MobileBuiltInKeywords.groovy:1274)
	at View Ledger Currency 2024-25.run(View Ledger Currency 2024-25:33)
	at com.kms.katalon.core.main.ScriptEngine.run(ScriptEngine.java:194)
	at com.kms.katalon.core.main.ScriptEngine.runScriptAsRawText(ScriptEngine.java:119)
	at com.kms.katalon.core.main.TestCaseExecutor.runScript(TestCaseExecutor.java:448)
	at com.kms.katalon.core.main.TestCaseExecutor.doExecute(TestCaseExecutor.java:439)
	at com.kms.katalon.core.main.TestCaseExecutor.processExecutionPhase(TestCaseExecutor.java:418)
	at com.kms.katalon.core.main.TestCaseExecutor.accessMainPhase(TestCaseExecutor.java:410)
	at com.kms.katalon.core.main.TestCaseExecutor.execute(TestCaseExecutor.java:285)
	at com.kms.katalon.core.common.CommonExecutor.accessTestCaseMainPhase(CommonExecutor.java:65)
	at com.kms.katalon.core.main.TestSuiteExecutor.accessTestSuiteMainPhase(TestSuiteExecutor.java:150)
	at com.kms.katalon.core.main.TestSuiteExecutor.execute(TestSuiteExecutor.java:106)
	at com.kms.katalon.core.main.TestCaseMain.startTestSuite(TestCaseMain.java:180)
	at TempTestSuite1726135123204.run(TempTestSuite1726135123204.groovy:35)
	at java.base/jdk.internal.reflect.NativeMethodAccessorImpl.invoke0(Native Method)
	at java.base/jdk.internal.reflect.NativeMethodAccessorImpl.invoke(NativeMethodAccessorImpl.java:77)
	at java.base/jdk.internal.reflect.DelegatingMethodAccessorImpl.invoke(DelegatingMethodAccessorImpl.java:43)
Caused by: com.kms.katalon.core.exception.StepFailedException: Object Object Repository/LoginRepo/Wait-Element Identify not found
	at com.kms.katalon.core.mobile.keyword.internal.MobileKeywordMain.stepFailed(MobileKeywordMain.groovy:38)
	at com.kms.katalon.core.mobile.keyword.builtin.GetTextKeyword$_getText_closure1.doCall(GetTextKeyword.groovy:45)
	at com.kms.katalon.core.mobile.keyword.builtin.GetTextKeyword$_getText_closure1.call(GetTextKeyword.groovy)
	at com.kms.katalon.core.mobile.keyword.internal.MobileKeywordMain.runKeyword(MobileKeywordMain.groovy:19)
	... 20 more
)
[[ATTACHMENT|C:\\Users\\Elite66\\git\\Space-Visual\\Reports\\20240912_152843\\5 Sec\\20240912_152843\\1726135928403.png]]]]></system-out>
         <system-err><![CDATA[12-09-2024T15:41:28 - [TEST_CASE][FAILED] - Test Cases/Ledger Report/View Ledger Currency 2024-25: Test Cases/Ledger Report/View Ledger Currency 2024-25 FAILED.
Reason:
com.kms.katalon.core.exception.StepFailedException: Failed to get text from element
	at com.kms.katalon.core.mobile.keyword.internal.MobileKeywordMain.stepFailed(MobileKeywordMain.groovy:38)
	at com.kms.katalon.core.mobile.keyword.internal.MobileKeywordMain.runKeyword(MobileKeywordMain.groovy:21)
	at com.kms.katalon.core.mobile.keyword.builtin.GetTextKeyword.getText(GetTextKeyword.groovy:51)
	at com.kms.katalon.core.mobile.keyword.builtin.GetTextKeyword.execute(GetTextKeyword.groovy:35)
	at com.kms.katalon.core.keyword.internal.KeywordExecutor.executeKeywordForPlatform(KeywordExecutor.groovy:74)
	at com.kms.katalon.core.mobile.keyword.MobileBuiltInKeywords.getText(MobileBuiltInKeywords.groovy:1274)
	at View Ledger Currency 2024-25.run(View Ledger Currency 2024-25:33)
	at com.kms.katalon.core.main.ScriptEngine.run(ScriptEngine.java:194)
	at com.kms.katalon.core.main.ScriptEngine.runScriptAsRawText(ScriptEngine.java:119)
	at com.kms.katalon.core.main.TestCaseExecutor.runScript(TestCaseExecutor.java:448)
	at com.kms.katalon.core.main.TestCaseExecutor.doExecute(TestCaseExecutor.java:439)
	at com.kms.katalon.core.main.TestCaseExecutor.processExecutionPhase(TestCaseExecutor.java:418)
	at com.kms.katalon.core.main.TestCaseExecutor.accessMainPhase(TestCaseExecutor.java:410)
	at com.kms.katalon.core.main.TestCaseExecutor.execute(TestCaseExecutor.java:285)
	at com.kms.katalon.core.common.CommonExecutor.accessTestCaseMainPhase(CommonExecutor.java:65)
	at com.kms.katalon.core.main.TestSuiteExecutor.accessTestSuiteMainPhase(TestSuiteExecutor.java:150)
	at com.kms.katalon.core.main.TestSuiteExecutor.execute(TestSuiteExecutor.java:106)
	at com.kms.katalon.core.main.TestCaseMain.startTestSuite(TestCaseMain.java:180)
	at TempTestSuite1726135123204.run(TempTestSuite1726135123204.groovy:35)
	at java.base/jdk.internal.reflect.NativeMethodAccessorImpl.invoke0(Native Method)
	at java.base/jdk.internal.reflect.NativeMethodAccessorImpl.invoke(NativeMethodAccessorImpl.java:77)
	at java.base/jdk.internal.reflect.DelegatingMethodAccessorImpl.invoke(DelegatingMethodAccessorImpl.java:43)
Caused by: com.kms.katalon.core.exception.StepFailedException: Object Object Repository/LoginRepo/Wait-Element Identify not found
	at com.kms.katalon.core.mobile.keyword.internal.MobileKeywordMain.stepFailed(MobileKeywordMain.groovy:38)
	at com.kms.katalon.core.mobile.keyword.builtin.GetTextKeyword$_getText_closure1.doCall(GetTextKeyword.groovy:45)
	at com.kms.katalon.core.mobile.keyword.builtin.GetTextKeyword$_getText_closure1.call(GetTextKeyword.groovy)
	at com.kms.katalon.core.mobile.keyword.internal.MobileKeywordMain.runKeyword(MobileKeywordMain.groovy:19)
	... 20 more]]></system-err>
      </testcase>
      <testcase name="Test Cases/Ledger Report/Mail Ledger Commodity 2024" time="37.981" classname="Test Cases/Ledger Report/Mail Ledger Commodity 2024" status="PASSED">
         <system-out><![CDATA[12-09-2024T15:42:08 - [TEST_CASE][PASSED] - Test Cases/Ledger Report/Mail Ledger Commodity 2024: Test Cases/Ledger Report/Mail Ledger Commodity 2024

12-09-2024T15:42:08 - [TEST_STEP][PASSED] - callTestCase(findTestCase("Test Cases/Login/Login"), null, STOP_ON_FAILURE): Call Test Case 'Test Cases/Login/Login' successfully

12-09-2024T15:42:08 - [TEST_CASE][PASSED] - Test Cases/Login/Login: Test Cases/Login/Login

12-09-2024T15:42:08 - [TEST_STEP][PASSED] - projectDir = getProjectDir(): null

12-09-2024T15:42:08 - [TEST_STEP][PASSED] - startApplication(projectDir + "/SpaceApp/SpaceApp_1.0.34.55_LIVE.apk", true): Started application: 'C:\Users\Elite66\git\Space-Visual\SpaceApp\SpaceApp_1.0.34.55_LIVE.apk'

12-09-2024T15:42:08 - [MESSAGE][INFO] - Starting application: 'C:\Users\Elite66\git\Space-Visual\SpaceApp\SpaceApp_1.0.34.55_LIVE.apk'

12-09-2024T15:42:23 - [MESSAGE][PASSED] - Started application: 'C:\Users\Elite66\git\Space-Visual\SpaceApp\SpaceApp_1.0.34.55_LIVE.apk'

12-09-2024T15:42:23 - [TEST_STEP][PASSED] - delay(5): Delayed 5 second(s)

12-09-2024T15:42:28 - [MESSAGE][PASSED] - Delayed 5 second(s)

12-09-2024T15:42:28 - [TEST_STEP][PASSED] - tap(findTestObject("Object Repository/LoginRepo/click button"), 0): Tapped on element 'Object Repository/LoginRepo/click button'

12-09-2024T15:42:28 - [MESSAGE][WARNING] - Timeout '0' is invalid. Using default page load timeout: '5'

12-09-2024T15:42:30 - [MESSAGE][PASSED] - Tapped on element 'Object Repository/LoginRepo/click button'

12-09-2024T15:42:30 - [TEST_STEP][PASSED] - setText(findTestObject("Object Repository/LoginRepo/Enter id"), "m3903", 0): Text 'm3903' has been set to element 'Object Repository/LoginRepo/Enter id'

12-09-2024T15:42:30 - [MESSAGE][WARNING] - Timeout '0' is invalid. Using default page load timeout: '5'

12-09-2024T15:42:31 - [MESSAGE][PASSED] - Text 'm3903' has been set to element 'Object Repository/LoginRepo/Enter id'

12-09-2024T15:42:31 - [TEST_STEP][PASSED] - setText(findTestObject("Object Repository/LoginRepo/Enter pass"), "Nirav@789", 0): Text 'Nirav@789' has been set to element 'Object Repository/LoginRepo/Enter pass'

12-09-2024T15:42:31 - [MESSAGE][WARNING] - Timeout '0' is invalid. Using default page load timeout: '5'

12-09-2024T15:42:32 - [MESSAGE][PASSED] - Text 'Nirav@789' has been set to element 'Object Repository/LoginRepo/Enter pass'

12-09-2024T15:42:32 - [TEST_STEP][PASSED] - tap(findTestObject("Object Repository/LoginRepo/click login"), 0): Tapped on element 'Object Repository/LoginRepo/click login'

12-09-2024T15:42:32 - [MESSAGE][WARNING] - Timeout '0' is invalid. Using default page load timeout: '5'

12-09-2024T15:42:33 - [MESSAGE][PASSED] - Tapped on element 'Object Repository/LoginRepo/click login'

12-09-2024T15:42:33 - [TEST_STEP][PASSED] - tap(findTestObject("Object Repository/LoginRepo/Enter Pin"), 0): Tapped on element 'Object Repository/LoginRepo/Enter Pin'

12-09-2024T15:42:33 - [MESSAGE][WARNING] - Timeout '0' is invalid. Using default page load timeout: '5'

12-09-2024T15:42:35 - [MESSAGE][PASSED] - Tapped on element 'Object Repository/LoginRepo/Enter Pin'

12-09-2024T15:42:35 - [TEST_STEP][PASSED] - setText(findTestObject("Object Repository/LoginRepo/Enter Pin"), "1234", 0): Text '1234' has been set to element 'Object Repository/LoginRepo/Enter Pin'

12-09-2024T15:42:35 - [MESSAGE][WARNING] - Timeout '0' is invalid. Using default page load timeout: '5'

12-09-2024T15:42:37 - [MESSAGE][PASSED] - Text '1234' has been set to element 'Object Repository/LoginRepo/Enter Pin'

12-09-2024T15:42:37 - [MESSAGE][PASSED] - Call Test Case 'Test Cases/Login/Login' successfully

12-09-2024T15:42:37 - [TEST_STEP][PASSED] - tap(findTestObject("Object Repository/LoginRepo/Report Click"), 0): Tapped on element 'Object Repository/LoginRepo/Report Click'

12-09-2024T15:42:37 - [MESSAGE][WARNING] - Timeout '0' is invalid. Using default page load timeout: '5'

12-09-2024T15:42:39 - [MESSAGE][PASSED] - Tapped on element 'Object Repository/LoginRepo/Report Click'

12-09-2024T15:42:39 - [TEST_STEP][PASSED] - tap(findTestObject("Object Repository/LoginRepo/Ledger Click"), 0, CONTINUE_ON_FAILURE): Tapped on element 'Object Repository/LoginRepo/Ledger Click'

12-09-2024T15:42:39 - [MESSAGE][WARNING] - Timeout '0' is invalid. Using default page load timeout: '5'

12-09-2024T15:42:41 - [MESSAGE][PASSED] - Tapped on element 'Object Repository/LoginRepo/Ledger Click'

12-09-2024T15:42:41 - [TEST_STEP][PASSED] - tap(findTestObject("Object Repository/LoginRepo/Segment Click"), 0): Tapped on element 'Object Repository/LoginRepo/Segment Click'

12-09-2024T15:42:41 - [MESSAGE][WARNING] - Timeout '0' is invalid. Using default page load timeout: '5'

12-09-2024T15:42:41 - [MESSAGE][PASSED] - Tapped on element 'Object Repository/LoginRepo/Segment Click'

12-09-2024T15:42:41 - [TEST_STEP][PASSED] - tap(findTestObject("Object Repository/LoginRepo/Commodity Report"), 0): Tapped on element 'Object Repository/LoginRepo/Commodity Report'

12-09-2024T15:42:41 - [MESSAGE][WARNING] - Timeout '0' is invalid. Using default page load timeout: '5'

12-09-2024T15:42:43 - [MESSAGE][PASSED] - Tapped on element 'Object Repository/LoginRepo/Commodity Report'

12-09-2024T15:42:43 - [TEST_STEP][PASSED] - tap(findTestObject("Object Repository/LoginRepo/Ledger-Mail-Send"), 0): Tapped on element 'Object Repository/LoginRepo/Ledger-Mail-Send'

12-09-2024T15:42:43 - [MESSAGE][WARNING] - Timeout '0' is invalid. Using default page load timeout: '5'

12-09-2024T15:42:44 - [MESSAGE][PASSED] - Tapped on element 'Object Repository/LoginRepo/Ledger-Mail-Send'

12-09-2024T15:42:44 - [TEST_STEP][PASSED] - tap(findTestObject("Object Repository/LoginRepo/Ledger-ToastMsg"), 0): Tapped on element 'Object Repository/LoginRepo/Ledger-ToastMsg'

12-09-2024T15:42:44 - [MESSAGE][WARNING] - Timeout '0' is invalid. Using default page load timeout: '5'

12-09-2024T15:42:46 - [MESSAGE][PASSED] - Tapped on element 'Object Repository/LoginRepo/Ledger-ToastMsg']]></system-out>
         <system-err><![CDATA[]]></system-err>
      </testcase>
      <testcase name="Test Cases/Ledger Report/Share Ledger Commodity 2024" time="39.729" classname="Test Cases/Ledger Report/Share Ledger Commodity 2024" status="PASSED">
         <system-out><![CDATA[12-09-2024T15:42:46 - [TEST_CASE][PASSED] - Test Cases/Ledger Report/Share Ledger Commodity 2024: Test Cases/Ledger Report/Share Ledger Commodity 2024

12-09-2024T15:42:46 - [TEST_STEP][PASSED] - callTestCase(findTestCase("Test Cases/Login/Login"), null, STOP_ON_FAILURE): Call Test Case 'Test Cases/Login/Login' successfully

12-09-2024T15:42:46 - [TEST_CASE][PASSED] - Test Cases/Login/Login: Test Cases/Login/Login

12-09-2024T15:42:46 - [TEST_STEP][PASSED] - projectDir = getProjectDir(): null

12-09-2024T15:42:46 - [TEST_STEP][PASSED] - startApplication(projectDir + "/SpaceApp/SpaceApp_1.0.34.55_LIVE.apk", true): Started application: 'C:\Users\Elite66\git\Space-Visual\SpaceApp\SpaceApp_1.0.34.55_LIVE.apk'

12-09-2024T15:42:46 - [MESSAGE][INFO] - Starting application: 'C:\Users\Elite66\git\Space-Visual\SpaceApp\SpaceApp_1.0.34.55_LIVE.apk'

12-09-2024T15:43:01 - [MESSAGE][PASSED] - Started application: 'C:\Users\Elite66\git\Space-Visual\SpaceApp\SpaceApp_1.0.34.55_LIVE.apk'

12-09-2024T15:43:01 - [TEST_STEP][PASSED] - delay(5): Delayed 5 second(s)

12-09-2024T15:43:06 - [MESSAGE][PASSED] - Delayed 5 second(s)

12-09-2024T15:43:06 - [TEST_STEP][PASSED] - tap(findTestObject("Object Repository/LoginRepo/click button"), 0): Tapped on element 'Object Repository/LoginRepo/click button'

12-09-2024T15:43:06 - [MESSAGE][WARNING] - Timeout '0' is invalid. Using default page load timeout: '5'

12-09-2024T15:43:08 - [MESSAGE][PASSED] - Tapped on element 'Object Repository/LoginRepo/click button'

12-09-2024T15:43:08 - [TEST_STEP][PASSED] - setText(findTestObject("Object Repository/LoginRepo/Enter id"), "m3903", 0): Text 'm3903' has been set to element 'Object Repository/LoginRepo/Enter id'

12-09-2024T15:43:08 - [MESSAGE][WARNING] - Timeout '0' is invalid. Using default page load timeout: '5'

12-09-2024T15:43:09 - [MESSAGE][PASSED] - Text 'm3903' has been set to element 'Object Repository/LoginRepo/Enter id'

12-09-2024T15:43:09 - [TEST_STEP][PASSED] - setText(findTestObject("Object Repository/LoginRepo/Enter pass"), "Nirav@789", 0): Text 'Nirav@789' has been set to element 'Object Repository/LoginRepo/Enter pass'

12-09-2024T15:43:09 - [MESSAGE][WARNING] - Timeout '0' is invalid. Using default page load timeout: '5'

12-09-2024T15:43:10 - [MESSAGE][PASSED] - Text 'Nirav@789' has been set to element 'Object Repository/LoginRepo/Enter pass'

12-09-2024T15:43:10 - [TEST_STEP][PASSED] - tap(findTestObject("Object Repository/LoginRepo/click login"), 0): Tapped on element 'Object Repository/LoginRepo/click login'

12-09-2024T15:43:10 - [MESSAGE][WARNING] - Timeout '0' is invalid. Using default page load timeout: '5'

12-09-2024T15:43:13 - [MESSAGE][PASSED] - Tapped on element 'Object Repository/LoginRepo/click login'

12-09-2024T15:43:13 - [TEST_STEP][PASSED] - tap(findTestObject("Object Repository/LoginRepo/Enter Pin"), 0): Tapped on element 'Object Repository/LoginRepo/Enter Pin'

12-09-2024T15:43:13 - [MESSAGE][WARNING] - Timeout '0' is invalid. Using default page load timeout: '5'

12-09-2024T15:43:14 - [MESSAGE][PASSED] - Tapped on element 'Object Repository/LoginRepo/Enter Pin'

12-09-2024T15:43:14 - [TEST_STEP][PASSED] - setText(findTestObject("Object Repository/LoginRepo/Enter Pin"), "1234", 0): Text '1234' has been set to element 'Object Repository/LoginRepo/Enter Pin'

12-09-2024T15:43:14 - [MESSAGE][WARNING] - Timeout '0' is invalid. Using default page load timeout: '5'

12-09-2024T15:43:16 - [MESSAGE][PASSED] - Text '1234' has been set to element 'Object Repository/LoginRepo/Enter Pin'

12-09-2024T15:43:16 - [MESSAGE][PASSED] - Call Test Case 'Test Cases/Login/Login' successfully

12-09-2024T15:43:16 - [TEST_STEP][PASSED] - tap(findTestObject("Object Repository/LoginRepo/Report Click"), 0): Tapped on element 'Object Repository/LoginRepo/Report Click'

12-09-2024T15:43:16 - [MESSAGE][WARNING] - Timeout '0' is invalid. Using default page load timeout: '5'

12-09-2024T15:43:17 - [MESSAGE][PASSED] - Tapped on element 'Object Repository/LoginRepo/Report Click'

12-09-2024T15:43:17 - [TEST_STEP][PASSED] - tap(findTestObject("Object Repository/LoginRepo/Ledger Click"), 0, CONTINUE_ON_FAILURE): Tapped on element 'Object Repository/LoginRepo/Ledger Click'

12-09-2024T15:43:17 - [MESSAGE][WARNING] - Timeout '0' is invalid. Using default page load timeout: '5'

12-09-2024T15:43:19 - [MESSAGE][PASSED] - Tapped on element 'Object Repository/LoginRepo/Ledger Click'

12-09-2024T15:43:19 - [TEST_STEP][PASSED] - tap(findTestObject("Object Repository/LoginRepo/Segment Click"), 0): Tapped on element 'Object Repository/LoginRepo/Segment Click'

12-09-2024T15:43:19 - [MESSAGE][WARNING] - Timeout '0' is invalid. Using default page load timeout: '5'

12-09-2024T15:43:19 - [MESSAGE][PASSED] - Tapped on element 'Object Repository/LoginRepo/Segment Click'

12-09-2024T15:43:19 - [TEST_STEP][PASSED] - tap(findTestObject("Object Repository/LoginRepo/Commodity Report"), 0): Tapped on element 'Object Repository/LoginRepo/Commodity Report'

12-09-2024T15:43:19 - [MESSAGE][WARNING] - Timeout '0' is invalid. Using default page load timeout: '5'

12-09-2024T15:43:21 - [MESSAGE][PASSED] - Tapped on element 'Object Repository/LoginRepo/Commodity Report'

12-09-2024T15:43:21 - [TEST_STEP][PASSED] - tap(findTestObject("Object Repository/LoginRepo/Ledger-Share"), 0): Tapped on element 'Object Repository/LoginRepo/Ledger-Share'

12-09-2024T15:43:21 - [MESSAGE][WARNING] - Timeout '0' is invalid. Using default page load timeout: '5'

12-09-2024T15:43:21 - [MESSAGE][PASSED] - Tapped on element 'Object Repository/LoginRepo/Ledger-Share'

12-09-2024T15:43:21 - [TEST_STEP][PASSED] - tap(findTestObject("Object Repository/LoginRepo/Ledger-Share-Verify"), 0): Tapped on element 'Object Repository/LoginRepo/Ledger-Share-Verify'

12-09-2024T15:43:21 - [MESSAGE][WARNING] - Timeout '0' is invalid. Using default page load timeout: '5'

12-09-2024T15:43:25 - [MESSAGE][PASSED] - Tapped on element 'Object Repository/LoginRepo/Ledger-Share-Verify'

12-09-2024T15:43:25 - [TEST_STEP][PASSED] - tap(findTestObject("Object Repository/LoginRepo/Ledger-Share-Back"), 0): Tapped on element 'Object Repository/LoginRepo/Ledger-Share-Back'

12-09-2024T15:43:25 - [MESSAGE][WARNING] - Timeout '0' is invalid. Using default page load timeout: '5'

12-09-2024T15:43:26 - [MESSAGE][PASSED] - Tapped on element 'Object Repository/LoginRepo/Ledger-Share-Back']]></system-out>
         <system-err><![CDATA[]]></system-err>
      </testcase>
      <testcase name="Test Cases/Ledger Report/View Ledger Commodity 2024-25" time="40.502" classname="Test Cases/Ledger Report/View Ledger Commodity 2024-25" status="FAILED">
         <failure type="FAILED" message="Test Cases/Ledger Report/View Ledger Commodity 2024-25 FAILED.&#xa;Reason:&#xa;com.kms.katalon.core.exception.StepFailedException: Failed to get text from element&#xa;	at com.kms.katalon.core.mobile.keyword.internal.MobileKeywordMain.stepFailed(MobileKeywordMain.groovy:38)&#xa;	at com.kms.katalon.core.mobile.keyword.internal.MobileKeywordMain.runKeyword(MobileKeywordMain.groovy:21)&#xa;	at com.kms.katalon.core.mobile.keyword.builtin.GetTextKeyword.getText(GetTextKeyword.groovy:51)&#xa;	at com.kms.katalon.core.mobile.keyword.builtin.GetTextKeyword.execute(GetTextKeyword.groovy:35)&#xa;	at com.kms.katalon.core.keyword.internal.KeywordExecutor.executeKeywordForPlatform(KeywordExecutor.groovy:74)&#xa;	at com.kms.katalon.core.mobile.keyword.MobileBuiltInKeywords.getText(MobileBuiltInKeywords.groovy:1274)&#xa;	at View Ledger Commodity 2024-25.run(View Ledger Commodity 2024-25:33)&#xa;	at com.kms.katalon.core.main.ScriptEngine.run(ScriptEngine.java:194)&#xa;	at com.kms.katalon.core.main.ScriptEngine.runScriptAsRawText(ScriptEngine.java:119)&#xa;	at com.kms.katalon.core.main.TestCaseExecutor.runScript(TestCaseExecutor.java:448)&#xa;	at com.kms.katalon.core.main.TestCaseExecutor.doExecute(TestCaseExecutor.java:439)&#xa;	at com.kms.katalon.core.main.TestCaseExecutor.processExecutionPhase(TestCaseExecutor.java:418)&#xa;	at com.kms.katalon.core.main.TestCaseExecutor.accessMainPhase(TestCaseExecutor.java:410)&#xa;	at com.kms.katalon.core.main.TestCaseExecutor.execute(TestCaseExecutor.java:285)&#xa;	at com.kms.katalon.core.common.CommonExecutor.accessTestCaseMainPhase(CommonExecutor.java:65)&#xa;	at com.kms.katalon.core.main.TestSuiteExecutor.accessTestSuiteMainPhase(TestSuiteExecutor.java:150)&#xa;	at com.kms.katalon.core.main.TestSuiteExecutor.execute(TestSuiteExecutor.java:106)&#xa;	at com.kms.katalon.core.main.TestCaseMain.startTestSuite(TestCaseMain.java:180)&#xa;	at TempTestSuite1726135123204.run(TempTestSuite1726135123204.groovy:35)&#xa;	at java.base/jdk.internal.reflect.NativeMethodAccessorImpl.invoke0(Native Method)&#xa;	at java.base/jdk.internal.reflect.NativeMethodAccessorImpl.invoke(NativeMethodAccessorImpl.java:77)&#xa;	at java.base/jdk.internal.reflect.DelegatingMethodAccessorImpl.invoke(DelegatingMethodAccessorImpl.java:43)&#xa;Caused by: com.kms.katalon.core.exception.StepFailedException: Object Object Repository/LoginRepo/Wait-Element Identify not found&#xa;	at com.kms.katalon.core.mobile.keyword.internal.MobileKeywordMain.stepFailed(MobileKeywordMain.groovy:38)&#xa;	at com.kms.katalon.core.mobile.keyword.builtin.GetTextKeyword$_getText_closure1.doCall(GetTextKeyword.groovy:45)&#xa;	at com.kms.katalon.core.mobile.keyword.builtin.GetTextKeyword$_getText_closure1.call(GetTextKeyword.groovy)&#xa;	at com.kms.katalon.core.mobile.keyword.internal.MobileKeywordMain.runKeyword(MobileKeywordMain.groovy:19)&#xa;	... 20 more&#xa;"/>
         <system-out><![CDATA[12-09-2024T15:43:26 - [TEST_CASE][FAILED] - Test Cases/Ledger Report/View Ledger Commodity 2024-25: Test Cases/Ledger Report/View Ledger Commodity 2024-25 FAILED.
Reason:
com.kms.katalon.core.exception.StepFailedException: Failed to get text from element
	at com.kms.katalon.core.mobile.keyword.internal.MobileKeywordMain.stepFailed(MobileKeywordMain.groovy:38)
	at com.kms.katalon.core.mobile.keyword.internal.MobileKeywordMain.runKeyword(MobileKeywordMain.groovy:21)
	at com.kms.katalon.core.mobile.keyword.builtin.GetTextKeyword.getText(GetTextKeyword.groovy:51)
	at com.kms.katalon.core.mobile.keyword.builtin.GetTextKeyword.execute(GetTextKeyword.groovy:35)
	at com.kms.katalon.core.keyword.internal.KeywordExecutor.executeKeywordForPlatform(KeywordExecutor.groovy:74)
	at com.kms.katalon.core.mobile.keyword.MobileBuiltInKeywords.getText(MobileBuiltInKeywords.groovy:1274)
	at View Ledger Commodity 2024-25.run(View Ledger Commodity 2024-25:33)
	at com.kms.katalon.core.main.ScriptEngine.run(ScriptEngine.java:194)
	at com.kms.katalon.core.main.ScriptEngine.runScriptAsRawText(ScriptEngine.java:119)
	at com.kms.katalon.core.main.TestCaseExecutor.runScript(TestCaseExecutor.java:448)
	at com.kms.katalon.core.main.TestCaseExecutor.doExecute(TestCaseExecutor.java:439)
	at com.kms.katalon.core.main.TestCaseExecutor.processExecutionPhase(TestCaseExecutor.java:418)
	at com.kms.katalon.core.main.TestCaseExecutor.accessMainPhase(TestCaseExecutor.java:410)
	at com.kms.katalon.core.main.TestCaseExecutor.execute(TestCaseExecutor.java:285)
	at com.kms.katalon.core.common.CommonExecutor.accessTestCaseMainPhase(CommonExecutor.java:65)
	at com.kms.katalon.core.main.TestSuiteExecutor.accessTestSuiteMainPhase(TestSuiteExecutor.java:150)
	at com.kms.katalon.core.main.TestSuiteExecutor.execute(TestSuiteExecutor.java:106)
	at com.kms.katalon.core.main.TestCaseMain.startTestSuite(TestCaseMain.java:180)
	at TempTestSuite1726135123204.run(TempTestSuite1726135123204.groovy:35)
	at java.base/jdk.internal.reflect.NativeMethodAccessorImpl.invoke0(Native Method)
	at java.base/jdk.internal.reflect.NativeMethodAccessorImpl.invoke(NativeMethodAccessorImpl.java:77)
	at java.base/jdk.internal.reflect.DelegatingMethodAccessorImpl.invoke(DelegatingMethodAccessorImpl.java:43)
Caused by: com.kms.katalon.core.exception.StepFailedException: Object Object Repository/LoginRepo/Wait-Element Identify not found
	at com.kms.katalon.core.mobile.keyword.internal.MobileKeywordMain.stepFailed(MobileKeywordMain.groovy:38)
	at com.kms.katalon.core.mobile.keyword.builtin.GetTextKeyword$_getText_closure1.doCall(GetTextKeyword.groovy:45)
	at com.kms.katalon.core.mobile.keyword.builtin.GetTextKeyword$_getText_closure1.call(GetTextKeyword.groovy)
	at com.kms.katalon.core.mobile.keyword.internal.MobileKeywordMain.runKeyword(MobileKeywordMain.groovy:19)
	... 20 more


12-09-2024T15:43:26 - [TEST_STEP][PASSED] - callTestCase(findTestCase("Test Cases/Login/Login"), null, STOP_ON_FAILURE): Call Test Case 'Test Cases/Login/Login' successfully

12-09-2024T15:43:26 - [TEST_CASE][PASSED] - Test Cases/Login/Login: Test Cases/Login/Login

12-09-2024T15:43:26 - [TEST_STEP][PASSED] - projectDir = getProjectDir(): null

12-09-2024T15:43:26 - [TEST_STEP][PASSED] - startApplication(projectDir + "/SpaceApp/SpaceApp_1.0.34.55_LIVE.apk", true): Started application: 'C:\Users\Elite66\git\Space-Visual\SpaceApp\SpaceApp_1.0.34.55_LIVE.apk'

12-09-2024T15:43:26 - [MESSAGE][INFO] - Starting application: 'C:\Users\Elite66\git\Space-Visual\SpaceApp\SpaceApp_1.0.34.55_LIVE.apk'

12-09-2024T15:43:40 - [MESSAGE][PASSED] - Started application: 'C:\Users\Elite66\git\Space-Visual\SpaceApp\SpaceApp_1.0.34.55_LIVE.apk'

12-09-2024T15:43:40 - [TEST_STEP][PASSED] - delay(5): Delayed 5 second(s)

12-09-2024T15:43:45 - [MESSAGE][PASSED] - Delayed 5 second(s)

12-09-2024T15:43:45 - [TEST_STEP][PASSED] - tap(findTestObject("Object Repository/LoginRepo/click button"), 0): Tapped on element 'Object Repository/LoginRepo/click button'

12-09-2024T15:43:45 - [MESSAGE][WARNING] - Timeout '0' is invalid. Using default page load timeout: '5'

12-09-2024T15:43:46 - [MESSAGE][PASSED] - Tapped on element 'Object Repository/LoginRepo/click button'

12-09-2024T15:43:46 - [TEST_STEP][PASSED] - setText(findTestObject("Object Repository/LoginRepo/Enter id"), "m3903", 0): Text 'm3903' has been set to element 'Object Repository/LoginRepo/Enter id'

12-09-2024T15:43:46 - [MESSAGE][WARNING] - Timeout '0' is invalid. Using default page load timeout: '5'

12-09-2024T15:43:48 - [MESSAGE][PASSED] - Text 'm3903' has been set to element 'Object Repository/LoginRepo/Enter id'

12-09-2024T15:43:48 - [TEST_STEP][PASSED] - setText(findTestObject("Object Repository/LoginRepo/Enter pass"), "Nirav@789", 0): Text 'Nirav@789' has been set to element 'Object Repository/LoginRepo/Enter pass'

12-09-2024T15:43:48 - [MESSAGE][WARNING] - Timeout '0' is invalid. Using default page load timeout: '5'

12-09-2024T15:43:49 - [MESSAGE][PASSED] - Text 'Nirav@789' has been set to element 'Object Repository/LoginRepo/Enter pass'

12-09-2024T15:43:49 - [TEST_STEP][PASSED] - tap(findTestObject("Object Repository/LoginRepo/click login"), 0): Tapped on element 'Object Repository/LoginRepo/click login'

12-09-2024T15:43:49 - [MESSAGE][WARNING] - Timeout '0' is invalid. Using default page load timeout: '5'

12-09-2024T15:43:52 - [MESSAGE][PASSED] - Tapped on element 'Object Repository/LoginRepo/click login'

12-09-2024T15:43:52 - [TEST_STEP][PASSED] - tap(findTestObject("Object Repository/LoginRepo/Enter Pin"), 0): Tapped on element 'Object Repository/LoginRepo/Enter Pin'

12-09-2024T15:43:52 - [MESSAGE][WARNING] - Timeout '0' is invalid. Using default page load timeout: '5'

12-09-2024T15:43:52 - [MESSAGE][PASSED] - Tapped on element 'Object Repository/LoginRepo/Enter Pin'

12-09-2024T15:43:52 - [TEST_STEP][PASSED] - setText(findTestObject("Object Repository/LoginRepo/Enter Pin"), "1234", 0): Text '1234' has been set to element 'Object Repository/LoginRepo/Enter Pin'

12-09-2024T15:43:52 - [MESSAGE][WARNING] - Timeout '0' is invalid. Using default page load timeout: '5'

12-09-2024T15:43:55 - [MESSAGE][PASSED] - Text '1234' has been set to element 'Object Repository/LoginRepo/Enter Pin'

12-09-2024T15:43:55 - [MESSAGE][PASSED] - Call Test Case 'Test Cases/Login/Login' successfully

12-09-2024T15:43:55 - [TEST_STEP][PASSED] - tap(findTestObject("Object Repository/LoginRepo/Report Click"), 0): Tapped on element 'Object Repository/LoginRepo/Report Click'

12-09-2024T15:43:55 - [MESSAGE][WARNING] - Timeout '0' is invalid. Using default page load timeout: '5'

12-09-2024T15:43:57 - [MESSAGE][PASSED] - Tapped on element 'Object Repository/LoginRepo/Report Click'

12-09-2024T15:43:57 - [TEST_STEP][PASSED] - tap(findTestObject("Object Repository/LoginRepo/Ledger Click"), 0, CONTINUE_ON_FAILURE): Tapped on element 'Object Repository/LoginRepo/Ledger Click'

12-09-2024T15:43:57 - [MESSAGE][WARNING] - Timeout '0' is invalid. Using default page load timeout: '5'

12-09-2024T15:43:58 - [MESSAGE][PASSED] - Tapped on element 'Object Repository/LoginRepo/Ledger Click'

12-09-2024T15:43:58 - [TEST_STEP][PASSED] - tap(findTestObject("Object Repository/LoginRepo/Segment Click"), 0): Tapped on element 'Object Repository/LoginRepo/Segment Click'

12-09-2024T15:43:58 - [MESSAGE][WARNING] - Timeout '0' is invalid. Using default page load timeout: '5'

12-09-2024T15:43:58 - [MESSAGE][PASSED] - Tapped on element 'Object Repository/LoginRepo/Segment Click'

12-09-2024T15:43:58 - [TEST_STEP][PASSED] - tap(findTestObject("Object Repository/LoginRepo/Commodity Report"), 0): Tapped on element 'Object Repository/LoginRepo/Commodity Report'

12-09-2024T15:43:58 - [MESSAGE][WARNING] - Timeout '0' is invalid. Using default page load timeout: '5'

12-09-2024T15:44:00 - [MESSAGE][PASSED] - Tapped on element 'Object Repository/LoginRepo/Commodity Report'

12-09-2024T15:44:00 - [TEST_STEP][PASSED] - tap(findTestObject("Object Repository/LoginRepo/View Ledger"), 0, CONTINUE_ON_FAILURE): Tapped on element 'Object Repository/LoginRepo/View Ledger'

12-09-2024T15:44:00 - [MESSAGE][WARNING] - Timeout '0' is invalid. Using default page load timeout: '5'

12-09-2024T15:44:01 - [MESSAGE][PASSED] - Tapped on element 'Object Repository/LoginRepo/View Ledger'

12-09-2024T15:44:01 - [TEST_STEP][FAILED] - getText(findTestObject("Object Repository/LoginRepo/Wait-Element Identify"), 0): Failed to get text from element (Root cause: com.kms.katalon.core.exception.StepFailedException: Failed to get text from element
	at com.kms.katalon.core.mobile.keyword.internal.MobileKeywordMain.stepFailed(MobileKeywordMain.groovy:38)
	at com.kms.katalon.core.mobile.keyword.internal.MobileKeywordMain.runKeyword(MobileKeywordMain.groovy:21)
	at com.kms.katalon.core.mobile.keyword.builtin.GetTextKeyword.getText(GetTextKeyword.groovy:51)
	at com.kms.katalon.core.mobile.keyword.builtin.GetTextKeyword.execute(GetTextKeyword.groovy:35)
	at com.kms.katalon.core.keyword.internal.KeywordExecutor.executeKeywordForPlatform(KeywordExecutor.groovy:74)
	at com.kms.katalon.core.mobile.keyword.MobileBuiltInKeywords.getText(MobileBuiltInKeywords.groovy:1274)
	at View Ledger Commodity 2024-25.run(View Ledger Commodity 2024-25:33)
	at com.kms.katalon.core.main.ScriptEngine.run(ScriptEngine.java:194)
	at com.kms.katalon.core.main.ScriptEngine.runScriptAsRawText(ScriptEngine.java:119)
	at com.kms.katalon.core.main.TestCaseExecutor.runScript(TestCaseExecutor.java:448)
	at com.kms.katalon.core.main.TestCaseExecutor.doExecute(TestCaseExecutor.java:439)
	at com.kms.katalon.core.main.TestCaseExecutor.processExecutionPhase(TestCaseExecutor.java:418)
	at com.kms.katalon.core.main.TestCaseExecutor.accessMainPhase(TestCaseExecutor.java:410)
	at com.kms.katalon.core.main.TestCaseExecutor.execute(TestCaseExecutor.java:285)
	at com.kms.katalon.core.common.CommonExecutor.accessTestCaseMainPhase(CommonExecutor.java:65)
	at com.kms.katalon.core.main.TestSuiteExecutor.accessTestSuiteMainPhase(TestSuiteExecutor.java:150)
	at com.kms.katalon.core.main.TestSuiteExecutor.execute(TestSuiteExecutor.java:106)
	at com.kms.katalon.core.main.TestCaseMain.startTestSuite(TestCaseMain.java:180)
	at TempTestSuite1726135123204.run(TempTestSuite1726135123204.groovy:35)
	at java.base/jdk.internal.reflect.NativeMethodAccessorImpl.invoke0(Native Method)
	at java.base/jdk.internal.reflect.NativeMethodAccessorImpl.invoke(NativeMethodAccessorImpl.java:77)
	at java.base/jdk.internal.reflect.DelegatingMethodAccessorImpl.invoke(DelegatingMethodAccessorImpl.java:43)
Caused by: com.kms.katalon.core.exception.StepFailedException: Object Object Repository/LoginRepo/Wait-Element Identify not found
	at com.kms.katalon.core.mobile.keyword.internal.MobileKeywordMain.stepFailed(MobileKeywordMain.groovy:38)
	at com.kms.katalon.core.mobile.keyword.builtin.GetTextKeyword$_getText_closure1.doCall(GetTextKeyword.groovy:45)
	at com.kms.katalon.core.mobile.keyword.builtin.GetTextKeyword$_getText_closure1.call(GetTextKeyword.groovy)
	at com.kms.katalon.core.mobile.keyword.internal.MobileKeywordMain.runKeyword(MobileKeywordMain.groovy:19)
	... 20 more
)

12-09-2024T15:44:01 - [MESSAGE][WARNING] - Timeout '0' is invalid. Using default page load timeout: '5'

12-09-2024T15:44:06 - [MESSAGE][FAILED] - Object Object Repository/LoginRepo/Wait-Element Identify not found (Root cause: com.kms.katalon.core.exception.StepFailedException: Object Object Repository/LoginRepo/Wait-Element Identify not found
	at com.kms.katalon.core.mobile.keyword.internal.MobileKeywordMain.stepFailed(MobileKeywordMain.groovy:38)
	at com.kms.katalon.core.mobile.keyword.builtin.GetTextKeyword$_getText_closure1.doCall(GetTextKeyword.groovy:45)
	at com.kms.katalon.core.mobile.keyword.builtin.GetTextKeyword$_getText_closure1.call(GetTextKeyword.groovy)
	at com.kms.katalon.core.mobile.keyword.internal.MobileKeywordMain.runKeyword(MobileKeywordMain.groovy:19)
	at com.kms.katalon.core.mobile.keyword.builtin.GetTextKeyword.getText(GetTextKeyword.groovy:51)
	at com.kms.katalon.core.mobile.keyword.builtin.GetTextKeyword.execute(GetTextKeyword.groovy:35)
	at com.kms.katalon.core.keyword.internal.KeywordExecutor.executeKeywordForPlatform(KeywordExecutor.groovy:74)
	at com.kms.katalon.core.mobile.keyword.MobileBuiltInKeywords.getText(MobileBuiltInKeywords.groovy:1274)
	at View Ledger Commodity 2024-25.run(View Ledger Commodity 2024-25:33)
	at com.kms.katalon.core.main.ScriptEngine.run(ScriptEngine.java:194)
	at com.kms.katalon.core.main.ScriptEngine.runScriptAsRawText(ScriptEngine.java:119)
	at com.kms.katalon.core.main.TestCaseExecutor.runScript(TestCaseExecutor.java:448)
	at com.kms.katalon.core.main.TestCaseExecutor.doExecute(TestCaseExecutor.java:439)
	at com.kms.katalon.core.main.TestCaseExecutor.processExecutionPhase(TestCaseExecutor.java:418)
	at com.kms.katalon.core.main.TestCaseExecutor.accessMainPhase(TestCaseExecutor.java:410)
	at com.kms.katalon.core.main.TestCaseExecutor.execute(TestCaseExecutor.java:285)
	at com.kms.katalon.core.common.CommonExecutor.accessTestCaseMainPhase(CommonExecutor.java:65)
	at com.kms.katalon.core.main.TestSuiteExecutor.accessTestSuiteMainPhase(TestSuiteExecutor.java:150)
	at com.kms.katalon.core.main.TestSuiteExecutor.execute(TestSuiteExecutor.java:106)
	at com.kms.katalon.core.main.TestCaseMain.startTestSuite(TestCaseMain.java:180)
	at TempTestSuite1726135123204.run(TempTestSuite1726135123204.groovy:35)
	at java.base/jdk.internal.reflect.NativeMethodAccessorImpl.invoke0(Native Method)
	at java.base/jdk.internal.reflect.NativeMethodAccessorImpl.invoke(NativeMethodAccessorImpl.java:77)
	at java.base/jdk.internal.reflect.DelegatingMethodAccessorImpl.invoke(DelegatingMethodAccessorImpl.java:43)
)
[[ATTACHMENT|C:\\Users\\Elite66\\git\\Space-Visual\\Reports\\20240912_152843\\5 Sec\\20240912_152843\\1726136046246.png]]

12-09-2024T15:44:07 - [MESSAGE][FAILED] - Failed to get text from element (Root cause: com.kms.katalon.core.exception.StepFailedException: Failed to get text from element
	at com.kms.katalon.core.mobile.keyword.internal.MobileKeywordMain.stepFailed(MobileKeywordMain.groovy:38)
	at com.kms.katalon.core.mobile.keyword.internal.MobileKeywordMain.runKeyword(MobileKeywordMain.groovy:21)
	at com.kms.katalon.core.mobile.keyword.builtin.GetTextKeyword.getText(GetTextKeyword.groovy:51)
	at com.kms.katalon.core.mobile.keyword.builtin.GetTextKeyword.execute(GetTextKeyword.groovy:35)
	at com.kms.katalon.core.keyword.internal.KeywordExecutor.executeKeywordForPlatform(KeywordExecutor.groovy:74)
	at com.kms.katalon.core.mobile.keyword.MobileBuiltInKeywords.getText(MobileBuiltInKeywords.groovy:1274)
	at View Ledger Commodity 2024-25.run(View Ledger Commodity 2024-25:33)
	at com.kms.katalon.core.main.ScriptEngine.run(ScriptEngine.java:194)
	at com.kms.katalon.core.main.ScriptEngine.runScriptAsRawText(ScriptEngine.java:119)
	at com.kms.katalon.core.main.TestCaseExecutor.runScript(TestCaseExecutor.java:448)
	at com.kms.katalon.core.main.TestCaseExecutor.doExecute(TestCaseExecutor.java:439)
	at com.kms.katalon.core.main.TestCaseExecutor.processExecutionPhase(TestCaseExecutor.java:418)
	at com.kms.katalon.core.main.TestCaseExecutor.accessMainPhase(TestCaseExecutor.java:410)
	at com.kms.katalon.core.main.TestCaseExecutor.execute(TestCaseExecutor.java:285)
	at com.kms.katalon.core.common.CommonExecutor.accessTestCaseMainPhase(CommonExecutor.java:65)
	at com.kms.katalon.core.main.TestSuiteExecutor.accessTestSuiteMainPhase(TestSuiteExecutor.java:150)
	at com.kms.katalon.core.main.TestSuiteExecutor.execute(TestSuiteExecutor.java:106)
	at com.kms.katalon.core.main.TestCaseMain.startTestSuite(TestCaseMain.java:180)
	at TempTestSuite1726135123204.run(TempTestSuite1726135123204.groovy:35)
	at java.base/jdk.internal.reflect.NativeMethodAccessorImpl.invoke0(Native Method)
	at java.base/jdk.internal.reflect.NativeMethodAccessorImpl.invoke(NativeMethodAccessorImpl.java:77)
	at java.base/jdk.internal.reflect.DelegatingMethodAccessorImpl.invoke(DelegatingMethodAccessorImpl.java:43)
Caused by: com.kms.katalon.core.exception.StepFailedException: Object Object Repository/LoginRepo/Wait-Element Identify not found
	at com.kms.katalon.core.mobile.keyword.internal.MobileKeywordMain.stepFailed(MobileKeywordMain.groovy:38)
	at com.kms.katalon.core.mobile.keyword.builtin.GetTextKeyword$_getText_closure1.doCall(GetTextKeyword.groovy:45)
	at com.kms.katalon.core.mobile.keyword.builtin.GetTextKeyword$_getText_closure1.call(GetTextKeyword.groovy)
	at com.kms.katalon.core.mobile.keyword.internal.MobileKeywordMain.runKeyword(MobileKeywordMain.groovy:19)
	... 20 more
)
[[ATTACHMENT|C:\\Users\\Elite66\\git\\Space-Visual\\Reports\\20240912_152843\\5 Sec\\20240912_152843\\1726136046758.png]]]]></system-out>
         <system-err><![CDATA[12-09-2024T15:43:26 - [TEST_CASE][FAILED] - Test Cases/Ledger Report/View Ledger Commodity 2024-25: Test Cases/Ledger Report/View Ledger Commodity 2024-25 FAILED.
Reason:
com.kms.katalon.core.exception.StepFailedException: Failed to get text from element
	at com.kms.katalon.core.mobile.keyword.internal.MobileKeywordMain.stepFailed(MobileKeywordMain.groovy:38)
	at com.kms.katalon.core.mobile.keyword.internal.MobileKeywordMain.runKeyword(MobileKeywordMain.groovy:21)
	at com.kms.katalon.core.mobile.keyword.builtin.GetTextKeyword.getText(GetTextKeyword.groovy:51)
	at com.kms.katalon.core.mobile.keyword.builtin.GetTextKeyword.execute(GetTextKeyword.groovy:35)
	at com.kms.katalon.core.keyword.internal.KeywordExecutor.executeKeywordForPlatform(KeywordExecutor.groovy:74)
	at com.kms.katalon.core.mobile.keyword.MobileBuiltInKeywords.getText(MobileBuiltInKeywords.groovy:1274)
	at View Ledger Commodity 2024-25.run(View Ledger Commodity 2024-25:33)
	at com.kms.katalon.core.main.ScriptEngine.run(ScriptEngine.java:194)
	at com.kms.katalon.core.main.ScriptEngine.runScriptAsRawText(ScriptEngine.java:119)
	at com.kms.katalon.core.main.TestCaseExecutor.runScript(TestCaseExecutor.java:448)
	at com.kms.katalon.core.main.TestCaseExecutor.doExecute(TestCaseExecutor.java:439)
	at com.kms.katalon.core.main.TestCaseExecutor.processExecutionPhase(TestCaseExecutor.java:418)
	at com.kms.katalon.core.main.TestCaseExecutor.accessMainPhase(TestCaseExecutor.java:410)
	at com.kms.katalon.core.main.TestCaseExecutor.execute(TestCaseExecutor.java:285)
	at com.kms.katalon.core.common.CommonExecutor.accessTestCaseMainPhase(CommonExecutor.java:65)
	at com.kms.katalon.core.main.TestSuiteExecutor.accessTestSuiteMainPhase(TestSuiteExecutor.java:150)
	at com.kms.katalon.core.main.TestSuiteExecutor.execute(TestSuiteExecutor.java:106)
	at com.kms.katalon.core.main.TestCaseMain.startTestSuite(TestCaseMain.java:180)
	at TempTestSuite1726135123204.run(TempTestSuite1726135123204.groovy:35)
	at java.base/jdk.internal.reflect.NativeMethodAccessorImpl.invoke0(Native Method)
	at java.base/jdk.internal.reflect.NativeMethodAccessorImpl.invoke(NativeMethodAccessorImpl.java:77)
	at java.base/jdk.internal.reflect.DelegatingMethodAccessorImpl.invoke(DelegatingMethodAccessorImpl.java:43)
Caused by: com.kms.katalon.core.exception.StepFailedException: Object Object Repository/LoginRepo/Wait-Element Identify not found
	at com.kms.katalon.core.mobile.keyword.internal.MobileKeywordMain.stepFailed(MobileKeywordMain.groovy:38)
	at com.kms.katalon.core.mobile.keyword.builtin.GetTextKeyword$_getText_closure1.doCall(GetTextKeyword.groovy:45)
	at com.kms.katalon.core.mobile.keyword.builtin.GetTextKeyword$_getText_closure1.call(GetTextKeyword.groovy)
	at com.kms.katalon.core.mobile.keyword.internal.MobileKeywordMain.runKeyword(MobileKeywordMain.groovy:19)
	... 20 more]]></system-err>
      </testcase>
      <testcase name="Test Cases/Global Report/Global Equity 2023-24" time="42.549" classname="Test Cases/Global Report/Global Equity 2023-24" status="FAILED">
         <failure type="FAILED" message="Test Cases/Global Report/Global Equity 2023-24 FAILED.&#xa;Reason:&#xa;com.kms.katalon.core.exception.StepFailedException: Failed to get text from element&#xa;	at com.kms.katalon.core.mobile.keyword.internal.MobileKeywordMain.stepFailed(MobileKeywordMain.groovy:38)&#xa;	at com.kms.katalon.core.mobile.keyword.internal.MobileKeywordMain.runKeyword(MobileKeywordMain.groovy:21)&#xa;	at com.kms.katalon.core.mobile.keyword.builtin.GetTextKeyword.getText(GetTextKeyword.groovy:51)&#xa;	at com.kms.katalon.core.mobile.keyword.builtin.GetTextKeyword.execute(GetTextKeyword.groovy:35)&#xa;	at com.kms.katalon.core.keyword.internal.KeywordExecutor.executeKeywordForPlatform(KeywordExecutor.groovy:74)&#xa;	at com.kms.katalon.core.mobile.keyword.MobileBuiltInKeywords.getText(MobileBuiltInKeywords.groovy:1274)&#xa;	at Global Equity 2023-24.run(Global Equity 2023-24:33)&#xa;	at com.kms.katalon.core.main.ScriptEngine.run(ScriptEngine.java:194)&#xa;	at com.kms.katalon.core.main.ScriptEngine.runScriptAsRawText(ScriptEngine.java:119)&#xa;	at com.kms.katalon.core.main.TestCaseExecutor.runScript(TestCaseExecutor.java:448)&#xa;	at com.kms.katalon.core.main.TestCaseExecutor.doExecute(TestCaseExecutor.java:439)&#xa;	at com.kms.katalon.core.main.TestCaseExecutor.processExecutionPhase(TestCaseExecutor.java:418)&#xa;	at com.kms.katalon.core.main.TestCaseExecutor.accessMainPhase(TestCaseExecutor.java:410)&#xa;	at com.kms.katalon.core.main.TestCaseExecutor.execute(TestCaseExecutor.java:285)&#xa;	at com.kms.katalon.core.common.CommonExecutor.accessTestCaseMainPhase(CommonExecutor.java:65)&#xa;	at com.kms.katalon.core.main.TestSuiteExecutor.accessTestSuiteMainPhase(TestSuiteExecutor.java:150)&#xa;	at com.kms.katalon.core.main.TestSuiteExecutor.execute(TestSuiteExecutor.java:106)&#xa;	at com.kms.katalon.core.main.TestCaseMain.startTestSuite(TestCaseMain.java:180)&#xa;	at TempTestSuite1726135123204.run(TempTestSuite1726135123204.groovy:35)&#xa;	at java.base/jdk.internal.reflect.NativeMethodAccessorImpl.invoke0(Native Method)&#xa;	at java.base/jdk.internal.reflect.NativeMethodAccessorImpl.invoke(NativeMethodAccessorImpl.java:77)&#xa;	at java.base/jdk.internal.reflect.DelegatingMethodAccessorImpl.invoke(DelegatingMethodAccessorImpl.java:43)&#xa;Caused by: com.kms.katalon.core.exception.StepFailedException: Object Object Repository/LoginRepo/Global Share Verify not found&#xa;	at com.kms.katalon.core.mobile.keyword.internal.MobileKeywordMain.stepFailed(MobileKeywordMain.groovy:38)&#xa;	at com.kms.katalon.core.mobile.keyword.builtin.GetTextKeyword$_getText_closure1.doCall(GetTextKeyword.groovy:45)&#xa;	at com.kms.katalon.core.mobile.keyword.builtin.GetTextKeyword$_getText_closure1.call(GetTextKeyword.groovy)&#xa;	at com.kms.katalon.core.mobile.keyword.internal.MobileKeywordMain.runKeyword(MobileKeywordMain.groovy:19)&#xa;	... 20 more&#xa;"/>
         <system-out><![CDATA[12-09-2024T15:44:07 - [TEST_CASE][FAILED] - Test Cases/Global Report/Global Equity 2023-24: Test Cases/Global Report/Global Equity 2023-24 FAILED.
Reason:
com.kms.katalon.core.exception.StepFailedException: Failed to get text from element
	at com.kms.katalon.core.mobile.keyword.internal.MobileKeywordMain.stepFailed(MobileKeywordMain.groovy:38)
	at com.kms.katalon.core.mobile.keyword.internal.MobileKeywordMain.runKeyword(MobileKeywordMain.groovy:21)
	at com.kms.katalon.core.mobile.keyword.builtin.GetTextKeyword.getText(GetTextKeyword.groovy:51)
	at com.kms.katalon.core.mobile.keyword.builtin.GetTextKeyword.execute(GetTextKeyword.groovy:35)
	at com.kms.katalon.core.keyword.internal.KeywordExecutor.executeKeywordForPlatform(KeywordExecutor.groovy:74)
	at com.kms.katalon.core.mobile.keyword.MobileBuiltInKeywords.getText(MobileBuiltInKeywords.groovy:1274)
	at Global Equity 2023-24.run(Global Equity 2023-24:33)
	at com.kms.katalon.core.main.ScriptEngine.run(ScriptEngine.java:194)
	at com.kms.katalon.core.main.ScriptEngine.runScriptAsRawText(ScriptEngine.java:119)
	at com.kms.katalon.core.main.TestCaseExecutor.runScript(TestCaseExecutor.java:448)
	at com.kms.katalon.core.main.TestCaseExecutor.doExecute(TestCaseExecutor.java:439)
	at com.kms.katalon.core.main.TestCaseExecutor.processExecutionPhase(TestCaseExecutor.java:418)
	at com.kms.katalon.core.main.TestCaseExecutor.accessMainPhase(TestCaseExecutor.java:410)
	at com.kms.katalon.core.main.TestCaseExecutor.execute(TestCaseExecutor.java:285)
	at com.kms.katalon.core.common.CommonExecutor.accessTestCaseMainPhase(CommonExecutor.java:65)
	at com.kms.katalon.core.main.TestSuiteExecutor.accessTestSuiteMainPhase(TestSuiteExecutor.java:150)
	at com.kms.katalon.core.main.TestSuiteExecutor.execute(TestSuiteExecutor.java:106)
	at com.kms.katalon.core.main.TestCaseMain.startTestSuite(TestCaseMain.java:180)
	at TempTestSuite1726135123204.run(TempTestSuite1726135123204.groovy:35)
	at java.base/jdk.internal.reflect.NativeMethodAccessorImpl.invoke0(Native Method)
	at java.base/jdk.internal.reflect.NativeMethodAccessorImpl.invoke(NativeMethodAccessorImpl.java:77)
	at java.base/jdk.internal.reflect.DelegatingMethodAccessorImpl.invoke(DelegatingMethodAccessorImpl.java:43)
Caused by: com.kms.katalon.core.exception.StepFailedException: Object Object Repository/LoginRepo/Global Share Verify not found
	at com.kms.katalon.core.mobile.keyword.internal.MobileKeywordMain.stepFailed(MobileKeywordMain.groovy:38)
	at com.kms.katalon.core.mobile.keyword.builtin.GetTextKeyword$_getText_closure1.doCall(GetTextKeyword.groovy:45)
	at com.kms.katalon.core.mobile.keyword.builtin.GetTextKeyword$_getText_closure1.call(GetTextKeyword.groovy)
	at com.kms.katalon.core.mobile.keyword.internal.MobileKeywordMain.runKeyword(MobileKeywordMain.groovy:19)
	... 20 more


12-09-2024T15:44:07 - [TEST_STEP][PASSED] - callTestCase(findTestCase("Test Cases/Login/Login"), null, STOP_ON_FAILURE): Call Test Case 'Test Cases/Login/Login' successfully

12-09-2024T15:44:07 - [TEST_CASE][PASSED] - Test Cases/Login/Login: Test Cases/Login/Login

12-09-2024T15:44:07 - [TEST_STEP][PASSED] - projectDir = getProjectDir(): null

12-09-2024T15:44:07 - [TEST_STEP][PASSED] - startApplication(projectDir + "/SpaceApp/SpaceApp_1.0.34.55_LIVE.apk", true): Started application: 'C:\Users\Elite66\git\Space-Visual\SpaceApp\SpaceApp_1.0.34.55_LIVE.apk'

12-09-2024T15:44:07 - [MESSAGE][INFO] - Starting application: 'C:\Users\Elite66\git\Space-Visual\SpaceApp\SpaceApp_1.0.34.55_LIVE.apk'

12-09-2024T15:44:21 - [MESSAGE][PASSED] - Started application: 'C:\Users\Elite66\git\Space-Visual\SpaceApp\SpaceApp_1.0.34.55_LIVE.apk'

12-09-2024T15:44:21 - [TEST_STEP][PASSED] - delay(5): Delayed 5 second(s)

12-09-2024T15:44:26 - [MESSAGE][PASSED] - Delayed 5 second(s)

12-09-2024T15:44:26 - [TEST_STEP][PASSED] - tap(findTestObject("Object Repository/LoginRepo/click button"), 0): Tapped on element 'Object Repository/LoginRepo/click button'

12-09-2024T15:44:26 - [MESSAGE][WARNING] - Timeout '0' is invalid. Using default page load timeout: '5'

12-09-2024T15:44:26 - [MESSAGE][PASSED] - Tapped on element 'Object Repository/LoginRepo/click button'

12-09-2024T15:44:26 - [TEST_STEP][PASSED] - setText(findTestObject("Object Repository/LoginRepo/Enter id"), "m3903", 0): Text 'm3903' has been set to element 'Object Repository/LoginRepo/Enter id'

12-09-2024T15:44:26 - [MESSAGE][WARNING] - Timeout '0' is invalid. Using default page load timeout: '5'

12-09-2024T15:44:28 - [MESSAGE][PASSED] - Text 'm3903' has been set to element 'Object Repository/LoginRepo/Enter id'

12-09-2024T15:44:28 - [TEST_STEP][PASSED] - setText(findTestObject("Object Repository/LoginRepo/Enter pass"), "Nirav@789", 0): Text 'Nirav@789' has been set to element 'Object Repository/LoginRepo/Enter pass'

12-09-2024T15:44:28 - [MESSAGE][WARNING] - Timeout '0' is invalid. Using default page load timeout: '5'

12-09-2024T15:44:30 - [MESSAGE][PASSED] - Text 'Nirav@789' has been set to element 'Object Repository/LoginRepo/Enter pass'

12-09-2024T15:44:30 - [TEST_STEP][PASSED] - tap(findTestObject("Object Repository/LoginRepo/click login"), 0): Tapped on element 'Object Repository/LoginRepo/click login'

12-09-2024T15:44:30 - [MESSAGE][WARNING] - Timeout '0' is invalid. Using default page load timeout: '5'

12-09-2024T15:44:31 - [MESSAGE][PASSED] - Tapped on element 'Object Repository/LoginRepo/click login'

12-09-2024T15:44:31 - [TEST_STEP][PASSED] - tap(findTestObject("Object Repository/LoginRepo/Enter Pin"), 0): Tapped on element 'Object Repository/LoginRepo/Enter Pin'

12-09-2024T15:44:31 - [MESSAGE][WARNING] - Timeout '0' is invalid. Using default page load timeout: '5'

12-09-2024T15:44:36 - [MESSAGE][PASSED] - Tapped on element 'Object Repository/LoginRepo/Enter Pin'

12-09-2024T15:44:36 - [TEST_STEP][PASSED] - setText(findTestObject("Object Repository/LoginRepo/Enter Pin"), "1234", 0): Text '1234' has been set to element 'Object Repository/LoginRepo/Enter Pin'

12-09-2024T15:44:36 - [MESSAGE][WARNING] - Timeout '0' is invalid. Using default page load timeout: '5'

12-09-2024T15:44:37 - [MESSAGE][PASSED] - Text '1234' has been set to element 'Object Repository/LoginRepo/Enter Pin'

12-09-2024T15:44:37 - [MESSAGE][PASSED] - Call Test Case 'Test Cases/Login/Login' successfully

12-09-2024T15:44:37 - [TEST_STEP][PASSED] - tap(findTestObject("Object Repository/LoginRepo/Report Click"), 0): Tapped on element 'Object Repository/LoginRepo/Report Click'

12-09-2024T15:44:37 - [MESSAGE][WARNING] - Timeout '0' is invalid. Using default page load timeout: '5'

12-09-2024T15:44:38 - [MESSAGE][PASSED] - Tapped on element 'Object Repository/LoginRepo/Report Click'

12-09-2024T15:44:38 - [TEST_STEP][PASSED] - tap(findTestObject("Object Repository/LoginRepo/Global Click"), 0, CONTINUE_ON_FAILURE): Tapped on element 'Object Repository/LoginRepo/Global Click'

12-09-2024T15:44:38 - [MESSAGE][WARNING] - Timeout '0' is invalid. Using default page load timeout: '5'

12-09-2024T15:44:40 - [MESSAGE][PASSED] - Tapped on element 'Object Repository/LoginRepo/Global Click'

12-09-2024T15:44:40 - [TEST_STEP][PASSED] - tap(findTestObject("Object Repository/LoginRepo/Ledger-2024-2025"), 0, CONTINUE_ON_FAILURE): Tapped on element 'Object Repository/LoginRepo/Ledger-2024-2025'

12-09-2024T15:44:40 - [MESSAGE][WARNING] - Timeout '0' is invalid. Using default page load timeout: '5'

12-09-2024T15:44:41 - [MESSAGE][PASSED] - Tapped on element 'Object Repository/LoginRepo/Ledger-2024-2025'

12-09-2024T15:44:41 - [TEST_STEP][PASSED] - tap(findTestObject("Object Repository/LoginRepo/Ledger-2023-2024"), 0, CONTINUE_ON_FAILURE): Tapped on element 'Object Repository/LoginRepo/Ledger-2023-2024'

12-09-2024T15:44:41 - [MESSAGE][WARNING] - Timeout '0' is invalid. Using default page load timeout: '5'

12-09-2024T15:44:42 - [MESSAGE][PASSED] - Tapped on element 'Object Repository/LoginRepo/Ledger-2023-2024'

12-09-2024T15:44:42 - [TEST_STEP][PASSED] - tap(findTestObject("Object Repository/LoginRepo/Ledger-Share"), 0): Tapped on element 'Object Repository/LoginRepo/Ledger-Share'

12-09-2024T15:44:42 - [MESSAGE][WARNING] - Timeout '0' is invalid. Using default page load timeout: '5'

12-09-2024T15:44:43 - [MESSAGE][PASSED] - Tapped on element 'Object Repository/LoginRepo/Ledger-Share'

12-09-2024T15:44:43 - [TEST_STEP][FAILED] - getText(findTestObject("Object Repository/LoginRepo/Global Share Verify"), 0): Failed to get text from element (Root cause: com.kms.katalon.core.exception.StepFailedException: Failed to get text from element
	at com.kms.katalon.core.mobile.keyword.internal.MobileKeywordMain.stepFailed(MobileKeywordMain.groovy:38)
	at com.kms.katalon.core.mobile.keyword.internal.MobileKeywordMain.runKeyword(MobileKeywordMain.groovy:21)
	at com.kms.katalon.core.mobile.keyword.builtin.GetTextKeyword.getText(GetTextKeyword.groovy:51)
	at com.kms.katalon.core.mobile.keyword.builtin.GetTextKeyword.execute(GetTextKeyword.groovy:35)
	at com.kms.katalon.core.keyword.internal.KeywordExecutor.executeKeywordForPlatform(KeywordExecutor.groovy:74)
	at com.kms.katalon.core.mobile.keyword.MobileBuiltInKeywords.getText(MobileBuiltInKeywords.groovy:1274)
	at Global Equity 2023-24.run(Global Equity 2023-24:33)
	at com.kms.katalon.core.main.ScriptEngine.run(ScriptEngine.java:194)
	at com.kms.katalon.core.main.ScriptEngine.runScriptAsRawText(ScriptEngine.java:119)
	at com.kms.katalon.core.main.TestCaseExecutor.runScript(TestCaseExecutor.java:448)
	at com.kms.katalon.core.main.TestCaseExecutor.doExecute(TestCaseExecutor.java:439)
	at com.kms.katalon.core.main.TestCaseExecutor.processExecutionPhase(TestCaseExecutor.java:418)
	at com.kms.katalon.core.main.TestCaseExecutor.accessMainPhase(TestCaseExecutor.java:410)
	at com.kms.katalon.core.main.TestCaseExecutor.execute(TestCaseExecutor.java:285)
	at com.kms.katalon.core.common.CommonExecutor.accessTestCaseMainPhase(CommonExecutor.java:65)
	at com.kms.katalon.core.main.TestSuiteExecutor.accessTestSuiteMainPhase(TestSuiteExecutor.java:150)
	at com.kms.katalon.core.main.TestSuiteExecutor.execute(TestSuiteExecutor.java:106)
	at com.kms.katalon.core.main.TestCaseMain.startTestSuite(TestCaseMain.java:180)
	at TempTestSuite1726135123204.run(TempTestSuite1726135123204.groovy:35)
	at java.base/jdk.internal.reflect.NativeMethodAccessorImpl.invoke0(Native Method)
	at java.base/jdk.internal.reflect.NativeMethodAccessorImpl.invoke(NativeMethodAccessorImpl.java:77)
	at java.base/jdk.internal.reflect.DelegatingMethodAccessorImpl.invoke(DelegatingMethodAccessorImpl.java:43)
Caused by: com.kms.katalon.core.exception.StepFailedException: Object Object Repository/LoginRepo/Global Share Verify not found
	at com.kms.katalon.core.mobile.keyword.internal.MobileKeywordMain.stepFailed(MobileKeywordMain.groovy:38)
	at com.kms.katalon.core.mobile.keyword.builtin.GetTextKeyword$_getText_closure1.doCall(GetTextKeyword.groovy:45)
	at com.kms.katalon.core.mobile.keyword.builtin.GetTextKeyword$_getText_closure1.call(GetTextKeyword.groovy)
	at com.kms.katalon.core.mobile.keyword.internal.MobileKeywordMain.runKeyword(MobileKeywordMain.groovy:19)
	... 20 more
)

12-09-2024T15:44:43 - [MESSAGE][WARNING] - Timeout '0' is invalid. Using default page load timeout: '5'

12-09-2024T15:44:49 - [MESSAGE][FAILED] - Object Object Repository/LoginRepo/Global Share Verify not found (Root cause: com.kms.katalon.core.exception.StepFailedException: Object Object Repository/LoginRepo/Global Share Verify not found
	at com.kms.katalon.core.mobile.keyword.internal.MobileKeywordMain.stepFailed(MobileKeywordMain.groovy:38)
	at com.kms.katalon.core.mobile.keyword.builtin.GetTextKeyword$_getText_closure1.doCall(GetTextKeyword.groovy:45)
	at com.kms.katalon.core.mobile.keyword.builtin.GetTextKeyword$_getText_closure1.call(GetTextKeyword.groovy)
	at com.kms.katalon.core.mobile.keyword.internal.MobileKeywordMain.runKeyword(MobileKeywordMain.groovy:19)
	at com.kms.katalon.core.mobile.keyword.builtin.GetTextKeyword.getText(GetTextKeyword.groovy:51)
	at com.kms.katalon.core.mobile.keyword.builtin.GetTextKeyword.execute(GetTextKeyword.groovy:35)
	at com.kms.katalon.core.keyword.internal.KeywordExecutor.executeKeywordForPlatform(KeywordExecutor.groovy:74)
	at com.kms.katalon.core.mobile.keyword.MobileBuiltInKeywords.getText(MobileBuiltInKeywords.groovy:1274)
	at Global Equity 2023-24.run(Global Equity 2023-24:33)
	at com.kms.katalon.core.main.ScriptEngine.run(ScriptEngine.java:194)
	at com.kms.katalon.core.main.ScriptEngine.runScriptAsRawText(ScriptEngine.java:119)
	at com.kms.katalon.core.main.TestCaseExecutor.runScript(TestCaseExecutor.java:448)
	at com.kms.katalon.core.main.TestCaseExecutor.doExecute(TestCaseExecutor.java:439)
	at com.kms.katalon.core.main.TestCaseExecutor.processExecutionPhase(TestCaseExecutor.java:418)
	at com.kms.katalon.core.main.TestCaseExecutor.accessMainPhase(TestCaseExecutor.java:410)
	at com.kms.katalon.core.main.TestCaseExecutor.execute(TestCaseExecutor.java:285)
	at com.kms.katalon.core.common.CommonExecutor.accessTestCaseMainPhase(CommonExecutor.java:65)
	at com.kms.katalon.core.main.TestSuiteExecutor.accessTestSuiteMainPhase(TestSuiteExecutor.java:150)
	at com.kms.katalon.core.main.TestSuiteExecutor.execute(TestSuiteExecutor.java:106)
	at com.kms.katalon.core.main.TestCaseMain.startTestSuite(TestCaseMain.java:180)
	at TempTestSuite1726135123204.run(TempTestSuite1726135123204.groovy:35)
	at java.base/jdk.internal.reflect.NativeMethodAccessorImpl.invoke0(Native Method)
	at java.base/jdk.internal.reflect.NativeMethodAccessorImpl.invoke(NativeMethodAccessorImpl.java:77)
	at java.base/jdk.internal.reflect.DelegatingMethodAccessorImpl.invoke(DelegatingMethodAccessorImpl.java:43)
)
[[ATTACHMENT|C:\\Users\\Elite66\\git\\Space-Visual\\Reports\\20240912_152843\\5 Sec\\20240912_152843\\1726136088562.png]]

12-09-2024T15:44:49 - [MESSAGE][FAILED] - Failed to get text from element (Root cause: com.kms.katalon.core.exception.StepFailedException: Failed to get text from element
	at com.kms.katalon.core.mobile.keyword.internal.MobileKeywordMain.stepFailed(MobileKeywordMain.groovy:38)
	at com.kms.katalon.core.mobile.keyword.internal.MobileKeywordMain.runKeyword(MobileKeywordMain.groovy:21)
	at com.kms.katalon.core.mobile.keyword.builtin.GetTextKeyword.getText(GetTextKeyword.groovy:51)
	at com.kms.katalon.core.mobile.keyword.builtin.GetTextKeyword.execute(GetTextKeyword.groovy:35)
	at com.kms.katalon.core.keyword.internal.KeywordExecutor.executeKeywordForPlatform(KeywordExecutor.groovy:74)
	at com.kms.katalon.core.mobile.keyword.MobileBuiltInKeywords.getText(MobileBuiltInKeywords.groovy:1274)
	at Global Equity 2023-24.run(Global Equity 2023-24:33)
	at com.kms.katalon.core.main.ScriptEngine.run(ScriptEngine.java:194)
	at com.kms.katalon.core.main.ScriptEngine.runScriptAsRawText(ScriptEngine.java:119)
	at com.kms.katalon.core.main.TestCaseExecutor.runScript(TestCaseExecutor.java:448)
	at com.kms.katalon.core.main.TestCaseExecutor.doExecute(TestCaseExecutor.java:439)
	at com.kms.katalon.core.main.TestCaseExecutor.processExecutionPhase(TestCaseExecutor.java:418)
	at com.kms.katalon.core.main.TestCaseExecutor.accessMainPhase(TestCaseExecutor.java:410)
	at com.kms.katalon.core.main.TestCaseExecutor.execute(TestCaseExecutor.java:285)
	at com.kms.katalon.core.common.CommonExecutor.accessTestCaseMainPhase(CommonExecutor.java:65)
	at com.kms.katalon.core.main.TestSuiteExecutor.accessTestSuiteMainPhase(TestSuiteExecutor.java:150)
	at com.kms.katalon.core.main.TestSuiteExecutor.execute(TestSuiteExecutor.java:106)
	at com.kms.katalon.core.main.TestCaseMain.startTestSuite(TestCaseMain.java:180)
	at TempTestSuite1726135123204.run(TempTestSuite1726135123204.groovy:35)
	at java.base/jdk.internal.reflect.NativeMethodAccessorImpl.invoke0(Native Method)
	at java.base/jdk.internal.reflect.NativeMethodAccessorImpl.invoke(NativeMethodAccessorImpl.java:77)
	at java.base/jdk.internal.reflect.DelegatingMethodAccessorImpl.invoke(DelegatingMethodAccessorImpl.java:43)
Caused by: com.kms.katalon.core.exception.StepFailedException: Object Object Repository/LoginRepo/Global Share Verify not found
	at com.kms.katalon.core.mobile.keyword.internal.MobileKeywordMain.stepFailed(MobileKeywordMain.groovy:38)
	at com.kms.katalon.core.mobile.keyword.builtin.GetTextKeyword$_getText_closure1.doCall(GetTextKeyword.groovy:45)
	at com.kms.katalon.core.mobile.keyword.builtin.GetTextKeyword$_getText_closure1.call(GetTextKeyword.groovy)
	at com.kms.katalon.core.mobile.keyword.internal.MobileKeywordMain.runKeyword(MobileKeywordMain.groovy:19)
	... 20 more
)
[[ATTACHMENT|C:\\Users\\Elite66\\git\\Space-Visual\\Reports\\20240912_152843\\5 Sec\\20240912_152843\\1726136089111.png]]]]></system-out>
         <system-err><![CDATA[12-09-2024T15:44:07 - [TEST_CASE][FAILED] - Test Cases/Global Report/Global Equity 2023-24: Test Cases/Global Report/Global Equity 2023-24 FAILED.
Reason:
com.kms.katalon.core.exception.StepFailedException: Failed to get text from element
	at com.kms.katalon.core.mobile.keyword.internal.MobileKeywordMain.stepFailed(MobileKeywordMain.groovy:38)
	at com.kms.katalon.core.mobile.keyword.internal.MobileKeywordMain.runKeyword(MobileKeywordMain.groovy:21)
	at com.kms.katalon.core.mobile.keyword.builtin.GetTextKeyword.getText(GetTextKeyword.groovy:51)
	at com.kms.katalon.core.mobile.keyword.builtin.GetTextKeyword.execute(GetTextKeyword.groovy:35)
	at com.kms.katalon.core.keyword.internal.KeywordExecutor.executeKeywordForPlatform(KeywordExecutor.groovy:74)
	at com.kms.katalon.core.mobile.keyword.MobileBuiltInKeywords.getText(MobileBuiltInKeywords.groovy:1274)
	at Global Equity 2023-24.run(Global Equity 2023-24:33)
	at com.kms.katalon.core.main.ScriptEngine.run(ScriptEngine.java:194)
	at com.kms.katalon.core.main.ScriptEngine.runScriptAsRawText(ScriptEngine.java:119)
	at com.kms.katalon.core.main.TestCaseExecutor.runScript(TestCaseExecutor.java:448)
	at com.kms.katalon.core.main.TestCaseExecutor.doExecute(TestCaseExecutor.java:439)
	at com.kms.katalon.core.main.TestCaseExecutor.processExecutionPhase(TestCaseExecutor.java:418)
	at com.kms.katalon.core.main.TestCaseExecutor.accessMainPhase(TestCaseExecutor.java:410)
	at com.kms.katalon.core.main.TestCaseExecutor.execute(TestCaseExecutor.java:285)
	at com.kms.katalon.core.common.CommonExecutor.accessTestCaseMainPhase(CommonExecutor.java:65)
	at com.kms.katalon.core.main.TestSuiteExecutor.accessTestSuiteMainPhase(TestSuiteExecutor.java:150)
	at com.kms.katalon.core.main.TestSuiteExecutor.execute(TestSuiteExecutor.java:106)
	at com.kms.katalon.core.main.TestCaseMain.startTestSuite(TestCaseMain.java:180)
	at TempTestSuite1726135123204.run(TempTestSuite1726135123204.groovy:35)
	at java.base/jdk.internal.reflect.NativeMethodAccessorImpl.invoke0(Native Method)
	at java.base/jdk.internal.reflect.NativeMethodAccessorImpl.invoke(NativeMethodAccessorImpl.java:77)
	at java.base/jdk.internal.reflect.DelegatingMethodAccessorImpl.invoke(DelegatingMethodAccessorImpl.java:43)
Caused by: com.kms.katalon.core.exception.StepFailedException: Object Object Repository/LoginRepo/Global Share Verify not found
	at com.kms.katalon.core.mobile.keyword.internal.MobileKeywordMain.stepFailed(MobileKeywordMain.groovy:38)
	at com.kms.katalon.core.mobile.keyword.builtin.GetTextKeyword$_getText_closure1.doCall(GetTextKeyword.groovy:45)
	at com.kms.katalon.core.mobile.keyword.builtin.GetTextKeyword$_getText_closure1.call(GetTextKeyword.groovy)
	at com.kms.katalon.core.mobile.keyword.internal.MobileKeywordMain.runKeyword(MobileKeywordMain.groovy:19)
	... 20 more]]></system-err>
      </testcase>
      <testcase name="Test Cases/Global Report/Global Equity Datewise" time="40.528" classname="Test Cases/Global Report/Global Equity Datewise" status="FAILED">
         <failure type="FAILED" message="Test Cases/Global Report/Global Equity Datewise FAILED.&#xa;Reason:&#xa;com.kms.katalon.core.exception.StepFailedException: Failed to get text from element&#xa;	at com.kms.katalon.core.mobile.keyword.internal.MobileKeywordMain.stepFailed(MobileKeywordMain.groovy:38)&#xa;	at com.kms.katalon.core.mobile.keyword.internal.MobileKeywordMain.runKeyword(MobileKeywordMain.groovy:21)&#xa;	at com.kms.katalon.core.mobile.keyword.builtin.GetTextKeyword.getText(GetTextKeyword.groovy:51)&#xa;	at com.kms.katalon.core.mobile.keyword.builtin.GetTextKeyword.execute(GetTextKeyword.groovy:35)&#xa;	at com.kms.katalon.core.keyword.internal.KeywordExecutor.executeKeywordForPlatform(KeywordExecutor.groovy:74)&#xa;	at com.kms.katalon.core.mobile.keyword.MobileBuiltInKeywords.getText(MobileBuiltInKeywords.groovy:1274)&#xa;	at Global Equity Datewise.run(Global Equity Datewise:33)&#xa;	at com.kms.katalon.core.main.ScriptEngine.run(ScriptEngine.java:194)&#xa;	at com.kms.katalon.core.main.ScriptEngine.runScriptAsRawText(ScriptEngine.java:119)&#xa;	at com.kms.katalon.core.main.TestCaseExecutor.runScript(TestCaseExecutor.java:448)&#xa;	at com.kms.katalon.core.main.TestCaseExecutor.doExecute(TestCaseExecutor.java:439)&#xa;	at com.kms.katalon.core.main.TestCaseExecutor.processExecutionPhase(TestCaseExecutor.java:418)&#xa;	at com.kms.katalon.core.main.TestCaseExecutor.accessMainPhase(TestCaseExecutor.java:410)&#xa;	at com.kms.katalon.core.main.TestCaseExecutor.execute(TestCaseExecutor.java:285)&#xa;	at com.kms.katalon.core.common.CommonExecutor.accessTestCaseMainPhase(CommonExecutor.java:65)&#xa;	at com.kms.katalon.core.main.TestSuiteExecutor.accessTestSuiteMainPhase(TestSuiteExecutor.java:150)&#xa;	at com.kms.katalon.core.main.TestSuiteExecutor.execute(TestSuiteExecutor.java:106)&#xa;	at com.kms.katalon.core.main.TestCaseMain.startTestSuite(TestCaseMain.java:180)&#xa;	at TempTestSuite1726135123204.run(TempTestSuite1726135123204.groovy:35)&#xa;	at java.base/jdk.internal.reflect.NativeMethodAccessorImpl.invoke0(Native Method)&#xa;	at java.base/jdk.internal.reflect.NativeMethodAccessorImpl.invoke(NativeMethodAccessorImpl.java:77)&#xa;	at java.base/jdk.internal.reflect.DelegatingMethodAccessorImpl.invoke(DelegatingMethodAccessorImpl.java:43)&#xa;Caused by: com.kms.katalon.core.exception.StepFailedException: Object Object Repository/LoginRepo/Global Share Verify not found&#xa;	at com.kms.katalon.core.mobile.keyword.internal.MobileKeywordMain.stepFailed(MobileKeywordMain.groovy:38)&#xa;	at com.kms.katalon.core.mobile.keyword.builtin.GetTextKeyword$_getText_closure1.doCall(GetTextKeyword.groovy:45)&#xa;	at com.kms.katalon.core.mobile.keyword.builtin.GetTextKeyword$_getText_closure1.call(GetTextKeyword.groovy)&#xa;	at com.kms.katalon.core.mobile.keyword.internal.MobileKeywordMain.runKeyword(MobileKeywordMain.groovy:19)&#xa;	... 20 more&#xa;"/>
         <system-out><![CDATA[12-09-2024T15:44:49 - [TEST_CASE][FAILED] - Test Cases/Global Report/Global Equity Datewise: Test Cases/Global Report/Global Equity Datewise FAILED.
Reason:
com.kms.katalon.core.exception.StepFailedException: Failed to get text from element
	at com.kms.katalon.core.mobile.keyword.internal.MobileKeywordMain.stepFailed(MobileKeywordMain.groovy:38)
	at com.kms.katalon.core.mobile.keyword.internal.MobileKeywordMain.runKeyword(MobileKeywordMain.groovy:21)
	at com.kms.katalon.core.mobile.keyword.builtin.GetTextKeyword.getText(GetTextKeyword.groovy:51)
	at com.kms.katalon.core.mobile.keyword.builtin.GetTextKeyword.execute(GetTextKeyword.groovy:35)
	at com.kms.katalon.core.keyword.internal.KeywordExecutor.executeKeywordForPlatform(KeywordExecutor.groovy:74)
	at com.kms.katalon.core.mobile.keyword.MobileBuiltInKeywords.getText(MobileBuiltInKeywords.groovy:1274)
	at Global Equity Datewise.run(Global Equity Datewise:33)
	at com.kms.katalon.core.main.ScriptEngine.run(ScriptEngine.java:194)
	at com.kms.katalon.core.main.ScriptEngine.runScriptAsRawText(ScriptEngine.java:119)
	at com.kms.katalon.core.main.TestCaseExecutor.runScript(TestCaseExecutor.java:448)
	at com.kms.katalon.core.main.TestCaseExecutor.doExecute(TestCaseExecutor.java:439)
	at com.kms.katalon.core.main.TestCaseExecutor.processExecutionPhase(TestCaseExecutor.java:418)
	at com.kms.katalon.core.main.TestCaseExecutor.accessMainPhase(TestCaseExecutor.java:410)
	at com.kms.katalon.core.main.TestCaseExecutor.execute(TestCaseExecutor.java:285)
	at com.kms.katalon.core.common.CommonExecutor.accessTestCaseMainPhase(CommonExecutor.java:65)
	at com.kms.katalon.core.main.TestSuiteExecutor.accessTestSuiteMainPhase(TestSuiteExecutor.java:150)
	at com.kms.katalon.core.main.TestSuiteExecutor.execute(TestSuiteExecutor.java:106)
	at com.kms.katalon.core.main.TestCaseMain.startTestSuite(TestCaseMain.java:180)
	at TempTestSuite1726135123204.run(TempTestSuite1726135123204.groovy:35)
	at java.base/jdk.internal.reflect.NativeMethodAccessorImpl.invoke0(Native Method)
	at java.base/jdk.internal.reflect.NativeMethodAccessorImpl.invoke(NativeMethodAccessorImpl.java:77)
	at java.base/jdk.internal.reflect.DelegatingMethodAccessorImpl.invoke(DelegatingMethodAccessorImpl.java:43)
Caused by: com.kms.katalon.core.exception.StepFailedException: Object Object Repository/LoginRepo/Global Share Verify not found
	at com.kms.katalon.core.mobile.keyword.internal.MobileKeywordMain.stepFailed(MobileKeywordMain.groovy:38)
	at com.kms.katalon.core.mobile.keyword.builtin.GetTextKeyword$_getText_closure1.doCall(GetTextKeyword.groovy:45)
	at com.kms.katalon.core.mobile.keyword.builtin.GetTextKeyword$_getText_closure1.call(GetTextKeyword.groovy)
	at com.kms.katalon.core.mobile.keyword.internal.MobileKeywordMain.runKeyword(MobileKeywordMain.groovy:19)
	... 20 more


12-09-2024T15:44:49 - [TEST_STEP][PASSED] - callTestCase(findTestCase("Test Cases/Login/Login"), null, STOP_ON_FAILURE): Call Test Case 'Test Cases/Login/Login' successfully

12-09-2024T15:44:49 - [TEST_CASE][PASSED] - Test Cases/Login/Login: Test Cases/Login/Login

12-09-2024T15:44:49 - [TEST_STEP][PASSED] - projectDir = getProjectDir(): null

12-09-2024T15:44:49 - [TEST_STEP][PASSED] - startApplication(projectDir + "/SpaceApp/SpaceApp_1.0.34.55_LIVE.apk", true): Started application: 'C:\Users\Elite66\git\Space-Visual\SpaceApp\SpaceApp_1.0.34.55_LIVE.apk'

12-09-2024T15:44:49 - [MESSAGE][INFO] - Starting application: 'C:\Users\Elite66\git\Space-Visual\SpaceApp\SpaceApp_1.0.34.55_LIVE.apk'

12-09-2024T15:45:04 - [MESSAGE][PASSED] - Started application: 'C:\Users\Elite66\git\Space-Visual\SpaceApp\SpaceApp_1.0.34.55_LIVE.apk'

12-09-2024T15:45:04 - [TEST_STEP][PASSED] - delay(5): Delayed 5 second(s)

12-09-2024T15:45:09 - [MESSAGE][PASSED] - Delayed 5 second(s)

12-09-2024T15:45:09 - [TEST_STEP][PASSED] - tap(findTestObject("Object Repository/LoginRepo/click button"), 0): Tapped on element 'Object Repository/LoginRepo/click button'

12-09-2024T15:45:09 - [MESSAGE][WARNING] - Timeout '0' is invalid. Using default page load timeout: '5'

12-09-2024T15:45:10 - [MESSAGE][PASSED] - Tapped on element 'Object Repository/LoginRepo/click button'

12-09-2024T15:45:10 - [TEST_STEP][PASSED] - setText(findTestObject("Object Repository/LoginRepo/Enter id"), "m3903", 0): Text 'm3903' has been set to element 'Object Repository/LoginRepo/Enter id'

12-09-2024T15:45:10 - [MESSAGE][WARNING] - Timeout '0' is invalid. Using default page load timeout: '5'

12-09-2024T15:45:11 - [MESSAGE][PASSED] - Text 'm3903' has been set to element 'Object Repository/LoginRepo/Enter id'

12-09-2024T15:45:11 - [TEST_STEP][PASSED] - setText(findTestObject("Object Repository/LoginRepo/Enter pass"), "Nirav@789", 0): Text 'Nirav@789' has been set to element 'Object Repository/LoginRepo/Enter pass'

12-09-2024T15:45:11 - [MESSAGE][WARNING] - Timeout '0' is invalid. Using default page load timeout: '5'

12-09-2024T15:45:13 - [MESSAGE][PASSED] - Text 'Nirav@789' has been set to element 'Object Repository/LoginRepo/Enter pass'

12-09-2024T15:45:13 - [TEST_STEP][PASSED] - tap(findTestObject("Object Repository/LoginRepo/click login"), 0): Tapped on element 'Object Repository/LoginRepo/click login'

12-09-2024T15:45:13 - [MESSAGE][WARNING] - Timeout '0' is invalid. Using default page load timeout: '5'

12-09-2024T15:45:15 - [MESSAGE][PASSED] - Tapped on element 'Object Repository/LoginRepo/click login'

12-09-2024T15:45:15 - [TEST_STEP][PASSED] - tap(findTestObject("Object Repository/LoginRepo/Enter Pin"), 0): Tapped on element 'Object Repository/LoginRepo/Enter Pin'

12-09-2024T15:45:15 - [MESSAGE][WARNING] - Timeout '0' is invalid. Using default page load timeout: '5'

12-09-2024T15:45:15 - [MESSAGE][PASSED] - Tapped on element 'Object Repository/LoginRepo/Enter Pin'

12-09-2024T15:45:15 - [TEST_STEP][PASSED] - setText(findTestObject("Object Repository/LoginRepo/Enter Pin"), "1234", 0): Text '1234' has been set to element 'Object Repository/LoginRepo/Enter Pin'

12-09-2024T15:45:15 - [MESSAGE][WARNING] - Timeout '0' is invalid. Using default page load timeout: '5'

12-09-2024T15:45:18 - [MESSAGE][PASSED] - Text '1234' has been set to element 'Object Repository/LoginRepo/Enter Pin'

12-09-2024T15:45:18 - [MESSAGE][PASSED] - Call Test Case 'Test Cases/Login/Login' successfully

12-09-2024T15:45:18 - [TEST_STEP][PASSED] - tap(findTestObject("Object Repository/LoginRepo/Report Click"), 0): Tapped on element 'Object Repository/LoginRepo/Report Click'

12-09-2024T15:45:18 - [MESSAGE][WARNING] - Timeout '0' is invalid. Using default page load timeout: '5'

12-09-2024T15:45:20 - [MESSAGE][PASSED] - Tapped on element 'Object Repository/LoginRepo/Report Click'

12-09-2024T15:45:20 - [TEST_STEP][PASSED] - tap(findTestObject("Object Repository/LoginRepo/Global Click"), 0, CONTINUE_ON_FAILURE): Tapped on element 'Object Repository/LoginRepo/Global Click'

12-09-2024T15:45:20 - [MESSAGE][WARNING] - Timeout '0' is invalid. Using default page load timeout: '5'

12-09-2024T15:45:21 - [MESSAGE][PASSED] - Tapped on element 'Object Repository/LoginRepo/Global Click'

12-09-2024T15:45:21 - [TEST_STEP][PASSED] - tap(findTestObject("Object Repository/LoginRepo/Global Category"), 0): Tapped on element 'Object Repository/LoginRepo/Global Category'

12-09-2024T15:45:21 - [MESSAGE][WARNING] - Timeout '0' is invalid. Using default page load timeout: '5'

12-09-2024T15:45:21 - [MESSAGE][PASSED] - Tapped on element 'Object Repository/LoginRepo/Global Category'

12-09-2024T15:45:21 - [TEST_STEP][PASSED] - tap(findTestObject("Object Repository/LoginRepo/Global Datewise"), 0): Tapped on element 'Object Repository/LoginRepo/Global Datewise'

12-09-2024T15:45:21 - [MESSAGE][WARNING] - Timeout '0' is invalid. Using default page load timeout: '5'

12-09-2024T15:45:23 - [MESSAGE][PASSED] - Tapped on element 'Object Repository/LoginRepo/Global Datewise'

12-09-2024T15:45:23 - [TEST_STEP][PASSED] - tap(findTestObject("Object Repository/LoginRepo/Ledger-Share"), 0): Tapped on element 'Object Repository/LoginRepo/Ledger-Share'

12-09-2024T15:45:23 - [MESSAGE][WARNING] - Timeout '0' is invalid. Using default page load timeout: '5'

12-09-2024T15:45:24 - [MESSAGE][PASSED] - Tapped on element 'Object Repository/LoginRepo/Ledger-Share'

12-09-2024T15:45:24 - [TEST_STEP][FAILED] - getText(findTestObject("Object Repository/LoginRepo/Global Share Verify"), 0): Failed to get text from element (Root cause: com.kms.katalon.core.exception.StepFailedException: Failed to get text from element
	at com.kms.katalon.core.mobile.keyword.internal.MobileKeywordMain.stepFailed(MobileKeywordMain.groovy:38)
	at com.kms.katalon.core.mobile.keyword.internal.MobileKeywordMain.runKeyword(MobileKeywordMain.groovy:21)
	at com.kms.katalon.core.mobile.keyword.builtin.GetTextKeyword.getText(GetTextKeyword.groovy:51)
	at com.kms.katalon.core.mobile.keyword.builtin.GetTextKeyword.execute(GetTextKeyword.groovy:35)
	at com.kms.katalon.core.keyword.internal.KeywordExecutor.executeKeywordForPlatform(KeywordExecutor.groovy:74)
	at com.kms.katalon.core.mobile.keyword.MobileBuiltInKeywords.getText(MobileBuiltInKeywords.groovy:1274)
	at Global Equity Datewise.run(Global Equity Datewise:33)
	at com.kms.katalon.core.main.ScriptEngine.run(ScriptEngine.java:194)
	at com.kms.katalon.core.main.ScriptEngine.runScriptAsRawText(ScriptEngine.java:119)
	at com.kms.katalon.core.main.TestCaseExecutor.runScript(TestCaseExecutor.java:448)
	at com.kms.katalon.core.main.TestCaseExecutor.doExecute(TestCaseExecutor.java:439)
	at com.kms.katalon.core.main.TestCaseExecutor.processExecutionPhase(TestCaseExecutor.java:418)
	at com.kms.katalon.core.main.TestCaseExecutor.accessMainPhase(TestCaseExecutor.java:410)
	at com.kms.katalon.core.main.TestCaseExecutor.execute(TestCaseExecutor.java:285)
	at com.kms.katalon.core.common.CommonExecutor.accessTestCaseMainPhase(CommonExecutor.java:65)
	at com.kms.katalon.core.main.TestSuiteExecutor.accessTestSuiteMainPhase(TestSuiteExecutor.java:150)
	at com.kms.katalon.core.main.TestSuiteExecutor.execute(TestSuiteExecutor.java:106)
	at com.kms.katalon.core.main.TestCaseMain.startTestSuite(TestCaseMain.java:180)
	at TempTestSuite1726135123204.run(TempTestSuite1726135123204.groovy:35)
	at java.base/jdk.internal.reflect.NativeMethodAccessorImpl.invoke0(Native Method)
	at java.base/jdk.internal.reflect.NativeMethodAccessorImpl.invoke(NativeMethodAccessorImpl.java:77)
	at java.base/jdk.internal.reflect.DelegatingMethodAccessorImpl.invoke(DelegatingMethodAccessorImpl.java:43)
Caused by: com.kms.katalon.core.exception.StepFailedException: Object Object Repository/LoginRepo/Global Share Verify not found
	at com.kms.katalon.core.mobile.keyword.internal.MobileKeywordMain.stepFailed(MobileKeywordMain.groovy:38)
	at com.kms.katalon.core.mobile.keyword.builtin.GetTextKeyword$_getText_closure1.doCall(GetTextKeyword.groovy:45)
	at com.kms.katalon.core.mobile.keyword.builtin.GetTextKeyword$_getText_closure1.call(GetTextKeyword.groovy)
	at com.kms.katalon.core.mobile.keyword.internal.MobileKeywordMain.runKeyword(MobileKeywordMain.groovy:19)
	... 20 more
)

12-09-2024T15:45:24 - [MESSAGE][WARNING] - Timeout '0' is invalid. Using default page load timeout: '5'

12-09-2024T15:45:29 - [MESSAGE][FAILED] - Object Object Repository/LoginRepo/Global Share Verify not found (Root cause: com.kms.katalon.core.exception.StepFailedException: Object Object Repository/LoginRepo/Global Share Verify not found
	at com.kms.katalon.core.mobile.keyword.internal.MobileKeywordMain.stepFailed(MobileKeywordMain.groovy:38)
	at com.kms.katalon.core.mobile.keyword.builtin.GetTextKeyword$_getText_closure1.doCall(GetTextKeyword.groovy:45)
	at com.kms.katalon.core.mobile.keyword.builtin.GetTextKeyword$_getText_closure1.call(GetTextKeyword.groovy)
	at com.kms.katalon.core.mobile.keyword.internal.MobileKeywordMain.runKeyword(MobileKeywordMain.groovy:19)
	at com.kms.katalon.core.mobile.keyword.builtin.GetTextKeyword.getText(GetTextKeyword.groovy:51)
	at com.kms.katalon.core.mobile.keyword.builtin.GetTextKeyword.execute(GetTextKeyword.groovy:35)
	at com.kms.katalon.core.keyword.internal.KeywordExecutor.executeKeywordForPlatform(KeywordExecutor.groovy:74)
	at com.kms.katalon.core.mobile.keyword.MobileBuiltInKeywords.getText(MobileBuiltInKeywords.groovy:1274)
	at Global Equity Datewise.run(Global Equity Datewise:33)
	at com.kms.katalon.core.main.ScriptEngine.run(ScriptEngine.java:194)
	at com.kms.katalon.core.main.ScriptEngine.runScriptAsRawText(ScriptEngine.java:119)
	at com.kms.katalon.core.main.TestCaseExecutor.runScript(TestCaseExecutor.java:448)
	at com.kms.katalon.core.main.TestCaseExecutor.doExecute(TestCaseExecutor.java:439)
	at com.kms.katalon.core.main.TestCaseExecutor.processExecutionPhase(TestCaseExecutor.java:418)
	at com.kms.katalon.core.main.TestCaseExecutor.accessMainPhase(TestCaseExecutor.java:410)
	at com.kms.katalon.core.main.TestCaseExecutor.execute(TestCaseExecutor.java:285)
	at com.kms.katalon.core.common.CommonExecutor.accessTestCaseMainPhase(CommonExecutor.java:65)
	at com.kms.katalon.core.main.TestSuiteExecutor.accessTestSuiteMainPhase(TestSuiteExecutor.java:150)
	at com.kms.katalon.core.main.TestSuiteExecutor.execute(TestSuiteExecutor.java:106)
	at com.kms.katalon.core.main.TestCaseMain.startTestSuite(TestCaseMain.java:180)
	at TempTestSuite1726135123204.run(TempTestSuite1726135123204.groovy:35)
	at java.base/jdk.internal.reflect.NativeMethodAccessorImpl.invoke0(Native Method)
	at java.base/jdk.internal.reflect.NativeMethodAccessorImpl.invoke(NativeMethodAccessorImpl.java:77)
	at java.base/jdk.internal.reflect.DelegatingMethodAccessorImpl.invoke(DelegatingMethodAccessorImpl.java:43)
)
[[ATTACHMENT|C:\\Users\\Elite66\\git\\Space-Visual\\Reports\\20240912_152843\\5 Sec\\20240912_152843\\1726136129423.png]]

12-09-2024T15:45:30 - [MESSAGE][FAILED] - Failed to get text from element (Root cause: com.kms.katalon.core.exception.StepFailedException: Failed to get text from element
	at com.kms.katalon.core.mobile.keyword.internal.MobileKeywordMain.stepFailed(MobileKeywordMain.groovy:38)
	at com.kms.katalon.core.mobile.keyword.internal.MobileKeywordMain.runKeyword(MobileKeywordMain.groovy:21)
	at com.kms.katalon.core.mobile.keyword.builtin.GetTextKeyword.getText(GetTextKeyword.groovy:51)
	at com.kms.katalon.core.mobile.keyword.builtin.GetTextKeyword.execute(GetTextKeyword.groovy:35)
	at com.kms.katalon.core.keyword.internal.KeywordExecutor.executeKeywordForPlatform(KeywordExecutor.groovy:74)
	at com.kms.katalon.core.mobile.keyword.MobileBuiltInKeywords.getText(MobileBuiltInKeywords.groovy:1274)
	at Global Equity Datewise.run(Global Equity Datewise:33)
	at com.kms.katalon.core.main.ScriptEngine.run(ScriptEngine.java:194)
	at com.kms.katalon.core.main.ScriptEngine.runScriptAsRawText(ScriptEngine.java:119)
	at com.kms.katalon.core.main.TestCaseExecutor.runScript(TestCaseExecutor.java:448)
	at com.kms.katalon.core.main.TestCaseExecutor.doExecute(TestCaseExecutor.java:439)
	at com.kms.katalon.core.main.TestCaseExecutor.processExecutionPhase(TestCaseExecutor.java:418)
	at com.kms.katalon.core.main.TestCaseExecutor.accessMainPhase(TestCaseExecutor.java:410)
	at com.kms.katalon.core.main.TestCaseExecutor.execute(TestCaseExecutor.java:285)
	at com.kms.katalon.core.common.CommonExecutor.accessTestCaseMainPhase(CommonExecutor.java:65)
	at com.kms.katalon.core.main.TestSuiteExecutor.accessTestSuiteMainPhase(TestSuiteExecutor.java:150)
	at com.kms.katalon.core.main.TestSuiteExecutor.execute(TestSuiteExecutor.java:106)
	at com.kms.katalon.core.main.TestCaseMain.startTestSuite(TestCaseMain.java:180)
	at TempTestSuite1726135123204.run(TempTestSuite1726135123204.groovy:35)
	at java.base/jdk.internal.reflect.NativeMethodAccessorImpl.invoke0(Native Method)
	at java.base/jdk.internal.reflect.NativeMethodAccessorImpl.invoke(NativeMethodAccessorImpl.java:77)
	at java.base/jdk.internal.reflect.DelegatingMethodAccessorImpl.invoke(DelegatingMethodAccessorImpl.java:43)
Caused by: com.kms.katalon.core.exception.StepFailedException: Object Object Repository/LoginRepo/Global Share Verify not found
	at com.kms.katalon.core.mobile.keyword.internal.MobileKeywordMain.stepFailed(MobileKeywordMain.groovy:38)
	at com.kms.katalon.core.mobile.keyword.builtin.GetTextKeyword$_getText_closure1.doCall(GetTextKeyword.groovy:45)
	at com.kms.katalon.core.mobile.keyword.builtin.GetTextKeyword$_getText_closure1.call(GetTextKeyword.groovy)
	at com.kms.katalon.core.mobile.keyword.internal.MobileKeywordMain.runKeyword(MobileKeywordMain.groovy:19)
	... 20 more
)
[[ATTACHMENT|C:\\Users\\Elite66\\git\\Space-Visual\\Reports\\20240912_152843\\5 Sec\\20240912_152843\\1726136129794.png]]]]></system-out>
         <system-err><![CDATA[12-09-2024T15:44:49 - [TEST_CASE][FAILED] - Test Cases/Global Report/Global Equity Datewise: Test Cases/Global Report/Global Equity Datewise FAILED.
Reason:
com.kms.katalon.core.exception.StepFailedException: Failed to get text from element
	at com.kms.katalon.core.mobile.keyword.internal.MobileKeywordMain.stepFailed(MobileKeywordMain.groovy:38)
	at com.kms.katalon.core.mobile.keyword.internal.MobileKeywordMain.runKeyword(MobileKeywordMain.groovy:21)
	at com.kms.katalon.core.mobile.keyword.builtin.GetTextKeyword.getText(GetTextKeyword.groovy:51)
	at com.kms.katalon.core.mobile.keyword.builtin.GetTextKeyword.execute(GetTextKeyword.groovy:35)
	at com.kms.katalon.core.keyword.internal.KeywordExecutor.executeKeywordForPlatform(KeywordExecutor.groovy:74)
	at com.kms.katalon.core.mobile.keyword.MobileBuiltInKeywords.getText(MobileBuiltInKeywords.groovy:1274)
	at Global Equity Datewise.run(Global Equity Datewise:33)
	at com.kms.katalon.core.main.ScriptEngine.run(ScriptEngine.java:194)
	at com.kms.katalon.core.main.ScriptEngine.runScriptAsRawText(ScriptEngine.java:119)
	at com.kms.katalon.core.main.TestCaseExecutor.runScript(TestCaseExecutor.java:448)
	at com.kms.katalon.core.main.TestCaseExecutor.doExecute(TestCaseExecutor.java:439)
	at com.kms.katalon.core.main.TestCaseExecutor.processExecutionPhase(TestCaseExecutor.java:418)
	at com.kms.katalon.core.main.TestCaseExecutor.accessMainPhase(TestCaseExecutor.java:410)
	at com.kms.katalon.core.main.TestCaseExecutor.execute(TestCaseExecutor.java:285)
	at com.kms.katalon.core.common.CommonExecutor.accessTestCaseMainPhase(CommonExecutor.java:65)
	at com.kms.katalon.core.main.TestSuiteExecutor.accessTestSuiteMainPhase(TestSuiteExecutor.java:150)
	at com.kms.katalon.core.main.TestSuiteExecutor.execute(TestSuiteExecutor.java:106)
	at com.kms.katalon.core.main.TestCaseMain.startTestSuite(TestCaseMain.java:180)
	at TempTestSuite1726135123204.run(TempTestSuite1726135123204.groovy:35)
	at java.base/jdk.internal.reflect.NativeMethodAccessorImpl.invoke0(Native Method)
	at java.base/jdk.internal.reflect.NativeMethodAccessorImpl.invoke(NativeMethodAccessorImpl.java:77)
	at java.base/jdk.internal.reflect.DelegatingMethodAccessorImpl.invoke(DelegatingMethodAccessorImpl.java:43)
Caused by: com.kms.katalon.core.exception.StepFailedException: Object Object Repository/LoginRepo/Global Share Verify not found
	at com.kms.katalon.core.mobile.keyword.internal.MobileKeywordMain.stepFailed(MobileKeywordMain.groovy:38)
	at com.kms.katalon.core.mobile.keyword.builtin.GetTextKeyword$_getText_closure1.doCall(GetTextKeyword.groovy:45)
	at com.kms.katalon.core.mobile.keyword.builtin.GetTextKeyword$_getText_closure1.call(GetTextKeyword.groovy)
	at com.kms.katalon.core.mobile.keyword.internal.MobileKeywordMain.runKeyword(MobileKeywordMain.groovy:19)
	... 20 more]]></system-err>
      </testcase>
      <testcase name="Test Cases/Global Report/Global Derivative 2024-25" time="42.068" classname="Test Cases/Global Report/Global Derivative 2024-25" status="FAILED">
         <failure type="FAILED" message="Test Cases/Global Report/Global Derivative 2024-25 FAILED.&#xa;Reason:&#xa;com.kms.katalon.core.exception.StepFailedException: Failed to get text from element&#xa;	at com.kms.katalon.core.mobile.keyword.internal.MobileKeywordMain.stepFailed(MobileKeywordMain.groovy:38)&#xa;	at com.kms.katalon.core.mobile.keyword.internal.MobileKeywordMain.runKeyword(MobileKeywordMain.groovy:21)&#xa;	at com.kms.katalon.core.mobile.keyword.builtin.GetTextKeyword.getText(GetTextKeyword.groovy:51)&#xa;	at com.kms.katalon.core.mobile.keyword.builtin.GetTextKeyword.execute(GetTextKeyword.groovy:35)&#xa;	at com.kms.katalon.core.keyword.internal.KeywordExecutor.executeKeywordForPlatform(KeywordExecutor.groovy:74)&#xa;	at com.kms.katalon.core.mobile.keyword.MobileBuiltInKeywords.getText(MobileBuiltInKeywords.groovy:1274)&#xa;	at Global Derivative 2024-25.run(Global Derivative 2024-25:33)&#xa;	at com.kms.katalon.core.main.ScriptEngine.run(ScriptEngine.java:194)&#xa;	at com.kms.katalon.core.main.ScriptEngine.runScriptAsRawText(ScriptEngine.java:119)&#xa;	at com.kms.katalon.core.main.TestCaseExecutor.runScript(TestCaseExecutor.java:448)&#xa;	at com.kms.katalon.core.main.TestCaseExecutor.doExecute(TestCaseExecutor.java:439)&#xa;	at com.kms.katalon.core.main.TestCaseExecutor.processExecutionPhase(TestCaseExecutor.java:418)&#xa;	at com.kms.katalon.core.main.TestCaseExecutor.accessMainPhase(TestCaseExecutor.java:410)&#xa;	at com.kms.katalon.core.main.TestCaseExecutor.execute(TestCaseExecutor.java:285)&#xa;	at com.kms.katalon.core.common.CommonExecutor.accessTestCaseMainPhase(CommonExecutor.java:65)&#xa;	at com.kms.katalon.core.main.TestSuiteExecutor.accessTestSuiteMainPhase(TestSuiteExecutor.java:150)&#xa;	at com.kms.katalon.core.main.TestSuiteExecutor.execute(TestSuiteExecutor.java:106)&#xa;	at com.kms.katalon.core.main.TestCaseMain.startTestSuite(TestCaseMain.java:180)&#xa;	at TempTestSuite1726135123204.run(TempTestSuite1726135123204.groovy:35)&#xa;	at java.base/jdk.internal.reflect.NativeMethodAccessorImpl.invoke0(Native Method)&#xa;	at java.base/jdk.internal.reflect.NativeMethodAccessorImpl.invoke(NativeMethodAccessorImpl.java:77)&#xa;	at java.base/jdk.internal.reflect.DelegatingMethodAccessorImpl.invoke(DelegatingMethodAccessorImpl.java:43)&#xa;Caused by: com.kms.katalon.core.exception.StepFailedException: Object Object Repository/LoginRepo/Global Share Verify not found&#xa;	at com.kms.katalon.core.mobile.keyword.internal.MobileKeywordMain.stepFailed(MobileKeywordMain.groovy:38)&#xa;	at com.kms.katalon.core.mobile.keyword.builtin.GetTextKeyword$_getText_closure1.doCall(GetTextKeyword.groovy:45)&#xa;	at com.kms.katalon.core.mobile.keyword.builtin.GetTextKeyword$_getText_closure1.call(GetTextKeyword.groovy)&#xa;	at com.kms.katalon.core.mobile.keyword.internal.MobileKeywordMain.runKeyword(MobileKeywordMain.groovy:19)&#xa;	... 20 more&#xa;"/>
         <system-out><![CDATA[12-09-2024T15:45:30 - [TEST_CASE][FAILED] - Test Cases/Global Report/Global Derivative 2024-25: Test Cases/Global Report/Global Derivative 2024-25 FAILED.
Reason:
com.kms.katalon.core.exception.StepFailedException: Failed to get text from element
	at com.kms.katalon.core.mobile.keyword.internal.MobileKeywordMain.stepFailed(MobileKeywordMain.groovy:38)
	at com.kms.katalon.core.mobile.keyword.internal.MobileKeywordMain.runKeyword(MobileKeywordMain.groovy:21)
	at com.kms.katalon.core.mobile.keyword.builtin.GetTextKeyword.getText(GetTextKeyword.groovy:51)
	at com.kms.katalon.core.mobile.keyword.builtin.GetTextKeyword.execute(GetTextKeyword.groovy:35)
	at com.kms.katalon.core.keyword.internal.KeywordExecutor.executeKeywordForPlatform(KeywordExecutor.groovy:74)
	at com.kms.katalon.core.mobile.keyword.MobileBuiltInKeywords.getText(MobileBuiltInKeywords.groovy:1274)
	at Global Derivative 2024-25.run(Global Derivative 2024-25:33)
	at com.kms.katalon.core.main.ScriptEngine.run(ScriptEngine.java:194)
	at com.kms.katalon.core.main.ScriptEngine.runScriptAsRawText(ScriptEngine.java:119)
	at com.kms.katalon.core.main.TestCaseExecutor.runScript(TestCaseExecutor.java:448)
	at com.kms.katalon.core.main.TestCaseExecutor.doExecute(TestCaseExecutor.java:439)
	at com.kms.katalon.core.main.TestCaseExecutor.processExecutionPhase(TestCaseExecutor.java:418)
	at com.kms.katalon.core.main.TestCaseExecutor.accessMainPhase(TestCaseExecutor.java:410)
	at com.kms.katalon.core.main.TestCaseExecutor.execute(TestCaseExecutor.java:285)
	at com.kms.katalon.core.common.CommonExecutor.accessTestCaseMainPhase(CommonExecutor.java:65)
	at com.kms.katalon.core.main.TestSuiteExecutor.accessTestSuiteMainPhase(TestSuiteExecutor.java:150)
	at com.kms.katalon.core.main.TestSuiteExecutor.execute(TestSuiteExecutor.java:106)
	at com.kms.katalon.core.main.TestCaseMain.startTestSuite(TestCaseMain.java:180)
	at TempTestSuite1726135123204.run(TempTestSuite1726135123204.groovy:35)
	at java.base/jdk.internal.reflect.NativeMethodAccessorImpl.invoke0(Native Method)
	at java.base/jdk.internal.reflect.NativeMethodAccessorImpl.invoke(NativeMethodAccessorImpl.java:77)
	at java.base/jdk.internal.reflect.DelegatingMethodAccessorImpl.invoke(DelegatingMethodAccessorImpl.java:43)
Caused by: com.kms.katalon.core.exception.StepFailedException: Object Object Repository/LoginRepo/Global Share Verify not found
	at com.kms.katalon.core.mobile.keyword.internal.MobileKeywordMain.stepFailed(MobileKeywordMain.groovy:38)
	at com.kms.katalon.core.mobile.keyword.builtin.GetTextKeyword$_getText_closure1.doCall(GetTextKeyword.groovy:45)
	at com.kms.katalon.core.mobile.keyword.builtin.GetTextKeyword$_getText_closure1.call(GetTextKeyword.groovy)
	at com.kms.katalon.core.mobile.keyword.internal.MobileKeywordMain.runKeyword(MobileKeywordMain.groovy:19)
	... 20 more


12-09-2024T15:45:30 - [TEST_STEP][PASSED] - callTestCase(findTestCase("Test Cases/Login/Login"), null, STOP_ON_FAILURE): Call Test Case 'Test Cases/Login/Login' successfully

12-09-2024T15:45:30 - [TEST_CASE][PASSED] - Test Cases/Login/Login: Test Cases/Login/Login

12-09-2024T15:45:30 - [TEST_STEP][PASSED] - projectDir = getProjectDir(): null

12-09-2024T15:45:30 - [TEST_STEP][PASSED] - startApplication(projectDir + "/SpaceApp/SpaceApp_1.0.34.55_LIVE.apk", true): Started application: 'C:\Users\Elite66\git\Space-Visual\SpaceApp\SpaceApp_1.0.34.55_LIVE.apk'

12-09-2024T15:45:30 - [MESSAGE][INFO] - Starting application: 'C:\Users\Elite66\git\Space-Visual\SpaceApp\SpaceApp_1.0.34.55_LIVE.apk'

12-09-2024T15:45:44 - [MESSAGE][PASSED] - Started application: 'C:\Users\Elite66\git\Space-Visual\SpaceApp\SpaceApp_1.0.34.55_LIVE.apk'

12-09-2024T15:45:44 - [TEST_STEP][PASSED] - delay(5): Delayed 5 second(s)

12-09-2024T15:45:49 - [MESSAGE][PASSED] - Delayed 5 second(s)

12-09-2024T15:45:49 - [TEST_STEP][PASSED] - tap(findTestObject("Object Repository/LoginRepo/click button"), 0): Tapped on element 'Object Repository/LoginRepo/click button'

12-09-2024T15:45:49 - [MESSAGE][WARNING] - Timeout '0' is invalid. Using default page load timeout: '5'

12-09-2024T15:45:50 - [MESSAGE][PASSED] - Tapped on element 'Object Repository/LoginRepo/click button'

12-09-2024T15:45:50 - [TEST_STEP][PASSED] - setText(findTestObject("Object Repository/LoginRepo/Enter id"), "m3903", 0): Text 'm3903' has been set to element 'Object Repository/LoginRepo/Enter id'

12-09-2024T15:45:50 - [MESSAGE][WARNING] - Timeout '0' is invalid. Using default page load timeout: '5'

12-09-2024T15:45:52 - [MESSAGE][PASSED] - Text 'm3903' has been set to element 'Object Repository/LoginRepo/Enter id'

12-09-2024T15:45:52 - [TEST_STEP][PASSED] - setText(findTestObject("Object Repository/LoginRepo/Enter pass"), "Nirav@789", 0): Text 'Nirav@789' has been set to element 'Object Repository/LoginRepo/Enter pass'

12-09-2024T15:45:52 - [MESSAGE][WARNING] - Timeout '0' is invalid. Using default page load timeout: '5'

12-09-2024T15:45:54 - [MESSAGE][PASSED] - Text 'Nirav@789' has been set to element 'Object Repository/LoginRepo/Enter pass'

12-09-2024T15:45:54 - [TEST_STEP][PASSED] - tap(findTestObject("Object Repository/LoginRepo/click login"), 0): Tapped on element 'Object Repository/LoginRepo/click login'

12-09-2024T15:45:54 - [MESSAGE][WARNING] - Timeout '0' is invalid. Using default page load timeout: '5'

12-09-2024T15:45:54 - [MESSAGE][PASSED] - Tapped on element 'Object Repository/LoginRepo/click login'

12-09-2024T15:45:54 - [TEST_STEP][PASSED] - tap(findTestObject("Object Repository/LoginRepo/Enter Pin"), 0): Tapped on element 'Object Repository/LoginRepo/Enter Pin'

12-09-2024T15:45:54 - [MESSAGE][WARNING] - Timeout '0' is invalid. Using default page load timeout: '5'

12-09-2024T15:45:58 - [MESSAGE][PASSED] - Tapped on element 'Object Repository/LoginRepo/Enter Pin'

12-09-2024T15:45:58 - [TEST_STEP][PASSED] - setText(findTestObject("Object Repository/LoginRepo/Enter Pin"), "1234", 0): Text '1234' has been set to element 'Object Repository/LoginRepo/Enter Pin'

12-09-2024T15:45:58 - [MESSAGE][WARNING] - Timeout '0' is invalid. Using default page load timeout: '5'

12-09-2024T15:45:59 - [MESSAGE][PASSED] - Text '1234' has been set to element 'Object Repository/LoginRepo/Enter Pin'

12-09-2024T15:45:59 - [MESSAGE][PASSED] - Call Test Case 'Test Cases/Login/Login' successfully

12-09-2024T15:45:59 - [TEST_STEP][PASSED] - tap(findTestObject("Object Repository/LoginRepo/Report Click"), 0): Tapped on element 'Object Repository/LoginRepo/Report Click'

12-09-2024T15:45:59 - [MESSAGE][WARNING] - Timeout '0' is invalid. Using default page load timeout: '5'

12-09-2024T15:46:01 - [MESSAGE][PASSED] - Tapped on element 'Object Repository/LoginRepo/Report Click'

12-09-2024T15:46:01 - [TEST_STEP][PASSED] - tap(findTestObject("Object Repository/LoginRepo/Global Click"), 0, CONTINUE_ON_FAILURE): Tapped on element 'Object Repository/LoginRepo/Global Click'

12-09-2024T15:46:01 - [MESSAGE][WARNING] - Timeout '0' is invalid. Using default page load timeout: '5'

12-09-2024T15:46:03 - [MESSAGE][PASSED] - Tapped on element 'Object Repository/LoginRepo/Global Click'

12-09-2024T15:46:03 - [TEST_STEP][PASSED] - tap(findTestObject("Object Repository/LoginRepo/Global Equity Click"), 0, CONTINUE_ON_FAILURE): Tapped on element 'Object Repository/LoginRepo/Global Equity Click'

12-09-2024T15:46:03 - [MESSAGE][WARNING] - Timeout '0' is invalid. Using default page load timeout: '5'

12-09-2024T15:46:03 - [MESSAGE][PASSED] - Tapped on element 'Object Repository/LoginRepo/Global Equity Click'

12-09-2024T15:46:03 - [TEST_STEP][PASSED] - tap(findTestObject("Object Repository/LoginRepo/Global Derivative Click"), 0, CONTINUE_ON_FAILURE): Tapped on element 'Object Repository/LoginRepo/Global Derivative Click'

12-09-2024T15:46:03 - [MESSAGE][WARNING] - Timeout '0' is invalid. Using default page load timeout: '5'

12-09-2024T15:46:05 - [MESSAGE][PASSED] - Tapped on element 'Object Repository/LoginRepo/Global Derivative Click'

12-09-2024T15:46:05 - [TEST_STEP][PASSED] - tap(findTestObject("Object Repository/LoginRepo/Ledger-Share"), 0): Tapped on element 'Object Repository/LoginRepo/Ledger-Share'

12-09-2024T15:46:05 - [MESSAGE][WARNING] - Timeout '0' is invalid. Using default page load timeout: '5'

12-09-2024T15:46:06 - [MESSAGE][PASSED] - Tapped on element 'Object Repository/LoginRepo/Ledger-Share'

12-09-2024T15:46:06 - [TEST_STEP][FAILED] - getText(findTestObject("Object Repository/LoginRepo/Global Share Verify"), 0): Failed to get text from element (Root cause: com.kms.katalon.core.exception.StepFailedException: Failed to get text from element
	at com.kms.katalon.core.mobile.keyword.internal.MobileKeywordMain.stepFailed(MobileKeywordMain.groovy:38)
	at com.kms.katalon.core.mobile.keyword.internal.MobileKeywordMain.runKeyword(MobileKeywordMain.groovy:21)
	at com.kms.katalon.core.mobile.keyword.builtin.GetTextKeyword.getText(GetTextKeyword.groovy:51)
	at com.kms.katalon.core.mobile.keyword.builtin.GetTextKeyword.execute(GetTextKeyword.groovy:35)
	at com.kms.katalon.core.keyword.internal.KeywordExecutor.executeKeywordForPlatform(KeywordExecutor.groovy:74)
	at com.kms.katalon.core.mobile.keyword.MobileBuiltInKeywords.getText(MobileBuiltInKeywords.groovy:1274)
	at Global Derivative 2024-25.run(Global Derivative 2024-25:33)
	at com.kms.katalon.core.main.ScriptEngine.run(ScriptEngine.java:194)
	at com.kms.katalon.core.main.ScriptEngine.runScriptAsRawText(ScriptEngine.java:119)
	at com.kms.katalon.core.main.TestCaseExecutor.runScript(TestCaseExecutor.java:448)
	at com.kms.katalon.core.main.TestCaseExecutor.doExecute(TestCaseExecutor.java:439)
	at com.kms.katalon.core.main.TestCaseExecutor.processExecutionPhase(TestCaseExecutor.java:418)
	at com.kms.katalon.core.main.TestCaseExecutor.accessMainPhase(TestCaseExecutor.java:410)
	at com.kms.katalon.core.main.TestCaseExecutor.execute(TestCaseExecutor.java:285)
	at com.kms.katalon.core.common.CommonExecutor.accessTestCaseMainPhase(CommonExecutor.java:65)
	at com.kms.katalon.core.main.TestSuiteExecutor.accessTestSuiteMainPhase(TestSuiteExecutor.java:150)
	at com.kms.katalon.core.main.TestSuiteExecutor.execute(TestSuiteExecutor.java:106)
	at com.kms.katalon.core.main.TestCaseMain.startTestSuite(TestCaseMain.java:180)
	at TempTestSuite1726135123204.run(TempTestSuite1726135123204.groovy:35)
	at java.base/jdk.internal.reflect.NativeMethodAccessorImpl.invoke0(Native Method)
	at java.base/jdk.internal.reflect.NativeMethodAccessorImpl.invoke(NativeMethodAccessorImpl.java:77)
	at java.base/jdk.internal.reflect.DelegatingMethodAccessorImpl.invoke(DelegatingMethodAccessorImpl.java:43)
Caused by: com.kms.katalon.core.exception.StepFailedException: Object Object Repository/LoginRepo/Global Share Verify not found
	at com.kms.katalon.core.mobile.keyword.internal.MobileKeywordMain.stepFailed(MobileKeywordMain.groovy:38)
	at com.kms.katalon.core.mobile.keyword.builtin.GetTextKeyword$_getText_closure1.doCall(GetTextKeyword.groovy:45)
	at com.kms.katalon.core.mobile.keyword.builtin.GetTextKeyword$_getText_closure1.call(GetTextKeyword.groovy)
	at com.kms.katalon.core.mobile.keyword.internal.MobileKeywordMain.runKeyword(MobileKeywordMain.groovy:19)
	... 20 more
)

12-09-2024T15:46:06 - [MESSAGE][WARNING] - Timeout '0' is invalid. Using default page load timeout: '5'

12-09-2024T15:46:11 - [MESSAGE][FAILED] - Object Object Repository/LoginRepo/Global Share Verify not found (Root cause: com.kms.katalon.core.exception.StepFailedException: Object Object Repository/LoginRepo/Global Share Verify not found
	at com.kms.katalon.core.mobile.keyword.internal.MobileKeywordMain.stepFailed(MobileKeywordMain.groovy:38)
	at com.kms.katalon.core.mobile.keyword.builtin.GetTextKeyword$_getText_closure1.doCall(GetTextKeyword.groovy:45)
	at com.kms.katalon.core.mobile.keyword.builtin.GetTextKeyword$_getText_closure1.call(GetTextKeyword.groovy)
	at com.kms.katalon.core.mobile.keyword.internal.MobileKeywordMain.runKeyword(MobileKeywordMain.groovy:19)
	at com.kms.katalon.core.mobile.keyword.builtin.GetTextKeyword.getText(GetTextKeyword.groovy:51)
	at com.kms.katalon.core.mobile.keyword.builtin.GetTextKeyword.execute(GetTextKeyword.groovy:35)
	at com.kms.katalon.core.keyword.internal.KeywordExecutor.executeKeywordForPlatform(KeywordExecutor.groovy:74)
	at com.kms.katalon.core.mobile.keyword.MobileBuiltInKeywords.getText(MobileBuiltInKeywords.groovy:1274)
	at Global Derivative 2024-25.run(Global Derivative 2024-25:33)
	at com.kms.katalon.core.main.ScriptEngine.run(ScriptEngine.java:194)
	at com.kms.katalon.core.main.ScriptEngine.runScriptAsRawText(ScriptEngine.java:119)
	at com.kms.katalon.core.main.TestCaseExecutor.runScript(TestCaseExecutor.java:448)
	at com.kms.katalon.core.main.TestCaseExecutor.doExecute(TestCaseExecutor.java:439)
	at com.kms.katalon.core.main.TestCaseExecutor.processExecutionPhase(TestCaseExecutor.java:418)
	at com.kms.katalon.core.main.TestCaseExecutor.accessMainPhase(TestCaseExecutor.java:410)
	at com.kms.katalon.core.main.TestCaseExecutor.execute(TestCaseExecutor.java:285)
	at com.kms.katalon.core.common.CommonExecutor.accessTestCaseMainPhase(CommonExecutor.java:65)
	at com.kms.katalon.core.main.TestSuiteExecutor.accessTestSuiteMainPhase(TestSuiteExecutor.java:150)
	at com.kms.katalon.core.main.TestSuiteExecutor.execute(TestSuiteExecutor.java:106)
	at com.kms.katalon.core.main.TestCaseMain.startTestSuite(TestCaseMain.java:180)
	at TempTestSuite1726135123204.run(TempTestSuite1726135123204.groovy:35)
	at java.base/jdk.internal.reflect.NativeMethodAccessorImpl.invoke0(Native Method)
	at java.base/jdk.internal.reflect.NativeMethodAccessorImpl.invoke(NativeMethodAccessorImpl.java:77)
	at java.base/jdk.internal.reflect.DelegatingMethodAccessorImpl.invoke(DelegatingMethodAccessorImpl.java:43)
)
[[ATTACHMENT|C:\\Users\\Elite66\\git\\Space-Visual\\Reports\\20240912_152843\\5 Sec\\20240912_152843\\1726136171255.png]]

12-09-2024T15:46:12 - [MESSAGE][FAILED] - Failed to get text from element (Root cause: com.kms.katalon.core.exception.StepFailedException: Failed to get text from element
	at com.kms.katalon.core.mobile.keyword.internal.MobileKeywordMain.stepFailed(MobileKeywordMain.groovy:38)
	at com.kms.katalon.core.mobile.keyword.internal.MobileKeywordMain.runKeyword(MobileKeywordMain.groovy:21)
	at com.kms.katalon.core.mobile.keyword.builtin.GetTextKeyword.getText(GetTextKeyword.groovy:51)
	at com.kms.katalon.core.mobile.keyword.builtin.GetTextKeyword.execute(GetTextKeyword.groovy:35)
	at com.kms.katalon.core.keyword.internal.KeywordExecutor.executeKeywordForPlatform(KeywordExecutor.groovy:74)
	at com.kms.katalon.core.mobile.keyword.MobileBuiltInKeywords.getText(MobileBuiltInKeywords.groovy:1274)
	at Global Derivative 2024-25.run(Global Derivative 2024-25:33)
	at com.kms.katalon.core.main.ScriptEngine.run(ScriptEngine.java:194)
	at com.kms.katalon.core.main.ScriptEngine.runScriptAsRawText(ScriptEngine.java:119)
	at com.kms.katalon.core.main.TestCaseExecutor.runScript(TestCaseExecutor.java:448)
	at com.kms.katalon.core.main.TestCaseExecutor.doExecute(TestCaseExecutor.java:439)
	at com.kms.katalon.core.main.TestCaseExecutor.processExecutionPhase(TestCaseExecutor.java:418)
	at com.kms.katalon.core.main.TestCaseExecutor.accessMainPhase(TestCaseExecutor.java:410)
	at com.kms.katalon.core.main.TestCaseExecutor.execute(TestCaseExecutor.java:285)
	at com.kms.katalon.core.common.CommonExecutor.accessTestCaseMainPhase(CommonExecutor.java:65)
	at com.kms.katalon.core.main.TestSuiteExecutor.accessTestSuiteMainPhase(TestSuiteExecutor.java:150)
	at com.kms.katalon.core.main.TestSuiteExecutor.execute(TestSuiteExecutor.java:106)
	at com.kms.katalon.core.main.TestCaseMain.startTestSuite(TestCaseMain.java:180)
	at TempTestSuite1726135123204.run(TempTestSuite1726135123204.groovy:35)
	at java.base/jdk.internal.reflect.NativeMethodAccessorImpl.invoke0(Native Method)
	at java.base/jdk.internal.reflect.NativeMethodAccessorImpl.invoke(NativeMethodAccessorImpl.java:77)
	at java.base/jdk.internal.reflect.DelegatingMethodAccessorImpl.invoke(DelegatingMethodAccessorImpl.java:43)
Caused by: com.kms.katalon.core.exception.StepFailedException: Object Object Repository/LoginRepo/Global Share Verify not found
	at com.kms.katalon.core.mobile.keyword.internal.MobileKeywordMain.stepFailed(MobileKeywordMain.groovy:38)
	at com.kms.katalon.core.mobile.keyword.builtin.GetTextKeyword$_getText_closure1.doCall(GetTextKeyword.groovy:45)
	at com.kms.katalon.core.mobile.keyword.builtin.GetTextKeyword$_getText_closure1.call(GetTextKeyword.groovy)
	at com.kms.katalon.core.mobile.keyword.internal.MobileKeywordMain.runKeyword(MobileKeywordMain.groovy:19)
	... 20 more
)
[[ATTACHMENT|C:\\Users\\Elite66\\git\\Space-Visual\\Reports\\20240912_152843\\5 Sec\\20240912_152843\\1726136171773.png]]]]></system-out>
         <system-err><![CDATA[12-09-2024T15:45:30 - [TEST_CASE][FAILED] - Test Cases/Global Report/Global Derivative 2024-25: Test Cases/Global Report/Global Derivative 2024-25 FAILED.
Reason:
com.kms.katalon.core.exception.StepFailedException: Failed to get text from element
	at com.kms.katalon.core.mobile.keyword.internal.MobileKeywordMain.stepFailed(MobileKeywordMain.groovy:38)
	at com.kms.katalon.core.mobile.keyword.internal.MobileKeywordMain.runKeyword(MobileKeywordMain.groovy:21)
	at com.kms.katalon.core.mobile.keyword.builtin.GetTextKeyword.getText(GetTextKeyword.groovy:51)
	at com.kms.katalon.core.mobile.keyword.builtin.GetTextKeyword.execute(GetTextKeyword.groovy:35)
	at com.kms.katalon.core.keyword.internal.KeywordExecutor.executeKeywordForPlatform(KeywordExecutor.groovy:74)
	at com.kms.katalon.core.mobile.keyword.MobileBuiltInKeywords.getText(MobileBuiltInKeywords.groovy:1274)
	at Global Derivative 2024-25.run(Global Derivative 2024-25:33)
	at com.kms.katalon.core.main.ScriptEngine.run(ScriptEngine.java:194)
	at com.kms.katalon.core.main.ScriptEngine.runScriptAsRawText(ScriptEngine.java:119)
	at com.kms.katalon.core.main.TestCaseExecutor.runScript(TestCaseExecutor.java:448)
	at com.kms.katalon.core.main.TestCaseExecutor.doExecute(TestCaseExecutor.java:439)
	at com.kms.katalon.core.main.TestCaseExecutor.processExecutionPhase(TestCaseExecutor.java:418)
	at com.kms.katalon.core.main.TestCaseExecutor.accessMainPhase(TestCaseExecutor.java:410)
	at com.kms.katalon.core.main.TestCaseExecutor.execute(TestCaseExecutor.java:285)
	at com.kms.katalon.core.common.CommonExecutor.accessTestCaseMainPhase(CommonExecutor.java:65)
	at com.kms.katalon.core.main.TestSuiteExecutor.accessTestSuiteMainPhase(TestSuiteExecutor.java:150)
	at com.kms.katalon.core.main.TestSuiteExecutor.execute(TestSuiteExecutor.java:106)
	at com.kms.katalon.core.main.TestCaseMain.startTestSuite(TestCaseMain.java:180)
	at TempTestSuite1726135123204.run(TempTestSuite1726135123204.groovy:35)
	at java.base/jdk.internal.reflect.NativeMethodAccessorImpl.invoke0(Native Method)
	at java.base/jdk.internal.reflect.NativeMethodAccessorImpl.invoke(NativeMethodAccessorImpl.java:77)
	at java.base/jdk.internal.reflect.DelegatingMethodAccessorImpl.invoke(DelegatingMethodAccessorImpl.java:43)
Caused by: com.kms.katalon.core.exception.StepFailedException: Object Object Repository/LoginRepo/Global Share Verify not found
	at com.kms.katalon.core.mobile.keyword.internal.MobileKeywordMain.stepFailed(MobileKeywordMain.groovy:38)
	at com.kms.katalon.core.mobile.keyword.builtin.GetTextKeyword$_getText_closure1.doCall(GetTextKeyword.groovy:45)
	at com.kms.katalon.core.mobile.keyword.builtin.GetTextKeyword$_getText_closure1.call(GetTextKeyword.groovy)
	at com.kms.katalon.core.mobile.keyword.internal.MobileKeywordMain.runKeyword(MobileKeywordMain.groovy:19)
	... 20 more]]></system-err>
      </testcase>
      <testcase name="Test Cases/Global Report/Global Derivative Datewise 2024" time="42.671" classname="Test Cases/Global Report/Global Derivative Datewise 2024" status="FAILED">
         <failure type="FAILED" message="Test Cases/Global Report/Global Derivative Datewise 2024 FAILED.&#xa;Reason:&#xa;com.kms.katalon.core.exception.StepFailedException: Failed to get text from element&#xa;	at com.kms.katalon.core.mobile.keyword.internal.MobileKeywordMain.stepFailed(MobileKeywordMain.groovy:38)&#xa;	at com.kms.katalon.core.mobile.keyword.internal.MobileKeywordMain.runKeyword(MobileKeywordMain.groovy:21)&#xa;	at com.kms.katalon.core.mobile.keyword.builtin.GetTextKeyword.getText(GetTextKeyword.groovy:51)&#xa;	at com.kms.katalon.core.mobile.keyword.builtin.GetTextKeyword.execute(GetTextKeyword.groovy:35)&#xa;	at com.kms.katalon.core.keyword.internal.KeywordExecutor.executeKeywordForPlatform(KeywordExecutor.groovy:74)&#xa;	at com.kms.katalon.core.mobile.keyword.MobileBuiltInKeywords.getText(MobileBuiltInKeywords.groovy:1274)&#xa;	at Global Derivative Datewise 2024.run(Global Derivative Datewise 2024:37)&#xa;	at com.kms.katalon.core.main.ScriptEngine.run(ScriptEngine.java:194)&#xa;	at com.kms.katalon.core.main.ScriptEngine.runScriptAsRawText(ScriptEngine.java:119)&#xa;	at com.kms.katalon.core.main.TestCaseExecutor.runScript(TestCaseExecutor.java:448)&#xa;	at com.kms.katalon.core.main.TestCaseExecutor.doExecute(TestCaseExecutor.java:439)&#xa;	at com.kms.katalon.core.main.TestCaseExecutor.processExecutionPhase(TestCaseExecutor.java:418)&#xa;	at com.kms.katalon.core.main.TestCaseExecutor.accessMainPhase(TestCaseExecutor.java:410)&#xa;	at com.kms.katalon.core.main.TestCaseExecutor.execute(TestCaseExecutor.java:285)&#xa;	at com.kms.katalon.core.common.CommonExecutor.accessTestCaseMainPhase(CommonExecutor.java:65)&#xa;	at com.kms.katalon.core.main.TestSuiteExecutor.accessTestSuiteMainPhase(TestSuiteExecutor.java:150)&#xa;	at com.kms.katalon.core.main.TestSuiteExecutor.execute(TestSuiteExecutor.java:106)&#xa;	at com.kms.katalon.core.main.TestCaseMain.startTestSuite(TestCaseMain.java:180)&#xa;	at TempTestSuite1726135123204.run(TempTestSuite1726135123204.groovy:35)&#xa;	at java.base/jdk.internal.reflect.NativeMethodAccessorImpl.invoke0(Native Method)&#xa;	at java.base/jdk.internal.reflect.NativeMethodAccessorImpl.invoke(NativeMethodAccessorImpl.java:77)&#xa;	at java.base/jdk.internal.reflect.DelegatingMethodAccessorImpl.invoke(DelegatingMethodAccessorImpl.java:43)&#xa;Caused by: com.kms.katalon.core.exception.StepFailedException: Object Object Repository/LoginRepo/Global Share Verify not found&#xa;	at com.kms.katalon.core.mobile.keyword.internal.MobileKeywordMain.stepFailed(MobileKeywordMain.groovy:38)&#xa;	at com.kms.katalon.core.mobile.keyword.builtin.GetTextKeyword$_getText_closure1.doCall(GetTextKeyword.groovy:45)&#xa;	at com.kms.katalon.core.mobile.keyword.builtin.GetTextKeyword$_getText_closure1.call(GetTextKeyword.groovy)&#xa;	at com.kms.katalon.core.mobile.keyword.internal.MobileKeywordMain.runKeyword(MobileKeywordMain.groovy:19)&#xa;	... 20 more&#xa;"/>
         <system-out><![CDATA[12-09-2024T15:46:12 - [TEST_CASE][FAILED] - Test Cases/Global Report/Global Derivative Datewise 2024: Test Cases/Global Report/Global Derivative Datewise 2024 FAILED.
Reason:
com.kms.katalon.core.exception.StepFailedException: Failed to get text from element
	at com.kms.katalon.core.mobile.keyword.internal.MobileKeywordMain.stepFailed(MobileKeywordMain.groovy:38)
	at com.kms.katalon.core.mobile.keyword.internal.MobileKeywordMain.runKeyword(MobileKeywordMain.groovy:21)
	at com.kms.katalon.core.mobile.keyword.builtin.GetTextKeyword.getText(GetTextKeyword.groovy:51)
	at com.kms.katalon.core.mobile.keyword.builtin.GetTextKeyword.execute(GetTextKeyword.groovy:35)
	at com.kms.katalon.core.keyword.internal.KeywordExecutor.executeKeywordForPlatform(KeywordExecutor.groovy:74)
	at com.kms.katalon.core.mobile.keyword.MobileBuiltInKeywords.getText(MobileBuiltInKeywords.groovy:1274)
	at Global Derivative Datewise 2024.run(Global Derivative Datewise 2024:37)
	at com.kms.katalon.core.main.ScriptEngine.run(ScriptEngine.java:194)
	at com.kms.katalon.core.main.ScriptEngine.runScriptAsRawText(ScriptEngine.java:119)
	at com.kms.katalon.core.main.TestCaseExecutor.runScript(TestCaseExecutor.java:448)
	at com.kms.katalon.core.main.TestCaseExecutor.doExecute(TestCaseExecutor.java:439)
	at com.kms.katalon.core.main.TestCaseExecutor.processExecutionPhase(TestCaseExecutor.java:418)
	at com.kms.katalon.core.main.TestCaseExecutor.accessMainPhase(TestCaseExecutor.java:410)
	at com.kms.katalon.core.main.TestCaseExecutor.execute(TestCaseExecutor.java:285)
	at com.kms.katalon.core.common.CommonExecutor.accessTestCaseMainPhase(CommonExecutor.java:65)
	at com.kms.katalon.core.main.TestSuiteExecutor.accessTestSuiteMainPhase(TestSuiteExecutor.java:150)
	at com.kms.katalon.core.main.TestSuiteExecutor.execute(TestSuiteExecutor.java:106)
	at com.kms.katalon.core.main.TestCaseMain.startTestSuite(TestCaseMain.java:180)
	at TempTestSuite1726135123204.run(TempTestSuite1726135123204.groovy:35)
	at java.base/jdk.internal.reflect.NativeMethodAccessorImpl.invoke0(Native Method)
	at java.base/jdk.internal.reflect.NativeMethodAccessorImpl.invoke(NativeMethodAccessorImpl.java:77)
	at java.base/jdk.internal.reflect.DelegatingMethodAccessorImpl.invoke(DelegatingMethodAccessorImpl.java:43)
Caused by: com.kms.katalon.core.exception.StepFailedException: Object Object Repository/LoginRepo/Global Share Verify not found
	at com.kms.katalon.core.mobile.keyword.internal.MobileKeywordMain.stepFailed(MobileKeywordMain.groovy:38)
	at com.kms.katalon.core.mobile.keyword.builtin.GetTextKeyword$_getText_closure1.doCall(GetTextKeyword.groovy:45)
	at com.kms.katalon.core.mobile.keyword.builtin.GetTextKeyword$_getText_closure1.call(GetTextKeyword.groovy)
	at com.kms.katalon.core.mobile.keyword.internal.MobileKeywordMain.runKeyword(MobileKeywordMain.groovy:19)
	... 20 more


12-09-2024T15:46:12 - [TEST_STEP][PASSED] - callTestCase(findTestCase("Test Cases/Login/Login"), null, STOP_ON_FAILURE): Call Test Case 'Test Cases/Login/Login' successfully

12-09-2024T15:46:12 - [TEST_CASE][PASSED] - Test Cases/Login/Login: Test Cases/Login/Login

12-09-2024T15:46:12 - [TEST_STEP][PASSED] - projectDir = getProjectDir(): null

12-09-2024T15:46:12 - [TEST_STEP][PASSED] - startApplication(projectDir + "/SpaceApp/SpaceApp_1.0.34.55_LIVE.apk", true): Started application: 'C:\Users\Elite66\git\Space-Visual\SpaceApp\SpaceApp_1.0.34.55_LIVE.apk'

12-09-2024T15:46:12 - [MESSAGE][INFO] - Starting application: 'C:\Users\Elite66\git\Space-Visual\SpaceApp\SpaceApp_1.0.34.55_LIVE.apk'

12-09-2024T15:46:27 - [MESSAGE][PASSED] - Started application: 'C:\Users\Elite66\git\Space-Visual\SpaceApp\SpaceApp_1.0.34.55_LIVE.apk'

12-09-2024T15:46:27 - [TEST_STEP][PASSED] - delay(5): Delayed 5 second(s)

12-09-2024T15:46:32 - [MESSAGE][PASSED] - Delayed 5 second(s)

12-09-2024T15:46:32 - [TEST_STEP][PASSED] - tap(findTestObject("Object Repository/LoginRepo/click button"), 0): Tapped on element 'Object Repository/LoginRepo/click button'

12-09-2024T15:46:32 - [MESSAGE][WARNING] - Timeout '0' is invalid. Using default page load timeout: '5'

12-09-2024T15:46:32 - [MESSAGE][PASSED] - Tapped on element 'Object Repository/LoginRepo/click button'

12-09-2024T15:46:32 - [TEST_STEP][PASSED] - setText(findTestObject("Object Repository/LoginRepo/Enter id"), "m3903", 0): Text 'm3903' has been set to element 'Object Repository/LoginRepo/Enter id'

12-09-2024T15:46:32 - [MESSAGE][WARNING] - Timeout '0' is invalid. Using default page load timeout: '5'

12-09-2024T15:46:35 - [MESSAGE][PASSED] - Text 'm3903' has been set to element 'Object Repository/LoginRepo/Enter id'

12-09-2024T15:46:35 - [TEST_STEP][PASSED] - setText(findTestObject("Object Repository/LoginRepo/Enter pass"), "Nirav@789", 0): Text 'Nirav@789' has been set to element 'Object Repository/LoginRepo/Enter pass'

12-09-2024T15:46:35 - [MESSAGE][WARNING] - Timeout '0' is invalid. Using default page load timeout: '5'

12-09-2024T15:46:36 - [MESSAGE][PASSED] - Text 'Nirav@789' has been set to element 'Object Repository/LoginRepo/Enter pass'

12-09-2024T15:46:36 - [TEST_STEP][PASSED] - tap(findTestObject("Object Repository/LoginRepo/click login"), 0): Tapped on element 'Object Repository/LoginRepo/click login'

12-09-2024T15:46:36 - [MESSAGE][WARNING] - Timeout '0' is invalid. Using default page load timeout: '5'

12-09-2024T15:46:38 - [MESSAGE][PASSED] - Tapped on element 'Object Repository/LoginRepo/click login'

12-09-2024T15:46:38 - [TEST_STEP][PASSED] - tap(findTestObject("Object Repository/LoginRepo/Enter Pin"), 0): Tapped on element 'Object Repository/LoginRepo/Enter Pin'

12-09-2024T15:46:38 - [MESSAGE][WARNING] - Timeout '0' is invalid. Using default page load timeout: '5'

12-09-2024T15:46:38 - [MESSAGE][PASSED] - Tapped on element 'Object Repository/LoginRepo/Enter Pin'

12-09-2024T15:46:38 - [TEST_STEP][PASSED] - setText(findTestObject("Object Repository/LoginRepo/Enter Pin"), "1234", 0): Text '1234' has been set to element 'Object Repository/LoginRepo/Enter Pin'

12-09-2024T15:46:38 - [MESSAGE][WARNING] - Timeout '0' is invalid. Using default page load timeout: '5'

12-09-2024T15:46:41 - [MESSAGE][PASSED] - Text '1234' has been set to element 'Object Repository/LoginRepo/Enter Pin'

12-09-2024T15:46:41 - [MESSAGE][PASSED] - Call Test Case 'Test Cases/Login/Login' successfully

12-09-2024T15:46:41 - [TEST_STEP][PASSED] - tap(findTestObject("Object Repository/LoginRepo/Report Click"), 0): Tapped on element 'Object Repository/LoginRepo/Report Click'

12-09-2024T15:46:41 - [MESSAGE][WARNING] - Timeout '0' is invalid. Using default page load timeout: '5'

12-09-2024T15:46:43 - [MESSAGE][PASSED] - Tapped on element 'Object Repository/LoginRepo/Report Click'

12-09-2024T15:46:43 - [TEST_STEP][PASSED] - tap(findTestObject("Object Repository/LoginRepo/Global Click"), 0, CONTINUE_ON_FAILURE): Tapped on element 'Object Repository/LoginRepo/Global Click'

12-09-2024T15:46:43 - [MESSAGE][WARNING] - Timeout '0' is invalid. Using default page load timeout: '5'

12-09-2024T15:46:44 - [MESSAGE][PASSED] - Tapped on element 'Object Repository/LoginRepo/Global Click'

12-09-2024T15:46:44 - [TEST_STEP][PASSED] - tap(findTestObject("Object Repository/LoginRepo/Global Equity Click"), 0, CONTINUE_ON_FAILURE): Tapped on element 'Object Repository/LoginRepo/Global Equity Click'

12-09-2024T15:46:44 - [MESSAGE][WARNING] - Timeout '0' is invalid. Using default page load timeout: '5'

12-09-2024T15:46:44 - [MESSAGE][PASSED] - Tapped on element 'Object Repository/LoginRepo/Global Equity Click'

12-09-2024T15:46:44 - [TEST_STEP][PASSED] - tap(findTestObject("Object Repository/LoginRepo/Global Derivative Click"), 0, CONTINUE_ON_FAILURE): Tapped on element 'Object Repository/LoginRepo/Global Derivative Click'

12-09-2024T15:46:44 - [MESSAGE][WARNING] - Timeout '0' is invalid. Using default page load timeout: '5'

12-09-2024T15:46:46 - [MESSAGE][PASSED] - Tapped on element 'Object Repository/LoginRepo/Global Derivative Click'

12-09-2024T15:46:46 - [TEST_STEP][PASSED] - tap(findTestObject("Object Repository/LoginRepo/Global Category"), 0): Tapped on element 'Object Repository/LoginRepo/Global Category'

12-09-2024T15:46:46 - [MESSAGE][WARNING] - Timeout '0' is invalid. Using default page load timeout: '5'

12-09-2024T15:46:46 - [MESSAGE][PASSED] - Tapped on element 'Object Repository/LoginRepo/Global Category'

12-09-2024T15:46:46 - [TEST_STEP][PASSED] - tap(findTestObject("Object Repository/LoginRepo/Global Datewise"), 0): Tapped on element 'Object Repository/LoginRepo/Global Datewise'

12-09-2024T15:46:46 - [MESSAGE][WARNING] - Timeout '0' is invalid. Using default page load timeout: '5'

12-09-2024T15:46:48 - [MESSAGE][PASSED] - Tapped on element 'Object Repository/LoginRepo/Global Datewise'

12-09-2024T15:46:48 - [TEST_STEP][PASSED] - tap(findTestObject("Object Repository/LoginRepo/Ledger-Share"), 0): Tapped on element 'Object Repository/LoginRepo/Ledger-Share'

12-09-2024T15:46:48 - [MESSAGE][WARNING] - Timeout '0' is invalid. Using default page load timeout: '5'

12-09-2024T15:46:49 - [MESSAGE][PASSED] - Tapped on element 'Object Repository/LoginRepo/Ledger-Share'

12-09-2024T15:46:49 - [TEST_STEP][FAILED] - getText(findTestObject("Object Repository/LoginRepo/Global Share Verify"), 0): Failed to get text from element (Root cause: com.kms.katalon.core.exception.StepFailedException: Failed to get text from element
	at com.kms.katalon.core.mobile.keyword.internal.MobileKeywordMain.stepFailed(MobileKeywordMain.groovy:38)
	at com.kms.katalon.core.mobile.keyword.internal.MobileKeywordMain.runKeyword(MobileKeywordMain.groovy:21)
	at com.kms.katalon.core.mobile.keyword.builtin.GetTextKeyword.getText(GetTextKeyword.groovy:51)
	at com.kms.katalon.core.mobile.keyword.builtin.GetTextKeyword.execute(GetTextKeyword.groovy:35)
	at com.kms.katalon.core.keyword.internal.KeywordExecutor.executeKeywordForPlatform(KeywordExecutor.groovy:74)
	at com.kms.katalon.core.mobile.keyword.MobileBuiltInKeywords.getText(MobileBuiltInKeywords.groovy:1274)
	at Global Derivative Datewise 2024.run(Global Derivative Datewise 2024:37)
	at com.kms.katalon.core.main.ScriptEngine.run(ScriptEngine.java:194)
	at com.kms.katalon.core.main.ScriptEngine.runScriptAsRawText(ScriptEngine.java:119)
	at com.kms.katalon.core.main.TestCaseExecutor.runScript(TestCaseExecutor.java:448)
	at com.kms.katalon.core.main.TestCaseExecutor.doExecute(TestCaseExecutor.java:439)
	at com.kms.katalon.core.main.TestCaseExecutor.processExecutionPhase(TestCaseExecutor.java:418)
	at com.kms.katalon.core.main.TestCaseExecutor.accessMainPhase(TestCaseExecutor.java:410)
	at com.kms.katalon.core.main.TestCaseExecutor.execute(TestCaseExecutor.java:285)
	at com.kms.katalon.core.common.CommonExecutor.accessTestCaseMainPhase(CommonExecutor.java:65)
	at com.kms.katalon.core.main.TestSuiteExecutor.accessTestSuiteMainPhase(TestSuiteExecutor.java:150)
	at com.kms.katalon.core.main.TestSuiteExecutor.execute(TestSuiteExecutor.java:106)
	at com.kms.katalon.core.main.TestCaseMain.startTestSuite(TestCaseMain.java:180)
	at TempTestSuite1726135123204.run(TempTestSuite1726135123204.groovy:35)
	at java.base/jdk.internal.reflect.NativeMethodAccessorImpl.invoke0(Native Method)
	at java.base/jdk.internal.reflect.NativeMethodAccessorImpl.invoke(NativeMethodAccessorImpl.java:77)
	at java.base/jdk.internal.reflect.DelegatingMethodAccessorImpl.invoke(DelegatingMethodAccessorImpl.java:43)
Caused by: com.kms.katalon.core.exception.StepFailedException: Object Object Repository/LoginRepo/Global Share Verify not found
	at com.kms.katalon.core.mobile.keyword.internal.MobileKeywordMain.stepFailed(MobileKeywordMain.groovy:38)
	at com.kms.katalon.core.mobile.keyword.builtin.GetTextKeyword$_getText_closure1.doCall(GetTextKeyword.groovy:45)
	at com.kms.katalon.core.mobile.keyword.builtin.GetTextKeyword$_getText_closure1.call(GetTextKeyword.groovy)
	at com.kms.katalon.core.mobile.keyword.internal.MobileKeywordMain.runKeyword(MobileKeywordMain.groovy:19)
	... 20 more
)

12-09-2024T15:46:49 - [MESSAGE][WARNING] - Timeout '0' is invalid. Using default page load timeout: '5'

12-09-2024T15:46:54 - [MESSAGE][FAILED] - Object Object Repository/LoginRepo/Global Share Verify not found (Root cause: com.kms.katalon.core.exception.StepFailedException: Object Object Repository/LoginRepo/Global Share Verify not found
	at com.kms.katalon.core.mobile.keyword.internal.MobileKeywordMain.stepFailed(MobileKeywordMain.groovy:38)
	at com.kms.katalon.core.mobile.keyword.builtin.GetTextKeyword$_getText_closure1.doCall(GetTextKeyword.groovy:45)
	at com.kms.katalon.core.mobile.keyword.builtin.GetTextKeyword$_getText_closure1.call(GetTextKeyword.groovy)
	at com.kms.katalon.core.mobile.keyword.internal.MobileKeywordMain.runKeyword(MobileKeywordMain.groovy:19)
	at com.kms.katalon.core.mobile.keyword.builtin.GetTextKeyword.getText(GetTextKeyword.groovy:51)
	at com.kms.katalon.core.mobile.keyword.builtin.GetTextKeyword.execute(GetTextKeyword.groovy:35)
	at com.kms.katalon.core.keyword.internal.KeywordExecutor.executeKeywordForPlatform(KeywordExecutor.groovy:74)
	at com.kms.katalon.core.mobile.keyword.MobileBuiltInKeywords.getText(MobileBuiltInKeywords.groovy:1274)
	at Global Derivative Datewise 2024.run(Global Derivative Datewise 2024:37)
	at com.kms.katalon.core.main.ScriptEngine.run(ScriptEngine.java:194)
	at com.kms.katalon.core.main.ScriptEngine.runScriptAsRawText(ScriptEngine.java:119)
	at com.kms.katalon.core.main.TestCaseExecutor.runScript(TestCaseExecutor.java:448)
	at com.kms.katalon.core.main.TestCaseExecutor.doExecute(TestCaseExecutor.java:439)
	at com.kms.katalon.core.main.TestCaseExecutor.processExecutionPhase(TestCaseExecutor.java:418)
	at com.kms.katalon.core.main.TestCaseExecutor.accessMainPhase(TestCaseExecutor.java:410)
	at com.kms.katalon.core.main.TestCaseExecutor.execute(TestCaseExecutor.java:285)
	at com.kms.katalon.core.common.CommonExecutor.accessTestCaseMainPhase(CommonExecutor.java:65)
	at com.kms.katalon.core.main.TestSuiteExecutor.accessTestSuiteMainPhase(TestSuiteExecutor.java:150)
	at com.kms.katalon.core.main.TestSuiteExecutor.execute(TestSuiteExecutor.java:106)
	at com.kms.katalon.core.main.TestCaseMain.startTestSuite(TestCaseMain.java:180)
	at TempTestSuite1726135123204.run(TempTestSuite1726135123204.groovy:35)
	at java.base/jdk.internal.reflect.NativeMethodAccessorImpl.invoke0(Native Method)
	at java.base/jdk.internal.reflect.NativeMethodAccessorImpl.invoke(NativeMethodAccessorImpl.java:77)
	at java.base/jdk.internal.reflect.DelegatingMethodAccessorImpl.invoke(DelegatingMethodAccessorImpl.java:43)
)
[[ATTACHMENT|C:\\Users\\Elite66\\git\\Space-Visual\\Reports\\20240912_152843\\5 Sec\\20240912_152843\\1726136214092.png]]

12-09-2024T15:46:54 - [MESSAGE][FAILED] - Failed to get text from element (Root cause: com.kms.katalon.core.exception.StepFailedException: Failed to get text from element
	at com.kms.katalon.core.mobile.keyword.internal.MobileKeywordMain.stepFailed(MobileKeywordMain.groovy:38)
	at com.kms.katalon.core.mobile.keyword.internal.MobileKeywordMain.runKeyword(MobileKeywordMain.groovy:21)
	at com.kms.katalon.core.mobile.keyword.builtin.GetTextKeyword.getText(GetTextKeyword.groovy:51)
	at com.kms.katalon.core.mobile.keyword.builtin.GetTextKeyword.execute(GetTextKeyword.groovy:35)
	at com.kms.katalon.core.keyword.internal.KeywordExecutor.executeKeywordForPlatform(KeywordExecutor.groovy:74)
	at com.kms.katalon.core.mobile.keyword.MobileBuiltInKeywords.getText(MobileBuiltInKeywords.groovy:1274)
	at Global Derivative Datewise 2024.run(Global Derivative Datewise 2024:37)
	at com.kms.katalon.core.main.ScriptEngine.run(ScriptEngine.java:194)
	at com.kms.katalon.core.main.ScriptEngine.runScriptAsRawText(ScriptEngine.java:119)
	at com.kms.katalon.core.main.TestCaseExecutor.runScript(TestCaseExecutor.java:448)
	at com.kms.katalon.core.main.TestCaseExecutor.doExecute(TestCaseExecutor.java:439)
	at com.kms.katalon.core.main.TestCaseExecutor.processExecutionPhase(TestCaseExecutor.java:418)
	at com.kms.katalon.core.main.TestCaseExecutor.accessMainPhase(TestCaseExecutor.java:410)
	at com.kms.katalon.core.main.TestCaseExecutor.execute(TestCaseExecutor.java:285)
	at com.kms.katalon.core.common.CommonExecutor.accessTestCaseMainPhase(CommonExecutor.java:65)
	at com.kms.katalon.core.main.TestSuiteExecutor.accessTestSuiteMainPhase(TestSuiteExecutor.java:150)
	at com.kms.katalon.core.main.TestSuiteExecutor.execute(TestSuiteExecutor.java:106)
	at com.kms.katalon.core.main.TestCaseMain.startTestSuite(TestCaseMain.java:180)
	at TempTestSuite1726135123204.run(TempTestSuite1726135123204.groovy:35)
	at java.base/jdk.internal.reflect.NativeMethodAccessorImpl.invoke0(Native Method)
	at java.base/jdk.internal.reflect.NativeMethodAccessorImpl.invoke(NativeMethodAccessorImpl.java:77)
	at java.base/jdk.internal.reflect.DelegatingMethodAccessorImpl.invoke(DelegatingMethodAccessorImpl.java:43)
Caused by: com.kms.katalon.core.exception.StepFailedException: Object Object Repository/LoginRepo/Global Share Verify not found
	at com.kms.katalon.core.mobile.keyword.internal.MobileKeywordMain.stepFailed(MobileKeywordMain.groovy:38)
	at com.kms.katalon.core.mobile.keyword.builtin.GetTextKeyword$_getText_closure1.doCall(GetTextKeyword.groovy:45)
	at com.kms.katalon.core.mobile.keyword.builtin.GetTextKeyword$_getText_closure1.call(GetTextKeyword.groovy)
	at com.kms.katalon.core.mobile.keyword.internal.MobileKeywordMain.runKeyword(MobileKeywordMain.groovy:19)
	... 20 more
)
[[ATTACHMENT|C:\\Users\\Elite66\\git\\Space-Visual\\Reports\\20240912_152843\\5 Sec\\20240912_152843\\1726136214458.png]]]]></system-out>
         <system-err><![CDATA[12-09-2024T15:46:12 - [TEST_CASE][FAILED] - Test Cases/Global Report/Global Derivative Datewise 2024: Test Cases/Global Report/Global Derivative Datewise 2024 FAILED.
Reason:
com.kms.katalon.core.exception.StepFailedException: Failed to get text from element
	at com.kms.katalon.core.mobile.keyword.internal.MobileKeywordMain.stepFailed(MobileKeywordMain.groovy:38)
	at com.kms.katalon.core.mobile.keyword.internal.MobileKeywordMain.runKeyword(MobileKeywordMain.groovy:21)
	at com.kms.katalon.core.mobile.keyword.builtin.GetTextKeyword.getText(GetTextKeyword.groovy:51)
	at com.kms.katalon.core.mobile.keyword.builtin.GetTextKeyword.execute(GetTextKeyword.groovy:35)
	at com.kms.katalon.core.keyword.internal.KeywordExecutor.executeKeywordForPlatform(KeywordExecutor.groovy:74)
	at com.kms.katalon.core.mobile.keyword.MobileBuiltInKeywords.getText(MobileBuiltInKeywords.groovy:1274)
	at Global Derivative Datewise 2024.run(Global Derivative Datewise 2024:37)
	at com.kms.katalon.core.main.ScriptEngine.run(ScriptEngine.java:194)
	at com.kms.katalon.core.main.ScriptEngine.runScriptAsRawText(ScriptEngine.java:119)
	at com.kms.katalon.core.main.TestCaseExecutor.runScript(TestCaseExecutor.java:448)
	at com.kms.katalon.core.main.TestCaseExecutor.doExecute(TestCaseExecutor.java:439)
	at com.kms.katalon.core.main.TestCaseExecutor.processExecutionPhase(TestCaseExecutor.java:418)
	at com.kms.katalon.core.main.TestCaseExecutor.accessMainPhase(TestCaseExecutor.java:410)
	at com.kms.katalon.core.main.TestCaseExecutor.execute(TestCaseExecutor.java:285)
	at com.kms.katalon.core.common.CommonExecutor.accessTestCaseMainPhase(CommonExecutor.java:65)
	at com.kms.katalon.core.main.TestSuiteExecutor.accessTestSuiteMainPhase(TestSuiteExecutor.java:150)
	at com.kms.katalon.core.main.TestSuiteExecutor.execute(TestSuiteExecutor.java:106)
	at com.kms.katalon.core.main.TestCaseMain.startTestSuite(TestCaseMain.java:180)
	at TempTestSuite1726135123204.run(TempTestSuite1726135123204.groovy:35)
	at java.base/jdk.internal.reflect.NativeMethodAccessorImpl.invoke0(Native Method)
	at java.base/jdk.internal.reflect.NativeMethodAccessorImpl.invoke(NativeMethodAccessorImpl.java:77)
	at java.base/jdk.internal.reflect.DelegatingMethodAccessorImpl.invoke(DelegatingMethodAccessorImpl.java:43)
Caused by: com.kms.katalon.core.exception.StepFailedException: Object Object Repository/LoginRepo/Global Share Verify not found
	at com.kms.katalon.core.mobile.keyword.internal.MobileKeywordMain.stepFailed(MobileKeywordMain.groovy:38)
	at com.kms.katalon.core.mobile.keyword.builtin.GetTextKeyword$_getText_closure1.doCall(GetTextKeyword.groovy:45)
	at com.kms.katalon.core.mobile.keyword.builtin.GetTextKeyword$_getText_closure1.call(GetTextKeyword.groovy)
	at com.kms.katalon.core.mobile.keyword.internal.MobileKeywordMain.runKeyword(MobileKeywordMain.groovy:19)
	... 20 more]]></system-err>
      </testcase>
      <testcase name="Test Cases/Global Report/Global Derivative Datewise 2023" time="44.78" classname="Test Cases/Global Report/Global Derivative Datewise 2023" status="FAILED">
         <failure type="FAILED" message="Test Cases/Global Report/Global Derivative Datewise 2023 FAILED.&#xa;Reason:&#xa;com.kms.katalon.core.exception.StepFailedException: Failed to get text from element&#xa;	at com.kms.katalon.core.mobile.keyword.internal.MobileKeywordMain.stepFailed(MobileKeywordMain.groovy:38)&#xa;	at com.kms.katalon.core.mobile.keyword.internal.MobileKeywordMain.runKeyword(MobileKeywordMain.groovy:21)&#xa;	at com.kms.katalon.core.mobile.keyword.builtin.GetTextKeyword.getText(GetTextKeyword.groovy:51)&#xa;	at com.kms.katalon.core.mobile.keyword.builtin.GetTextKeyword.execute(GetTextKeyword.groovy:35)&#xa;	at com.kms.katalon.core.keyword.internal.KeywordExecutor.executeKeywordForPlatform(KeywordExecutor.groovy:74)&#xa;	at com.kms.katalon.core.mobile.keyword.MobileBuiltInKeywords.getText(MobileBuiltInKeywords.groovy:1274)&#xa;	at Global Derivative Datewise 2023.run(Global Derivative Datewise 2023:41)&#xa;	at com.kms.katalon.core.main.ScriptEngine.run(ScriptEngine.java:194)&#xa;	at com.kms.katalon.core.main.ScriptEngine.runScriptAsRawText(ScriptEngine.java:119)&#xa;	at com.kms.katalon.core.main.TestCaseExecutor.runScript(TestCaseExecutor.java:448)&#xa;	at com.kms.katalon.core.main.TestCaseExecutor.doExecute(TestCaseExecutor.java:439)&#xa;	at com.kms.katalon.core.main.TestCaseExecutor.processExecutionPhase(TestCaseExecutor.java:418)&#xa;	at com.kms.katalon.core.main.TestCaseExecutor.accessMainPhase(TestCaseExecutor.java:410)&#xa;	at com.kms.katalon.core.main.TestCaseExecutor.execute(TestCaseExecutor.java:285)&#xa;	at com.kms.katalon.core.common.CommonExecutor.accessTestCaseMainPhase(CommonExecutor.java:65)&#xa;	at com.kms.katalon.core.main.TestSuiteExecutor.accessTestSuiteMainPhase(TestSuiteExecutor.java:150)&#xa;	at com.kms.katalon.core.main.TestSuiteExecutor.execute(TestSuiteExecutor.java:106)&#xa;	at com.kms.katalon.core.main.TestCaseMain.startTestSuite(TestCaseMain.java:180)&#xa;	at TempTestSuite1726135123204.run(TempTestSuite1726135123204.groovy:35)&#xa;	at java.base/jdk.internal.reflect.NativeMethodAccessorImpl.invoke0(Native Method)&#xa;	at java.base/jdk.internal.reflect.NativeMethodAccessorImpl.invoke(NativeMethodAccessorImpl.java:77)&#xa;	at java.base/jdk.internal.reflect.DelegatingMethodAccessorImpl.invoke(DelegatingMethodAccessorImpl.java:43)&#xa;Caused by: com.kms.katalon.core.exception.StepFailedException: Object Object Repository/LoginRepo/Global Share Verify not found&#xa;	at com.kms.katalon.core.mobile.keyword.internal.MobileKeywordMain.stepFailed(MobileKeywordMain.groovy:38)&#xa;	at com.kms.katalon.core.mobile.keyword.builtin.GetTextKeyword$_getText_closure1.doCall(GetTextKeyword.groovy:45)&#xa;	at com.kms.katalon.core.mobile.keyword.builtin.GetTextKeyword$_getText_closure1.call(GetTextKeyword.groovy)&#xa;	at com.kms.katalon.core.mobile.keyword.internal.MobileKeywordMain.runKeyword(MobileKeywordMain.groovy:19)&#xa;	... 20 more&#xa;"/>
         <system-out><![CDATA[12-09-2024T15:46:54 - [TEST_CASE][FAILED] - Test Cases/Global Report/Global Derivative Datewise 2023: Test Cases/Global Report/Global Derivative Datewise 2023 FAILED.
Reason:
com.kms.katalon.core.exception.StepFailedException: Failed to get text from element
	at com.kms.katalon.core.mobile.keyword.internal.MobileKeywordMain.stepFailed(MobileKeywordMain.groovy:38)
	at com.kms.katalon.core.mobile.keyword.internal.MobileKeywordMain.runKeyword(MobileKeywordMain.groovy:21)
	at com.kms.katalon.core.mobile.keyword.builtin.GetTextKeyword.getText(GetTextKeyword.groovy:51)
	at com.kms.katalon.core.mobile.keyword.builtin.GetTextKeyword.execute(GetTextKeyword.groovy:35)
	at com.kms.katalon.core.keyword.internal.KeywordExecutor.executeKeywordForPlatform(KeywordExecutor.groovy:74)
	at com.kms.katalon.core.mobile.keyword.MobileBuiltInKeywords.getText(MobileBuiltInKeywords.groovy:1274)
	at Global Derivative Datewise 2023.run(Global Derivative Datewise 2023:41)
	at com.kms.katalon.core.main.ScriptEngine.run(ScriptEngine.java:194)
	at com.kms.katalon.core.main.ScriptEngine.runScriptAsRawText(ScriptEngine.java:119)
	at com.kms.katalon.core.main.TestCaseExecutor.runScript(TestCaseExecutor.java:448)
	at com.kms.katalon.core.main.TestCaseExecutor.doExecute(TestCaseExecutor.java:439)
	at com.kms.katalon.core.main.TestCaseExecutor.processExecutionPhase(TestCaseExecutor.java:418)
	at com.kms.katalon.core.main.TestCaseExecutor.accessMainPhase(TestCaseExecutor.java:410)
	at com.kms.katalon.core.main.TestCaseExecutor.execute(TestCaseExecutor.java:285)
	at com.kms.katalon.core.common.CommonExecutor.accessTestCaseMainPhase(CommonExecutor.java:65)
	at com.kms.katalon.core.main.TestSuiteExecutor.accessTestSuiteMainPhase(TestSuiteExecutor.java:150)
	at com.kms.katalon.core.main.TestSuiteExecutor.execute(TestSuiteExecutor.java:106)
	at com.kms.katalon.core.main.TestCaseMain.startTestSuite(TestCaseMain.java:180)
	at TempTestSuite1726135123204.run(TempTestSuite1726135123204.groovy:35)
	at java.base/jdk.internal.reflect.NativeMethodAccessorImpl.invoke0(Native Method)
	at java.base/jdk.internal.reflect.NativeMethodAccessorImpl.invoke(NativeMethodAccessorImpl.java:77)
	at java.base/jdk.internal.reflect.DelegatingMethodAccessorImpl.invoke(DelegatingMethodAccessorImpl.java:43)
Caused by: com.kms.katalon.core.exception.StepFailedException: Object Object Repository/LoginRepo/Global Share Verify not found
	at com.kms.katalon.core.mobile.keyword.internal.MobileKeywordMain.stepFailed(MobileKeywordMain.groovy:38)
	at com.kms.katalon.core.mobile.keyword.builtin.GetTextKeyword$_getText_closure1.doCall(GetTextKeyword.groovy:45)
	at com.kms.katalon.core.mobile.keyword.builtin.GetTextKeyword$_getText_closure1.call(GetTextKeyword.groovy)
	at com.kms.katalon.core.mobile.keyword.internal.MobileKeywordMain.runKeyword(MobileKeywordMain.groovy:19)
	... 20 more


12-09-2024T15:46:54 - [TEST_STEP][PASSED] - callTestCase(findTestCase("Test Cases/Login/Login"), null, STOP_ON_FAILURE): Call Test Case 'Test Cases/Login/Login' successfully

12-09-2024T15:46:54 - [TEST_CASE][PASSED] - Test Cases/Login/Login: Test Cases/Login/Login

12-09-2024T15:46:54 - [TEST_STEP][PASSED] - projectDir = getProjectDir(): null

12-09-2024T15:46:54 - [TEST_STEP][PASSED] - startApplication(projectDir + "/SpaceApp/SpaceApp_1.0.34.55_LIVE.apk", true): Started application: 'C:\Users\Elite66\git\Space-Visual\SpaceApp\SpaceApp_1.0.34.55_LIVE.apk'

12-09-2024T15:46:54 - [MESSAGE][INFO] - Starting application: 'C:\Users\Elite66\git\Space-Visual\SpaceApp\SpaceApp_1.0.34.55_LIVE.apk'

12-09-2024T15:47:09 - [MESSAGE][PASSED] - Started application: 'C:\Users\Elite66\git\Space-Visual\SpaceApp\SpaceApp_1.0.34.55_LIVE.apk'

12-09-2024T15:47:09 - [TEST_STEP][PASSED] - delay(5): Delayed 5 second(s)

12-09-2024T15:47:14 - [MESSAGE][PASSED] - Delayed 5 second(s)

12-09-2024T15:47:14 - [TEST_STEP][PASSED] - tap(findTestObject("Object Repository/LoginRepo/click button"), 0): Tapped on element 'Object Repository/LoginRepo/click button'

12-09-2024T15:47:14 - [MESSAGE][WARNING] - Timeout '0' is invalid. Using default page load timeout: '5'

12-09-2024T15:47:15 - [MESSAGE][PASSED] - Tapped on element 'Object Repository/LoginRepo/click button'

12-09-2024T15:47:15 - [TEST_STEP][PASSED] - setText(findTestObject("Object Repository/LoginRepo/Enter id"), "m3903", 0): Text 'm3903' has been set to element 'Object Repository/LoginRepo/Enter id'

12-09-2024T15:47:15 - [MESSAGE][WARNING] - Timeout '0' is invalid. Using default page load timeout: '5'

12-09-2024T15:47:17 - [MESSAGE][PASSED] - Text 'm3903' has been set to element 'Object Repository/LoginRepo/Enter id'

12-09-2024T15:47:17 - [TEST_STEP][PASSED] - setText(findTestObject("Object Repository/LoginRepo/Enter pass"), "Nirav@789", 0): Text 'Nirav@789' has been set to element 'Object Repository/LoginRepo/Enter pass'

12-09-2024T15:47:17 - [MESSAGE][WARNING] - Timeout '0' is invalid. Using default page load timeout: '5'

12-09-2024T15:47:18 - [MESSAGE][PASSED] - Text 'Nirav@789' has been set to element 'Object Repository/LoginRepo/Enter pass'

12-09-2024T15:47:18 - [TEST_STEP][PASSED] - tap(findTestObject("Object Repository/LoginRepo/click login"), 0): Tapped on element 'Object Repository/LoginRepo/click login'

12-09-2024T15:47:18 - [MESSAGE][WARNING] - Timeout '0' is invalid. Using default page load timeout: '5'

12-09-2024T15:47:19 - [MESSAGE][PASSED] - Tapped on element 'Object Repository/LoginRepo/click login'

12-09-2024T15:47:19 - [TEST_STEP][PASSED] - tap(findTestObject("Object Repository/LoginRepo/Enter Pin"), 0): Tapped on element 'Object Repository/LoginRepo/Enter Pin'

12-09-2024T15:47:19 - [MESSAGE][WARNING] - Timeout '0' is invalid. Using default page load timeout: '5'

12-09-2024T15:47:21 - [MESSAGE][PASSED] - Tapped on element 'Object Repository/LoginRepo/Enter Pin'

12-09-2024T15:47:21 - [TEST_STEP][PASSED] - setText(findTestObject("Object Repository/LoginRepo/Enter Pin"), "1234", 0): Text '1234' has been set to element 'Object Repository/LoginRepo/Enter Pin'

12-09-2024T15:47:21 - [MESSAGE][WARNING] - Timeout '0' is invalid. Using default page load timeout: '5'

12-09-2024T15:47:23 - [MESSAGE][PASSED] - Text '1234' has been set to element 'Object Repository/LoginRepo/Enter Pin'

12-09-2024T15:47:23 - [MESSAGE][PASSED] - Call Test Case 'Test Cases/Login/Login' successfully

12-09-2024T15:47:23 - [TEST_STEP][PASSED] - tap(findTestObject("Object Repository/LoginRepo/Report Click"), 0): Tapped on element 'Object Repository/LoginRepo/Report Click'

12-09-2024T15:47:23 - [MESSAGE][WARNING] - Timeout '0' is invalid. Using default page load timeout: '5'

12-09-2024T15:47:25 - [MESSAGE][PASSED] - Tapped on element 'Object Repository/LoginRepo/Report Click'

12-09-2024T15:47:25 - [TEST_STEP][PASSED] - tap(findTestObject("Object Repository/LoginRepo/Global Click"), 0, CONTINUE_ON_FAILURE): Tapped on element 'Object Repository/LoginRepo/Global Click'

12-09-2024T15:47:25 - [MESSAGE][WARNING] - Timeout '0' is invalid. Using default page load timeout: '5'

12-09-2024T15:47:27 - [MESSAGE][PASSED] - Tapped on element 'Object Repository/LoginRepo/Global Click'

12-09-2024T15:47:27 - [TEST_STEP][PASSED] - tap(findTestObject("Object Repository/LoginRepo/Global Equity Click"), 0, CONTINUE_ON_FAILURE): Tapped on element 'Object Repository/LoginRepo/Global Equity Click'

12-09-2024T15:47:27 - [MESSAGE][WARNING] - Timeout '0' is invalid. Using default page load timeout: '5'

12-09-2024T15:47:27 - [MESSAGE][PASSED] - Tapped on element 'Object Repository/LoginRepo/Global Equity Click'

12-09-2024T15:47:27 - [TEST_STEP][PASSED] - tap(findTestObject("Object Repository/LoginRepo/Global Derivative Click"), 0, CONTINUE_ON_FAILURE): Tapped on element 'Object Repository/LoginRepo/Global Derivative Click'

12-09-2024T15:47:27 - [MESSAGE][WARNING] - Timeout '0' is invalid. Using default page load timeout: '5'

12-09-2024T15:47:29 - [MESSAGE][PASSED] - Tapped on element 'Object Repository/LoginRepo/Global Derivative Click'

12-09-2024T15:47:29 - [TEST_STEP][PASSED] - tap(findTestObject("Object Repository/LoginRepo/Global Category"), 0): Tapped on element 'Object Repository/LoginRepo/Global Category'

12-09-2024T15:47:29 - [MESSAGE][WARNING] - Timeout '0' is invalid. Using default page load timeout: '5'

12-09-2024T15:47:29 - [MESSAGE][PASSED] - Tapped on element 'Object Repository/LoginRepo/Global Category'

12-09-2024T15:47:29 - [TEST_STEP][PASSED] - tap(findTestObject("Object Repository/LoginRepo/Global Datewise"), 0): Tapped on element 'Object Repository/LoginRepo/Global Datewise'

12-09-2024T15:47:29 - [MESSAGE][WARNING] - Timeout '0' is invalid. Using default page load timeout: '5'

12-09-2024T15:47:31 - [MESSAGE][PASSED] - Tapped on element 'Object Repository/LoginRepo/Global Datewise'

12-09-2024T15:47:31 - [TEST_STEP][PASSED] - tap(findTestObject("Object Repository/LoginRepo/Ledger-2024-2025"), 0, CONTINUE_ON_FAILURE): Tapped on element 'Object Repository/LoginRepo/Ledger-2024-2025'

12-09-2024T15:47:31 - [MESSAGE][WARNING] - Timeout '0' is invalid. Using default page load timeout: '5'

12-09-2024T15:47:31 - [MESSAGE][PASSED] - Tapped on element 'Object Repository/LoginRepo/Ledger-2024-2025'

12-09-2024T15:47:31 - [TEST_STEP][PASSED] - tap(findTestObject("Object Repository/LoginRepo/Ledger-2023-2024"), 0, CONTINUE_ON_FAILURE): Tapped on element 'Object Repository/LoginRepo/Ledger-2023-2024'

12-09-2024T15:47:31 - [MESSAGE][WARNING] - Timeout '0' is invalid. Using default page load timeout: '5'

12-09-2024T15:47:33 - [MESSAGE][PASSED] - Tapped on element 'Object Repository/LoginRepo/Ledger-2023-2024'

12-09-2024T15:47:33 - [TEST_STEP][PASSED] - tap(findTestObject("Object Repository/LoginRepo/Ledger-Share"), 0): Tapped on element 'Object Repository/LoginRepo/Ledger-Share'

12-09-2024T15:47:33 - [MESSAGE][WARNING] - Timeout '0' is invalid. Using default page load timeout: '5'

12-09-2024T15:47:33 - [MESSAGE][PASSED] - Tapped on element 'Object Repository/LoginRepo/Ledger-Share'

12-09-2024T15:47:33 - [TEST_STEP][FAILED] - getText(findTestObject("Object Repository/LoginRepo/Global Share Verify"), 0): Failed to get text from element (Root cause: com.kms.katalon.core.exception.StepFailedException: Failed to get text from element
	at com.kms.katalon.core.mobile.keyword.internal.MobileKeywordMain.stepFailed(MobileKeywordMain.groovy:38)
	at com.kms.katalon.core.mobile.keyword.internal.MobileKeywordMain.runKeyword(MobileKeywordMain.groovy:21)
	at com.kms.katalon.core.mobile.keyword.builtin.GetTextKeyword.getText(GetTextKeyword.groovy:51)
	at com.kms.katalon.core.mobile.keyword.builtin.GetTextKeyword.execute(GetTextKeyword.groovy:35)
	at com.kms.katalon.core.keyword.internal.KeywordExecutor.executeKeywordForPlatform(KeywordExecutor.groovy:74)
	at com.kms.katalon.core.mobile.keyword.MobileBuiltInKeywords.getText(MobileBuiltInKeywords.groovy:1274)
	at Global Derivative Datewise 2023.run(Global Derivative Datewise 2023:41)
	at com.kms.katalon.core.main.ScriptEngine.run(ScriptEngine.java:194)
	at com.kms.katalon.core.main.ScriptEngine.runScriptAsRawText(ScriptEngine.java:119)
	at com.kms.katalon.core.main.TestCaseExecutor.runScript(TestCaseExecutor.java:448)
	at com.kms.katalon.core.main.TestCaseExecutor.doExecute(TestCaseExecutor.java:439)
	at com.kms.katalon.core.main.TestCaseExecutor.processExecutionPhase(TestCaseExecutor.java:418)
	at com.kms.katalon.core.main.TestCaseExecutor.accessMainPhase(TestCaseExecutor.java:410)
	at com.kms.katalon.core.main.TestCaseExecutor.execute(TestCaseExecutor.java:285)
	at com.kms.katalon.core.common.CommonExecutor.accessTestCaseMainPhase(CommonExecutor.java:65)
	at com.kms.katalon.core.main.TestSuiteExecutor.accessTestSuiteMainPhase(TestSuiteExecutor.java:150)
	at com.kms.katalon.core.main.TestSuiteExecutor.execute(TestSuiteExecutor.java:106)
	at com.kms.katalon.core.main.TestCaseMain.startTestSuite(TestCaseMain.java:180)
	at TempTestSuite1726135123204.run(TempTestSuite1726135123204.groovy:35)
	at java.base/jdk.internal.reflect.NativeMethodAccessorImpl.invoke0(Native Method)
	at java.base/jdk.internal.reflect.NativeMethodAccessorImpl.invoke(NativeMethodAccessorImpl.java:77)
	at java.base/jdk.internal.reflect.DelegatingMethodAccessorImpl.invoke(DelegatingMethodAccessorImpl.java:43)
Caused by: com.kms.katalon.core.exception.StepFailedException: Object Object Repository/LoginRepo/Global Share Verify not found
	at com.kms.katalon.core.mobile.keyword.internal.MobileKeywordMain.stepFailed(MobileKeywordMain.groovy:38)
	at com.kms.katalon.core.mobile.keyword.builtin.GetTextKeyword$_getText_closure1.doCall(GetTextKeyword.groovy:45)
	at com.kms.katalon.core.mobile.keyword.builtin.GetTextKeyword$_getText_closure1.call(GetTextKeyword.groovy)
	at com.kms.katalon.core.mobile.keyword.internal.MobileKeywordMain.runKeyword(MobileKeywordMain.groovy:19)
	... 20 more
)

12-09-2024T15:47:33 - [MESSAGE][WARNING] - Timeout '0' is invalid. Using default page load timeout: '5'

12-09-2024T15:47:39 - [MESSAGE][FAILED] - Object Object Repository/LoginRepo/Global Share Verify not found (Root cause: com.kms.katalon.core.exception.StepFailedException: Object Object Repository/LoginRepo/Global Share Verify not found
	at com.kms.katalon.core.mobile.keyword.internal.MobileKeywordMain.stepFailed(MobileKeywordMain.groovy:38)
	at com.kms.katalon.core.mobile.keyword.builtin.GetTextKeyword$_getText_closure1.doCall(GetTextKeyword.groovy:45)
	at com.kms.katalon.core.mobile.keyword.builtin.GetTextKeyword$_getText_closure1.call(GetTextKeyword.groovy)
	at com.kms.katalon.core.mobile.keyword.internal.MobileKeywordMain.runKeyword(MobileKeywordMain.groovy:19)
	at com.kms.katalon.core.mobile.keyword.builtin.GetTextKeyword.getText(GetTextKeyword.groovy:51)
	at com.kms.katalon.core.mobile.keyword.builtin.GetTextKeyword.execute(GetTextKeyword.groovy:35)
	at com.kms.katalon.core.keyword.internal.KeywordExecutor.executeKeywordForPlatform(KeywordExecutor.groovy:74)
	at com.kms.katalon.core.mobile.keyword.MobileBuiltInKeywords.getText(MobileBuiltInKeywords.groovy:1274)
	at Global Derivative Datewise 2023.run(Global Derivative Datewise 2023:41)
	at com.kms.katalon.core.main.ScriptEngine.run(ScriptEngine.java:194)
	at com.kms.katalon.core.main.ScriptEngine.runScriptAsRawText(ScriptEngine.java:119)
	at com.kms.katalon.core.main.TestCaseExecutor.runScript(TestCaseExecutor.java:448)
	at com.kms.katalon.core.main.TestCaseExecutor.doExecute(TestCaseExecutor.java:439)
	at com.kms.katalon.core.main.TestCaseExecutor.processExecutionPhase(TestCaseExecutor.java:418)
	at com.kms.katalon.core.main.TestCaseExecutor.accessMainPhase(TestCaseExecutor.java:410)
	at com.kms.katalon.core.main.TestCaseExecutor.execute(TestCaseExecutor.java:285)
	at com.kms.katalon.core.common.CommonExecutor.accessTestCaseMainPhase(CommonExecutor.java:65)
	at com.kms.katalon.core.main.TestSuiteExecutor.accessTestSuiteMainPhase(TestSuiteExecutor.java:150)
	at com.kms.katalon.core.main.TestSuiteExecutor.execute(TestSuiteExecutor.java:106)
	at com.kms.katalon.core.main.TestCaseMain.startTestSuite(TestCaseMain.java:180)
	at TempTestSuite1726135123204.run(TempTestSuite1726135123204.groovy:35)
	at java.base/jdk.internal.reflect.NativeMethodAccessorImpl.invoke0(Native Method)
	at java.base/jdk.internal.reflect.NativeMethodAccessorImpl.invoke(NativeMethodAccessorImpl.java:77)
	at java.base/jdk.internal.reflect.DelegatingMethodAccessorImpl.invoke(DelegatingMethodAccessorImpl.java:43)
)
[[ATTACHMENT|C:\\Users\\Elite66\\git\\Space-Visual\\Reports\\20240912_152843\\5 Sec\\20240912_152843\\1726136258930.png]]

12-09-2024T15:47:39 - [MESSAGE][FAILED] - Failed to get text from element (Root cause: com.kms.katalon.core.exception.StepFailedException: Failed to get text from element
	at com.kms.katalon.core.mobile.keyword.internal.MobileKeywordMain.stepFailed(MobileKeywordMain.groovy:38)
	at com.kms.katalon.core.mobile.keyword.internal.MobileKeywordMain.runKeyword(MobileKeywordMain.groovy:21)
	at com.kms.katalon.core.mobile.keyword.builtin.GetTextKeyword.getText(GetTextKeyword.groovy:51)
	at com.kms.katalon.core.mobile.keyword.builtin.GetTextKeyword.execute(GetTextKeyword.groovy:35)
	at com.kms.katalon.core.keyword.internal.KeywordExecutor.executeKeywordForPlatform(KeywordExecutor.groovy:74)
	at com.kms.katalon.core.mobile.keyword.MobileBuiltInKeywords.getText(MobileBuiltInKeywords.groovy:1274)
	at Global Derivative Datewise 2023.run(Global Derivative Datewise 2023:41)
	at com.kms.katalon.core.main.ScriptEngine.run(ScriptEngine.java:194)
	at com.kms.katalon.core.main.ScriptEngine.runScriptAsRawText(ScriptEngine.java:119)
	at com.kms.katalon.core.main.TestCaseExecutor.runScript(TestCaseExecutor.java:448)
	at com.kms.katalon.core.main.TestCaseExecutor.doExecute(TestCaseExecutor.java:439)
	at com.kms.katalon.core.main.TestCaseExecutor.processExecutionPhase(TestCaseExecutor.java:418)
	at com.kms.katalon.core.main.TestCaseExecutor.accessMainPhase(TestCaseExecutor.java:410)
	at com.kms.katalon.core.main.TestCaseExecutor.execute(TestCaseExecutor.java:285)
	at com.kms.katalon.core.common.CommonExecutor.accessTestCaseMainPhase(CommonExecutor.java:65)
	at com.kms.katalon.core.main.TestSuiteExecutor.accessTestSuiteMainPhase(TestSuiteExecutor.java:150)
	at com.kms.katalon.core.main.TestSuiteExecutor.execute(TestSuiteExecutor.java:106)
	at com.kms.katalon.core.main.TestCaseMain.startTestSuite(TestCaseMain.java:180)
	at TempTestSuite1726135123204.run(TempTestSuite1726135123204.groovy:35)
	at java.base/jdk.internal.reflect.NativeMethodAccessorImpl.invoke0(Native Method)
	at java.base/jdk.internal.reflect.NativeMethodAccessorImpl.invoke(NativeMethodAccessorImpl.java:77)
	at java.base/jdk.internal.reflect.DelegatingMethodAccessorImpl.invoke(DelegatingMethodAccessorImpl.java:43)
Caused by: com.kms.katalon.core.exception.StepFailedException: Object Object Repository/LoginRepo/Global Share Verify not found
	at com.kms.katalon.core.mobile.keyword.internal.MobileKeywordMain.stepFailed(MobileKeywordMain.groovy:38)
	at com.kms.katalon.core.mobile.keyword.builtin.GetTextKeyword$_getText_closure1.doCall(GetTextKeyword.groovy:45)
	at com.kms.katalon.core.mobile.keyword.builtin.GetTextKeyword$_getText_closure1.call(GetTextKeyword.groovy)
	at com.kms.katalon.core.mobile.keyword.internal.MobileKeywordMain.runKeyword(MobileKeywordMain.groovy:19)
	... 20 more
)
[[ATTACHMENT|C:\\Users\\Elite66\\git\\Space-Visual\\Reports\\20240912_152843\\5 Sec\\20240912_152843\\1726136259302.png]]]]></system-out>
         <system-err><![CDATA[12-09-2024T15:46:54 - [TEST_CASE][FAILED] - Test Cases/Global Report/Global Derivative Datewise 2023: Test Cases/Global Report/Global Derivative Datewise 2023 FAILED.
Reason:
com.kms.katalon.core.exception.StepFailedException: Failed to get text from element
	at com.kms.katalon.core.mobile.keyword.internal.MobileKeywordMain.stepFailed(MobileKeywordMain.groovy:38)
	at com.kms.katalon.core.mobile.keyword.internal.MobileKeywordMain.runKeyword(MobileKeywordMain.groovy:21)
	at com.kms.katalon.core.mobile.keyword.builtin.GetTextKeyword.getText(GetTextKeyword.groovy:51)
	at com.kms.katalon.core.mobile.keyword.builtin.GetTextKeyword.execute(GetTextKeyword.groovy:35)
	at com.kms.katalon.core.keyword.internal.KeywordExecutor.executeKeywordForPlatform(KeywordExecutor.groovy:74)
	at com.kms.katalon.core.mobile.keyword.MobileBuiltInKeywords.getText(MobileBuiltInKeywords.groovy:1274)
	at Global Derivative Datewise 2023.run(Global Derivative Datewise 2023:41)
	at com.kms.katalon.core.main.ScriptEngine.run(ScriptEngine.java:194)
	at com.kms.katalon.core.main.ScriptEngine.runScriptAsRawText(ScriptEngine.java:119)
	at com.kms.katalon.core.main.TestCaseExecutor.runScript(TestCaseExecutor.java:448)
	at com.kms.katalon.core.main.TestCaseExecutor.doExecute(TestCaseExecutor.java:439)
	at com.kms.katalon.core.main.TestCaseExecutor.processExecutionPhase(TestCaseExecutor.java:418)
	at com.kms.katalon.core.main.TestCaseExecutor.accessMainPhase(TestCaseExecutor.java:410)
	at com.kms.katalon.core.main.TestCaseExecutor.execute(TestCaseExecutor.java:285)
	at com.kms.katalon.core.common.CommonExecutor.accessTestCaseMainPhase(CommonExecutor.java:65)
	at com.kms.katalon.core.main.TestSuiteExecutor.accessTestSuiteMainPhase(TestSuiteExecutor.java:150)
	at com.kms.katalon.core.main.TestSuiteExecutor.execute(TestSuiteExecutor.java:106)
	at com.kms.katalon.core.main.TestCaseMain.startTestSuite(TestCaseMain.java:180)
	at TempTestSuite1726135123204.run(TempTestSuite1726135123204.groovy:35)
	at java.base/jdk.internal.reflect.NativeMethodAccessorImpl.invoke0(Native Method)
	at java.base/jdk.internal.reflect.NativeMethodAccessorImpl.invoke(NativeMethodAccessorImpl.java:77)
	at java.base/jdk.internal.reflect.DelegatingMethodAccessorImpl.invoke(DelegatingMethodAccessorImpl.java:43)
Caused by: com.kms.katalon.core.exception.StepFailedException: Object Object Repository/LoginRepo/Global Share Verify not found
	at com.kms.katalon.core.mobile.keyword.internal.MobileKeywordMain.stepFailed(MobileKeywordMain.groovy:38)
	at com.kms.katalon.core.mobile.keyword.builtin.GetTextKeyword$_getText_closure1.doCall(GetTextKeyword.groovy:45)
	at com.kms.katalon.core.mobile.keyword.builtin.GetTextKeyword$_getText_closure1.call(GetTextKeyword.groovy)
	at com.kms.katalon.core.mobile.keyword.internal.MobileKeywordMain.runKeyword(MobileKeywordMain.groovy:19)
	... 20 more]]></system-err>
      </testcase>
      <testcase name="Test Cases/Tax PL/Tax Currency 2023" time="46.56" classname="Test Cases/Tax PL/Tax Currency 2023" status="PASSED">
         <system-out><![CDATA[12-09-2024T15:47:39 - [TEST_CASE][PASSED] - Test Cases/Tax PL/Tax Currency 2023: Test Cases/Tax PL/Tax Currency 2023

12-09-2024T15:47:39 - [TEST_STEP][PASSED] - callTestCase(findTestCase("Test Cases/Login/Login"), null, STOP_ON_FAILURE): Call Test Case 'Test Cases/Login/Login' successfully

12-09-2024T15:47:39 - [TEST_CASE][PASSED] - Test Cases/Login/Login: Test Cases/Login/Login

12-09-2024T15:47:39 - [TEST_STEP][PASSED] - projectDir = getProjectDir(): null

12-09-2024T15:47:39 - [TEST_STEP][PASSED] - startApplication(projectDir + "/SpaceApp/SpaceApp_1.0.34.55_LIVE.apk", true): Started application: 'C:\Users\Elite66\git\Space-Visual\SpaceApp\SpaceApp_1.0.34.55_LIVE.apk'

12-09-2024T15:47:39 - [MESSAGE][INFO] - Starting application: 'C:\Users\Elite66\git\Space-Visual\SpaceApp\SpaceApp_1.0.34.55_LIVE.apk'

12-09-2024T15:47:54 - [MESSAGE][PASSED] - Started application: 'C:\Users\Elite66\git\Space-Visual\SpaceApp\SpaceApp_1.0.34.55_LIVE.apk'

12-09-2024T15:47:54 - [TEST_STEP][PASSED] - delay(5): Delayed 5 second(s)

12-09-2024T15:47:59 - [MESSAGE][PASSED] - Delayed 5 second(s)

12-09-2024T15:47:59 - [TEST_STEP][PASSED] - tap(findTestObject("Object Repository/LoginRepo/click button"), 0): Tapped on element 'Object Repository/LoginRepo/click button'

12-09-2024T15:47:59 - [MESSAGE][WARNING] - Timeout '0' is invalid. Using default page load timeout: '5'

12-09-2024T15:48:00 - [MESSAGE][PASSED] - Tapped on element 'Object Repository/LoginRepo/click button'

12-09-2024T15:48:00 - [TEST_STEP][PASSED] - setText(findTestObject("Object Repository/LoginRepo/Enter id"), "m3903", 0): Text 'm3903' has been set to element 'Object Repository/LoginRepo/Enter id'

12-09-2024T15:48:00 - [MESSAGE][WARNING] - Timeout '0' is invalid. Using default page load timeout: '5'

12-09-2024T15:48:02 - [MESSAGE][PASSED] - Text 'm3903' has been set to element 'Object Repository/LoginRepo/Enter id'

12-09-2024T15:48:02 - [TEST_STEP][PASSED] - setText(findTestObject("Object Repository/LoginRepo/Enter pass"), "Nirav@789", 0): Text 'Nirav@789' has been set to element 'Object Repository/LoginRepo/Enter pass'

12-09-2024T15:48:02 - [MESSAGE][WARNING] - Timeout '0' is invalid. Using default page load timeout: '5'

12-09-2024T15:48:04 - [MESSAGE][PASSED] - Text 'Nirav@789' has been set to element 'Object Repository/LoginRepo/Enter pass'

12-09-2024T15:48:04 - [TEST_STEP][PASSED] - tap(findTestObject("Object Repository/LoginRepo/click login"), 0): Tapped on element 'Object Repository/LoginRepo/click login'

12-09-2024T15:48:04 - [MESSAGE][WARNING] - Timeout '0' is invalid. Using default page load timeout: '5'

12-09-2024T15:48:05 - [MESSAGE][PASSED] - Tapped on element 'Object Repository/LoginRepo/click login'

12-09-2024T15:48:05 - [TEST_STEP][PASSED] - tap(findTestObject("Object Repository/LoginRepo/Enter Pin"), 0): Tapped on element 'Object Repository/LoginRepo/Enter Pin'

12-09-2024T15:48:05 - [MESSAGE][WARNING] - Timeout '0' is invalid. Using default page load timeout: '5'

12-09-2024T15:48:08 - [MESSAGE][PASSED] - Tapped on element 'Object Repository/LoginRepo/Enter Pin'

12-09-2024T15:48:08 - [TEST_STEP][PASSED] - setText(findTestObject("Object Repository/LoginRepo/Enter Pin"), "1234", 0): Text '1234' has been set to element 'Object Repository/LoginRepo/Enter Pin'

12-09-2024T15:48:08 - [MESSAGE][WARNING] - Timeout '0' is invalid. Using default page load timeout: '5'

12-09-2024T15:48:11 - [MESSAGE][PASSED] - Text '1234' has been set to element 'Object Repository/LoginRepo/Enter Pin'

12-09-2024T15:48:11 - [MESSAGE][PASSED] - Call Test Case 'Test Cases/Login/Login' successfully

12-09-2024T15:48:11 - [TEST_STEP][PASSED] - tap(findTestObject("Object Repository/LoginRepo/Report Click"), 0): Tapped on element 'Object Repository/LoginRepo/Report Click'

12-09-2024T15:48:11 - [MESSAGE][WARNING] - Timeout '0' is invalid. Using default page load timeout: '5'

12-09-2024T15:48:13 - [MESSAGE][PASSED] - Tapped on element 'Object Repository/LoginRepo/Report Click'

12-09-2024T15:48:13 - [TEST_STEP][PASSED] - tap(findTestObject("Object Repository/LoginRepo/Tax Click"), 0, CONTINUE_ON_FAILURE): Tapped on element 'Object Repository/LoginRepo/Tax Click'

12-09-2024T15:48:13 - [MESSAGE][WARNING] - Timeout '0' is invalid. Using default page load timeout: '5'

12-09-2024T15:48:14 - [MESSAGE][PASSED] - Tapped on element 'Object Repository/LoginRepo/Tax Click'

12-09-2024T15:48:14 - [TEST_STEP][PASSED] - tap(findTestObject("Object Repository/LoginRepo/Global Equity Click"), 0, CONTINUE_ON_FAILURE): Tapped on element 'Object Repository/LoginRepo/Global Equity Click'

12-09-2024T15:48:14 - [MESSAGE][WARNING] - Timeout '0' is invalid. Using default page load timeout: '5'

12-09-2024T15:48:15 - [MESSAGE][PASSED] - Tapped on element 'Object Repository/LoginRepo/Global Equity Click'

12-09-2024T15:48:15 - [TEST_STEP][PASSED] - tap(findTestObject("Object Repository/LoginRepo/Tax Currency Click"), 0): Tapped on element 'Object Repository/LoginRepo/Tax Currency Click'

12-09-2024T15:48:15 - [MESSAGE][WARNING] - Timeout '0' is invalid. Using default page load timeout: '5'

12-09-2024T15:48:16 - [MESSAGE][PASSED] - Tapped on element 'Object Repository/LoginRepo/Tax Currency Click'

12-09-2024T15:48:16 - [TEST_STEP][PASSED] - tap(findTestObject("Object Repository/LoginRepo/Ledger-2024-2025"), 0, CONTINUE_ON_FAILURE): Tapped on element 'Object Repository/LoginRepo/Ledger-2024-2025'

12-09-2024T15:48:16 - [MESSAGE][WARNING] - Timeout '0' is invalid. Using default page load timeout: '5'

12-09-2024T15:48:16 - [MESSAGE][PASSED] - Tapped on element 'Object Repository/LoginRepo/Ledger-2024-2025'

12-09-2024T15:48:16 - [TEST_STEP][PASSED] - tap(findTestObject("Object Repository/LoginRepo/Ledger-2023-2024"), 0, CONTINUE_ON_FAILURE): Tapped on element 'Object Repository/LoginRepo/Ledger-2023-2024'

12-09-2024T15:48:16 - [MESSAGE][WARNING] - Timeout '0' is invalid. Using default page load timeout: '5'

12-09-2024T15:48:18 - [MESSAGE][PASSED] - Tapped on element 'Object Repository/LoginRepo/Ledger-2023-2024'

12-09-2024T15:48:18 - [TEST_STEP][PASSED] - tap(findTestObject("Object Repository/LoginRepo/Ledger-Share"), 0): Tapped on element 'Object Repository/LoginRepo/Ledger-Share'

12-09-2024T15:48:18 - [MESSAGE][WARNING] - Timeout '0' is invalid. Using default page load timeout: '5'

12-09-2024T15:48:19 - [MESSAGE][PASSED] - Tapped on element 'Object Repository/LoginRepo/Ledger-Share'

12-09-2024T15:48:19 - [TEST_STEP][PASSED] - tap(findTestObject("Object Repository/LoginRepo/Tax Share Verify"), 0): Tapped on element 'Object Repository/LoginRepo/Tax Share Verify'

12-09-2024T15:48:19 - [MESSAGE][WARNING] - Timeout '0' is invalid. Using default page load timeout: '5'

12-09-2024T15:48:23 - [MESSAGE][PASSED] - Tapped on element 'Object Repository/LoginRepo/Tax Share Verify'

12-09-2024T15:48:23 - [TEST_STEP][PASSED] - tap(findTestObject("Object Repository/LoginRepo/Ledger-Share-Back"), 0): Tapped on element 'Object Repository/LoginRepo/Ledger-Share-Back'

12-09-2024T15:48:23 - [MESSAGE][WARNING] - Timeout '0' is invalid. Using default page load timeout: '5'

12-09-2024T15:48:24 - [MESSAGE][PASSED] - Tapped on element 'Object Repository/LoginRepo/Ledger-Share-Back'

12-09-2024T15:48:24 - [TEST_STEP][PASSED] - tap(findTestObject("Object Repository/LoginRepo/Ledger-Mail-Send"), 0): Tapped on element 'Object Repository/LoginRepo/Ledger-Mail-Send'

12-09-2024T15:48:24 - [MESSAGE][WARNING] - Timeout '0' is invalid. Using default page load timeout: '5'

12-09-2024T15:48:24 - [MESSAGE][PASSED] - Tapped on element 'Object Repository/LoginRepo/Ledger-Mail-Send'

12-09-2024T15:48:24 - [TEST_STEP][PASSED] - tap(findTestObject("Object Repository/LoginRepo/Ledger-ToastMsg"), 0): Tapped on element 'Object Repository/LoginRepo/Ledger-ToastMsg'

12-09-2024T15:48:24 - [MESSAGE][WARNING] - Timeout '0' is invalid. Using default page load timeout: '5'

12-09-2024T15:48:26 - [MESSAGE][PASSED] - Tapped on element 'Object Repository/LoginRepo/Ledger-ToastMsg']]></system-out>
         <system-err><![CDATA[]]></system-err>
      </testcase>
      <system-out><![CDATA[12-09-2024T15:28:49 - [TEST_SUITE][FAILED] - 5 Sec: Test Cases/Ledger Report/View Ledger Commodity 2024-25 FAILED.
Reason:
com.kms.katalon.core.exception.StepFailedException: Failed to get text from element
	at com.kms.katalon.core.mobile.keyword.internal.MobileKeywordMain.stepFailed(MobileKeywordMain.groovy:38)
	at com.kms.katalon.core.mobile.keyword.internal.MobileKeywordMain.runKeyword(MobileKeywordMain.groovy:21)
	at com.kms.katalon.core.mobile.keyword.builtin.GetTextKeyword.getText(GetTextKeyword.groovy:51)
	at com.kms.katalon.core.mobile.keyword.builtin.GetTextKeyword.execute(GetTextKeyword.groovy:35)
	at com.kms.katalon.core.keyword.internal.KeywordExecutor.executeKeywordForPlatform(KeywordExecutor.groovy:74)
	at com.kms.katalon.core.mobile.keyword.MobileBuiltInKeywords.getText(MobileBuiltInKeywords.groovy:1274)
	at View Ledger Commodity 2024-25.run(View Ledger Commodity 2024-25:37)
	at com.kms.katalon.core.main.ScriptEngine.run(ScriptEngine.java:194)
	at com.kms.katalon.core.main.ScriptEngine.runScriptAsRawText(ScriptEngine.java:119)
	at com.kms.katalon.core.main.TestCaseExecutor.runScript(TestCaseExecutor.java:448)
	at com.kms.katalon.core.main.TestCaseExecutor.doExecute(TestCaseExecutor.java:439)
	at com.kms.katalon.core.main.TestCaseExecutor.processExecutionPhase(TestCaseExecutor.java:418)
	at com.kms.katalon.core.main.TestCaseExecutor.accessMainPhase(TestCaseExecutor.java:410)
	at com.kms.katalon.core.main.TestCaseExecutor.execute(TestCaseExecutor.java:285)
	at com.kms.katalon.core.common.CommonExecutor.accessTestCaseMainPhase(CommonExecutor.java:65)
	at com.kms.katalon.core.main.TestSuiteExecutor.accessTestSuiteMainPhase(TestSuiteExecutor.java:150)
	at com.kms.katalon.core.main.TestSuiteExecutor.execute(TestSuiteExecutor.java:106)
	at com.kms.katalon.core.main.TestCaseMain.startTestSuite(TestCaseMain.java:180)
	at TempTestSuite1726135123204.run(TempTestSuite1726135123204.groovy:35)
	at java.base/jdk.internal.reflect.NativeMethodAccessorImpl.invoke0(Native Method)
	at java.base/jdk.internal.reflect.NativeMethodAccessorImpl.invoke(NativeMethodAccessorImpl.java:77)
	at java.base/jdk.internal.reflect.DelegatingMethodAccessorImpl.invoke(DelegatingMethodAccessorImpl.java:43)
Caused by: com.kms.katalon.core.exception.StepFailedException: Object Object Repository/LoginRepo/Wait-Element Identify not found
	at com.kms.katalon.core.mobile.keyword.internal.MobileKeywordMain.stepFailed(MobileKeywordMain.groovy:38)
	at com.kms.katalon.core.mobile.keyword.builtin.GetTextKeyword$_getText_closure1.doCall(GetTextKeyword.groovy:45)
	at com.kms.katalon.core.mobile.keyword.builtin.GetTextKeyword$_getText_closure1.call(GetTextKeyword.groovy)
	at com.kms.katalon.core.mobile.keyword.internal.MobileKeywordMain.runKeyword(MobileKeywordMain.groovy:19)
	... 20 more]]></system-out>
      <system-err><![CDATA[12-09-2024T15:28:49 - [TEST_SUITE][FAILED] - 5 Sec: Test Cases/Ledger Report/View Ledger Commodity 2024-25 FAILED.
Reason:
com.kms.katalon.core.exception.StepFailedException: Failed to get text from element
	at com.kms.katalon.core.mobile.keyword.internal.MobileKeywordMain.stepFailed(MobileKeywordMain.groovy:38)
	at com.kms.katalon.core.mobile.keyword.internal.MobileKeywordMain.runKeyword(MobileKeywordMain.groovy:21)
	at com.kms.katalon.core.mobile.keyword.builtin.GetTextKeyword.getText(GetTextKeyword.groovy:51)
	at com.kms.katalon.core.mobile.keyword.builtin.GetTextKeyword.execute(GetTextKeyword.groovy:35)
	at com.kms.katalon.core.keyword.internal.KeywordExecutor.executeKeywordForPlatform(KeywordExecutor.groovy:74)
	at com.kms.katalon.core.mobile.keyword.MobileBuiltInKeywords.getText(MobileBuiltInKeywords.groovy:1274)
	at View Ledger Commodity 2024-25.run(View Ledger Commodity 2024-25:37)
	at com.kms.katalon.core.main.ScriptEngine.run(ScriptEngine.java:194)
	at com.kms.katalon.core.main.ScriptEngine.runScriptAsRawText(ScriptEngine.java:119)
	at com.kms.katalon.core.main.TestCaseExecutor.runScript(TestCaseExecutor.java:448)
	at com.kms.katalon.core.main.TestCaseExecutor.doExecute(TestCaseExecutor.java:439)
	at com.kms.katalon.core.main.TestCaseExecutor.processExecutionPhase(TestCaseExecutor.java:418)
	at com.kms.katalon.core.main.TestCaseExecutor.accessMainPhase(TestCaseExecutor.java:410)
	at com.kms.katalon.core.main.TestCaseExecutor.execute(TestCaseExecutor.java:285)
	at com.kms.katalon.core.common.CommonExecutor.accessTestCaseMainPhase(CommonExecutor.java:65)
	at com.kms.katalon.core.main.TestSuiteExecutor.accessTestSuiteMainPhase(TestSuiteExecutor.java:150)
	at com.kms.katalon.core.main.TestSuiteExecutor.execute(TestSuiteExecutor.java:106)
	at com.kms.katalon.core.main.TestCaseMain.startTestSuite(TestCaseMain.java:180)
	at TempTestSuite1726135123204.run(TempTestSuite1726135123204.groovy:35)
	at java.base/jdk.internal.reflect.NativeMethodAccessorImpl.invoke0(Native Method)
	at java.base/jdk.internal.reflect.NativeMethodAccessorImpl.invoke(NativeMethodAccessorImpl.java:77)
	at java.base/jdk.internal.reflect.DelegatingMethodAccessorImpl.invoke(DelegatingMethodAccessorImpl.java:43)
Caused by: com.kms.katalon.core.exception.StepFailedException: Object Object Repository/LoginRepo/Wait-Element Identify not found
	at com.kms.katalon.core.mobile.keyword.internal.MobileKeywordMain.stepFailed(MobileKeywordMain.groovy:38)
	at com.kms.katalon.core.mobile.keyword.builtin.GetTextKeyword$_getText_closure1.doCall(GetTextKeyword.groovy:45)
	at com.kms.katalon.core.mobile.keyword.builtin.GetTextKeyword$_getText_closure1.call(GetTextKeyword.groovy)
	at com.kms.katalon.core.mobile.keyword.internal.MobileKeywordMain.runKeyword(MobileKeywordMain.groovy:19)
	... 20 more]]></system-err>
   </testsuite>
</testsuites>
